  Main.c
C:\Program Files (x86)\Microsoft Visual Studio\2019\Community\VC\Tools\MSVC\14.24.28314\include\cstdlib(23,62): error C2061: syntax error: identifier 'noexcept'
C:\Program Files (x86)\Microsoft Visual Studio\2019\Community\VC\Tools\MSVC\14.24.28314\include\cstdlib(23,62): error C2059: syntax error: ';'
C:\Program Files (x86)\Microsoft Visual Studio\2019\Community\VC\Tools\MSVC\14.24.28314\include\cstdlib(23,90): error C2449: found '{' at file scope (missing function header?)
C:\Program Files (x86)\Microsoft Visual Studio\2019\Community\VC\Tools\MSVC\14.24.28314\include\cstdlib(25,1): error C2059: syntax error: '}'
C:\Program Files (x86)\Microsoft Visual Studio\2019\Community\VC\Tools\MSVC\14.24.28314\include\cstdlib(31,72): error C2061: syntax error: identifier 'noexcept'
C:\Program Files (x86)\Microsoft Visual Studio\2019\Community\VC\Tools\MSVC\14.24.28314\include\cstdlib(31,72): error C2059: syntax error: ';'
C:\Program Files (x86)\Microsoft Visual Studio\2019\Community\VC\Tools\MSVC\14.24.28314\include\cstdlib(31,100): error C2449: found '{' at file scope (missing function header?)
C:\Program Files (x86)\Microsoft Visual Studio\2019\Community\VC\Tools\MSVC\14.24.28314\include\cstdlib(33,1): error C2059: syntax error: '}'
C:\Program Files (x86)\Microsoft Visual Studio\2019\Community\VC\Tools\MSVC\14.24.28314\include\cmath(21,76): error C2061: syntax error: identifier 'noexcept'
C:\Program Files (x86)\Microsoft Visual Studio\2019\Community\VC\Tools\MSVC\14.24.28314\include\cmath(21,76): error C2059: syntax error: ';'
C:\Program Files (x86)\Microsoft Visual Studio\2019\Community\VC\Tools\MSVC\14.24.28314\include\cmath(21,104): error C2449: found '{' at file scope (missing function header?)
C:\Program Files (x86)\Microsoft Visual Studio\2019\Community\VC\Tools\MSVC\14.24.28314\include\cmath(27,1): error C2059: syntax error: '}'
C:\Program Files (x86)\Microsoft Visual Studio\2019\Community\VC\Tools\MSVC\14.24.28314\include\cmath(33,62): error C2061: syntax error: identifier 'noexcept'
C:\Program Files (x86)\Microsoft Visual Studio\2019\Community\VC\Tools\MSVC\14.24.28314\include\cmath(33,62): error C2059: syntax error: ';'
C:\Program Files (x86)\Microsoft Visual Studio\2019\Community\VC\Tools\MSVC\14.24.28314\include\cmath(33,90): error C2449: found '{' at file scope (missing function header?)
C:\Program Files (x86)\Microsoft Visual Studio\2019\Community\VC\Tools\MSVC\14.24.28314\include\cmath(35,1): error C2059: syntax error: '}'
C:\Program Files (x86)\Microsoft Visual Studio\2019\Community\VC\Tools\MSVC\14.24.28314\include\cmath(41,62): error C2061: syntax error: identifier 'noexcept'
C:\Program Files (x86)\Microsoft Visual Studio\2019\Community\VC\Tools\MSVC\14.24.28314\include\cmath(41,62): error C2059: syntax error: ';'
C:\Program Files (x86)\Microsoft Visual Studio\2019\Community\VC\Tools\MSVC\14.24.28314\include\cmath(41,90): error C2449: found '{' at file scope (missing function header?)
C:\Program Files (x86)\Microsoft Visual Studio\2019\Community\VC\Tools\MSVC\14.24.28314\include\cmath(43,1): error C2059: syntax error: '}'
C:\Program Files (x86)\Microsoft Visual Studio\2019\Community\VC\Tools\MSVC\14.24.28314\include\cmath(49,62): error C2061: syntax error: identifier 'noexcept'
C:\Program Files (x86)\Microsoft Visual Studio\2019\Community\VC\Tools\MSVC\14.24.28314\include\cmath(49,62): error C2059: syntax error: ';'
C:\Program Files (x86)\Microsoft Visual Studio\2019\Community\VC\Tools\MSVC\14.24.28314\include\cmath(49,90): error C2449: found '{' at file scope (missing function header?)
C:\Program Files (x86)\Microsoft Visual Studio\2019\Community\VC\Tools\MSVC\14.24.28314\include\cmath(51,1): error C2059: syntax error: '}'
C:\Program Files (x86)\Microsoft Visual Studio\2019\Community\VC\Tools\MSVC\14.24.28314\include\cmath(57,61): error C2061: syntax error: identifier 'noexcept'
C:\Program Files (x86)\Microsoft Visual Studio\2019\Community\VC\Tools\MSVC\14.24.28314\include\cmath(57,61): error C2059: syntax error: ';'
C:\Program Files (x86)\Microsoft Visual Studio\2019\Community\VC\Tools\MSVC\14.24.28314\include\cmath(57,89): error C2449: found '{' at file scope (missing function header?)
C:\Program Files (x86)\Microsoft Visual Studio\2019\Community\VC\Tools\MSVC\14.24.28314\include\cmath(59,1): error C2059: syntax error: '}'
C:\Program Files (x86)\Microsoft Visual Studio\2019\Community\VC\Tools\MSVC\14.24.28314\include\cmath(65,87): error C2061: syntax error: identifier 'noexcept'
C:\Program Files (x86)\Microsoft Visual Studio\2019\Community\VC\Tools\MSVC\14.24.28314\include\cmath(65,87): error C2059: syntax error: ';'
C:\Program Files (x86)\Microsoft Visual Studio\2019\Community\VC\Tools\MSVC\14.24.28314\include\cmath(65,115): error C2449: found '{' at file scope (missing function header?)
C:\Program Files (x86)\Microsoft Visual Studio\2019\Community\VC\Tools\MSVC\14.24.28314\include\cmath(67,1): error C2059: syntax error: '}'
C:\Program Files (x86)\Microsoft Visual Studio\2019\Community\VC\Tools\MSVC\14.24.28314\include\cmath(73,61): error C2061: syntax error: identifier 'noexcept'
C:\Program Files (x86)\Microsoft Visual Studio\2019\Community\VC\Tools\MSVC\14.24.28314\include\cmath(73,61): error C2059: syntax error: ';'
C:\Program Files (x86)\Microsoft Visual Studio\2019\Community\VC\Tools\MSVC\14.24.28314\include\cmath(73,89): error C2449: found '{' at file scope (missing function header?)
C:\Program Files (x86)\Microsoft Visual Studio\2019\Community\VC\Tools\MSVC\14.24.28314\include\cmath(75,1): error C2059: syntax error: '}'
C:\Program Files (x86)\Microsoft Visual Studio\2019\Community\VC\Tools\MSVC\14.24.28314\include\cmath(81,61): error C2061: syntax error: identifier 'noexcept'
C:\Program Files (x86)\Microsoft Visual Studio\2019\Community\VC\Tools\MSVC\14.24.28314\include\cmath(81,61): error C2059: syntax error: ';'
C:\Program Files (x86)\Microsoft Visual Studio\2019\Community\VC\Tools\MSVC\14.24.28314\include\cmath(81,89): error C2449: found '{' at file scope (missing function header?)
C:\Program Files (x86)\Microsoft Visual Studio\2019\Community\VC\Tools\MSVC\14.24.28314\include\cmath(83,1): error C2059: syntax error: '}'
C:\Program Files (x86)\Microsoft Visual Studio\2019\Community\VC\Tools\MSVC\14.24.28314\include\cmath(89,61): error C2061: syntax error: identifier 'noexcept'
C:\Program Files (x86)\Microsoft Visual Studio\2019\Community\VC\Tools\MSVC\14.24.28314\include\cmath(89,61): error C2059: syntax error: ';'
C:\Program Files (x86)\Microsoft Visual Studio\2019\Community\VC\Tools\MSVC\14.24.28314\include\cmath(89,89): error C2449: found '{' at file scope (missing function header?)
C:\Program Files (x86)\Microsoft Visual Studio\2019\Community\VC\Tools\MSVC\14.24.28314\include\cmath(91,1): error C2059: syntax error: '}'
C:\Program Files (x86)\Microsoft Visual Studio\2019\Community\VC\Tools\MSVC\14.24.28314\include\cmath(97,61): error C2061: syntax error: identifier 'noexcept'
C:\Program Files (x86)\Microsoft Visual Studio\2019\Community\VC\Tools\MSVC\14.24.28314\include\cmath(97,61): error C2059: syntax error: ';'
C:\Program Files (x86)\Microsoft Visual Studio\2019\Community\VC\Tools\MSVC\14.24.28314\include\cmath(97,89): error C2449: found '{' at file scope (missing function header?)
C:\Program Files (x86)\Microsoft Visual Studio\2019\Community\VC\Tools\MSVC\14.24.28314\include\cmath(99,1): error C2059: syntax error: '}'
C:\Program Files (x86)\Microsoft Visual Studio\2019\Community\VC\Tools\MSVC\14.24.28314\include\cmath(105,62): error C2061: syntax error: identifier 'noexcept'
C:\Program Files (x86)\Microsoft Visual Studio\2019\Community\VC\Tools\MSVC\14.24.28314\include\cmath(105,62): error C2059: syntax error: ';'
C:\Program Files (x86)\Microsoft Visual Studio\2019\Community\VC\Tools\MSVC\14.24.28314\include\cmath(105,90): error C2449: found '{' at file scope (missing function header?)
C:\Program Files (x86)\Microsoft Visual Studio\2019\Community\VC\Tools\MSVC\14.24.28314\include\cmath(107,1): error C2059: syntax error: '}'
C:\Program Files (x86)\Microsoft Visual Studio\2019\Community\VC\Tools\MSVC\14.24.28314\include\cmath(113,77): error C2061: syntax error: identifier 'noexcept'
C:\Program Files (x86)\Microsoft Visual Studio\2019\Community\VC\Tools\MSVC\14.24.28314\include\cmath(113,77): error C2059: syntax error: ';'
C:\Program Files (x86)\Microsoft Visual Studio\2019\Community\VC\Tools\MSVC\14.24.28314\include\cmath(113,105): error C2449: found '{' at file scope (missing function header?)
C:\Program Files (x86)\Microsoft Visual Studio\2019\Community\VC\Tools\MSVC\14.24.28314\include\cmath(115,1): error C2059: syntax error: '}'
C:\Program Files (x86)\Microsoft Visual Studio\2019\Community\VC\Tools\MSVC\14.24.28314\include\cmath(121,77): error C2061: syntax error: identifier 'noexcept'
C:\Program Files (x86)\Microsoft Visual Studio\2019\Community\VC\Tools\MSVC\14.24.28314\include\cmath(121,77): error C2059: syntax error: ';'
C:\Program Files (x86)\Microsoft Visual Studio\2019\Community\VC\Tools\MSVC\14.24.28314\include\cmath(121,105): error C2449: found '{' at file scope (missing function header?)
C:\Program Files (x86)\Microsoft Visual Studio\2019\Community\VC\Tools\MSVC\14.24.28314\include\cmath(123,1): error C2059: syntax error: '}'
C:\Program Files (x86)\Microsoft Visual Studio\2019\Community\VC\Tools\MSVC\14.24.28314\include\cmath(129,78): error C2061: syntax error: identifier 'noexcept'
C:\Program Files (x86)\Microsoft Visual Studio\2019\Community\VC\Tools\MSVC\14.24.28314\include\cmath(129,78): error C2059: syntax error: ';'
C:\Program Files (x86)\Microsoft Visual Studio\2019\Community\VC\Tools\MSVC\14.24.28314\include\cmath(129,106): error C2449: found '{' at file scope (missing function header?)
C:\Program Files (x86)\Microsoft Visual Studio\2019\Community\VC\Tools\MSVC\14.24.28314\include\cmath(131,1): error C2059: syntax error: '}'
C:\Program Files (x86)\Microsoft Visual Studio\2019\Community\VC\Tools\MSVC\14.24.28314\include\cmath(137,76): error C2061: syntax error: identifier 'noexcept'
C:\Program Files (x86)\Microsoft Visual Studio\2019\Community\VC\Tools\MSVC\14.24.28314\include\cmath(137,76): error C2059: syntax error: ';'
C:\Program Files (x86)\Microsoft Visual Studio\2019\Community\VC\Tools\MSVC\14.24.28314\include\cmath(137,104): error C2449: found '{' at file scope (missing function header?)
C:\Program Files (x86)\Microsoft Visual Studio\2019\Community\VC\Tools\MSVC\14.24.28314\include\cmath(139,1): error C2059: syntax error: '}'
C:\Program Files (x86)\Microsoft Visual Studio\2019\Community\VC\Tools\MSVC\14.24.28314\include\cmath(145,67): error C2061: syntax error: identifier 'noexcept'
C:\Program Files (x86)\Microsoft Visual Studio\2019\Community\VC\Tools\MSVC\14.24.28314\include\cmath(145,67): error C2059: syntax error: ';'
C:\Program Files (x86)\Microsoft Visual Studio\2019\Community\VC\Tools\MSVC\14.24.28314\include\cmath(145,95): error C2449: found '{' at file scope (missing function header?)
C:\Program Files (x86)\Microsoft Visual Studio\2019\Community\VC\Tools\MSVC\14.24.28314\include\cmath(147,1): error C2059: syntax error: '}'
C:\Program Files (x86)\Microsoft Visual Studio\2019\Community\VC\Tools\MSVC\14.24.28314\include\cmath(153,60): error C2061: syntax error: identifier 'noexcept'
C:\Program Files (x86)\Microsoft Visual Studio\2019\Community\VC\Tools\MSVC\14.24.28314\include\cmath(153,60): error C2059: syntax error: ';'
C:\Program Files (x86)\Microsoft Visual Studio\2019\Community\VC\Tools\MSVC\14.24.28314\include\cmath(153,88): error C2449: found '{' at file scope (missing function header?)
C:\Program Files (x86)\Microsoft Visual Studio\2019\Community\VC\Tools\MSVC\14.24.28314\include\cmath(155,1): error C2059: syntax error: '}'
C:\Program Files (x86)\Microsoft Visual Studio\2019\Community\VC\Tools\MSVC\14.24.28314\include\cmath(161,62): error C2061: syntax error: identifier 'noexcept'
C:\Program Files (x86)\Microsoft Visual Studio\2019\Community\VC\Tools\MSVC\14.24.28314\include\cmath(161,62): error C2059: syntax error: ';'
C:\Program Files (x86)\Microsoft Visual Studio\2019\Community\VC\Tools\MSVC\14.24.28314\include\cmath(161,90): error C2449: found '{' at file scope (missing function header?)
C:\Program Files (x86)\Microsoft Visual Studio\2019\Community\VC\Tools\MSVC\14.24.28314\include\cmath(163,1): error C2059: syntax error: '}'
C:\Program Files (x86)\Microsoft Visual Studio\2019\Community\VC\Tools\MSVC\14.24.28314\include\cmath(169,61): error C2061: syntax error: identifier 'noexcept'
C:\Program Files (x86)\Microsoft Visual Studio\2019\Community\VC\Tools\MSVC\14.24.28314\include\cmath(169,61): error C2059: syntax error: ';'
C:\Program Files (x86)\Microsoft Visual Studio\2019\Community\VC\Tools\MSVC\14.24.28314\include\cmath(169,89): error C2449: found '{' at file scope (missing function header?)
C:\Program Files (x86)\Microsoft Visual Studio\2019\Community\VC\Tools\MSVC\14.24.28314\include\cmath(171,1): error C2059: syntax error: '}'
C:\Program Files (x86)\Microsoft Visual Studio\2019\Community\VC\Tools\MSVC\14.24.28314\include\cmath(177,62): error C2061: syntax error: identifier 'noexcept'
C:\Program Files (x86)\Microsoft Visual Studio\2019\Community\VC\Tools\MSVC\14.24.28314\include\cmath(177,62): error C2059: syntax error: ';'
C:\Program Files (x86)\Microsoft Visual Studio\2019\Community\VC\Tools\MSVC\14.24.28314\include\cmath(177,90): error C2449: found '{' at file scope (missing function header?)
C:\Program Files (x86)\Microsoft Visual Studio\2019\Community\VC\Tools\MSVC\14.24.28314\include\cmath(179,1): error C2059: syntax error: '}'
C:\Program Files (x86)\Microsoft Visual Studio\2019\Community\VC\Tools\MSVC\14.24.28314\include\cmath(185,66): error C2061: syntax error: identifier 'noexcept'
C:\Program Files (x86)\Microsoft Visual Studio\2019\Community\VC\Tools\MSVC\14.24.28314\include\cmath(185,66): error C2059: syntax error: ';'
C:\Program Files (x86)\Microsoft Visual Studio\2019\Community\VC\Tools\MSVC\14.24.28314\include\cmath(185,94): error C2449: found '{' at file scope (missing function header?)
C:\Program Files (x86)\Microsoft Visual Studio\2019\Community\VC\Tools\MSVC\14.24.28314\include\cmath(187,1): error C2059: syntax error: '}'
C:\Program Files (x86)\Microsoft Visual Studio\2019\Community\VC\Tools\MSVC\14.24.28314\include\cmath(193,89): error C2061: syntax error: identifier 'noexcept'
C:\Program Files (x86)\Microsoft Visual Studio\2019\Community\VC\Tools\MSVC\14.24.28314\include\cmath(193,89): error C2059: syntax error: ';'
C:\Program Files (x86)\Microsoft Visual Studio\2019\Community\VC\Tools\MSVC\14.24.28314\include\cmath(193,117): error C2449: found '{' at file scope (missing function header?)
C:\Program Files (x86)\Microsoft Visual Studio\2019\Community\VC\Tools\MSVC\14.24.28314\include\cmath(195,1): error C2059: syntax error: '}'
C:\Program Files (x86)\Microsoft Visual Studio\2019\Community\VC\Tools\MSVC\14.24.28314\include\cmath(201,74): error C2061: syntax error: identifier 'noexcept'
C:\Program Files (x86)\Microsoft Visual Studio\2019\Community\VC\Tools\MSVC\14.24.28314\include\cmath(201,74): error C2059: syntax error: ';'
C:\Program Files (x86)\Microsoft Visual Studio\2019\Community\VC\Tools\MSVC\14.24.28314\include\cmath(201,102): error C2449: found '{' at file scope (missing function header?)
C:\Program Files (x86)\Microsoft Visual Studio\2019\Community\VC\Tools\MSVC\14.24.28314\include\cmath(207,1): error C2059: syntax error: '}'
C:\Program Files (x86)\Microsoft Visual Studio\2019\Community\VC\Tools\MSVC\14.24.28314\include\cmath(213,69): error C2061: syntax error: identifier 'noexcept'
C:\Program Files (x86)\Microsoft Visual Studio\2019\Community\VC\Tools\MSVC\14.24.28314\include\cmath(213,69): fatal error C1003: error count exceeds 100; stopping compilation
  Repository.c
\\Mac\Home\Desktop\GitHub\Assignments_FP\Semester 2\OOP\Lab_3\Lab_3\Repository.c(22,61): error C2440: 'function': cannot convert from 'Material' to 'int'
\\Mac\Home\Desktop\GitHub\Assignments_FP\Semester 2\OOP\Lab_3\Lab_3\Repository.c(22,61): warning C4024: 'findMaterial': different types for formal and actual parameter 2
\\Mac\Home\Desktop\GitHub\Assignments_FP\Semester 2\OOP\Lab_3\Lab_3\Repository.c(25,8): warning C4013: 'strcpy' undefined; assuming extern returning int
\\Mac\Home\Desktop\GitHub\Assignments_FP\Semester 2\OOP\Lab_3\Lab_3\Repository.c(26,67): error C2039: 'suplier': is not a member of 'Material'
\\Mac\Home\Desktop\GitHub\Assignments_FP\Semester 2\OOP\Lab_3\Lab_3\Material.h(3): message : see declaration of 'Material'
\\Mac\Home\Desktop\GitHub\Assignments_FP\Semester 2\OOP\Lab_3\Lab_3\Repository.c(26,78): error C2039: 'suplier': is not a member of 'Material'
\\Mac\Home\Desktop\GitHub\Assignments_FP\Semester 2\OOP\Lab_3\Lab_3\Material.h(3): message : see declaration of 'Material'
\\Mac\Home\Desktop\GitHub\Assignments_FP\Semester 2\OOP\Lab_3\Lab_3\Repository.c(62,12): warning C4013: 'strcmp' undefined; assuming extern returning int
  Service.c
\\Mac\Home\Desktop\GitHub\Assignments_FP\Semester 2\OOP\Lab_3\Lab_3\Service.c(20,42): warning C4098: 'removeMaterialService': 'void' function returning a value
\\Mac\Home\Desktop\GitHub\Assignments_FP\Semester 2\OOP\Lab_3\Lab_3\Service.c(25,40): warning C4098: 'findMaterialService': 'void' function returning a value
\\Mac\Home\Desktop\GitHub\Assignments_FP\Semester 2\OOP\Lab_3\Lab_3\Service.c(30,42): warning C4047: 'function': 'char *' differs in levels of indirection from 'char'
\\Mac\Home\Desktop\GitHub\Assignments_FP\Semester 2\OOP\Lab_3\Lab_3\Service.c(30,42): warning C4024: 'createMaterial': different types for formal and actual parameter 2
\\Mac\Home\Desktop\GitHub\Assignments_FP\Semester 2\OOP\Lab_3\Lab_3\Service.c(31,38): warning C4098: 'addMaterialService': 'void' function returning a value
\\Mac\Home\Desktop\GitHub\Assignments_FP\Semester 2\OOP\Lab_3\Lab_3\Service.c(36,55): warning C4047: 'function': 'int *' differs in levels of indirection from 'int'
\\Mac\Home\Desktop\GitHub\Assignments_FP\Semester 2\OOP\Lab_3\Lab_3\Service.c(36,55): warning C4024: 'returnMaterialsWithName': different types for formal and actual parameter 2
\\Mac\Home\Desktop\GitHub\Assignments_FP\Semester 2\OOP\Lab_3\Lab_3\Service.c(41,42): warning C4047: 'function': 'char *' differs in levels of indirection from 'char'
\\Mac\Home\Desktop\GitHub\Assignments_FP\Semester 2\OOP\Lab_3\Lab_3\Service.c(41,42): warning C4024: 'createMaterial': different types for formal and actual parameter 2
\\Mac\Home\Desktop\GitHub\Assignments_FP\Semester 2\OOP\Lab_3\Lab_3\Service.c(42,41): warning C4098: 'updateMaterialService': 'void' function returning a value
  UI.c
\\Mac\Home\Desktop\GitHub\Assignments_FP\Semester 2\OOP\Lab_3\Lab_3\UI.c(5,37): warning C4013: 'malloc' undefined; assuming extern returning int
\\Mac\Home\Desktop\GitHub\Assignments_FP\Semester 2\OOP\Lab_3\Lab_3\UI.c(13,6): warning C4013: 'free' undefined; assuming extern returning int
\\Mac\Home\Desktop\GitHub\Assignments_FP\Semester 2\OOP\Lab_3\Lab_3\UI.c(20,9): warning C4013: 'printf' undefined; assuming extern returning int
\\Mac\Home\Desktop\GitHub\Assignments_FP\Semester 2\OOP\Lab_3\Lab_3\UI.c(21,8): warning C4013: 'scanf' undefined; assuming extern returning int
\\Mac\Home\Desktop\GitHub\Assignments_FP\Semester 2\OOP\Lab_3\Lab_3\UI.c(47,64): warning C4047: 'function': 'char' differs in levels of indirection from 'char [50]'
\\Mac\Home\Desktop\GitHub\Assignments_FP\Semester 2\OOP\Lab_3\Lab_3\UI.c(47,64): warning C4024: 'addMaterialService': different types for formal and actual parameter 4
\\Mac\Home\Desktop\GitHub\Assignments_FP\Semester 2\OOP\Lab_3\Lab_3\UI.c(60,67): warning C4047: 'function': 'char' differs in levels of indirection from 'char [50]'
\\Mac\Home\Desktop\GitHub\Assignments_FP\Semester 2\OOP\Lab_3\Lab_3\UI.c(60,67): warning C4024: 'updateMaterialService': different types for formal and actual parameter 4
\\Mac\Home\Desktop\GitHub\Assignments_FP\Semester 2\OOP\Lab_3\Lab_3\UI.c(76,86): error C2100: illegal indirection
\\Mac\Home\Desktop\GitHub\Assignments_FP\Semester 2\OOP\Lab_3\Lab_3\UI.c(76,93): warning C4047: 'function': 'int *' differs in levels of indirection from 'int'
\\Mac\Home\Desktop\GitHub\Assignments_FP\Semester 2\OOP\Lab_3\Lab_3\UI.c(76,93): warning C4024: 'returnMaterialsWithNameService': different types for formal and actual parameter 2
  Generating Code...
