  Tests.c
\\Mac\Home\Desktop\GitHub\Assignments_FP\Semester 2\OOP\Lab_3\Lab_3\Tests.c(27,2): warning C4013: 'strcmp' undefined; assuming extern returning int
\\Mac\Home\Desktop\GitHub\Assignments_FP\Semester 2\OOP\Lab_3\Lab_3\Tests.c(148,9): warning C4013: 'append' undefined; assuming extern returning int
\\Mac\Home\Desktop\GitHub\Assignments_FP\Semester 2\OOP\Lab_3\Lab_3\Tests.c(164,35): warning C4022: 'updateByPosition': pointer mismatch for actual parameter 3
\\Mac\Home\Desktop\GitHub\Assignments_FP\Semester 2\OOP\Lab_3\Lab_3\Tests.c(240,2): warning C4002: too many arguments for function-like macro invocation 'assert'
\\Mac\Home\Desktop\GitHub\Assignments_FP\Semester 2\OOP\Lab_3\Lab_3\Tests.c(262,94): warning C4047: 'function': 'int *' differs in levels of indirection from 'int'
\\Mac\Home\Desktop\GitHub\Assignments_FP\Semester 2\OOP\Lab_3\Lab_3\Tests.c(262,94): warning C4024: 'returnMaterialsWithNameService': different types for formal and actual parameter 2
\\Mac\Home\Desktop\GitHub\Assignments_FP\Semester 2\OOP\Lab_3\Lab_3\Tests.c(275,98): warning C4047: 'function': 'int *' differs in levels of indirection from 'int'
\\Mac\Home\Desktop\GitHub\Assignments_FP\Semester 2\OOP\Lab_3\Lab_3\Tests.c(275,98): warning C4024: 'returnMaterialsWithQuantityService': different types for formal and actual parameter 2
\\Mac\Home\Desktop\GitHub\Assignments_FP\Semester 2\OOP\Lab_3\Lab_3\Tests.c(305,37): warning C4133: 'function': incompatible types - from 'Repository *' to 'DynamicallyVector *'
\\Mac\Home\Desktop\GitHub\Assignments_FP\Semester 2\OOP\Lab_3\Lab_3\Tests.c(312,35): warning C4133: 'function': incompatible types - from 'Repository *' to 'DynamicallyVector *'
\\Mac\Home\Desktop\GitHub\Assignments_FP\Semester 2\OOP\Lab_3\Lab_3\Tests.c(262): warning C4700: uninitialized local variable 'lengthOfFiltered' used
\\Mac\Home\Desktop\GitHub\Assignments_FP\Semester 2\OOP\Lab_3\Lab_3\Tests.c(275): warning C4700: uninitialized local variable 'lengthOfFiltered' used
Repository.obj : error LNK2019: unresolved external symbol _size referenced in function _returnMaterialsWithName
Tests.obj : error LNK2019: unresolved external symbol _append referenced in function _testDeleteByPosition
\\Mac\Home\Desktop\GitHub\Assignments_FP\Semester 2\OOP\LAB_3FINAL\Debug\LAB_3FINAL.exe : fatal error LNK1120: 2 unresolved externals
