        -:    0:Source:/Applications/Xcode.app/Contents/Developer/Toolchains/XcodeDefault.xctoolchain/usr/bin/../include/c++/v1/string
        -:    0:Graph:/Users/paulcolta/Desktop/GitHub/Assignments_FP/Semester 2/OOP/Lab_5(6)/lab8/lab8/cmake-build-debug/CMakeFiles/lab8.dir/FileRepository.gcno
        -:    0:Data:/Users/paulcolta/Desktop/GitHub/Assignments_FP/Semester 2/OOP/Lab_5(6)/lab8/lab8/cmake-build-debug/CMakeFiles/lab8.dir/FileRepository.gcda
        -:    0:Runs:1
        -:    0:Programs:1
        -:    1:// -*- C++ -*-
        -:    2://===--------------------------- string -----------------------------------===//
        -:    3://
        -:    4:// Part of the LLVM Project, under the Apache License v2.0 with LLVM Exceptions.
        -:    5:// See https://llvm.org/LICENSE.txt for license information.
        -:    6:// SPDX-License-Identifier: Apache-2.0 WITH LLVM-exception
        -:    7://
        -:    8://===----------------------------------------------------------------------===//
        -:    9:
        -:   10:#ifndef _LIBCPP_STRING
        -:   11:#define _LIBCPP_STRING
        -:   12:
        -:   13:/*
        -:   14:    string synopsis
        -:   15:
        -:   16:namespace std
        -:   17:{
        -:   18:
        -:   19:template <class stateT>
        -:   20:class fpos
        -:   21:{
        -:   22:private:
        -:   23:    stateT st;
        -:   24:public:
        -:   25:    fpos(streamoff = streamoff());
        -:   26:
        -:   27:    operator streamoff() const;
        -:   28:
        -:   29:    stateT state() const;
        -:   30:    void state(stateT);
        -:   31:
        -:   32:    fpos& operator+=(streamoff);
        -:   33:    fpos  operator+ (streamoff) const;
        -:   34:    fpos& operator-=(streamoff);
        -:   35:    fpos  operator- (streamoff) const;
        -:   36:};
        -:   37:
        -:   38:template <class stateT> streamoff operator-(const fpos<stateT>& x, const fpos<stateT>& y);
        -:   39:
        -:   40:template <class stateT> bool operator==(const fpos<stateT>& x, const fpos<stateT>& y);
        -:   41:template <class stateT> bool operator!=(const fpos<stateT>& x, const fpos<stateT>& y);
        -:   42:
        -:   43:template <class charT>
        -:   44:struct char_traits
        -:   45:{
        -:   46:    typedef charT     char_type;
        -:   47:    typedef ...       int_type;
        -:   48:    typedef streamoff off_type;
        -:   49:    typedef streampos pos_type;
        -:   50:    typedef mbstate_t state_type;
        -:   51:
        -:   52:    static void assign(char_type& c1, const char_type& c2) noexcept;
        -:   53:    static constexpr bool eq(char_type c1, char_type c2) noexcept;
        -:   54:    static constexpr bool lt(char_type c1, char_type c2) noexcept;
        -:   55:
        -:   56:    static int              compare(const char_type* s1, const char_type* s2, size_t n);
        -:   57:    static size_t           length(const char_type* s);
        -:   58:    static const char_type* find(const char_type* s, size_t n, const char_type& a);
        -:   59:    static char_type*       move(char_type* s1, const char_type* s2, size_t n);
        -:   60:    static char_type*       copy(char_type* s1, const char_type* s2, size_t n);
        -:   61:    static char_type*       assign(char_type* s, size_t n, char_type a);
        -:   62:
        -:   63:    static constexpr int_type  not_eof(int_type c) noexcept;
        -:   64:    static constexpr char_type to_char_type(int_type c) noexcept;
        -:   65:    static constexpr int_type  to_int_type(char_type c) noexcept;
        -:   66:    static constexpr bool      eq_int_type(int_type c1, int_type c2) noexcept;
        -:   67:    static constexpr int_type  eof() noexcept;
        -:   68:};
        -:   69:
        -:   70:template <> struct char_traits<char>;
        -:   71:template <> struct char_traits<wchar_t>;
        -:   72:
        -:   73:template<class charT, class traits = char_traits<charT>, class Allocator = allocator<charT> >
        -:   74:class basic_string
        -:   75:{
        -:   76:public:
        -:   77:// types:
        -:   78:    typedef traits traits_type;
        -:   79:    typedef typename traits_type::char_type value_type;
        -:   80:    typedef Allocator allocator_type;
        -:   81:    typedef typename allocator_type::size_type size_type;
        -:   82:    typedef typename allocator_type::difference_type difference_type;
        -:   83:    typedef typename allocator_type::reference reference;
        -:   84:    typedef typename allocator_type::const_reference const_reference;
        -:   85:    typedef typename allocator_type::pointer pointer;
        -:   86:    typedef typename allocator_type::const_pointer const_pointer;
        -:   87:    typedef implementation-defined iterator;
        -:   88:    typedef implementation-defined const_iterator;
        -:   89:    typedef std::reverse_iterator<iterator> reverse_iterator;
        -:   90:    typedef std::reverse_iterator<const_iterator> const_reverse_iterator;
        -:   91:
        -:   92:    static const size_type npos = -1;
        -:   93:
        -:   94:    basic_string()
        -:   95:        noexcept(is_nothrow_default_constructible<allocator_type>::value);
        -:   96:    explicit basic_string(const allocator_type& a);
        -:   97:    basic_string(const basic_string& str);
        -:   98:    basic_string(basic_string&& str)
        -:   99:        noexcept(is_nothrow_move_constructible<allocator_type>::value);
        -:  100:    basic_string(const basic_string& str, size_type pos,
        -:  101:                 const allocator_type& a = allocator_type());
        -:  102:    basic_string(const basic_string& str, size_type pos, size_type n,
        -:  103:                 const Allocator& a = Allocator());
        -:  104:    template<class T>
        -:  105:        basic_string(const T& t, size_type pos, size_type n, const Allocator& a = Allocator()); // C++17
        -:  106:    template <class T>
        -:  107:        explicit basic_string(const T& t, const Allocator& a = Allocator()); // C++17
        -:  108:    basic_string(const value_type* s, const allocator_type& a = allocator_type());
        -:  109:    basic_string(const value_type* s, size_type n, const allocator_type& a = allocator_type());
        -:  110:    basic_string(size_type n, value_type c, const allocator_type& a = allocator_type());
        -:  111:    template<class InputIterator>
        -:  112:        basic_string(InputIterator begin, InputIterator end,
        -:  113:                     const allocator_type& a = allocator_type());
        -:  114:    basic_string(initializer_list<value_type>, const Allocator& = Allocator());
        -:  115:    basic_string(const basic_string&, const Allocator&);
        -:  116:    basic_string(basic_string&&, const Allocator&);
        -:  117:
        -:  118:    ~basic_string();
        -:  119:
        -:  120:    operator basic_string_view<charT, traits>() const noexcept;
        -:  121:
        -:  122:    basic_string& operator=(const basic_string& str);
        -:  123:    template <class T>
        -:  124:        basic_string& operator=(const T& t); // C++17
        -:  125:    basic_string& operator=(basic_string&& str)
        -:  126:        noexcept(
        -:  127:             allocator_type::propagate_on_container_move_assignment::value ||
        -:  128:             allocator_type::is_always_equal::value ); // C++17
        -:  129:    basic_string& operator=(const value_type* s);
        -:  130:    basic_string& operator=(value_type c);
        -:  131:    basic_string& operator=(initializer_list<value_type>);
        -:  132:
        -:  133:    iterator       begin() noexcept;
        -:  134:    const_iterator begin() const noexcept;
        -:  135:    iterator       end() noexcept;
        -:  136:    const_iterator end() const noexcept;
        -:  137:
        -:  138:    reverse_iterator       rbegin() noexcept;
        -:  139:    const_reverse_iterator rbegin() const noexcept;
        -:  140:    reverse_iterator       rend() noexcept;
        -:  141:    const_reverse_iterator rend() const noexcept;
        -:  142:
        -:  143:    const_iterator         cbegin() const noexcept;
        -:  144:    const_iterator         cend() const noexcept;
        -:  145:    const_reverse_iterator crbegin() const noexcept;
        -:  146:    const_reverse_iterator crend() const noexcept;
        -:  147:
        -:  148:    size_type size() const noexcept;
        -:  149:    size_type length() const noexcept;
        -:  150:    size_type max_size() const noexcept;
        -:  151:    size_type capacity() const noexcept;
        -:  152:
        -:  153:    void resize(size_type n, value_type c);
        -:  154:    void resize(size_type n);
        -:  155:
        -:  156:    void reserve(size_type res_arg = 0);
        -:  157:    void shrink_to_fit();
        -:  158:    void clear() noexcept;
        -:  159:    bool empty() const noexcept;
        -:  160:
        -:  161:    const_reference operator[](size_type pos) const;
        -:  162:    reference       operator[](size_type pos);
        -:  163:
        -:  164:    const_reference at(size_type n) const;
        -:  165:    reference       at(size_type n);
        -:  166:
        -:  167:    basic_string& operator+=(const basic_string& str);
        -:  168:    template <class T>
        -:  169:        basic_string& operator+=(const T& t);              // C++17
        -:  170:    basic_string& operator+=(const value_type* s);
        -:  171:    basic_string& operator+=(value_type c);
        -:  172:    basic_string& operator+=(initializer_list<value_type>);
        -:  173:
        -:  174:    basic_string& append(const basic_string& str);
        -:  175:    template <class T>
        -:  176:        basic_string& append(const T& t);                 // C++17
        -:  177:    basic_string& append(const basic_string& str, size_type pos, size_type n=npos); //C++14
        -:  178:    template <class T>
        -:  179:        basic_string& append(const T& t, size_type pos, size_type n=npos); // C++17
        -:  180:    basic_string& append(const value_type* s, size_type n);
        -:  181:    basic_string& append(const value_type* s);
        -:  182:    basic_string& append(size_type n, value_type c);
        -:  183:    template<class InputIterator>
        -:  184:        basic_string& append(InputIterator first, InputIterator last);
        -:  185:    basic_string& append(initializer_list<value_type>);
        -:  186:
        -:  187:    void push_back(value_type c);
        -:  188:    void pop_back();
        -:  189:    reference       front();
        -:  190:    const_reference front() const;
        -:  191:    reference       back();
        -:  192:    const_reference back() const;
        -:  193:
        -:  194:    basic_string& assign(const basic_string& str);
        -:  195:    template <class T>
        -:  196:        basic_string& assign(const T& t);  // C++17
        -:  197:    basic_string& assign(basic_string&& str);
        -:  198:    basic_string& assign(const basic_string& str, size_type pos, size_type n=npos); // C++14
        -:  199:    template <class T>
        -:  200:        basic_string& assign(const T& t, size_type pos, size_type n=npos); // C++17
        -:  201:    basic_string& assign(const value_type* s, size_type n);
        -:  202:    basic_string& assign(const value_type* s);
        -:  203:    basic_string& assign(size_type n, value_type c);
        -:  204:    template<class InputIterator>
        -:  205:        basic_string& assign(InputIterator first, InputIterator last);
        -:  206:    basic_string& assign(initializer_list<value_type>);
        -:  207:
        -:  208:    basic_string& insert(size_type pos1, const basic_string& str);
        -:  209:    template <class T>
        -:  210:        basic_string& insert(size_type pos1, const T& t);
        -:  211:    basic_string& insert(size_type pos1, const basic_string& str,
        -:  212:                         size_type pos2, size_type n);
        -:  213:    template <class T>
        -:  214:        basic_string& insert(size_type pos1, const T& t, size_type pos2, size_type n); // C++17
        -:  215:    basic_string& insert(size_type pos, const value_type* s, size_type n=npos); //C++14
        -:  216:    basic_string& insert(size_type pos, const value_type* s);
        -:  217:    basic_string& insert(size_type pos, size_type n, value_type c);
        -:  218:    iterator      insert(const_iterator p, value_type c);
        -:  219:    iterator      insert(const_iterator p, size_type n, value_type c);
        -:  220:    template<class InputIterator>
        -:  221:        iterator insert(const_iterator p, InputIterator first, InputIterator last);
        -:  222:    iterator      insert(const_iterator p, initializer_list<value_type>);
        -:  223:
        -:  224:    basic_string& erase(size_type pos = 0, size_type n = npos);
        -:  225:    iterator      erase(const_iterator position);
        -:  226:    iterator      erase(const_iterator first, const_iterator last);
        -:  227:
        -:  228:    basic_string& replace(size_type pos1, size_type n1, const basic_string& str);
        -:  229:    template <class T>
        -:  230:    basic_string& replace(size_type pos1, size_type n1, const T& t);  // C++17
        -:  231:    basic_string& replace(size_type pos1, size_type n1, const basic_string& str,
        -:  232:                          size_type pos2, size_type n2=npos); // C++14
        -:  233:    template <class T>
        -:  234:        basic_string& replace(size_type pos1, size_type n1, const T& t,
        -:  235:                              size_type pos2, size_type n); // C++17
        -:  236:    basic_string& replace(size_type pos, size_type n1, const value_type* s, size_type n2);
        -:  237:    basic_string& replace(size_type pos, size_type n1, const value_type* s);
        -:  238:    basic_string& replace(size_type pos, size_type n1, size_type n2, value_type c);
        -:  239:    basic_string& replace(const_iterator i1, const_iterator i2, const basic_string& str);
        -:  240:    template <class T>
        -:  241:        basic_string& replace(const_iterator i1, const_iterator i2, const T& t);  // C++17
        -:  242:    basic_string& replace(const_iterator i1, const_iterator i2, const value_type* s, size_type n);
        -:  243:    basic_string& replace(const_iterator i1, const_iterator i2, const value_type* s);
        -:  244:    basic_string& replace(const_iterator i1, const_iterator i2, size_type n, value_type c);
        -:  245:    template<class InputIterator>
        -:  246:        basic_string& replace(const_iterator i1, const_iterator i2, InputIterator j1, InputIterator j2);
        -:  247:    basic_string& replace(const_iterator i1, const_iterator i2, initializer_list<value_type>);
        -:  248:
        -:  249:    size_type copy(value_type* s, size_type n, size_type pos = 0) const;
        -:  250:    basic_string substr(size_type pos = 0, size_type n = npos) const;
        -:  251:
        -:  252:    void swap(basic_string& str)
        -:  253:        noexcept(allocator_traits<allocator_type>::propagate_on_container_swap::value ||
        -:  254:                 allocator_traits<allocator_type>::is_always_equal::value);  // C++17
        -:  255:
        -:  256:    const value_type* c_str() const noexcept;
        -:  257:    const value_type* data() const noexcept;
        -:  258:          value_type* data()       noexcept;   // C++17
        -:  259:
        -:  260:    allocator_type get_allocator() const noexcept;
        -:  261:
        -:  262:    size_type find(const basic_string& str, size_type pos = 0) const noexcept;
        -:  263:    template <class T>
        -:  264:        size_type find(const T& t, size_type pos = 0) const;  // C++17
        -:  265:    size_type find(const value_type* s, size_type pos, size_type n) const noexcept;
        -:  266:    size_type find(const value_type* s, size_type pos = 0) const noexcept;
        -:  267:    size_type find(value_type c, size_type pos = 0) const noexcept;
        -:  268:
        -:  269:    size_type rfind(const basic_string& str, size_type pos = npos) const noexcept;
        -:  270:    template <class T>
        -:  271:        size_type rfind(const T& t, size_type pos = npos) const;  // C++17
        -:  272:    size_type rfind(const value_type* s, size_type pos, size_type n) const noexcept;
        -:  273:    size_type rfind(const value_type* s, size_type pos = npos) const noexcept;
        -:  274:    size_type rfind(value_type c, size_type pos = npos) const noexcept;
        -:  275:
        -:  276:    size_type find_first_of(const basic_string& str, size_type pos = 0) const noexcept;
        -:  277:    template <class T>
        -:  278:        size_type find_first_of(const T& t, size_type pos = 0) const; // C++17
        -:  279:    size_type find_first_of(const value_type* s, size_type pos, size_type n) const noexcept;
        -:  280:    size_type find_first_of(const value_type* s, size_type pos = 0) const noexcept;
        -:  281:    size_type find_first_of(value_type c, size_type pos = 0) const noexcept;
        -:  282:
        -:  283:    size_type find_last_of(const basic_string& str, size_type pos = npos) const noexcept;
        -:  284:    template <class T>
        -:  285:        size_type find_last_of(const T& t, size_type pos = npos) const noexcept;  // C++17
        -:  286:    size_type find_last_of(const value_type* s, size_type pos, size_type n) const noexcept;
        -:  287:    size_type find_last_of(const value_type* s, size_type pos = npos) const noexcept;
        -:  288:    size_type find_last_of(value_type c, size_type pos = npos) const noexcept;
        -:  289:
        -:  290:    size_type find_first_not_of(const basic_string& str, size_type pos = 0) const noexcept;
        -:  291:    template <class T>
        -:  292:        size_type find_first_not_of(const T& t, size_type pos = 0) const; // C++17
        -:  293:    size_type find_first_not_of(const value_type* s, size_type pos, size_type n) const noexcept;
        -:  294:    size_type find_first_not_of(const value_type* s, size_type pos = 0) const noexcept;
        -:  295:    size_type find_first_not_of(value_type c, size_type pos = 0) const noexcept;
        -:  296:
        -:  297:    size_type find_last_not_of(const basic_string& str, size_type pos = npos) const noexcept;
        -:  298:    template <class T>
        -:  299:        size_type find_last_not_of(const T& t, size_type pos = npos) const; // C++17
        -:  300:    size_type find_last_not_of(const value_type* s, size_type pos, size_type n) const noexcept;
        -:  301:    size_type find_last_not_of(const value_type* s, size_type pos = npos) const noexcept;
        -:  302:    size_type find_last_not_of(value_type c, size_type pos = npos) const noexcept;
        -:  303:
        -:  304:    int compare(const basic_string& str) const noexcept;
        -:  305:    template <class T>
        -:  306:        int compare(const T& t) const noexcept;  // C++17
        -:  307:    int compare(size_type pos1, size_type n1, const basic_string& str) const;
        -:  308:    template <class T>
        -:  309:        int compare(size_type pos1, size_type n1, const T& t) const;  // C++17
        -:  310:    int compare(size_type pos1, size_type n1, const basic_string& str,
        -:  311:                size_type pos2, size_type n2=npos) const; // C++14
        -:  312:    template <class T>
        -:  313:        int compare(size_type pos1, size_type n1, const T& t,
        -:  314:                    size_type pos2, size_type n2=npos) const; // C++17
        -:  315:    int compare(const value_type* s) const noexcept;
        -:  316:    int compare(size_type pos1, size_type n1, const value_type* s) const;
        -:  317:    int compare(size_type pos1, size_type n1, const value_type* s, size_type n2) const;
        -:  318:
        -:  319:    bool starts_with(basic_string_view<charT, traits> sv) const noexcept; // C++2a
        -:  320:    bool starts_with(charT c) const noexcept;                             // C++2a
        -:  321:    bool starts_with(const charT* s) const;                               // C++2a
        -:  322:    bool ends_with(basic_string_view<charT, traits> sv) const noexcept;   // C++2a
        -:  323:    bool ends_with(charT c) const noexcept;                               // C++2a
        -:  324:    bool ends_with(const charT* s) const;                                 // C++2a
        -:  325:
        -:  326:    bool __invariants() const;
        -:  327:};
        -:  328:
        -:  329:template<class InputIterator,
        -:  330:         class Allocator = allocator<typename iterator_traits<InputIterator>::value_type>>
        -:  331:basic_string(InputIterator, InputIterator, Allocator = Allocator())
        -:  332:   -> basic_string<typename iterator_traits<InputIterator>::value_type,
        -:  333:                  char_traits<typename iterator_traits<InputIterator>::value_type>,
        -:  334:                  Allocator>;   // C++17
        -:  335:
        -:  336:template<class charT, class traits, class Allocator>
        -:  337:basic_string<charT, traits, Allocator>
        -:  338:operator+(const basic_string<charT, traits, Allocator>& lhs,
        -:  339:          const basic_string<charT, traits, Allocator>& rhs);
        -:  340:
        -:  341:template<class charT, class traits, class Allocator>
        -:  342:basic_string<charT, traits, Allocator>
        -:  343:operator+(const charT* lhs , const basic_string<charT,traits,Allocator>&rhs);
        -:  344:
        -:  345:template<class charT, class traits, class Allocator>
        -:  346:basic_string<charT, traits, Allocator>
        -:  347:operator+(charT lhs, const basic_string<charT,traits,Allocator>& rhs);
        -:  348:
        -:  349:template<class charT, class traits, class Allocator>
        -:  350:basic_string<charT, traits, Allocator>
        -:  351:operator+(const basic_string<charT, traits, Allocator>& lhs, const charT* rhs);
        -:  352:
        -:  353:template<class charT, class traits, class Allocator>
        -:  354:basic_string<charT, traits, Allocator>
        -:  355:operator+(const basic_string<charT, traits, Allocator>& lhs, charT rhs);
        -:  356:
        -:  357:template<class charT, class traits, class Allocator>
        -:  358:bool operator==(const basic_string<charT, traits, Allocator>& lhs,
        -:  359:                const basic_string<charT, traits, Allocator>& rhs) noexcept;
        -:  360:
        -:  361:template<class charT, class traits, class Allocator>
        -:  362:bool operator==(const charT* lhs, const basic_string<charT, traits, Allocator>& rhs) noexcept;
        -:  363:
        -:  364:template<class charT, class traits, class Allocator>
        -:  365:bool operator==(const basic_string<charT,traits,Allocator>& lhs, const charT* rhs) noexcept;
        -:  366:
        -:  367:template<class charT, class traits, class Allocator>
        -:  368:bool operator!=(const basic_string<charT,traits,Allocator>& lhs,
        -:  369:                const basic_string<charT, traits, Allocator>& rhs) noexcept;
        -:  370:
        -:  371:template<class charT, class traits, class Allocator>
        -:  372:bool operator!=(const charT* lhs, const basic_string<charT, traits, Allocator>& rhs) noexcept;
        -:  373:
        -:  374:template<class charT, class traits, class Allocator>
        -:  375:bool operator!=(const basic_string<charT, traits, Allocator>& lhs, const charT* rhs) noexcept;
        -:  376:
        -:  377:template<class charT, class traits, class Allocator>
        -:  378:bool operator< (const basic_string<charT, traits, Allocator>& lhs,
        -:  379:                const basic_string<charT, traits, Allocator>& rhs) noexcept;
        -:  380:
        -:  381:template<class charT, class traits, class Allocator>
        -:  382:bool operator< (const basic_string<charT, traits, Allocator>& lhs, const charT* rhs) noexcept;
        -:  383:
        -:  384:template<class charT, class traits, class Allocator>
        -:  385:bool operator< (const charT* lhs, const basic_string<charT, traits, Allocator>& rhs) noexcept;
        -:  386:
        -:  387:template<class charT, class traits, class Allocator>
        -:  388:bool operator> (const basic_string<charT, traits, Allocator>& lhs,
        -:  389:                const basic_string<charT, traits, Allocator>& rhs) noexcept;
        -:  390:
        -:  391:template<class charT, class traits, class Allocator>
        -:  392:bool operator> (const basic_string<charT, traits, Allocator>& lhs, const charT* rhs) noexcept;
        -:  393:
        -:  394:template<class charT, class traits, class Allocator>
        -:  395:bool operator> (const charT* lhs, const basic_string<charT, traits, Allocator>& rhs) noexcept;
        -:  396:
        -:  397:template<class charT, class traits, class Allocator>
        -:  398:bool operator<=(const basic_string<charT, traits, Allocator>& lhs,
        -:  399:                const basic_string<charT, traits, Allocator>& rhs) noexcept;
        -:  400:
        -:  401:template<class charT, class traits, class Allocator>
        -:  402:bool operator<=(const basic_string<charT, traits, Allocator>& lhs, const charT* rhs) noexcept;
        -:  403:
        -:  404:template<class charT, class traits, class Allocator>
        -:  405:bool operator<=(const charT* lhs, const basic_string<charT, traits, Allocator>& rhs) noexcept;
        -:  406:
        -:  407:template<class charT, class traits, class Allocator>
        -:  408:bool operator>=(const basic_string<charT, traits, Allocator>& lhs,
        -:  409:                const basic_string<charT, traits, Allocator>& rhs) noexcept;
        -:  410:
        -:  411:template<class charT, class traits, class Allocator>
        -:  412:bool operator>=(const basic_string<charT, traits, Allocator>& lhs, const charT* rhs) noexcept;
        -:  413:
        -:  414:template<class charT, class traits, class Allocator>
        -:  415:bool operator>=(const charT* lhs, const basic_string<charT, traits, Allocator>& rhs) noexcept;
        -:  416:
        -:  417:template<class charT, class traits, class Allocator>
        -:  418:void swap(basic_string<charT, traits, Allocator>& lhs,
        -:  419:          basic_string<charT, traits, Allocator>& rhs)
        -:  420:            noexcept(noexcept(lhs.swap(rhs)));
        -:  421:
        -:  422:template<class charT, class traits, class Allocator>
        -:  423:basic_istream<charT, traits>&
        -:  424:operator>>(basic_istream<charT, traits>& is, basic_string<charT, traits, Allocator>& str);
        -:  425:
        -:  426:template<class charT, class traits, class Allocator>
        -:  427:basic_ostream<charT, traits>&
        -:  428:operator<<(basic_ostream<charT, traits>& os, const basic_string<charT, traits, Allocator>& str);
        -:  429:
        -:  430:template<class charT, class traits, class Allocator>
        -:  431:basic_istream<charT, traits>&
        -:  432:getline(basic_istream<charT, traits>& is, basic_string<charT, traits, Allocator>& str,
        -:  433:        charT delim);
        -:  434:
        -:  435:template<class charT, class traits, class Allocator>
        -:  436:basic_istream<charT, traits>&
        -:  437:getline(basic_istream<charT, traits>& is, basic_string<charT, traits, Allocator>& str);
        -:  438:
        -:  439:template<class charT, class traits, class Allocator, class U>
        -:  440:void erase(basic_string<charT, traits, Allocator>& c, const U& value); // C++20
        -:  441:template<class charT, class traits, class Allocator, class Predicate>
        -:  442:void erase_if(basic_string<charT, traits, Allocator>& c, Predicate pred); // C++20
        -:  443:
        -:  444:typedef basic_string<char>    string;
        -:  445:typedef basic_string<wchar_t> wstring;
        -:  446:typedef basic_string<char16_t> u16string;
        -:  447:typedef basic_string<char32_t> u32string;
        -:  448:
        -:  449:int                stoi  (const string& str, size_t* idx = 0, int base = 10);
        -:  450:long               stol  (const string& str, size_t* idx = 0, int base = 10);
        -:  451:unsigned long      stoul (const string& str, size_t* idx = 0, int base = 10);
        -:  452:long long          stoll (const string& str, size_t* idx = 0, int base = 10);
        -:  453:unsigned long long stoull(const string& str, size_t* idx = 0, int base = 10);
        -:  454:
        -:  455:float       stof (const string& str, size_t* idx = 0);
        -:  456:double      stod (const string& str, size_t* idx = 0);
        -:  457:long double stold(const string& str, size_t* idx = 0);
        -:  458:
        -:  459:string to_string(int val);
        -:  460:string to_string(unsigned val);
        -:  461:string to_string(long val);
        -:  462:string to_string(unsigned long val);
        -:  463:string to_string(long long val);
        -:  464:string to_string(unsigned long long val);
        -:  465:string to_string(float val);
        -:  466:string to_string(double val);
        -:  467:string to_string(long double val);
        -:  468:
        -:  469:int                stoi  (const wstring& str, size_t* idx = 0, int base = 10);
        -:  470:long               stol  (const wstring& str, size_t* idx = 0, int base = 10);
        -:  471:unsigned long      stoul (const wstring& str, size_t* idx = 0, int base = 10);
        -:  472:long long          stoll (const wstring& str, size_t* idx = 0, int base = 10);
        -:  473:unsigned long long stoull(const wstring& str, size_t* idx = 0, int base = 10);
        -:  474:
        -:  475:float       stof (const wstring& str, size_t* idx = 0);
        -:  476:double      stod (const wstring& str, size_t* idx = 0);
        -:  477:long double stold(const wstring& str, size_t* idx = 0);
        -:  478:
        -:  479:wstring to_wstring(int val);
        -:  480:wstring to_wstring(unsigned val);
        -:  481:wstring to_wstring(long val);
        -:  482:wstring to_wstring(unsigned long val);
        -:  483:wstring to_wstring(long long val);
        -:  484:wstring to_wstring(unsigned long long val);
        -:  485:wstring to_wstring(float val);
        -:  486:wstring to_wstring(double val);
        -:  487:wstring to_wstring(long double val);
        -:  488:
        -:  489:template <> struct hash<string>;
        -:  490:template <> struct hash<u16string>;
        -:  491:template <> struct hash<u32string>;
        -:  492:template <> struct hash<wstring>;
        -:  493:
        -:  494:basic_string<char>     operator "" s( const char *str,     size_t len ); // C++14
        -:  495:basic_string<wchar_t>  operator "" s( const wchar_t *str,  size_t len ); // C++14
        -:  496:basic_string<char16_t> operator "" s( const char16_t *str, size_t len ); // C++14
        -:  497:basic_string<char32_t> operator "" s( const char32_t *str, size_t len ); // C++14
        -:  498:
        -:  499:}  // std
        -:  500:
        -:  501:*/
        -:  502:
        -:  503:#include <__config>
        -:  504:#include <string_view>
        -:  505:#include <iosfwd>
        -:  506:#include <cstring>
        -:  507:#include <cstdio>  // For EOF.
        -:  508:#include <cwchar>
        -:  509:#include <algorithm>
        -:  510:#include <iterator>
        -:  511:#include <utility>
        -:  512:#include <memory>
        -:  513:#include <stdexcept>
        -:  514:#include <type_traits>
        -:  515:#include <initializer_list>
        -:  516:#include <__functional_base>
        -:  517:#include <__cxx_version>
        -:  518:#ifndef _LIBCPP_HAS_NO_UNICODE_CHARS
        -:  519:#include <cstdint>
        -:  520:#endif
        -:  521:
        -:  522:#include <__debug>
        -:  523:
        -:  524:#if !defined(_LIBCPP_HAS_NO_PRAGMA_SYSTEM_HEADER)
        -:  525:#pragma GCC system_header
        -:  526:#endif
        -:  527:
        -:  528:_LIBCPP_PUSH_MACROS
        -:  529:#include <__undef_macros>
        -:  530:
        -:  531:
        -:  532:_LIBCPP_BEGIN_NAMESPACE_STD
        -:  533:
        -:  534:// fpos
        -:  535:
        -:  536:template <class _StateT>
        -:  537:class _LIBCPP_TEMPLATE_VIS fpos
        -:  538:{
        -:  539:private:
        -:  540:    _StateT __st_;
        -:  541:    streamoff __off_;
        -:  542:public:
    #####:  543:    _LIBCPP_INLINE_VISIBILITY fpos(streamoff __off = streamoff()) : __st_(), __off_(__off) {}
    $$$$$:  543-block  0
    $$$$$:  543-block  1
    $$$$$:  543-block  2
    $$$$$:  543-block  3
        -:  544:
    #####:  545:    _LIBCPP_INLINE_VISIBILITY operator streamoff() const {return __off_;}
    $$$$$:  545-block  0
    $$$$$:  545-block  1
        -:  546:
    #####:  547:    _LIBCPP_INLINE_VISIBILITY _StateT state() const {return __st_;}
    $$$$$:  547-block  0
    $$$$$:  547-block  1
    #####:  548:    _LIBCPP_INLINE_VISIBILITY void state(_StateT __st) {__st_ = __st;}
    $$$$$:  548-block  0
    $$$$$:  548-block  1
        -:  549:
        -:  550:    _LIBCPP_INLINE_VISIBILITY fpos& operator+=(streamoff __off) {__off_ += __off; return *this;}
        -:  551:    _LIBCPP_INLINE_VISIBILITY fpos  operator+ (streamoff __off) const {fpos __t(*this); __t += __off; return __t;}
        -:  552:    _LIBCPP_INLINE_VISIBILITY fpos& operator-=(streamoff __off) {__off_ -= __off; return *this;}
        -:  553:    _LIBCPP_INLINE_VISIBILITY fpos  operator- (streamoff __off) const {fpos __t(*this); __t -= __off; return __t;}
        -:  554:};
        -:  555:
        -:  556:template <class _StateT>
        -:  557:inline _LIBCPP_INLINE_VISIBILITY
        -:  558:streamoff operator-(const fpos<_StateT>& __x, const fpos<_StateT>& __y)
        -:  559:    {return streamoff(__x) - streamoff(__y);}
        -:  560:
        -:  561:template <class _StateT>
        -:  562:inline _LIBCPP_INLINE_VISIBILITY
        -:  563:bool operator==(const fpos<_StateT>& __x, const fpos<_StateT>& __y)
        -:  564:    {return streamoff(__x) == streamoff(__y);}
        -:  565:
        -:  566:template <class _StateT>
        -:  567:inline _LIBCPP_INLINE_VISIBILITY
        -:  568:bool operator!=(const fpos<_StateT>& __x, const fpos<_StateT>& __y)
        -:  569:    {return streamoff(__x) != streamoff(__y);}
        -:  570:
        -:  571:// basic_string
        -:  572:
        -:  573:template<class _CharT, class _Traits, class _Allocator>
        -:  574:basic_string<_CharT, _Traits, _Allocator>
        -:  575:operator+(const basic_string<_CharT, _Traits, _Allocator>& __x,
        -:  576:          const basic_string<_CharT, _Traits, _Allocator>& __y);
        -:  577:
        -:  578:template<class _CharT, class _Traits, class _Allocator>
        -:  579:basic_string<_CharT, _Traits, _Allocator>
        -:  580:operator+(const _CharT* __x, const basic_string<_CharT,_Traits,_Allocator>& __y);
        -:  581:
        -:  582:template<class _CharT, class _Traits, class _Allocator>
        -:  583:basic_string<_CharT, _Traits, _Allocator>
        -:  584:operator+(_CharT __x, const basic_string<_CharT,_Traits,_Allocator>& __y);
        -:  585:
        -:  586:template<class _CharT, class _Traits, class _Allocator>
        -:  587:inline _LIBCPP_INLINE_VISIBILITY
        -:  588:basic_string<_CharT, _Traits, _Allocator>
        -:  589:operator+(const basic_string<_CharT, _Traits, _Allocator>& __x, const _CharT* __y);
        -:  590:
        -:  591:template<class _CharT, class _Traits, class _Allocator>
        -:  592:basic_string<_CharT, _Traits, _Allocator>
        -:  593:operator+(const basic_string<_CharT, _Traits, _Allocator>& __x, _CharT __y);
        -:  594:
        -:  595:_LIBCPP_EXTERN_TEMPLATE(_LIBCPP_FUNC_VIS string operator+<char, char_traits<char>, allocator<char> >(char const*, string const&))
        -:  596:
        -:  597:template <bool>
        -:  598:class _LIBCPP_TEMPLATE_VIS __basic_string_common
        -:  599:{
        -:  600:protected:
        -:  601:    _LIBCPP_NORETURN void __throw_length_error() const;
        -:  602:    _LIBCPP_NORETURN void __throw_out_of_range() const;
        -:  603:};
        -:  604:
        -:  605:template <bool __b>
        -:  606:void
        -:  607:__basic_string_common<__b>::__throw_length_error() const
        -:  608:{
        -:  609:    _VSTD::__throw_length_error("basic_string");
        -:  610:}
        -:  611:
        -:  612:template <bool __b>
        -:  613:void
        -:  614:__basic_string_common<__b>::__throw_out_of_range() const
        -:  615:{
        -:  616:    _VSTD::__throw_out_of_range("basic_string");
        -:  617:}
        -:  618:
        -:  619:_LIBCPP_EXTERN_TEMPLATE(class _LIBCPP_EXTERN_TEMPLATE_TYPE_VIS __basic_string_common<true>)
        -:  620:
        -:  621:#ifdef _LIBCPP_NO_EXCEPTIONS
        -:  622:template <class _Iter>
        -:  623:struct __libcpp_string_gets_noexcept_iterator_impl : public true_type {};
        -:  624:#elif defined(_LIBCPP_HAS_NO_NOEXCEPT)
        -:  625:template <class _Iter>
        -:  626:struct __libcpp_string_gets_noexcept_iterator_impl : public false_type {};
        -:  627:#else
        -:  628:template <class _Iter, bool = __is_forward_iterator<_Iter>::value>
        -:  629:struct __libcpp_string_gets_noexcept_iterator_impl : public _LIBCPP_BOOL_CONSTANT((
        -:  630:    noexcept(++(declval<_Iter&>())) &&
        -:  631:    is_nothrow_assignable<_Iter&, _Iter>::value &&
        -:  632:    noexcept(declval<_Iter>() == declval<_Iter>()) &&
        -:  633:    noexcept(*declval<_Iter>())
        -:  634:)) {};
        -:  635:
        -:  636:template <class _Iter>
        -:  637:struct __libcpp_string_gets_noexcept_iterator_impl<_Iter, false> : public false_type {};
        -:  638:#endif
        -:  639:
        -:  640:
        -:  641:template <class _Iter>
        -:  642:struct __libcpp_string_gets_noexcept_iterator
        -:  643:    : public _LIBCPP_BOOL_CONSTANT(__libcpp_is_trivial_iterator<_Iter>::value || __libcpp_string_gets_noexcept_iterator_impl<_Iter>::value) {};
        -:  644:
        -:  645:template <class _CharT, class _Traits, class _Tp>
        -:  646:struct __can_be_converted_to_string_view : public _LIBCPP_BOOL_CONSTANT(
        -:  647:    ( is_convertible<const _Tp&, basic_string_view<_CharT, _Traits> >::value &&
        -:  648:     !is_convertible<const _Tp&, const _CharT*>::value)) {};
        -:  649:
        -:  650:#ifdef _LIBCPP_ABI_ALTERNATE_STRING_LAYOUT
        -:  651:
        -:  652:template <class _CharT, size_t = sizeof(_CharT)>
        -:  653:struct __padding
        -:  654:{
        -:  655:    unsigned char __xx[sizeof(_CharT)-1];
        -:  656:};
        -:  657:
        -:  658:template <class _CharT>
        -:  659:struct __padding<_CharT, 1>
        -:  660:{
        -:  661:};
        -:  662:
        -:  663:#endif  // _LIBCPP_ABI_ALTERNATE_STRING_LAYOUT
        -:  664:
        -:  665:template<class _CharT, class _Traits, class _Allocator>
        -:  666:class _LIBCPP_TEMPLATE_VIS basic_string
        -:  667:    : private __basic_string_common<true>
        -:  668:{
        -:  669:public:
        -:  670:    typedef basic_string                                 __self;
        -:  671:    typedef basic_string_view<_CharT, _Traits>           __self_view;
        -:  672:    typedef _Traits                                      traits_type;
        -:  673:    typedef _CharT                                       value_type;
        -:  674:    typedef _Allocator                                   allocator_type;
        -:  675:    typedef allocator_traits<allocator_type>             __alloc_traits;
        -:  676:    typedef typename __alloc_traits::size_type           size_type;
        -:  677:    typedef typename __alloc_traits::difference_type     difference_type;
        -:  678:    typedef value_type&                                  reference;
        -:  679:    typedef const value_type&                            const_reference;
        -:  680:    typedef typename __alloc_traits::pointer             pointer;
        -:  681:    typedef typename __alloc_traits::const_pointer       const_pointer;
        -:  682:
        -:  683:    static_assert((!is_array<value_type>::value), "Character type of basic_string must not be an array");
        -:  684:    static_assert(( is_standard_layout<value_type>::value), "Character type of basic_string must be standard-layout");
        -:  685:    static_assert(( is_trivial<value_type>::value), "Character type of basic_string must be trivial");
        -:  686:    static_assert(( is_same<_CharT, typename traits_type::char_type>::value),
        -:  687:                  "traits_type::char_type must be the same type as CharT");
        -:  688:    static_assert(( is_same<typename allocator_type::value_type, value_type>::value),
        -:  689:                  "Allocator::value_type must be same type as value_type");
        -:  690:
        -:  691:#if defined(_LIBCPP_RAW_ITERATORS)
        -:  692:    typedef pointer                                      iterator;
        -:  693:    typedef const_pointer                                const_iterator;
        -:  694:#else  // defined(_LIBCPP_RAW_ITERATORS)
        -:  695:    typedef __wrap_iter<pointer>                         iterator;
        -:  696:    typedef __wrap_iter<const_pointer>                   const_iterator;
        -:  697:#endif  // defined(_LIBCPP_RAW_ITERATORS)
        -:  698:    typedef _VSTD::reverse_iterator<iterator>             reverse_iterator;
        -:  699:    typedef _VSTD::reverse_iterator<const_iterator>       const_reverse_iterator;
        -:  700:
        -:  701:private:
        -:  702:
        -:  703:#ifdef _LIBCPP_ABI_ALTERNATE_STRING_LAYOUT
        -:  704:
        -:  705:    struct __long
        -:  706:    {
        -:  707:        pointer   __data_;
        -:  708:        size_type __size_;
        -:  709:        size_type __cap_;
        -:  710:    };
        -:  711:
        -:  712:#ifdef _LIBCPP_BIG_ENDIAN
        -:  713:    static const size_type __short_mask = 0x01;
        -:  714:    static const size_type __long_mask  = 0x1ul;
        -:  715:#else  // _LIBCPP_BIG_ENDIAN
        -:  716:    static const size_type __short_mask = 0x80;
        -:  717:    static const size_type __long_mask  = ~(size_type(~0) >> 1);
        -:  718:#endif  // _LIBCPP_BIG_ENDIAN
        -:  719:
        -:  720:    enum {__min_cap = (sizeof(__long) - 1)/sizeof(value_type) > 2 ?
        -:  721:                      (sizeof(__long) - 1)/sizeof(value_type) : 2};
        -:  722:
        -:  723:    struct __short
        -:  724:    {
        -:  725:        value_type __data_[__min_cap];
        -:  726:        struct
        -:  727:            : __padding<value_type>
        -:  728:        {
        -:  729:            unsigned char __size_;
        -:  730:        };
        -:  731:    };
        -:  732:
        -:  733:#else
        -:  734:
        -:  735:    struct __long
        -:  736:    {
        -:  737:        size_type __cap_;
        -:  738:        size_type __size_;
        -:  739:        pointer   __data_;
        -:  740:    };
        -:  741:
        -:  742:#ifdef _LIBCPP_BIG_ENDIAN
        -:  743:    static const size_type __short_mask = 0x80;
        -:  744:    static const size_type __long_mask  = ~(size_type(~0) >> 1);
        -:  745:#else  // _LIBCPP_BIG_ENDIAN
        -:  746:    static const size_type __short_mask = 0x01;
        -:  747:    static const size_type __long_mask  = 0x1ul;
        -:  748:#endif  // _LIBCPP_BIG_ENDIAN
        -:  749:
        -:  750:    enum {__min_cap = (sizeof(__long) - 1)/sizeof(value_type) > 2 ?
        -:  751:                      (sizeof(__long) - 1)/sizeof(value_type) : 2};
        -:  752:
        -:  753:    struct __short
        -:  754:    {
        -:  755:        union
        -:  756:        {
        -:  757:            unsigned char __size_;
        -:  758:            value_type __lx;
        -:  759:        };
        -:  760:        value_type __data_[__min_cap];
        -:  761:    };
        -:  762:
        -:  763:#endif  // _LIBCPP_ABI_ALTERNATE_STRING_LAYOUT
        -:  764:
        -:  765:    union __ulx{__long __lx; __short __lxx;};
        -:  766:
        -:  767:    enum {__n_words = sizeof(__ulx) / sizeof(size_type)};
        -:  768:
        -:  769:    struct __raw
        -:  770:    {
        -:  771:        size_type __words[__n_words];
        -:  772:    };
        -:  773:
        -:  774:    struct __rep
        -:  775:    {
        -:  776:        union
        -:  777:        {
        -:  778:            __long  __l;
        -:  779:            __short __s;
        -:  780:            __raw   __r;
        -:  781:        };
        -:  782:    };
        -:  783:
        -:  784:    __compressed_pair<__rep, allocator_type> __r_;
        -:  785:
        -:  786:public:
        -:  787:    static const size_type npos = -1;
        -:  788:
       36:  789:    _LIBCPP_INLINE_VISIBILITY basic_string()
       36:  789-block  0
    $$$$$:  789-block  1
        -:  790:        _NOEXCEPT_(is_nothrow_default_constructible<allocator_type>::value);
        -:  791:
        -:  792:    _LIBCPP_INLINE_VISIBILITY explicit basic_string(const allocator_type& __a)
        -:  793:#if _LIBCPP_STD_VER <= 14
        -:  794:        _NOEXCEPT_(is_nothrow_copy_constructible<allocator_type>::value);
        -:  795:#else
        -:  796:        _NOEXCEPT;
        -:  797:#endif
        -:  798:
        -:  799:    basic_string(const basic_string& __str);
        -:  800:    basic_string(const basic_string& __str, const allocator_type& __a);
        -:  801:
        -:  802:#ifndef _LIBCPP_CXX03_LANG
        -:  803:    _LIBCPP_INLINE_VISIBILITY
        -:  804:    basic_string(basic_string&& __str)
        -:  805:#if _LIBCPP_STD_VER <= 14
        -:  806:        _NOEXCEPT_(is_nothrow_move_constructible<allocator_type>::value);
        -:  807:#else
        -:  808:        _NOEXCEPT;
        -:  809:#endif
        -:  810:
        -:  811:    _LIBCPP_INLINE_VISIBILITY
        -:  812:    basic_string(basic_string&& __str, const allocator_type& __a);
        -:  813:#endif  // _LIBCPP_CXX03_LANG
        -:  814:
        -:  815:    template <class = typename enable_if<__is_allocator<_Allocator>::value, nullptr_t>::type>
        -:  816:    _LIBCPP_INLINE_VISIBILITY
      612:  817:    basic_string(const _CharT* __s) {
      306:  817-block  0
      306:  817-block  1
        -:  818:      _LIBCPP_ASSERT(__s != nullptr, "basic_string(const char*) detected nullptr");
      306:  819:      __init(__s, traits_type::length(__s));
        -:  820:#   if _LIBCPP_DEBUG_LEVEL >= 2
        -:  821:      __get_db()->__insert_c(this);
        -:  822:#   endif
      612:  823:    }
      306:  823-block  0
      306:  823-block  1
        -:  824:
        -:  825:    template <class = typename enable_if<__is_allocator<_Allocator>::value, nullptr_t>::type>
        -:  826:        _LIBCPP_INLINE_VISIBILITY
        -:  827:        basic_string(const _CharT* __s, const _Allocator& __a);
        -:  828:
        -:  829:    _LIBCPP_INLINE_VISIBILITY
        -:  830:    basic_string(const _CharT* __s, size_type __n);
        -:  831:    _LIBCPP_INLINE_VISIBILITY
        -:  832:    basic_string(const _CharT* __s, size_type __n, const _Allocator& __a);
        -:  833:    _LIBCPP_INLINE_VISIBILITY
    #####:  834:    basic_string(size_type __n, _CharT __c);
        -:  835:
        -:  836:    template <class = typename enable_if<__is_allocator<_Allocator>::value, nullptr_t>::type>
        -:  837:        _LIBCPP_INLINE_VISIBILITY
        -:  838:        basic_string(size_type __n, _CharT __c, const _Allocator& __a);
        -:  839:
        -:  840:    basic_string(const basic_string& __str, size_type __pos, size_type __n,
        -:  841:                 const _Allocator& __a = _Allocator());
        -:  842:    _LIBCPP_INLINE_VISIBILITY
        -:  843:    basic_string(const basic_string& __str, size_type __pos,
        -:  844:                 const _Allocator& __a = _Allocator());
        -:  845:
        -:  846:    template<class _Tp, class = typename enable_if<__can_be_converted_to_string_view<_CharT, _Traits, _Tp>::value, void>::type>
        -:  847:        _LIBCPP_METHOD_TEMPLATE_IMPLICIT_INSTANTIATION_VIS
        -:  848:        basic_string(const _Tp& __t, size_type __pos, size_type __n,
        -:  849:                              const allocator_type& __a = allocator_type());
        -:  850:
        -:  851:    template<class _Tp, class = typename enable_if<__can_be_converted_to_string_view<_CharT, _Traits, _Tp>::value, void>::type>
        -:  852:        _LIBCPP_METHOD_TEMPLATE_IMPLICIT_INSTANTIATION_VIS
        -:  853:        explicit basic_string(const _Tp& __t);
        -:  854:
        -:  855:    template<class _Tp, class = typename enable_if<__can_be_converted_to_string_view<_CharT, _Traits, _Tp>::value, void>::type>
        -:  856:        _LIBCPP_METHOD_TEMPLATE_IMPLICIT_INSTANTIATION_VIS
        -:  857:        explicit basic_string(const _Tp& __t, const allocator_type& __a);
        -:  858:
        -:  859:    template<class _InputIterator, class = typename enable_if<__is_input_iterator<_InputIterator>::value>::type>
        -:  860:        _LIBCPP_INLINE_VISIBILITY
        -:  861:        basic_string(_InputIterator __first, _InputIterator __last);
        -:  862:    template<class _InputIterator, class = typename enable_if<__is_input_iterator<_InputIterator>::value>::type>
        -:  863:        _LIBCPP_INLINE_VISIBILITY
        -:  864:        basic_string(_InputIterator __first, _InputIterator __last, const allocator_type& __a);
        -:  865:#ifndef _LIBCPP_CXX03_LANG
        -:  866:    _LIBCPP_INLINE_VISIBILITY
        -:  867:    basic_string(initializer_list<_CharT> __il);
        -:  868:    _LIBCPP_INLINE_VISIBILITY
        -:  869:    basic_string(initializer_list<_CharT> __il, const _Allocator& __a);
        -:  870:#endif  // _LIBCPP_CXX03_LANG
        -:  871:
        -:  872:    inline ~basic_string();
        -:  873:
        -:  874:    _LIBCPP_INLINE_VISIBILITY
        -:  875:    operator __self_view() const _NOEXCEPT { return __self_view(data(), size()); }
        -:  876:
        -:  877:    basic_string& operator=(const basic_string& __str);
        -:  878:
        -:  879:    template <class _Tp, class = typename enable_if<__can_be_converted_to_string_view<_CharT, _Traits, _Tp>::value, void>::type>
        -:  880:    basic_string& operator=(const _Tp& __t)
        -:  881:        {__self_view __sv = __t; return assign(__sv);}
        -:  882:
        -:  883:#ifndef _LIBCPP_CXX03_LANG
        -:  884:    _LIBCPP_INLINE_VISIBILITY
        -:  885:    basic_string& operator=(basic_string&& __str)
        -:  886:        _NOEXCEPT_((__noexcept_move_assign_container<_Allocator, __alloc_traits>::value));
        -:  887:     _LIBCPP_INLINE_VISIBILITY
        -:  888:    basic_string& operator=(initializer_list<value_type> __il) {return assign(__il.begin(), __il.size());}
        -:  889:#endif
        -:  890:    _LIBCPP_INLINE_VISIBILITY basic_string& operator=(const value_type* __s) {return assign(__s);}
        -:  891:    basic_string& operator=(value_type __c);
        -:  892:
        -:  893:#if _LIBCPP_DEBUG_LEVEL >= 2
        -:  894:    _LIBCPP_INLINE_VISIBILITY
        -:  895:    iterator begin() _NOEXCEPT
        -:  896:        {return iterator(this, __get_pointer());}
        -:  897:    _LIBCPP_INLINE_VISIBILITY
        -:  898:    const_iterator begin() const _NOEXCEPT
        -:  899:        {return const_iterator(this, __get_pointer());}
        -:  900:    _LIBCPP_INLINE_VISIBILITY
        -:  901:    iterator end() _NOEXCEPT
        -:  902:        {return iterator(this, __get_pointer() + size());}
        -:  903:    _LIBCPP_INLINE_VISIBILITY
        -:  904:    const_iterator end() const _NOEXCEPT
        -:  905:        {return const_iterator(this, __get_pointer() + size());}
        -:  906:#else
        -:  907:    _LIBCPP_INLINE_VISIBILITY
        -:  908:    iterator begin() _NOEXCEPT
        -:  909:        {return iterator(__get_pointer());}
        -:  910:    _LIBCPP_INLINE_VISIBILITY
        -:  911:    const_iterator begin() const _NOEXCEPT
        -:  912:        {return const_iterator(__get_pointer());}
        -:  913:    _LIBCPP_INLINE_VISIBILITY
        -:  914:    iterator end() _NOEXCEPT
        -:  915:        {return iterator(__get_pointer() + size());}
        -:  916:    _LIBCPP_INLINE_VISIBILITY
        -:  917:    const_iterator end() const _NOEXCEPT
        -:  918:        {return const_iterator(__get_pointer() + size());}
        -:  919:#endif  // _LIBCPP_DEBUG_LEVEL >= 2
        -:  920:    _LIBCPP_INLINE_VISIBILITY
        -:  921:    reverse_iterator rbegin() _NOEXCEPT
        -:  922:        {return reverse_iterator(end());}
        -:  923:    _LIBCPP_INLINE_VISIBILITY
        -:  924:    const_reverse_iterator rbegin() const _NOEXCEPT
        -:  925:        {return const_reverse_iterator(end());}
        -:  926:    _LIBCPP_INLINE_VISIBILITY
        -:  927:    reverse_iterator rend() _NOEXCEPT
        -:  928:        {return reverse_iterator(begin());}
        -:  929:    _LIBCPP_INLINE_VISIBILITY
        -:  930:    const_reverse_iterator rend() const _NOEXCEPT
        -:  931:        {return const_reverse_iterator(begin());}
        -:  932:
        -:  933:    _LIBCPP_INLINE_VISIBILITY
        -:  934:    const_iterator cbegin() const _NOEXCEPT
        -:  935:        {return begin();}
        -:  936:    _LIBCPP_INLINE_VISIBILITY
        -:  937:    const_iterator cend() const _NOEXCEPT
        -:  938:        {return end();}
        -:  939:    _LIBCPP_INLINE_VISIBILITY
        -:  940:    const_reverse_iterator crbegin() const _NOEXCEPT
        -:  941:        {return rbegin();}
        -:  942:    _LIBCPP_INLINE_VISIBILITY
        -:  943:    const_reverse_iterator crend() const _NOEXCEPT
        -:  944:        {return rend();}
        -:  945:
       39:  946:    _LIBCPP_INLINE_VISIBILITY size_type size() const _NOEXCEPT
       39:  946-block  0
       39:  947:        {return __is_long() ? __get_long_size() : __get_short_size();}
       39:  947-block  0
    $$$$$:  947-block  1
       39:  947-block  2
       39:  947-block  3
        -:  948:    _LIBCPP_INLINE_VISIBILITY size_type length() const _NOEXCEPT {return size();}
        -:  949:    _LIBCPP_INLINE_VISIBILITY size_type max_size() const _NOEXCEPT;
        -:  950:    _LIBCPP_INLINE_VISIBILITY size_type capacity() const _NOEXCEPT
        -:  951:        {return (__is_long() ? __get_long_cap()
        -:  952:                             : static_cast<size_type>(__min_cap)) - 1;}
        -:  953:
        -:  954:    void resize(size_type __n, value_type __c);
        -:  955:    _LIBCPP_INLINE_VISIBILITY void resize(size_type __n) {resize(__n, value_type());}
        -:  956:
        -:  957:    void reserve(size_type __res_arg);
        -:  958:    _LIBCPP_INLINE_VISIBILITY void __resize_default_init(size_type __n);
        -:  959:
        -:  960:    _LIBCPP_INLINE_VISIBILITY
        -:  961:    void reserve() _NOEXCEPT {reserve(0);}
        -:  962:    _LIBCPP_INLINE_VISIBILITY
        -:  963:    void shrink_to_fit() _NOEXCEPT {reserve();}
        -:  964:    _LIBCPP_INLINE_VISIBILITY
        -:  965:    void clear() _NOEXCEPT;
        -:  966:    _LIBCPP_NODISCARD_AFTER_CXX17 _LIBCPP_INLINE_VISIBILITY
        -:  967:    bool empty() const _NOEXCEPT {return size() == 0;}
        -:  968:
        -:  969:    _LIBCPP_INLINE_VISIBILITY const_reference operator[](size_type __pos) const _NOEXCEPT;
        -:  970:    _LIBCPP_INLINE_VISIBILITY reference       operator[](size_type __pos)       _NOEXCEPT;
        -:  971:
        -:  972:    const_reference at(size_type __n) const;
        -:  973:    reference       at(size_type __n);
        -:  974:
        -:  975:    _LIBCPP_INLINE_VISIBILITY basic_string& operator+=(const basic_string& __str) {return append(__str);}
        -:  976:
        -:  977:    template <class _Tp>
        -:  978:    _LIBCPP_METHOD_TEMPLATE_IMPLICIT_INSTANTIATION_VIS
        -:  979:    typename enable_if
        -:  980:        <
        -:  981:            __can_be_converted_to_string_view<_CharT, _Traits, _Tp>::value,
        -:  982:            basic_string&
        -:  983:        >::type
        -:  984:                                            operator+=(const _Tp& __t)            {__self_view __sv = __t; return append(__sv);}
        -:  985:    _LIBCPP_INLINE_VISIBILITY basic_string& operator+=(const value_type* __s)     {return append(__s);}
        -:  986:    _LIBCPP_INLINE_VISIBILITY basic_string& operator+=(value_type __c)            {push_back(__c); return *this;}
        -:  987:#ifndef _LIBCPP_CXX03_LANG
        -:  988:    _LIBCPP_INLINE_VISIBILITY basic_string& operator+=(initializer_list<value_type> __il) {return append(__il);}
        -:  989:#endif  // _LIBCPP_CXX03_LANG
        -:  990:
        -:  991:    _LIBCPP_INLINE_VISIBILITY
        -:  992:    basic_string& append(const basic_string& __str);
        -:  993:
        -:  994:    template <class _Tp>
        -:  995:    _LIBCPP_METHOD_TEMPLATE_IMPLICIT_INSTANTIATION_VIS
        -:  996:    typename enable_if
        -:  997:        <
        -:  998:            __can_be_converted_to_string_view<_CharT, _Traits, _Tp>::value,
        -:  999:            basic_string&
        -: 1000:        >::type
        -: 1001:                  append(const _Tp& __t) { __self_view __sv = __t; return append(__sv.data(), __sv.size()); }
        -: 1002:    basic_string& append(const basic_string& __str, size_type __pos, size_type __n=npos);
        -: 1003:
        -: 1004:    template <class _Tp>
        -: 1005:    _LIBCPP_METHOD_TEMPLATE_IMPLICIT_INSTANTIATION_VIS
        -: 1006:    typename enable_if
        -: 1007:        <
        -: 1008:            __can_be_converted_to_string_view<_CharT, _Traits, _Tp>::value,
        -: 1009:            basic_string&
        -: 1010:        >::type
        -: 1011:                  append(const _Tp& __t, size_type __pos, size_type __n=npos);
        -: 1012:    basic_string& append(const value_type* __s, size_type __n);
        -: 1013:    basic_string& append(const value_type* __s);
        -: 1014:    basic_string& append(size_type __n, value_type __c);
        -: 1015:
        -: 1016:    _LIBCPP_INLINE_VISIBILITY
        -: 1017:    void __append_default_init(size_type __n);
        -: 1018:
        -: 1019:    template <class _ForwardIterator>
        -: 1020:    _LIBCPP_METHOD_TEMPLATE_IMPLICIT_INSTANTIATION_VIS
        -: 1021:    basic_string& __append_forward_unsafe(_ForwardIterator, _ForwardIterator);
        -: 1022:    template<class _InputIterator>
        -: 1023:    _LIBCPP_METHOD_TEMPLATE_IMPLICIT_INSTANTIATION_VIS
        -: 1024:    typename enable_if
        -: 1025:        <
        -: 1026:            __is_exactly_input_iterator<_InputIterator>::value
        -: 1027:                || !__libcpp_string_gets_noexcept_iterator<_InputIterator>::value,
        -: 1028:            basic_string&
        -: 1029:        >::type
        -: 1030:    _LIBCPP_INLINE_VISIBILITY
        -: 1031:    append(_InputIterator __first, _InputIterator __last) {
        -: 1032:      const basic_string __temp (__first, __last, __alloc());
        -: 1033:      append(__temp.data(), __temp.size());
        -: 1034:      return *this;
        -: 1035:    }
        -: 1036:    template<class _ForwardIterator>
        -: 1037:    _LIBCPP_METHOD_TEMPLATE_IMPLICIT_INSTANTIATION_VIS
        -: 1038:    typename enable_if
        -: 1039:        <
        -: 1040:            __is_forward_iterator<_ForwardIterator>::value
        -: 1041:                && __libcpp_string_gets_noexcept_iterator<_ForwardIterator>::value,
        -: 1042:            basic_string&
        -: 1043:        >::type
        -: 1044:    _LIBCPP_INLINE_VISIBILITY
        -: 1045:    append(_ForwardIterator __first, _ForwardIterator __last) {
        -: 1046:      return __append_forward_unsafe(__first, __last);
        -: 1047:    }
        -: 1048:
        -: 1049:#ifndef _LIBCPP_CXX03_LANG
        -: 1050:    _LIBCPP_INLINE_VISIBILITY
        -: 1051:    basic_string& append(initializer_list<value_type> __il) {return append(__il.begin(), __il.size());}
        -: 1052:#endif  // _LIBCPP_CXX03_LANG
        -: 1053:
        -: 1054:    void push_back(value_type __c);
        -: 1055:    _LIBCPP_INLINE_VISIBILITY
        -: 1056:    void pop_back();
        -: 1057:    _LIBCPP_INLINE_VISIBILITY reference       front() _NOEXCEPT;
        -: 1058:    _LIBCPP_INLINE_VISIBILITY const_reference front() const _NOEXCEPT;
        -: 1059:    _LIBCPP_INLINE_VISIBILITY reference       back() _NOEXCEPT;
        -: 1060:    _LIBCPP_INLINE_VISIBILITY const_reference back() const _NOEXCEPT;
        -: 1061:
        -: 1062:    template <class _Tp>
        -: 1063:    _LIBCPP_METHOD_TEMPLATE_IMPLICIT_INSTANTIATION_VIS
        -: 1064:    typename enable_if
        -: 1065:        <
        -: 1066:            __can_be_converted_to_string_view<_CharT, _Traits, _Tp>::value,
        -: 1067:            basic_string&
        -: 1068:        >::type
        -: 1069:                 assign(const _Tp & __t) { __self_view __sv = __t; return assign(__sv.data(), __sv.size()); }
        -: 1070:    _LIBCPP_INLINE_VISIBILITY
        -: 1071:    basic_string& assign(const basic_string& __str) { return *this = __str; }
        -: 1072:#ifndef _LIBCPP_CXX03_LANG
        -: 1073:    _LIBCPP_INLINE_VISIBILITY
        -: 1074:    basic_string& assign(basic_string&& __str)
        -: 1075:        _NOEXCEPT_((__noexcept_move_assign_container<_Allocator, __alloc_traits>::value))
        -: 1076:        {*this = _VSTD::move(__str); return *this;}
        -: 1077:#endif
        -: 1078:    basic_string& assign(const basic_string& __str, size_type __pos, size_type __n=npos);
        -: 1079:    template <class _Tp>
        -: 1080:    _LIBCPP_METHOD_TEMPLATE_IMPLICIT_INSTANTIATION_VIS
        -: 1081:    typename enable_if
        -: 1082:        <
        -: 1083:            __can_be_converted_to_string_view<_CharT, _Traits, _Tp>::value,
        -: 1084:            basic_string&
        -: 1085:        >::type
        -: 1086:                  assign(const _Tp & __t, size_type __pos, size_type __n=npos);
        -: 1087:    basic_string& assign(const value_type* __s, size_type __n);
        -: 1088:    basic_string& assign(const value_type* __s);
        -: 1089:    basic_string& assign(size_type __n, value_type __c);
        -: 1090:    template<class _InputIterator>
        -: 1091:    _LIBCPP_METHOD_TEMPLATE_IMPLICIT_INSTANTIATION_VIS
        -: 1092:    typename enable_if
        -: 1093:        <
        -: 1094:           __is_exactly_input_iterator<_InputIterator>::value
        -: 1095:                || !__libcpp_string_gets_noexcept_iterator<_InputIterator>::value,
        -: 1096:            basic_string&
        -: 1097:        >::type
        -: 1098:        assign(_InputIterator __first, _InputIterator __last);
        -: 1099:    template<class _ForwardIterator>
        -: 1100:    _LIBCPP_METHOD_TEMPLATE_IMPLICIT_INSTANTIATION_VIS
        -: 1101:    typename enable_if
        -: 1102:        <
        -: 1103:            __is_forward_iterator<_ForwardIterator>::value
        -: 1104:                 && __libcpp_string_gets_noexcept_iterator<_ForwardIterator>::value,
        -: 1105:            basic_string&
        -: 1106:        >::type
        -: 1107:        assign(_ForwardIterator __first, _ForwardIterator __last);
        -: 1108:#ifndef _LIBCPP_CXX03_LANG
        -: 1109:    _LIBCPP_INLINE_VISIBILITY
        -: 1110:    basic_string& assign(initializer_list<value_type> __il) {return assign(__il.begin(), __il.size());}
        -: 1111:#endif  // _LIBCPP_CXX03_LANG
        -: 1112:
        -: 1113:    _LIBCPP_INLINE_VISIBILITY
        -: 1114:    basic_string& insert(size_type __pos1, const basic_string& __str);
        -: 1115:
        -: 1116:    template <class _Tp>
        -: 1117:    _LIBCPP_METHOD_TEMPLATE_IMPLICIT_INSTANTIATION_VIS
        -: 1118:    typename enable_if
        -: 1119:        <
        -: 1120:            __can_be_converted_to_string_view<_CharT, _Traits, _Tp>::value,
        -: 1121:            basic_string&
        -: 1122:        >::type
        -: 1123:                 insert(size_type __pos1, const _Tp& __t)
        -: 1124:    { __self_view __sv = __t; return insert(__pos1, __sv.data(), __sv.size()); }
        -: 1125:
        -: 1126:    template <class _Tp>
        -: 1127:    _LIBCPP_METHOD_TEMPLATE_IMPLICIT_INSTANTIATION_VIS
        -: 1128:    typename enable_if
        -: 1129:        <
        -: 1130:            __can_be_converted_to_string_view<_CharT, _Traits, _Tp>::value,
        -: 1131:            basic_string&
        -: 1132:        >::type
        -: 1133:                  insert(size_type __pos1, const _Tp& __t, size_type __pos2, size_type __n=npos);
        -: 1134:    basic_string& insert(size_type __pos1, const basic_string& __str, size_type __pos2, size_type __n=npos);
        -: 1135:    basic_string& insert(size_type __pos, const value_type* __s, size_type __n);
        -: 1136:    basic_string& insert(size_type __pos, const value_type* __s);
        -: 1137:    basic_string& insert(size_type __pos, size_type __n, value_type __c);
        -: 1138:    iterator      insert(const_iterator __pos, value_type __c);
        -: 1139:    _LIBCPP_INLINE_VISIBILITY
        -: 1140:    iterator      insert(const_iterator __pos, size_type __n, value_type __c);
        -: 1141:    template<class _InputIterator>
        -: 1142:    _LIBCPP_METHOD_TEMPLATE_IMPLICIT_INSTANTIATION_VIS
        -: 1143:    typename enable_if
        -: 1144:        <
        -: 1145:           __is_exactly_input_iterator<_InputIterator>::value
        -: 1146:                || !__libcpp_string_gets_noexcept_iterator<_InputIterator>::value,
        -: 1147:            iterator
        -: 1148:        >::type
        -: 1149:        insert(const_iterator __pos, _InputIterator __first, _InputIterator __last);
        -: 1150:    template<class _ForwardIterator>
        -: 1151:    _LIBCPP_METHOD_TEMPLATE_IMPLICIT_INSTANTIATION_VIS
        -: 1152:    typename enable_if
        -: 1153:        <
        -: 1154:            __is_forward_iterator<_ForwardIterator>::value
        -: 1155:                 && __libcpp_string_gets_noexcept_iterator<_ForwardIterator>::value,
        -: 1156:            iterator
        -: 1157:        >::type
        -: 1158:        insert(const_iterator __pos, _ForwardIterator __first, _ForwardIterator __last);
        -: 1159:#ifndef _LIBCPP_CXX03_LANG
        -: 1160:    _LIBCPP_INLINE_VISIBILITY
        -: 1161:    iterator insert(const_iterator __pos, initializer_list<value_type> __il)
        -: 1162:                    {return insert(__pos, __il.begin(), __il.end());}
        -: 1163:#endif  // _LIBCPP_CXX03_LANG
        -: 1164:
        -: 1165:    basic_string& erase(size_type __pos = 0, size_type __n = npos);
        -: 1166:    _LIBCPP_INLINE_VISIBILITY
        -: 1167:    iterator      erase(const_iterator __pos);
        -: 1168:    _LIBCPP_INLINE_VISIBILITY
        -: 1169:    iterator      erase(const_iterator __first, const_iterator __last);
        -: 1170:
        -: 1171:    _LIBCPP_INLINE_VISIBILITY
        -: 1172:    basic_string& replace(size_type __pos1, size_type __n1, const basic_string& __str);
        -: 1173:
        -: 1174:    template <class _Tp>
        -: 1175:    _LIBCPP_METHOD_TEMPLATE_IMPLICIT_INSTANTIATION_VIS
        -: 1176:    typename enable_if
        -: 1177:        <
        -: 1178:            __can_be_converted_to_string_view<_CharT, _Traits, _Tp>::value,
        -: 1179:            basic_string&
        -: 1180:        >::type
        -: 1181:                  replace(size_type __pos1, size_type __n1, const _Tp& __t) { __self_view __sv = __t; return replace(__pos1, __n1, __sv.data(), __sv.size()); }
        -: 1182:    basic_string& replace(size_type __pos1, size_type __n1, const basic_string& __str, size_type __pos2, size_type __n2=npos);
        -: 1183:    template <class _Tp>
        -: 1184:    _LIBCPP_METHOD_TEMPLATE_IMPLICIT_INSTANTIATION_VIS
        -: 1185:    typename enable_if
        -: 1186:        <
        -: 1187:            __can_be_converted_to_string_view<_CharT, _Traits, _Tp>::value,
        -: 1188:            basic_string&
        -: 1189:        >::type
        -: 1190:                  replace(size_type __pos1, size_type __n1, const _Tp& __t, size_type __pos2, size_type __n2=npos);
        -: 1191:    basic_string& replace(size_type __pos, size_type __n1, const value_type* __s, size_type __n2);
        -: 1192:    basic_string& replace(size_type __pos, size_type __n1, const value_type* __s);
        -: 1193:    basic_string& replace(size_type __pos, size_type __n1, size_type __n2, value_type __c);
        -: 1194:    _LIBCPP_INLINE_VISIBILITY
        -: 1195:    basic_string& replace(const_iterator __i1, const_iterator __i2, const basic_string& __str);
        -: 1196:
        -: 1197:    template <class _Tp>
        -: 1198:    _LIBCPP_METHOD_TEMPLATE_IMPLICIT_INSTANTIATION_VIS
        -: 1199:    typename enable_if
        -: 1200:        <
        -: 1201:            __can_be_converted_to_string_view<_CharT, _Traits, _Tp>::value,
        -: 1202:            basic_string&
        -: 1203:        >::type
        -: 1204:                  replace(const_iterator __i1, const_iterator __i2, const _Tp& __t) { __self_view __sv = __t; return replace(__i1 - begin(), __i2 - __i1, __sv); }
        -: 1205:
        -: 1206:    _LIBCPP_INLINE_VISIBILITY
        -: 1207:    basic_string& replace(const_iterator __i1, const_iterator __i2, const value_type* __s, size_type __n);
        -: 1208:    _LIBCPP_INLINE_VISIBILITY
        -: 1209:    basic_string& replace(const_iterator __i1, const_iterator __i2, const value_type* __s);
        -: 1210:    _LIBCPP_INLINE_VISIBILITY
        -: 1211:    basic_string& replace(const_iterator __i1, const_iterator __i2, size_type __n, value_type __c);
        -: 1212:    template<class _InputIterator>
        -: 1213:    _LIBCPP_METHOD_TEMPLATE_IMPLICIT_INSTANTIATION_VIS
        -: 1214:    typename enable_if
        -: 1215:        <
        -: 1216:            __is_input_iterator<_InputIterator>::value,
        -: 1217:            basic_string&
        -: 1218:        >::type
        -: 1219:        replace(const_iterator __i1, const_iterator __i2, _InputIterator __j1, _InputIterator __j2);
        -: 1220:#ifndef _LIBCPP_CXX03_LANG
        -: 1221:    _LIBCPP_INLINE_VISIBILITY
        -: 1222:    basic_string& replace(const_iterator __i1, const_iterator __i2, initializer_list<value_type> __il)
        -: 1223:        {return replace(__i1, __i2, __il.begin(), __il.end());}
        -: 1224:#endif  // _LIBCPP_CXX03_LANG
        -: 1225:
        -: 1226:    size_type copy(value_type* __s, size_type __n, size_type __pos = 0) const;
        -: 1227:    _LIBCPP_INLINE_VISIBILITY
        -: 1228:    basic_string substr(size_type __pos = 0, size_type __n = npos) const;
        -: 1229:
        -: 1230:    _LIBCPP_INLINE_VISIBILITY
        -: 1231:    void swap(basic_string& __str)
        -: 1232:#if _LIBCPP_STD_VER >= 14
        -: 1233:        _NOEXCEPT;
        -: 1234:#else
        -: 1235:        _NOEXCEPT_(!__alloc_traits::propagate_on_container_swap::value ||
        -: 1236:                    __is_nothrow_swappable<allocator_type>::value);
        -: 1237:#endif
        -: 1238:
        -: 1239:    _LIBCPP_INLINE_VISIBILITY
      159: 1240:    const value_type* c_str() const _NOEXCEPT {return data();}
      159: 1240-block  0
      159: 1240-block  1
        -: 1241:    _LIBCPP_INLINE_VISIBILITY
      183: 1242:    const value_type* data() const _NOEXCEPT  {return _VSTD::__to_raw_pointer(__get_pointer());}
      183: 1242-block  0
      183: 1242-block  1
        -: 1243:#if _LIBCPP_STD_VER > 14 || defined(_LIBCPP_BUILDING_LIBRARY)
        -: 1244:    _LIBCPP_INLINE_VISIBILITY
        -: 1245:    value_type* data()             _NOEXCEPT  {return _VSTD::__to_raw_pointer(__get_pointer());}
        -: 1246:#endif
        -: 1247:
        -: 1248:    _LIBCPP_INLINE_VISIBILITY
        -: 1249:    allocator_type get_allocator() const _NOEXCEPT {return __alloc();}
        -: 1250:
        -: 1251:    _LIBCPP_INLINE_VISIBILITY
        -: 1252:    size_type find(const basic_string& __str, size_type __pos = 0) const _NOEXCEPT;
        -: 1253:
        -: 1254:    template <class _Tp>
        -: 1255:    _LIBCPP_METHOD_TEMPLATE_IMPLICIT_INSTANTIATION_VIS
        -: 1256:    typename enable_if
        -: 1257:        <
        -: 1258:            __can_be_converted_to_string_view<_CharT, _Traits, _Tp>::value,
        -: 1259:            size_type
        -: 1260:        >::type
        -: 1261:              find(const _Tp& __t, size_type __pos = 0) const;
        -: 1262:    size_type find(const value_type* __s, size_type __pos, size_type __n) const _NOEXCEPT;
        -: 1263:    _LIBCPP_INLINE_VISIBILITY
        -: 1264:    size_type find(const value_type* __s, size_type __pos = 0) const _NOEXCEPT;
        -: 1265:    size_type find(value_type __c, size_type __pos = 0) const _NOEXCEPT;
        -: 1266:
        -: 1267:    _LIBCPP_INLINE_VISIBILITY
        -: 1268:    size_type rfind(const basic_string& __str, size_type __pos = npos) const _NOEXCEPT;
        -: 1269:
        -: 1270:    template <class _Tp>
        -: 1271:    _LIBCPP_METHOD_TEMPLATE_IMPLICIT_INSTANTIATION_VIS
        -: 1272:    typename enable_if
        -: 1273:        <
        -: 1274:            __can_be_converted_to_string_view<_CharT, _Traits, _Tp>::value,
        -: 1275:            size_type
        -: 1276:        >::type
        -: 1277:              rfind(const _Tp& __t, size_type __pos = npos) const;
        -: 1278:    size_type rfind(const value_type* __s, size_type __pos, size_type __n) const _NOEXCEPT;
        -: 1279:    _LIBCPP_INLINE_VISIBILITY
        -: 1280:    size_type rfind(const value_type* __s, size_type __pos = npos) const _NOEXCEPT;
        -: 1281:    size_type rfind(value_type __c, size_type __pos = npos) const _NOEXCEPT;
        -: 1282:
        -: 1283:    _LIBCPP_INLINE_VISIBILITY
        -: 1284:    size_type find_first_of(const basic_string& __str, size_type __pos = 0) const _NOEXCEPT;
        -: 1285:
        -: 1286:    template <class _Tp>
        -: 1287:    _LIBCPP_METHOD_TEMPLATE_IMPLICIT_INSTANTIATION_VIS
        -: 1288:    typename enable_if
        -: 1289:        <
        -: 1290:            __can_be_converted_to_string_view<_CharT, _Traits, _Tp>::value,
        -: 1291:            size_type
        -: 1292:        >::type
        -: 1293:              find_first_of(const _Tp& __t, size_type __pos = 0) const;
        -: 1294:    size_type find_first_of(const value_type* __s, size_type __pos, size_type __n) const _NOEXCEPT;
        -: 1295:    _LIBCPP_INLINE_VISIBILITY
        -: 1296:    size_type find_first_of(const value_type* __s, size_type __pos = 0) const _NOEXCEPT;
        -: 1297:    _LIBCPP_INLINE_VISIBILITY
        -: 1298:    size_type find_first_of(value_type __c, size_type __pos = 0) const _NOEXCEPT;
        -: 1299:
        -: 1300:    _LIBCPP_INLINE_VISIBILITY
        -: 1301:    size_type find_last_of(const basic_string& __str, size_type __pos = npos) const _NOEXCEPT;
        -: 1302:
        -: 1303:    template <class _Tp>
        -: 1304:    _LIBCPP_METHOD_TEMPLATE_IMPLICIT_INSTANTIATION_VIS
        -: 1305:    typename enable_if
        -: 1306:        <
        -: 1307:            __can_be_converted_to_string_view<_CharT, _Traits, _Tp>::value,
        -: 1308:            size_type
        -: 1309:        >::type
        -: 1310:              find_last_of(const _Tp& __t, size_type __pos = npos) const;
        -: 1311:    size_type find_last_of(const value_type* __s, size_type __pos, size_type __n) const _NOEXCEPT;
        -: 1312:    _LIBCPP_INLINE_VISIBILITY
        -: 1313:    size_type find_last_of(const value_type* __s, size_type __pos = npos) const _NOEXCEPT;
        -: 1314:    _LIBCPP_INLINE_VISIBILITY
        -: 1315:    size_type find_last_of(value_type __c, size_type __pos = npos) const _NOEXCEPT;
        -: 1316:
        -: 1317:    _LIBCPP_INLINE_VISIBILITY
        -: 1318:    size_type find_first_not_of(const basic_string& __str, size_type __pos = 0) const _NOEXCEPT;
        -: 1319:
        -: 1320:    template <class _Tp>
        -: 1321:    _LIBCPP_METHOD_TEMPLATE_IMPLICIT_INSTANTIATION_VIS
        -: 1322:    typename enable_if
        -: 1323:        <
        -: 1324:            __can_be_converted_to_string_view<_CharT, _Traits, _Tp>::value,
        -: 1325:            size_type
        -: 1326:        >::type
        -: 1327:              find_first_not_of(const _Tp &__t, size_type __pos = 0) const;
        -: 1328:    size_type find_first_not_of(const value_type* __s, size_type __pos, size_type __n) const _NOEXCEPT;
        -: 1329:    _LIBCPP_INLINE_VISIBILITY
        -: 1330:    size_type find_first_not_of(const value_type* __s, size_type __pos = 0) const _NOEXCEPT;
        -: 1331:    _LIBCPP_INLINE_VISIBILITY
        -: 1332:    size_type find_first_not_of(value_type __c, size_type __pos = 0) const _NOEXCEPT;
        -: 1333:
        -: 1334:    _LIBCPP_INLINE_VISIBILITY
        -: 1335:    size_type find_last_not_of(const basic_string& __str, size_type __pos = npos) const _NOEXCEPT;
        -: 1336:
        -: 1337:    template <class _Tp>
        -: 1338:    _LIBCPP_METHOD_TEMPLATE_IMPLICIT_INSTANTIATION_VIS
        -: 1339:    typename enable_if
        -: 1340:        <
        -: 1341:            __can_be_converted_to_string_view<_CharT, _Traits, _Tp>::value,
        -: 1342:            size_type
        -: 1343:        >::type
        -: 1344:              find_last_not_of(const _Tp& __t, size_type __pos = npos) const;
        -: 1345:    size_type find_last_not_of(const value_type* __s, size_type __pos, size_type __n) const _NOEXCEPT;
        -: 1346:    _LIBCPP_INLINE_VISIBILITY
        -: 1347:    size_type find_last_not_of(const value_type* __s, size_type __pos = npos) const _NOEXCEPT;
        -: 1348:    _LIBCPP_INLINE_VISIBILITY
        -: 1349:    size_type find_last_not_of(value_type __c, size_type __pos = npos) const _NOEXCEPT;
        -: 1350:
        -: 1351:    _LIBCPP_INLINE_VISIBILITY
        -: 1352:    int compare(const basic_string& __str) const _NOEXCEPT;
        -: 1353:
        -: 1354:    template <class _Tp>
        -: 1355:    _LIBCPP_METHOD_TEMPLATE_IMPLICIT_INSTANTIATION_VIS
        -: 1356:    typename enable_if
        -: 1357:        <
[...]
        -: 3988:           const _CharT* __rhs) _NOEXCEPT
        -: 3989:{
        -: 3990:    return !(__rhs < __lhs);
        -: 3991:}
        -: 3992:
        -: 3993:template<class _CharT, class _Traits, class _Allocator>
        -: 3994:inline _LIBCPP_INLINE_VISIBILITY
        -: 3995:bool
        -: 3996:operator<=(const _CharT* __lhs,
        -: 3997:           const basic_string<_CharT, _Traits, _Allocator>& __rhs) _NOEXCEPT
        -: 3998:{
        -: 3999:    return !(__rhs < __lhs);
        -: 4000:}
        -: 4001:
        -: 4002:// operator>=
        -: 4003:
        -: 4004:template<class _CharT, class _Traits, class _Allocator>
        -: 4005:inline _LIBCPP_INLINE_VISIBILITY
        -: 4006:bool
        -: 4007:operator>=(const basic_string<_CharT, _Traits, _Allocator>& __lhs,
        -: 4008:           const basic_string<_CharT, _Traits, _Allocator>& __rhs) _NOEXCEPT
        -: 4009:{
        -: 4010:    return !(__lhs < __rhs);
        -: 4011:}
        -: 4012:
        -: 4013:template<class _CharT, class _Traits, class _Allocator>
        -: 4014:inline _LIBCPP_INLINE_VISIBILITY
        -: 4015:bool
        -: 4016:operator>=(const basic_string<_CharT, _Traits, _Allocator>& __lhs,
        -: 4017:           const _CharT* __rhs) _NOEXCEPT
        -: 4018:{
        -: 4019:    return !(__lhs < __rhs);
        -: 4020:}
        -: 4021:
        -: 4022:template<class _CharT, class _Traits, class _Allocator>
        -: 4023:inline _LIBCPP_INLINE_VISIBILITY
        -: 4024:bool
        -: 4025:operator>=(const _CharT* __lhs,
        -: 4026:           const basic_string<_CharT, _Traits, _Allocator>& __rhs) _NOEXCEPT
        -: 4027:{
        -: 4028:    return !(__lhs < __rhs);
        -: 4029:}
        -: 4030:
        -: 4031:// operator +
        -: 4032:
        -: 4033:template<class _CharT, class _Traits, class _Allocator>
        -: 4034:basic_string<_CharT, _Traits, _Allocator>
        -: 4035:operator+(const basic_string<_CharT, _Traits, _Allocator>& __lhs,
        -: 4036:          const basic_string<_CharT, _Traits, _Allocator>& __rhs)
        -: 4037:{
        -: 4038:    basic_string<_CharT, _Traits, _Allocator> __r(__lhs.get_allocator());
        -: 4039:    typename basic_string<_CharT, _Traits, _Allocator>::size_type __lhs_sz = __lhs.size();
        -: 4040:    typename basic_string<_CharT, _Traits, _Allocator>::size_type __rhs_sz = __rhs.size();
        -: 4041:    __r.__init(__lhs.data(), __lhs_sz, __lhs_sz + __rhs_sz);
        -: 4042:    __r.append(__rhs.data(), __rhs_sz);
        -: 4043:    return __r;
        -: 4044:}
        -: 4045:
        -: 4046:template<class _CharT, class _Traits, class _Allocator>
        -: 4047:basic_string<_CharT, _Traits, _Allocator>
        -: 4048:operator+(const _CharT* __lhs , const basic_string<_CharT,_Traits,_Allocator>& __rhs)
        -: 4049:{
        -: 4050:    basic_string<_CharT, _Traits, _Allocator> __r(__rhs.get_allocator());
        -: 4051:    typename basic_string<_CharT, _Traits, _Allocator>::size_type __lhs_sz = _Traits::length(__lhs);
        -: 4052:    typename basic_string<_CharT, _Traits, _Allocator>::size_type __rhs_sz = __rhs.size();
        -: 4053:    __r.__init(__lhs, __lhs_sz, __lhs_sz + __rhs_sz);
        -: 4054:    __r.append(__rhs.data(), __rhs_sz);
        -: 4055:    return __r;
        -: 4056:}
        -: 4057:
        -: 4058:template<class _CharT, class _Traits, class _Allocator>
        -: 4059:basic_string<_CharT, _Traits, _Allocator>
        -: 4060:operator+(_CharT __lhs, const basic_string<_CharT,_Traits,_Allocator>& __rhs)
        -: 4061:{
        -: 4062:    basic_string<_CharT, _Traits, _Allocator> __r(__rhs.get_allocator());
        -: 4063:    typename basic_string<_CharT, _Traits, _Allocator>::size_type __rhs_sz = __rhs.size();
        -: 4064:    __r.__init(&__lhs, 1, 1 + __rhs_sz);
        -: 4065:    __r.append(__rhs.data(), __rhs_sz);
        -: 4066:    return __r;
        -: 4067:}
        -: 4068:
        -: 4069:template<class _CharT, class _Traits, class _Allocator>
        -: 4070:inline
        -: 4071:basic_string<_CharT, _Traits, _Allocator>
        -: 4072:operator+(const basic_string<_CharT, _Traits, _Allocator>& __lhs, const _CharT* __rhs)
        -: 4073:{
        -: 4074:    basic_string<_CharT, _Traits, _Allocator> __r(__lhs.get_allocator());
        -: 4075:    typename basic_string<_CharT, _Traits, _Allocator>::size_type __lhs_sz = __lhs.size();
        -: 4076:    typename basic_string<_CharT, _Traits, _Allocator>::size_type __rhs_sz = _Traits::length(__rhs);
        -: 4077:    __r.__init(__lhs.data(), __lhs_sz, __lhs_sz + __rhs_sz);
        -: 4078:    __r.append(__rhs, __rhs_sz);
        -: 4079:    return __r;
        -: 4080:}
        -: 4081:
        -: 4082:template<class _CharT, class _Traits, class _Allocator>
        -: 4083:basic_string<_CharT, _Traits, _Allocator>
        -: 4084:operator+(const basic_string<_CharT, _Traits, _Allocator>& __lhs, _CharT __rhs)
        -: 4085:{
        -: 4086:    basic_string<_CharT, _Traits, _Allocator> __r(__lhs.get_allocator());
        -: 4087:    typename basic_string<_CharT, _Traits, _Allocator>::size_type __lhs_sz = __lhs.size();
        -: 4088:    __r.__init(__lhs.data(), __lhs_sz, __lhs_sz + 1);
        -: 4089:    __r.push_back(__rhs);
        -: 4090:    return __r;
        -: 4091:}
        -: 4092:
        -: 4093:#ifndef _LIBCPP_CXX03_LANG
        -: 4094:
        -: 4095:template<class _CharT, class _Traits, class _Allocator>
        -: 4096:inline _LIBCPP_INLINE_VISIBILITY
        -: 4097:basic_string<_CharT, _Traits, _Allocator>
        -: 4098:operator+(basic_string<_CharT, _Traits, _Allocator>&& __lhs, const basic_string<_CharT, _Traits, _Allocator>& __rhs)
        -: 4099:{
        -: 4100:    return _VSTD::move(__lhs.append(__rhs));
        -: 4101:}
        -: 4102:
        -: 4103:template<class _CharT, class _Traits, class _Allocator>
        -: 4104:inline _LIBCPP_INLINE_VISIBILITY
        -: 4105:basic_string<_CharT, _Traits, _Allocator>
        -: 4106:operator+(const basic_string<_CharT, _Traits, _Allocator>& __lhs, basic_string<_CharT, _Traits, _Allocator>&& __rhs)
        -: 4107:{
        -: 4108:    return _VSTD::move(__rhs.insert(0, __lhs));
        -: 4109:}
        -: 4110:
        -: 4111:template<class _CharT, class _Traits, class _Allocator>
        -: 4112:inline _LIBCPP_INLINE_VISIBILITY
        -: 4113:basic_string<_CharT, _Traits, _Allocator>
        -: 4114:operator+(basic_string<_CharT, _Traits, _Allocator>&& __lhs, basic_string<_CharT, _Traits, _Allocator>&& __rhs)
        -: 4115:{
        -: 4116:    return _VSTD::move(__lhs.append(__rhs));
        -: 4117:}
        -: 4118:
        -: 4119:template<class _CharT, class _Traits, class _Allocator>
        -: 4120:inline _LIBCPP_INLINE_VISIBILITY
        -: 4121:basic_string<_CharT, _Traits, _Allocator>
        -: 4122:operator+(const _CharT* __lhs , basic_string<_CharT,_Traits,_Allocator>&& __rhs)
        -: 4123:{
        -: 4124:    return _VSTD::move(__rhs.insert(0, __lhs));
        -: 4125:}
        -: 4126:
        -: 4127:template<class _CharT, class _Traits, class _Allocator>
        -: 4128:inline _LIBCPP_INLINE_VISIBILITY
        -: 4129:basic_string<_CharT, _Traits, _Allocator>
        -: 4130:operator+(_CharT __lhs, basic_string<_CharT,_Traits,_Allocator>&& __rhs)
        -: 4131:{
        -: 4132:    __rhs.insert(__rhs.begin(), __lhs);
        -: 4133:    return _VSTD::move(__rhs);
        -: 4134:}
        -: 4135:
        -: 4136:template<class _CharT, class _Traits, class _Allocator>
        -: 4137:inline _LIBCPP_INLINE_VISIBILITY
        -: 4138:basic_string<_CharT, _Traits, _Allocator>
        -: 4139:operator+(basic_string<_CharT, _Traits, _Allocator>&& __lhs, const _CharT* __rhs)
        -: 4140:{
        -: 4141:    return _VSTD::move(__lhs.append(__rhs));
        -: 4142:}
        -: 4143:
        -: 4144:template<class _CharT, class _Traits, class _Allocator>
        -: 4145:inline _LIBCPP_INLINE_VISIBILITY
        -: 4146:basic_string<_CharT, _Traits, _Allocator>
        -: 4147:operator+(basic_string<_CharT, _Traits, _Allocator>&& __lhs, _CharT __rhs)
        -: 4148:{
        -: 4149:    __lhs.push_back(__rhs);
        -: 4150:    return _VSTD::move(__lhs);
        -: 4151:}
        -: 4152:
        -: 4153:#endif  // _LIBCPP_CXX03_LANG
        -: 4154:
        -: 4155:// swap
        -: 4156:
        -: 4157:template<class _CharT, class _Traits, class _Allocator>
        -: 4158:inline _LIBCPP_INLINE_VISIBILITY
        -: 4159:void
        -: 4160:swap(basic_string<_CharT, _Traits, _Allocator>& __lhs,
        -: 4161:     basic_string<_CharT, _Traits, _Allocator>& __rhs)
        -: 4162:     _NOEXCEPT_(_NOEXCEPT_(__lhs.swap(__rhs)))
        -: 4163:{
        -: 4164:    __lhs.swap(__rhs);
        -: 4165:}
        -: 4166:
        -: 4167:#ifndef _LIBCPP_NO_HAS_CHAR8_T
        -: 4168:typedef basic_string<char8_t> u8string;
        -: 4169:#endif
        -: 4170:
        -: 4171:#ifndef _LIBCPP_HAS_NO_UNICODE_CHARS
        -: 4172:typedef basic_string<char16_t> u16string;
        -: 4173:typedef basic_string<char32_t> u32string;
        -: 4174:#endif  // _LIBCPP_HAS_NO_UNICODE_CHARS
        -: 4175:
        -: 4176:_LIBCPP_FUNC_VIS int                stoi  (const string& __str, size_t* __idx = 0, int __base = 10);
        -: 4177:_LIBCPP_FUNC_VIS long               stol  (const string& __str, size_t* __idx = 0, int __base = 10);
        -: 4178:_LIBCPP_FUNC_VIS unsigned long      stoul (const string& __str, size_t* __idx = 0, int __base = 10);
        -: 4179:_LIBCPP_FUNC_VIS long long          stoll (const string& __str, size_t* __idx = 0, int __base = 10);
        -: 4180:_LIBCPP_FUNC_VIS unsigned long long stoull(const string& __str, size_t* __idx = 0, int __base = 10);
        -: 4181:
        -: 4182:_LIBCPP_FUNC_VIS float       stof (const string& __str, size_t* __idx = 0);
        -: 4183:_LIBCPP_FUNC_VIS double      stod (const string& __str, size_t* __idx = 0);
        -: 4184:_LIBCPP_FUNC_VIS long double stold(const string& __str, size_t* __idx = 0);
        -: 4185:
        -: 4186:_LIBCPP_FUNC_VIS string to_string(int __val);
        -: 4187:_LIBCPP_FUNC_VIS string to_string(unsigned __val);
        -: 4188:_LIBCPP_FUNC_VIS string to_string(long __val);
        -: 4189:_LIBCPP_FUNC_VIS string to_string(unsigned long __val);
        -: 4190:_LIBCPP_FUNC_VIS string to_string(long long __val);
        -: 4191:_LIBCPP_FUNC_VIS string to_string(unsigned long long __val);
        -: 4192:_LIBCPP_FUNC_VIS string to_string(float __val);
        -: 4193:_LIBCPP_FUNC_VIS string to_string(double __val);
        -: 4194:_LIBCPP_FUNC_VIS string to_string(long double __val);
        -: 4195:
        -: 4196:_LIBCPP_FUNC_VIS int                stoi  (const wstring& __str, size_t* __idx = 0, int __base = 10);
        -: 4197:_LIBCPP_FUNC_VIS long               stol  (const wstring& __str, size_t* __idx = 0, int __base = 10);
        -: 4198:_LIBCPP_FUNC_VIS unsigned long      stoul (const wstring& __str, size_t* __idx = 0, int __base = 10);
        -: 4199:_LIBCPP_FUNC_VIS long long          stoll (const wstring& __str, size_t* __idx = 0, int __base = 10);
        -: 4200:_LIBCPP_FUNC_VIS unsigned long long stoull(const wstring& __str, size_t* __idx = 0, int __base = 10);
        -: 4201:
        -: 4202:_LIBCPP_FUNC_VIS float       stof (const wstring& __str, size_t* __idx = 0);
        -: 4203:_LIBCPP_FUNC_VIS double      stod (const wstring& __str, size_t* __idx = 0);
        -: 4204:_LIBCPP_FUNC_VIS long double stold(const wstring& __str, size_t* __idx = 0);
        -: 4205:
        -: 4206:_LIBCPP_FUNC_VIS wstring to_wstring(int __val);
        -: 4207:_LIBCPP_FUNC_VIS wstring to_wstring(unsigned __val);
        -: 4208:_LIBCPP_FUNC_VIS wstring to_wstring(long __val);
        -: 4209:_LIBCPP_FUNC_VIS wstring to_wstring(unsigned long __val);
        -: 4210:_LIBCPP_FUNC_VIS wstring to_wstring(long long __val);
        -: 4211:_LIBCPP_FUNC_VIS wstring to_wstring(unsigned long long __val);
        -: 4212:_LIBCPP_FUNC_VIS wstring to_wstring(float __val);
        -: 4213:_LIBCPP_FUNC_VIS wstring to_wstring(double __val);
        -: 4214:_LIBCPP_FUNC_VIS wstring to_wstring(long double __val);
        -: 4215:
        -: 4216:template<class _CharT, class _Traits, class _Allocator>
        -: 4217:    const typename basic_string<_CharT, _Traits, _Allocator>::size_type
        -: 4218:                   basic_string<_CharT, _Traits, _Allocator>::npos;
        -: 4219:
        -: 4220:template <class _CharT, class _Allocator>
        -: 4221:struct _LIBCPP_TEMPLATE_VIS
        -: 4222:    hash<basic_string<_CharT, char_traits<_CharT>, _Allocator> >
        -: 4223:    : public unary_function<
        -: 4224:          basic_string<_CharT, char_traits<_CharT>, _Allocator>, size_t>
        -: 4225:{
        -: 4226:    size_t
        -: 4227:    operator()(const basic_string<_CharT, char_traits<_CharT>, _Allocator>& __val) const _NOEXCEPT
        -: 4228:    { return __do_string_hash(__val.data(), __val.data() + __val.size()); }
        -: 4229:};
        -: 4230:
        -: 4231:
        -: 4232:template<class _CharT, class _Traits, class _Allocator>
        -: 4233:basic_ostream<_CharT, _Traits>&
        -: 4234:operator<<(basic_ostream<_CharT, _Traits>& __os,
        -: 4235:           const basic_string<_CharT, _Traits, _Allocator>& __str);
        -: 4236:
        -: 4237:template<class _CharT, class _Traits, class _Allocator>
        -: 4238:basic_istream<_CharT, _Traits>&
        -: 4239:operator>>(basic_istream<_CharT, _Traits>& __is,
        -: 4240:           basic_string<_CharT, _Traits, _Allocator>& __str);
        -: 4241:
        -: 4242:template<class _CharT, class _Traits, class _Allocator>
        -: 4243:basic_istream<_CharT, _Traits>&
        -: 4244:getline(basic_istream<_CharT, _Traits>& __is,
        -: 4245:        basic_string<_CharT, _Traits, _Allocator>& __str, _CharT __dlm);
        -: 4246:
        -: 4247:template<class _CharT, class _Traits, class _Allocator>
        -: 4248:inline _LIBCPP_INLINE_VISIBILITY
        -: 4249:basic_istream<_CharT, _Traits>&
        -: 4250:getline(basic_istream<_CharT, _Traits>& __is,
        -: 4251:        basic_string<_CharT, _Traits, _Allocator>& __str);
        -: 4252:
        -: 4253:#ifndef _LIBCPP_CXX03_LANG
        -: 4254:
        -: 4255:template<class _CharT, class _Traits, class _Allocator>
        -: 4256:inline _LIBCPP_INLINE_VISIBILITY
        -: 4257:basic_istream<_CharT, _Traits>&
        -: 4258:getline(basic_istream<_CharT, _Traits>&& __is,
        -: 4259:        basic_string<_CharT, _Traits, _Allocator>& __str, _CharT __dlm);
        -: 4260:
        -: 4261:template<class _CharT, class _Traits, class _Allocator>
        -: 4262:inline _LIBCPP_INLINE_VISIBILITY
        -: 4263:basic_istream<_CharT, _Traits>&
        -: 4264:getline(basic_istream<_CharT, _Traits>&& __is,
        -: 4265:        basic_string<_CharT, _Traits, _Allocator>& __str);
        -: 4266:
        -: 4267:#endif  // _LIBCPP_CXX03_LANG
        -: 4268:
        -: 4269:#if _LIBCPP_STD_VER > 17
        -: 4270:template<class _CharT, class _Traits, class _Allocator, class _Up>
        -: 4271:inline _LIBCPP_INLINE_VISIBILITY
        -: 4272:void erase(basic_string<_CharT, _Traits, _Allocator>& __str, const _Up& __v)
        -: 4273:{ __str.erase(_VSTD::remove(__str.begin(), __str.end(), __v), __str.end()); }
        -: 4274:
        -: 4275:template<class _CharT, class _Traits, class _Allocator, class _Predicate>
        -: 4276:inline _LIBCPP_INLINE_VISIBILITY
        -: 4277:void erase_if(basic_string<_CharT, _Traits, _Allocator>& __str, _Predicate __pred)
        -: 4278:{ __str.erase(_VSTD::remove_if(__str.begin(), __str.end(), __pred), __str.end()); }
        -: 4279:#endif
        -: 4280:
        -: 4281:#if _LIBCPP_DEBUG_LEVEL >= 2
        -: 4282:
        -: 4283:template<class _CharT, class _Traits, class _Allocator>
        -: 4284:bool
        -: 4285:basic_string<_CharT, _Traits, _Allocator>::__dereferenceable(const const_iterator* __i) const
        -: 4286:{
        -: 4287:    return this->data() <= _VSTD::__to_raw_pointer(__i->base()) &&
        -: 4288:           _VSTD::__to_raw_pointer(__i->base()) < this->data() + this->size();
        -: 4289:}
        -: 4290:
        -: 4291:template<class _CharT, class _Traits, class _Allocator>
        -: 4292:bool
        -: 4293:basic_string<_CharT, _Traits, _Allocator>::__decrementable(const const_iterator* __i) const
        -: 4294:{
        -: 4295:    return this->data() < _VSTD::__to_raw_pointer(__i->base()) &&
        -: 4296:           _VSTD::__to_raw_pointer(__i->base()) <= this->data() + this->size();
        -: 4297:}
        -: 4298:
        -: 4299:template<class _CharT, class _Traits, class _Allocator>
        -: 4300:bool
        -: 4301:basic_string<_CharT, _Traits, _Allocator>::__addable(const const_iterator* __i, ptrdiff_t __n) const
        -: 4302:{
        -: 4303:    const value_type* __p = _VSTD::__to_raw_pointer(__i->base()) + __n;
        -: 4304:    return this->data() <= __p && __p <= this->data() + this->size();
        -: 4305:}
        -: 4306:
        -: 4307:template<class _CharT, class _Traits, class _Allocator>
        -: 4308:bool
        -: 4309:basic_string<_CharT, _Traits, _Allocator>::__subscriptable(const const_iterator* __i, ptrdiff_t __n) const
        -: 4310:{
        -: 4311:    const value_type* __p = _VSTD::__to_raw_pointer(__i->base()) + __n;
        -: 4312:    return this->data() <= __p && __p < this->data() + this->size();
        -: 4313:}
        -: 4314:
        -: 4315:#endif  // _LIBCPP_DEBUG_LEVEL >= 2
        -: 4316:
        -: 4317:_LIBCPP_EXTERN_TEMPLATE(class _LIBCPP_EXTERN_TEMPLATE_TYPE_VIS basic_string<char>)
        -: 4318:_LIBCPP_EXTERN_TEMPLATE(class _LIBCPP_EXTERN_TEMPLATE_TYPE_VIS basic_string<wchar_t>)
        -: 4319:
        -: 4320:#if _LIBCPP_STD_VER > 11
        -: 4321:// Literal suffixes for basic_string [basic.string.literals]
        -: 4322:inline namespace literals
        -: 4323:{
        -: 4324:  inline namespace string_literals
        -: 4325:  {
        -: 4326:    inline _LIBCPP_INLINE_VISIBILITY
        -: 4327:    basic_string<char> operator "" s( const char *__str, size_t __len )
        -: 4328:    {
        -: 4329:        return basic_string<char> (__str, __len);
        -: 4330:    }
        -: 4331:
        -: 4332:    inline _LIBCPP_INLINE_VISIBILITY
        -: 4333:    basic_string<wchar_t> operator "" s( const wchar_t *__str, size_t __len )
        -: 4334:    {
        -: 4335:        return basic_string<wchar_t> (__str, __len);
        -: 4336:    }
        -: 4337:
        -: 4338:#ifndef _LIBCPP_NO_HAS_CHAR8_T
        -: 4339:    inline _LIBCPP_INLINE_VISIBILITY
        -: 4340:    basic_string<char8_t> operator "" s(const char8_t *__str, size_t __len) _NOEXCEPT
        -: 4341:    {
        -: 4342:        return basic_string<char8_t> (__str, __len);
        -: 4343:    }
        -: 4344:#endif
        -: 4345:
        -: 4346:    inline _LIBCPP_INLINE_VISIBILITY
        -: 4347:    basic_string<char16_t> operator "" s( const char16_t *__str, size_t __len )
        -: 4348:    {
        -: 4349:        return basic_string<char16_t> (__str, __len);
        -: 4350:    }
        -: 4351:
        -: 4352:    inline _LIBCPP_INLINE_VISIBILITY
        -: 4353:    basic_string<char32_t> operator "" s( const char32_t *__str, size_t __len )
        -: 4354:    {
        -: 4355:        return basic_string<char32_t> (__str, __len);
        -: 4356:    }
        -: 4357:  }
        -: 4358:}
        -: 4359:#endif
        -: 4360:
        -: 4361:_LIBCPP_END_NAMESPACE_STD
        -: 4362:
        -: 4363:_LIBCPP_POP_MACROS
        -: 4364:
        -: 4365:#endif  // _LIBCPP_STRING
