        -:    0:Source:/Users/paulcolta/Desktop/GitHub/Assignments_FP/Semester 2/OOP/Lab_5(6)/lab8/lab8/./UserService.h
        -:    0:Graph:/Users/paulcolta/Desktop/GitHub/Assignments_FP/Semester 2/OOP/Lab_5(6)/lab8/lab8/cmake-build-debug/CMakeFiles/lab8.dir/Tests.gcno
        -:    0:Data:/Users/paulcolta/Desktop/GitHub/Assignments_FP/Semester 2/OOP/Lab_5(6)/lab8/lab8/cmake-build-debug/CMakeFiles/lab8.dir/Tests.gcda
        -:    0:Runs:1
        -:    0:Programs:1
        -:    1:#pragma once
        -:    2:#include "FileRepository.h"
        -:    3:
       24:    4:class UserService
       12:    4-block  0
       12:    4-block  1
       12:    4-block  2
       12:    4-block  3
        -:    5:{
        -:    6:private:
        -:    7:    FileRepository& repository;
        -:    8:    std::vector<Movie> currentMoviesByGenre;
        -:    9:    int currentMoviePosition;
        -:   10:
        -:   11:
        -:   12:
        -:   13:public:
        -:   14:    UserService(FileRepository& repository, int currentMoviePosition = 0);
        -:   15:    std::vector<Movie> userGetMovieList();
        -:   16:    std::vector<Movie> userGetWatchList();
        -:   17:    int listMoviesByGenre(const std::string& genreGiven);
        -:   18:    int addMovieToWatchList();
        -:   19:    int addMovieToWatchListByTitle(const std::string& titleOfTheMovieToAdd);
        -:   20:    void goToNextMovieByGenre();
        -:   21:    Movie getCurrentMovie();
        -:   22:    int getWatchListLength();
        -:   23:
        -:   24:};
