        -:    0:Source:/Applications/Xcode.app/Contents/Developer/Toolchains/XcodeDefault.xctoolchain/usr/bin/../include/c++/v1/type_traits
        -:    0:Graph:/Users/paulcolta/Desktop/GitHub/Assignments_FP/Semester 2/OOP/Lab_5(6)/lab8/lab8/cmake-build-debug/CMakeFiles/lab8.dir/UI.gcno
        -:    0:Data:/Users/paulcolta/Desktop/GitHub/Assignments_FP/Semester 2/OOP/Lab_5(6)/lab8/lab8/cmake-build-debug/CMakeFiles/lab8.dir/UI.gcda
        -:    0:Runs:1
        -:    0:Programs:1
        -:    1:// -*- C++ -*-
        -:    2://===------------------------ type_traits ---------------------------------===//
        -:    3://
        -:    4:// Part of the LLVM Project, under the Apache License v2.0 with LLVM Exceptions.
        -:    5:// See https://llvm.org/LICENSE.txt for license information.
        -:    6:// SPDX-License-Identifier: Apache-2.0 WITH LLVM-exception
        -:    7://
        -:    8://===----------------------------------------------------------------------===//
        -:    9:
        -:   10:#ifndef _LIBCPP_TYPE_TRAITS
        -:   11:#define _LIBCPP_TYPE_TRAITS
        -:   12:
        -:   13:/*
        -:   14:    type_traits synopsis
        -:   15:
        -:   16:namespace std
        -:   17:{
        -:   18:
        -:   19:    // helper class:
        -:   20:    template <class T, T v> struct integral_constant;
        -:   21:    typedef integral_constant<bool, true>  true_type;   // C++11
        -:   22:    typedef integral_constant<bool, false> false_type;  // C++11
        -:   23:
        -:   24:    template <bool B>                                   // C++14
        -:   25:    using bool_constant = integral_constant<bool, B>;   // C++14
        -:   26:    typedef bool_constant<true> true_type;              // C++14
        -:   27:    typedef bool_constant<false> false_type;            // C++14
        -:   28:
        -:   29:    // helper traits
        -:   30:    template <bool, class T = void> struct enable_if;
        -:   31:    template <bool, class T, class F> struct conditional;
        -:   32:
        -:   33:    // Primary classification traits:
        -:   34:    template <class T> struct is_void;
        -:   35:    template <class T> struct is_null_pointer;  // C++14
        -:   36:    template <class T> struct is_integral;
        -:   37:    template <class T> struct is_floating_point;
        -:   38:    template <class T> struct is_array;
        -:   39:    template <class T> struct is_pointer;
        -:   40:    template <class T> struct is_lvalue_reference;
        -:   41:    template <class T> struct is_rvalue_reference;
        -:   42:    template <class T> struct is_member_object_pointer;
        -:   43:    template <class T> struct is_member_function_pointer;
        -:   44:    template <class T> struct is_enum;
        -:   45:    template <class T> struct is_union;
        -:   46:    template <class T> struct is_class;
        -:   47:    template <class T> struct is_function;
        -:   48:
        -:   49:    // Secondary classification traits:
        -:   50:    template <class T> struct is_reference;
        -:   51:    template <class T> struct is_arithmetic;
        -:   52:    template <class T> struct is_fundamental;
        -:   53:    template <class T> struct is_member_pointer;
        -:   54:    template <class T> struct is_scalar;
        -:   55:    template <class T> struct is_object;
        -:   56:    template <class T> struct is_compound;
        -:   57:
        -:   58:    // Const-volatile properties and transformations:
        -:   59:    template <class T> struct is_const;
        -:   60:    template <class T> struct is_volatile;
        -:   61:    template <class T> struct remove_const;
        -:   62:    template <class T> struct remove_volatile;
        -:   63:    template <class T> struct remove_cv;
        -:   64:    template <class T> struct add_const;
        -:   65:    template <class T> struct add_volatile;
        -:   66:    template <class T> struct add_cv;
        -:   67:
        -:   68:    // Reference transformations:
        -:   69:    template <class T> struct remove_reference;
        -:   70:    template <class T> struct add_lvalue_reference;
        -:   71:    template <class T> struct add_rvalue_reference;
        -:   72:
        -:   73:    // Pointer transformations:
        -:   74:    template <class T> struct remove_pointer;
        -:   75:    template <class T> struct add_pointer;
        -:   76:
        -:   77:    template<class T> struct type_identity;                     // C++20
        -:   78:    template<class T>
        -:   79:      using type_identity_t = typename type_identity<T>::type;  // C++20
        -:   80:
        -:   81:    // Integral properties:
        -:   82:    template <class T> struct is_signed;
        -:   83:    template <class T> struct is_unsigned;
        -:   84:    template <class T> struct make_signed;
        -:   85:    template <class T> struct make_unsigned;
        -:   86:
        -:   87:    // Array properties and transformations:
        -:   88:    template <class T> struct rank;
        -:   89:    template <class T, unsigned I = 0> struct extent;
        -:   90:    template <class T> struct remove_extent;
        -:   91:    template <class T> struct remove_all_extents;
        -:   92:
        -:   93:    template <class T> struct is_bounded_array;                 // C++20
        -:   94:    template <class T> struct is_unbounded_array;               // C++20
        -:   95:
        -:   96:    // Member introspection:
        -:   97:    template <class T> struct is_pod;
        -:   98:    template <class T> struct is_trivial;
        -:   99:    template <class T> struct is_trivially_copyable;
        -:  100:    template <class T> struct is_standard_layout;
        -:  101:    template <class T> struct is_literal_type;
        -:  102:    template <class T> struct is_empty;
        -:  103:    template <class T> struct is_polymorphic;
        -:  104:    template <class T> struct is_abstract;
        -:  105:    template <class T> struct is_final; // C++14
        -:  106:    template <class T> struct is_aggregate; // C++17
        -:  107:
        -:  108:    template <class T, class... Args> struct is_constructible;
        -:  109:    template <class T>                struct is_default_constructible;
        -:  110:    template <class T>                struct is_copy_constructible;
        -:  111:    template <class T>                struct is_move_constructible;
        -:  112:    template <class T, class U>       struct is_assignable;
        -:  113:    template <class T>                struct is_copy_assignable;
        -:  114:    template <class T>                struct is_move_assignable;
        -:  115:    template <class T, class U>       struct is_swappable_with;       // C++17
        -:  116:    template <class T>                struct is_swappable;            // C++17
        -:  117:    template <class T>                struct is_destructible;
        -:  118:
        -:  119:    template <class T, class... Args> struct is_trivially_constructible;
        -:  120:    template <class T>                struct is_trivially_default_constructible;
        -:  121:    template <class T>                struct is_trivially_copy_constructible;
        -:  122:    template <class T>                struct is_trivially_move_constructible;
        -:  123:    template <class T, class U>       struct is_trivially_assignable;
        -:  124:    template <class T>                struct is_trivially_copy_assignable;
        -:  125:    template <class T>                struct is_trivially_move_assignable;
        -:  126:    template <class T>                struct is_trivially_destructible;
        -:  127:
        -:  128:    template <class T, class... Args> struct is_nothrow_constructible;
        -:  129:    template <class T>                struct is_nothrow_default_constructible;
        -:  130:    template <class T>                struct is_nothrow_copy_constructible;
        -:  131:    template <class T>                struct is_nothrow_move_constructible;
        -:  132:    template <class T, class U>       struct is_nothrow_assignable;
        -:  133:    template <class T>                struct is_nothrow_copy_assignable;
        -:  134:    template <class T>                struct is_nothrow_move_assignable;
        -:  135:    template <class T, class U>       struct is_nothrow_swappable_with; // C++17
        -:  136:    template <class T>                struct is_nothrow_swappable;      // C++17
        -:  137:    template <class T>                struct is_nothrow_destructible;
        -:  138:
        -:  139:    template <class T> struct has_virtual_destructor;
        -:  140:
        -:  141:    template<class T> struct has_unique_object_representations;         // C++17
        -:  142:
        -:  143:    // Relationships between types:
        -:  144:    template <class T, class U> struct is_same;
        -:  145:    template <class Base, class Derived> struct is_base_of;
        -:  146:
        -:  147:    template <class From, class To> struct is_convertible;
        -:  148:    template <typename From, typename To> struct is_nothrow_convertible;                  // C++20
        -:  149:    template <typename From, typename To> inline constexpr bool is_nothrow_convertible_v; // C++20
        -:  150:
        -:  151:    template <class Fn, class... ArgTypes> struct is_invocable;
        -:  152:    template <class R, class Fn, class... ArgTypes> struct is_invocable_r;
        -:  153:
        -:  154:    template <class Fn, class... ArgTypes> struct is_nothrow_invocable;
        -:  155:    template <class R, class Fn, class... ArgTypes> struct is_nothrow_invocable_r;
        -:  156:
        -:  157:    // Alignment properties and transformations:
        -:  158:    template <class T> struct alignment_of;
        -:  159:    template <size_t Len, size_t Align = most_stringent_alignment_requirement>
        -:  160:        struct aligned_storage;
        -:  161:    template <size_t Len, class... Types> struct aligned_union;
        -:  162:    template <class T> struct remove_cvref; // C++20
        -:  163:
        -:  164:    template <class T> struct decay;
        -:  165:    template <class... T> struct common_type;
        -:  166:    template <class T> struct underlying_type;
        -:  167:    template <class> class result_of; // undefined
        -:  168:    template <class Fn, class... ArgTypes> class result_of<Fn(ArgTypes...)>;
        -:  169:    template <class Fn, class... ArgTypes> struct invoke_result;  // C++17
        -:  170:
        -:  171:    // const-volatile modifications:
        -:  172:    template <class T>
        -:  173:      using remove_const_t    = typename remove_const<T>::type;  // C++14
        -:  174:    template <class T>
        -:  175:      using remove_volatile_t = typename remove_volatile<T>::type;  // C++14
        -:  176:    template <class T>
        -:  177:      using remove_cv_t       = typename remove_cv<T>::type;  // C++14
        -:  178:    template <class T>
        -:  179:      using add_const_t       = typename add_const<T>::type;  // C++14
        -:  180:    template <class T>
        -:  181:      using add_volatile_t    = typename add_volatile<T>::type;  // C++14
        -:  182:    template <class T>
        -:  183:      using add_cv_t          = typename add_cv<T>::type;  // C++14
        -:  184:
        -:  185:    // reference modifications:
        -:  186:    template <class T>
        -:  187:      using remove_reference_t     = typename remove_reference<T>::type;  // C++14
        -:  188:    template <class T>
        -:  189:      using add_lvalue_reference_t = typename add_lvalue_reference<T>::type;  // C++14
        -:  190:    template <class T>
        -:  191:      using add_rvalue_reference_t = typename add_rvalue_reference<T>::type;  // C++14
        -:  192:
        -:  193:    // sign modifications:
        -:  194:    template <class T>
        -:  195:      using make_signed_t   = typename make_signed<T>::type;  // C++14
        -:  196:    template <class T>
        -:  197:      using make_unsigned_t = typename make_unsigned<T>::type;  // C++14
        -:  198:
        -:  199:    // array modifications:
        -:  200:    template <class T>
        -:  201:      using remove_extent_t      = typename remove_extent<T>::type;  // C++14
        -:  202:    template <class T>
        -:  203:      using remove_all_extents_t = typename remove_all_extents<T>::type;  // C++14
        -:  204:
        -:  205:    template <class T>
        -:  206:      inline constexpr bool is_bounded_array_v
        -:  207:        = is_bounded_array<T>::value;                                     // C++20
        -:  208:      inline constexpr bool is_unbounded_array_v
        -:  209:        = is_unbounded_array<T>::value;                                   // C++20
        -:  210:
        -:  211:    // pointer modifications:
        -:  212:    template <class T>
        -:  213:      using remove_pointer_t = typename remove_pointer<T>::type;  // C++14
        -:  214:    template <class T>
        -:  215:      using add_pointer_t    = typename add_pointer<T>::type;  // C++14
        -:  216:
        -:  217:    // other transformations:
        -:  218:    template <size_t Len, std::size_t Align=default-alignment>
        -:  219:      using aligned_storage_t = typename aligned_storage<Len,Align>::type;  // C++14
        -:  220:    template <std::size_t Len, class... Types>
        -:  221:      using aligned_union_t   = typename aligned_union<Len,Types...>::type;  // C++14
        -:  222:    template <class T>
        -:  223:      using remove_cvref_t    = typename remove_cvref<T>::type;  // C++20
        -:  224:    template <class T>
        -:  225:      using decay_t           = typename decay<T>::type;  // C++14
        -:  226:    template <bool b, class T=void>
        -:  227:      using enable_if_t       = typename enable_if<b,T>::type;  // C++14
        -:  228:    template <bool b, class T, class F>
        -:  229:      using conditional_t     = typename conditional<b,T,F>::type;  // C++14
        -:  230:    template <class... T>
        -:  231:      using common_type_t     = typename common_type<T...>::type;  // C++14
        -:  232:    template <class T>
        -:  233:      using underlying_type_t = typename underlying_type<T>::type;  // C++14
        -:  234:    template <class T>
        -:  235:      using result_of_t       = typename result_of<T>::type;  // C++14
        -:  236:    template <class Fn, class... ArgTypes>
        -:  237:      using invoke_result_t   = typename invoke_result<Fn, ArgTypes...>::type;  // C++17
        -:  238:
        -:  239:    template <class...>
        -:  240:      using void_t = void;   // C++17
        -:  241:
        -:  242:      // See C++14 20.10.4.1, primary type categories
        -:  243:      template <class T> inline constexpr bool is_void_v
        -:  244:        = is_void<T>::value;                                             // C++17
        -:  245:      template <class T> inline constexpr bool is_null_pointer_v
        -:  246:        = is_null_pointer<T>::value;                                     // C++17
        -:  247:      template <class T> inline constexpr bool is_integral_v
        -:  248:        = is_integral<T>::value;                                         // C++17
        -:  249:      template <class T> inline constexpr bool is_floating_point_v
        -:  250:        = is_floating_point<T>::value;                                   // C++17
        -:  251:      template <class T> inline constexpr bool is_array_v
        -:  252:        = is_array<T>::value;                                            // C++17
        -:  253:      template <class T> inline constexpr bool is_pointer_v
        -:  254:        = is_pointer<T>::value;                                          // C++17
        -:  255:      template <class T> inline constexpr bool is_lvalue_reference_v
        -:  256:        = is_lvalue_reference<T>::value;                                 // C++17
        -:  257:      template <class T> inline constexpr bool is_rvalue_reference_v
        -:  258:        = is_rvalue_reference<T>::value;                                 // C++17
        -:  259:      template <class T> inline constexpr bool is_member_object_pointer_v
        -:  260:        = is_member_object_pointer<T>::value;                            // C++17
        -:  261:      template <class T> inline constexpr bool is_member_function_pointer_v
        -:  262:        = is_member_function_pointer<T>::value;                          // C++17
        -:  263:      template <class T> inline constexpr bool is_enum_v
        -:  264:        = is_enum<T>::value;                                             // C++17
        -:  265:      template <class T> inline constexpr bool is_union_v
        -:  266:        = is_union<T>::value;                                            // C++17
        -:  267:      template <class T> inline constexpr bool is_class_v
        -:  268:        = is_class<T>::value;                                            // C++17
        -:  269:      template <class T> inline constexpr bool is_function_v
        -:  270:        = is_function<T>::value;                                         // C++17
        -:  271:
        -:  272:      // See C++14 20.10.4.2, composite type categories
        -:  273:      template <class T> inline constexpr bool is_reference_v
        -:  274:        = is_reference<T>::value;                                        // C++17
        -:  275:      template <class T> inline constexpr bool is_arithmetic_v
        -:  276:        = is_arithmetic<T>::value;                                       // C++17
        -:  277:      template <class T> inline constexpr bool is_fundamental_v
        -:  278:        = is_fundamental<T>::value;                                      // C++17
        -:  279:      template <class T> inline constexpr bool is_object_v
        -:  280:        = is_object<T>::value;                                           // C++17
        -:  281:      template <class T> inline constexpr bool is_scalar_v
        -:  282:        = is_scalar<T>::value;                                           // C++17
        -:  283:      template <class T> inline constexpr bool is_compound_v
        -:  284:        = is_compound<T>::value;                                         // C++17
        -:  285:      template <class T> inline constexpr bool is_member_pointer_v
        -:  286:        = is_member_pointer<T>::value;                                   // C++17
        -:  287:
        -:  288:      // See C++14 20.10.4.3, type properties
        -:  289:      template <class T> inline constexpr bool is_const_v
        -:  290:        = is_const<T>::value;                                            // C++17
        -:  291:      template <class T> inline constexpr bool is_volatile_v
        -:  292:        = is_volatile<T>::value;                                         // C++17
        -:  293:      template <class T> inline constexpr bool is_trivial_v
        -:  294:        = is_trivial<T>::value;                                          // C++17
        -:  295:      template <class T> inline constexpr bool is_trivially_copyable_v
        -:  296:        = is_trivially_copyable<T>::value;                               // C++17
        -:  297:      template <class T> inline constexpr bool is_standard_layout_v
        -:  298:        = is_standard_layout<T>::value;                                  // C++17
        -:  299:      template <class T> inline constexpr bool is_pod_v
        -:  300:        = is_pod<T>::value;                                              // C++17
        -:  301:      template <class T> inline constexpr bool is_literal_type_v
        -:  302:        = is_literal_type<T>::value;                                     // C++17
        -:  303:      template <class T> inline constexpr bool is_empty_v
        -:  304:        = is_empty<T>::value;                                            // C++17
        -:  305:      template <class T> inline constexpr bool is_polymorphic_v
        -:  306:        = is_polymorphic<T>::value;                                      // C++17
        -:  307:      template <class T> inline constexpr bool is_abstract_v
        -:  308:        = is_abstract<T>::value;                                         // C++17
        -:  309:      template <class T> inline constexpr bool is_final_v
        -:  310:        = is_final<T>::value;                                            // C++17
        -:  311:      template <class T> inline constexpr bool is_aggregate_v
        -:  312:        = is_aggregate<T>::value;                                        // C++17
        -:  313:      template <class T> inline constexpr bool is_signed_v
        -:  314:        = is_signed<T>::value;                                           // C++17
        -:  315:      template <class T> inline constexpr bool is_unsigned_v
        -:  316:        = is_unsigned<T>::value;                                         // C++17
        -:  317:      template <class T, class... Args> inline constexpr bool is_constructible_v
        -:  318:        = is_constructible<T, Args...>::value;                           // C++17
        -:  319:      template <class T> inline constexpr bool is_default_constructible_v
        -:  320:        = is_default_constructible<T>::value;                            // C++17
        -:  321:      template <class T> inline constexpr bool is_copy_constructible_v
        -:  322:        = is_copy_constructible<T>::value;                               // C++17
        -:  323:      template <class T> inline constexpr bool is_move_constructible_v
        -:  324:        = is_move_constructible<T>::value;                               // C++17
        -:  325:      template <class T, class U> inline constexpr bool is_assignable_v
        -:  326:        = is_assignable<T, U>::value;                                    // C++17
        -:  327:      template <class T> inline constexpr bool is_copy_assignable_v
        -:  328:        = is_copy_assignable<T>::value;                                  // C++17
        -:  329:      template <class T> inline constexpr bool is_move_assignable_v
        -:  330:        = is_move_assignable<T>::value;                                  // C++17
        -:  331:      template <class T, class U> inline constexpr bool is_swappable_with_v
        -:  332:        = is_swappable_with<T, U>::value;                                // C++17
        -:  333:      template <class T> inline constexpr bool is_swappable_v
        -:  334:        = is_swappable<T>::value;                                        // C++17
        -:  335:      template <class T> inline constexpr bool is_destructible_v
        -:  336:        = is_destructible<T>::value;                                     // C++17
        -:  337:      template <class T, class... Args> inline constexpr bool is_trivially_constructible_v
        -:  338:        = is_trivially_constructible<T, Args...>::value;                 // C++17
        -:  339:      template <class T> inline constexpr bool is_trivially_default_constructible_v
        -:  340:        = is_trivially_default_constructible<T>::value;                  // C++17
        -:  341:      template <class T> inline constexpr bool is_trivially_copy_constructible_v
        -:  342:        = is_trivially_copy_constructible<T>::value;                     // C++17
        -:  343:      template <class T> inline constexpr bool is_trivially_move_constructible_v
        -:  344:        = is_trivially_move_constructible<T>::value;                     // C++17
        -:  345:      template <class T, class U> inline constexpr bool is_trivially_assignable_v
        -:  346:        = is_trivially_assignable<T, U>::value;                          // C++17
        -:  347:      template <class T> inline constexpr bool is_trivially_copy_assignable_v
        -:  348:        = is_trivially_copy_assignable<T>::value;                        // C++17
        -:  349:      template <class T> inline constexpr bool is_trivially_move_assignable_v
        -:  350:        = is_trivially_move_assignable<T>::value;                        // C++17
        -:  351:      template <class T> inline constexpr bool is_trivially_destructible_v
        -:  352:        = is_trivially_destructible<T>::value;                           // C++17
        -:  353:      template <class T, class... Args> inline constexpr bool is_nothrow_constructible_v
        -:  354:        = is_nothrow_constructible<T, Args...>::value;                   // C++17
        -:  355:      template <class T> inline constexpr bool is_nothrow_default_constructible_v
        -:  356:        = is_nothrow_default_constructible<T>::value;                    // C++17
        -:  357:      template <class T> inline constexpr bool is_nothrow_copy_constructible_v
        -:  358:        = is_nothrow_copy_constructible<T>::value;                       // C++17
        -:  359:      template <class T> inline constexpr bool is_nothrow_move_constructible_v
        -:  360:        = is_nothrow_move_constructible<T>::value;                       // C++17
        -:  361:      template <class T, class U> inline constexpr bool is_nothrow_assignable_v
        -:  362:        = is_nothrow_assignable<T, U>::value;                            // C++17
        -:  363:      template <class T> inline constexpr bool is_nothrow_copy_assignable_v
        -:  364:        = is_nothrow_copy_assignable<T>::value;                          // C++17
        -:  365:      template <class T> inline constexpr bool is_nothrow_move_assignable_v
        -:  366:        = is_nothrow_move_assignable<T>::value;                          // C++17
        -:  367:      template <class T, class U> inline constexpr bool is_nothrow_swappable_with_v
        -:  368:        = is_nothrow_swappable_with<T, U>::value;                       // C++17
        -:  369:      template <class T> inline constexpr bool is_nothrow_swappable_v
        -:  370:        = is_nothrow_swappable<T>::value;                               // C++17
        -:  371:      template <class T> inline constexpr bool is_nothrow_destructible_v
        -:  372:        = is_nothrow_destructible<T>::value;                             // C++17
        -:  373:      template <class T> inline constexpr bool has_virtual_destructor_v
        -:  374:        = has_virtual_destructor<T>::value;                              // C++17
        -:  375:      template<class T> inline constexpr bool has_unique_object_representations_v // C++17
        -:  376:        = has_unique_object_representations<T>::value;
        -:  377:
        -:  378:      // See C++14 20.10.5, type property queries
        -:  379:      template <class T> inline constexpr size_t alignment_of_v
        -:  380:        = alignment_of<T>::value;                                        // C++17
        -:  381:      template <class T> inline constexpr size_t rank_v
        -:  382:        = rank<T>::value;                                                // C++17
        -:  383:      template <class T, unsigned I = 0> inline constexpr size_t extent_v
        -:  384:        = extent<T, I>::value;                                           // C++17
        -:  385:
        -:  386:      // See C++14 20.10.6, type relations
        -:  387:      template <class T, class U> inline constexpr bool is_same_v
        -:  388:        = is_same<T, U>::value;                                          // C++17
        -:  389:      template <class Base, class Derived> inline constexpr bool is_base_of_v
        -:  390:        = is_base_of<Base, Derived>::value;                              // C++17
        -:  391:      template <class From, class To> inline constexpr bool is_convertible_v
        -:  392:        = is_convertible<From, To>::value;                               // C++17
        -:  393:      template <class Fn, class... ArgTypes> inline constexpr bool is_invocable_v
        -:  394:        = is_invocable<Fn, ArgTypes...>::value;                          // C++17
        -:  395:      template <class R, class Fn, class... ArgTypes> inline constexpr bool is_invocable_r_v
        -:  396:        = is_invocable_r<R, Fn, ArgTypes...>::value;                     // C++17
        -:  397:      template <class Fn, class... ArgTypes> inline constexpr bool is_nothrow_invocable_v
        -:  398:        = is_nothrow_invocable<Fn, ArgTypes...>::value;                  // C++17
        -:  399:      template <class R, class Fn, class... ArgTypes> inline constexpr bool is_nothrow_invocable_r_v
        -:  400:        = is_nothrow_invocable_r<R, Fn, ArgTypes...>::value;             // C++17
        -:  401:
        -:  402:      // [meta.logical], logical operator traits:
        -:  403:      template<class... B> struct conjunction;                           // C++17
        -:  404:      template<class... B>
        -:  405:        inline constexpr bool conjunction_v = conjunction<B...>::value;  // C++17
        -:  406:      template<class... B> struct disjunction;                           // C++17
        -:  407:      template<class... B>
        -:  408:        inline constexpr bool disjunction_v = disjunction<B...>::value;  // C++17
        -:  409:      template<class B> struct negation;                                 // C++17
        -:  410:      template<class B>
        -:  411:        inline constexpr bool negation_v = negation<B>::value;           // C++17
        -:  412:
        -:  413:}
        -:  414:
        -:  415:*/
        -:  416:#include <__config>
        -:  417:#include <cstddef>
        -:  418:#include <__cxx_version>
        -:  419:
        -:  420:#if !defined(_LIBCPP_HAS_NO_PRAGMA_SYSTEM_HEADER)
        -:  421:#pragma GCC system_header
        -:  422:#endif
        -:  423:
        -:  424:_LIBCPP_BEGIN_NAMESPACE_STD
        -:  425:
        -:  426:template <class _T1, class _T2> struct _LIBCPP_TEMPLATE_VIS pair;
        -:  427:template <class _Tp> class _LIBCPP_TEMPLATE_VIS reference_wrapper;
        -:  428:template <class _Tp> struct _LIBCPP_TEMPLATE_VIS hash;
        -:  429:
        -:  430:template <class>
        -:  431:struct __void_t { typedef void type; };
        -:  432:
        -:  433:template <class _Tp>
        -:  434:struct __identity { typedef _Tp type; };
        -:  435:
        -:  436:template <class _Tp, bool>
        -:  437:struct _LIBCPP_TEMPLATE_VIS __dependent_type : public _Tp {};
        -:  438:
        -:  439:template <bool _Bp, class _If, class _Then>
        -:  440:    struct _LIBCPP_TEMPLATE_VIS conditional {typedef _If type;};
        -:  441:template <class _If, class _Then>
        -:  442:    struct _LIBCPP_TEMPLATE_VIS conditional<false, _If, _Then> {typedef _Then type;};
        -:  443:
        -:  444:#if _LIBCPP_STD_VER > 11
        -:  445:template <bool _Bp, class _If, class _Then> using conditional_t = typename conditional<_Bp, _If, _Then>::type;
        -:  446:#endif
        -:  447:
        -:  448:template <bool, class _Tp> struct _LIBCPP_TEMPLATE_VIS __lazy_enable_if {};
        -:  449:template <class _Tp> struct _LIBCPP_TEMPLATE_VIS __lazy_enable_if<true, _Tp> {typedef typename _Tp::type type;};
        -:  450:
        -:  451:template <bool, class _Tp = void> struct _LIBCPP_TEMPLATE_VIS enable_if {};
        -:  452:template <class _Tp> struct _LIBCPP_TEMPLATE_VIS enable_if<true, _Tp> {typedef _Tp type;};
        -:  453:
        -:  454:#if _LIBCPP_STD_VER > 11
        -:  455:template <bool _Bp, class _Tp = void> using enable_if_t = typename enable_if<_Bp, _Tp>::type;
        -:  456:#endif
        -:  457:
        -:  458:// addressof
        -:  459:#ifndef _LIBCPP_HAS_NO_BUILTIN_ADDRESSOF
        -:  460:
        -:  461:template <class _Tp>
        -:  462:inline _LIBCPP_CONSTEXPR_AFTER_CXX14
        -:  463:_LIBCPP_NO_CFI _LIBCPP_INLINE_VISIBILITY
        -:  464:_Tp*
    #####:  465:addressof(_Tp& __x) _NOEXCEPT
    $$$$$:  465-block  0
    $$$$$:  465-block  1
        -:  466:{
    #####:  467:    return __builtin_addressof(__x);
    $$$$$:  467-block  0
    $$$$$:  467-block  1
        -:  468:}
        -:  469:
        -:  470:#else
        -:  471:
        -:  472:template <class _Tp>
        -:  473:inline _LIBCPP_NO_CFI _LIBCPP_INLINE_VISIBILITY
        -:  474:_Tp*
        -:  475:addressof(_Tp& __x) _NOEXCEPT
        -:  476:{
        -:  477:  return reinterpret_cast<_Tp *>(
        -:  478:      const_cast<char *>(&reinterpret_cast<const volatile char &>(__x)));
        -:  479:}
        -:  480:
        -:  481:#endif // _LIBCPP_HAS_NO_BUILTIN_ADDRESSOF
        -:  482:
        -:  483:#if defined(_LIBCPP_HAS_OBJC_ARC) && !defined(_LIBCPP_PREDEFINED_OBJC_ARC_ADDRESSOF)
        -:  484:// Objective-C++ Automatic Reference Counting uses qualified pointers
        -:  485:// that require special addressof() signatures. When
        -:  486:// _LIBCPP_PREDEFINED_OBJC_ARC_ADDRESSOF is defined, the compiler
        -:  487:// itself is providing these definitions. Otherwise, we provide them.
        -:  488:template <class _Tp>
        -:  489:inline _LIBCPP_INLINE_VISIBILITY
        -:  490:__strong _Tp*
        -:  491:addressof(__strong _Tp& __x) _NOEXCEPT
        -:  492:{
        -:  493:  return &__x;
        -:  494:}
        -:  495:
        -:  496:#ifdef _LIBCPP_HAS_OBJC_ARC_WEAK
        -:  497:template <class _Tp>
        -:  498:inline _LIBCPP_INLINE_VISIBILITY
        -:  499:__weak _Tp*
        -:  500:addressof(__weak _Tp& __x) _NOEXCEPT
        -:  501:{
        -:  502:  return &__x;
        -:  503:}
        -:  504:#endif
        -:  505:
        -:  506:template <class _Tp>
        -:  507:inline _LIBCPP_INLINE_VISIBILITY
        -:  508:__autoreleasing _Tp*
        -:  509:addressof(__autoreleasing _Tp& __x) _NOEXCEPT
        -:  510:{
        -:  511:  return &__x;
        -:  512:}
        -:  513:
        -:  514:template <class _Tp>
        -:  515:inline _LIBCPP_INLINE_VISIBILITY
        -:  516:__unsafe_unretained _Tp*
        -:  517:addressof(__unsafe_unretained _Tp& __x) _NOEXCEPT
        -:  518:{
        -:  519:  return &__x;
        -:  520:}
        -:  521:#endif
        -:  522:
        -:  523:#if !defined(_LIBCPP_CXX03_LANG)
        -:  524:template <class _Tp> _Tp* addressof(const _Tp&&) noexcept = delete;
        -:  525:#endif
        -:  526:
        -:  527:struct __two {char __lx[2];};
        -:  528:
        -:  529:// helper class:
        -:  530:
        -:  531:template <class _Tp, _Tp __v>
        -:  532:struct _LIBCPP_TEMPLATE_VIS integral_constant
        -:  533:{
        -:  534:    static _LIBCPP_CONSTEXPR const _Tp      value = __v;
        -:  535:    typedef _Tp               value_type;
        -:  536:    typedef integral_constant type;
        -:  537:    _LIBCPP_INLINE_VISIBILITY
        -:  538:        _LIBCPP_CONSTEXPR operator value_type() const _NOEXCEPT {return value;}
        -:  539:#if _LIBCPP_STD_VER > 11
        -:  540:    _LIBCPP_INLINE_VISIBILITY
        -:  541:         constexpr value_type operator ()() const _NOEXCEPT {return value;}
        -:  542:#endif
        -:  543:};
        -:  544:
        -:  545:template <class _Tp, _Tp __v>
        -:  546:_LIBCPP_CONSTEXPR const _Tp integral_constant<_Tp, __v>::value;
        -:  547:
        -:  548:#if _LIBCPP_STD_VER > 14
        -:  549:template <bool __b>
        -:  550:using bool_constant = integral_constant<bool, __b>;
        -:  551:#define _LIBCPP_BOOL_CONSTANT(__b) bool_constant<(__b)>
        -:  552:#else
        -:  553:#define _LIBCPP_BOOL_CONSTANT(__b) integral_constant<bool,(__b)>
        -:  554:#endif
        -:  555:
        -:  556:typedef _LIBCPP_BOOL_CONSTANT(true)  true_type;
        -:  557:typedef _LIBCPP_BOOL_CONSTANT(false) false_type;
        -:  558:
        -:  559:#if !defined(_LIBCPP_CXX03_LANG)
        -:  560:
        -:  561:// __lazy_and
        -:  562:
        -:  563:template <bool _Last, class ..._Preds>
        -:  564:struct __lazy_and_impl;
        -:  565:
        -:  566:template <class ..._Preds>
        -:  567:struct __lazy_and_impl<false, _Preds...> : false_type {};
        -:  568:
        -:  569:template <>
        -:  570:struct __lazy_and_impl<true> : true_type {};
        -:  571:
        -:  572:template <class _Pred>
        -:  573:struct __lazy_and_impl<true, _Pred> : integral_constant<bool, _Pred::type::value> {};
        -:  574:
        -:  575:template <class _Hp, class ..._Tp>
        -:  576:struct __lazy_and_impl<true, _Hp, _Tp...> : __lazy_and_impl<_Hp::type::value, _Tp...> {};
        -:  577:
        -:  578:template <class _P1, class ..._Pr>
        -:  579:struct __lazy_and : __lazy_and_impl<_P1::type::value, _Pr...> {};
        -:  580:
        -:  581:// __lazy_or
        -:  582:
        -:  583:template <bool _List, class ..._Preds>
        -:  584:struct __lazy_or_impl;
        -:  585:
        -:  586:template <class ..._Preds>
        -:  587:struct __lazy_or_impl<true, _Preds...> : true_type {};
        -:  588:
        -:  589:template <>
        -:  590:struct __lazy_or_impl<false> : false_type {};
        -:  591:
        -:  592:template <class _Hp, class ..._Tp>
        -:  593:struct __lazy_or_impl<false, _Hp, _Tp...>
        -:  594:        : __lazy_or_impl<_Hp::type::value, _Tp...> {};
        -:  595:
        -:  596:template <class _P1, class ..._Pr>
        -:  597:struct __lazy_or : __lazy_or_impl<_P1::type::value, _Pr...> {};
        -:  598:
        -:  599:// __lazy_not
        -:  600:
        -:  601:template <class _Pred>
        -:  602:struct __lazy_not : integral_constant<bool, !_Pred::type::value> {};
        -:  603:
        -:  604:// __and_
        -:  605:template<class...> struct __and_;
        -:  606:template<> struct __and_<> : true_type {};
        -:  607:
        -:  608:template<class _B0> struct __and_<_B0> : _B0 {};
        -:  609:
        -:  610:template<class _B0, class _B1>
        -:  611:struct __and_<_B0, _B1> : conditional<_B0::value, _B1, _B0>::type {};
        -:  612:
        -:  613:template<class _B0, class _B1, class _B2, class... _Bn>
        -:  614:struct __and_<_B0, _B1, _B2, _Bn...>
        -:  615:        : conditional<_B0::value, __and_<_B1, _B2, _Bn...>, _B0>::type {};
        -:  616:
        -:  617:// __or_
        -:  618:template<class...> struct __or_;
        -:  619:template<> struct __or_<> : false_type {};
        -:  620:
        -:  621:template<class _B0> struct __or_<_B0> : _B0 {};
        -:  622:
        -:  623:template<class _B0, class _B1>
        -:  624:struct __or_<_B0, _B1> : conditional<_B0::value, _B0, _B1>::type {};
        -:  625:
        -:  626:template<class _B0, class _B1, class _B2, class... _Bn>
        -:  627:struct __or_<_B0, _B1, _B2, _Bn...>
        -:  628:        : conditional<_B0::value, _B0, __or_<_B1, _B2, _Bn...> >::type {};
        -:  629:
        -:  630:// __not_
        -:  631:template<class _Tp>
        -:  632:struct __not_ : conditional<_Tp::value, false_type, true_type>::type {};
        -:  633:
        -:  634:#endif // !defined(_LIBCPP_CXX03_LANG)
        -:  635:
        -:  636:// is_const
        -:  637:
        -:  638:template <class _Tp> struct _LIBCPP_TEMPLATE_VIS is_const            : public false_type {};
        -:  639:template <class _Tp> struct _LIBCPP_TEMPLATE_VIS is_const<_Tp const> : public true_type {};
        -:  640:
        -:  641:#if _LIBCPP_STD_VER > 14 && !defined(_LIBCPP_HAS_NO_VARIABLE_TEMPLATES)
        -:  642:template <class _Tp>
        -:  643:_LIBCPP_INLINE_VAR _LIBCPP_CONSTEXPR bool is_const_v
        -:  644:    = is_const<_Tp>::value;
        -:  645:#endif
        -:  646:
        -:  647:// is_volatile
        -:  648:
        -:  649:template <class _Tp> struct _LIBCPP_TEMPLATE_VIS is_volatile               : public false_type {};
        -:  650:template <class _Tp> struct _LIBCPP_TEMPLATE_VIS is_volatile<_Tp volatile> : public true_type {};
        -:  651:
        -:  652:#if _LIBCPP_STD_VER > 14 && !defined(_LIBCPP_HAS_NO_VARIABLE_TEMPLATES)
        -:  653:template <class _Tp>
        -:  654:_LIBCPP_INLINE_VAR _LIBCPP_CONSTEXPR bool is_volatile_v
        -:  655:    = is_volatile<_Tp>::value;
        -:  656:#endif
        -:  657:
        -:  658:// remove_const
        -:  659:
        -:  660:template <class _Tp> struct _LIBCPP_TEMPLATE_VIS remove_const            {typedef _Tp type;};
        -:  661:template <class _Tp> struct _LIBCPP_TEMPLATE_VIS remove_const<const _Tp> {typedef _Tp type;};
        -:  662:#if _LIBCPP_STD_VER > 11
        -:  663:template <class _Tp> using remove_const_t = typename remove_const<_Tp>::type;
        -:  664:#endif
        -:  665:
        -:  666:// remove_volatile
        -:  667:
        -:  668:template <class _Tp> struct _LIBCPP_TEMPLATE_VIS remove_volatile               {typedef _Tp type;};
        -:  669:template <class _Tp> struct _LIBCPP_TEMPLATE_VIS remove_volatile<volatile _Tp> {typedef _Tp type;};
        -:  670:#if _LIBCPP_STD_VER > 11
        -:  671:template <class _Tp> using remove_volatile_t = typename remove_volatile<_Tp>::type;
        -:  672:#endif
        -:  673:
        -:  674:// remove_cv
        -:  675:
        -:  676:template <class _Tp> struct _LIBCPP_TEMPLATE_VIS remove_cv
        -:  677:{typedef typename remove_volatile<typename remove_const<_Tp>::type>::type type;};
        -:  678:#if _LIBCPP_STD_VER > 11
        -:  679:template <class _Tp> using remove_cv_t = typename remove_cv<_Tp>::type;
        -:  680:#endif
        -:  681:
        -:  682:// is_void
        -:  683:
        -:  684:template <class _Tp> struct __libcpp_is_void       : public false_type {};
        -:  685:template <>          struct __libcpp_is_void<void> : public true_type {};
        -:  686:
        -:  687:template <class _Tp> struct _LIBCPP_TEMPLATE_VIS is_void
        -:  688:    : public __libcpp_is_void<typename remove_cv<_Tp>::type> {};
        -:  689:
        -:  690:#if _LIBCPP_STD_VER > 14 && !defined(_LIBCPP_HAS_NO_VARIABLE_TEMPLATES)
        -:  691:template <class _Tp>
        -:  692:_LIBCPP_INLINE_VAR _LIBCPP_CONSTEXPR bool is_void_v
        -:  693:    = is_void<_Tp>::value;
        -:  694:#endif
        -:  695:
        -:  696:// __is_nullptr_t
        -:  697:
        -:  698:template <class _Tp> struct __is_nullptr_t_impl       : public false_type {};
        -:  699:template <>          struct __is_nullptr_t_impl<nullptr_t> : public true_type {};
        -:  700:
        -:  701:template <class _Tp> struct _LIBCPP_TEMPLATE_VIS __is_nullptr_t
        -:  702:    : public __is_nullptr_t_impl<typename remove_cv<_Tp>::type> {};
        -:  703:
        -:  704:#if _LIBCPP_STD_VER > 11
        -:  705:template <class _Tp> struct _LIBCPP_TEMPLATE_VIS is_null_pointer
        -:  706:    : public __is_nullptr_t_impl<typename remove_cv<_Tp>::type> {};
        -:  707:
        -:  708:#if _LIBCPP_STD_VER > 14 && !defined(_LIBCPP_HAS_NO_VARIABLE_TEMPLATES)
        -:  709:template <class _Tp>
        -:  710:_LIBCPP_INLINE_VAR _LIBCPP_CONSTEXPR bool is_null_pointer_v
        -:  711:    = is_null_pointer<_Tp>::value;
        -:  712:#endif
        -:  713:#endif
        -:  714:
        -:  715:// is_integral
        -:  716:
        -:  717:template <class _Tp> struct __libcpp_is_integral                     : public false_type {};
        -:  718:template <>          struct __libcpp_is_integral<bool>               : public true_type {};
        -:  719:template <>          struct __libcpp_is_integral<char>               : public true_type {};
        -:  720:template <>          struct __libcpp_is_integral<signed char>        : public true_type {};
        -:  721:template <>          struct __libcpp_is_integral<unsigned char>      : public true_type {};
        -:  722:template <>          struct __libcpp_is_integral<wchar_t>            : public true_type {};
        -:  723:#ifndef _LIBCPP_NO_HAS_CHAR8_T
        -:  724:template <>          struct __libcpp_is_integral<char8_t>            : public true_type {};
        -:  725:#endif
        -:  726:#ifndef _LIBCPP_HAS_NO_UNICODE_CHARS
        -:  727:template <>          struct __libcpp_is_integral<char16_t>           : public true_type {};
        -:  728:template <>          struct __libcpp_is_integral<char32_t>           : public true_type {};
        -:  729:#endif  // _LIBCPP_HAS_NO_UNICODE_CHARS
        -:  730:template <>          struct __libcpp_is_integral<short>              : public true_type {};
        -:  731:template <>          struct __libcpp_is_integral<unsigned short>     : public true_type {};
        -:  732:template <>          struct __libcpp_is_integral<int>                : public true_type {};
        -:  733:template <>          struct __libcpp_is_integral<unsigned int>       : public true_type {};
        -:  734:template <>          struct __libcpp_is_integral<long>               : public true_type {};
        -:  735:template <>          struct __libcpp_is_integral<unsigned long>      : public true_type {};
        -:  736:template <>          struct __libcpp_is_integral<long long>          : public true_type {};
        -:  737:template <>          struct __libcpp_is_integral<unsigned long long> : public true_type {};
        -:  738:#ifndef _LIBCPP_HAS_NO_INT128
        -:  739:template <>          struct __libcpp_is_integral<__int128_t>         : public true_type {};
        -:  740:template <>          struct __libcpp_is_integral<__uint128_t>        : public true_type {};
        -:  741:#endif
        -:  742:
        -:  743:template <class _Tp> struct _LIBCPP_TEMPLATE_VIS is_integral
        -:  744:    : public __libcpp_is_integral<typename remove_cv<_Tp>::type> {};
        -:  745:
        -:  746:#if _LIBCPP_STD_VER > 14 && !defined(_LIBCPP_HAS_NO_VARIABLE_TEMPLATES)
        -:  747:template <class _Tp>
        -:  748:_LIBCPP_INLINE_VAR _LIBCPP_CONSTEXPR bool is_integral_v
        -:  749:    = is_integral<_Tp>::value;
        -:  750:#endif
        -:  751:
        -:  752:// is_floating_point
        -:  753:
        -:  754:template <class _Tp> struct __libcpp_is_floating_point              : public false_type {};
        -:  755:template <>          struct __libcpp_is_floating_point<float>       : public true_type {};
        -:  756:template <>          struct __libcpp_is_floating_point<double>      : public true_type {};
        -:  757:template <>          struct __libcpp_is_floating_point<long double> : public true_type {};
        -:  758:
        -:  759:template <class _Tp> struct _LIBCPP_TEMPLATE_VIS is_floating_point
        -:  760:    : public __libcpp_is_floating_point<typename remove_cv<_Tp>::type> {};
        -:  761:
        -:  762:#if _LIBCPP_STD_VER > 14 && !defined(_LIBCPP_HAS_NO_VARIABLE_TEMPLATES)
        -:  763:template <class _Tp>
        -:  764:_LIBCPP_INLINE_VAR _LIBCPP_CONSTEXPR bool is_floating_point_v
        -:  765:    = is_floating_point<_Tp>::value;
        -:  766:#endif
        -:  767:
        -:  768:// is_array
        -:  769:
        -:  770:template <class _Tp> struct _LIBCPP_TEMPLATE_VIS is_array
        -:  771:    : public false_type {};
        -:  772:template <class _Tp> struct _LIBCPP_TEMPLATE_VIS is_array<_Tp[]>
        -:  773:    : public true_type {};
        -:  774:template <class _Tp, size_t _Np> struct _LIBCPP_TEMPLATE_VIS is_array<_Tp[_Np]>
        -:  775:    : public true_type {};
        -:  776:
        -:  777:#if _LIBCPP_STD_VER > 14 && !defined(_LIBCPP_HAS_NO_VARIABLE_TEMPLATES)
        -:  778:template <class _Tp>
        -:  779:_LIBCPP_INLINE_VAR _LIBCPP_CONSTEXPR bool is_array_v
        -:  780:    = is_array<_Tp>::value;
        -:  781:#endif
        -:  782:
        -:  783:// is_pointer
        -:  784:
        -:  785:template <class _Tp> struct __libcpp_is_pointer       : public false_type {};
        -:  786:template <class _Tp> struct __libcpp_is_pointer<_Tp*> : public true_type {};
        -:  787:
        -:  788:template <class _Tp> struct __libcpp_remove_objc_qualifiers { typedef _Tp type; };
        -:  789:#if defined(_LIBCPP_HAS_OBJC_ARC)
        -:  790:template <class _Tp> struct __libcpp_remove_objc_qualifiers<_Tp __strong> { typedef _Tp type; };
        -:  791:template <class _Tp> struct __libcpp_remove_objc_qualifiers<_Tp __weak> { typedef _Tp type; };
        -:  792:template <class _Tp> struct __libcpp_remove_objc_qualifiers<_Tp __autoreleasing> { typedef _Tp type; };
        -:  793:template <class _Tp> struct __libcpp_remove_objc_qualifiers<_Tp __unsafe_unretained> { typedef _Tp type; };
        -:  794:#endif
        -:  795:
        -:  796:template <class _Tp> struct _LIBCPP_TEMPLATE_VIS is_pointer
        -:  797:    : public __libcpp_is_pointer<typename __libcpp_remove_objc_qualifiers<typename remove_cv<_Tp>::type>::type> {};
        -:  798:
        -:  799:#if _LIBCPP_STD_VER > 14 && !defined(_LIBCPP_HAS_NO_VARIABLE_TEMPLATES)
        -:  800:template <class _Tp>
        -:  801:_LIBCPP_INLINE_VAR _LIBCPP_CONSTEXPR bool is_pointer_v
        -:  802:    = is_pointer<_Tp>::value;
        -:  803:#endif
        -:  804:
        -:  805:// is_reference
        -:  806:
        -:  807:template <class _Tp> struct _LIBCPP_TEMPLATE_VIS is_lvalue_reference       : public false_type {};
        -:  808:template <class _Tp> struct _LIBCPP_TEMPLATE_VIS is_lvalue_reference<_Tp&> : public true_type {};
        -:  809:
        -:  810:template <class _Tp> struct _LIBCPP_TEMPLATE_VIS is_rvalue_reference        : public false_type {};
        -:  811:#ifndef _LIBCPP_HAS_NO_RVALUE_REFERENCES
        -:  812:template <class _Tp> struct _LIBCPP_TEMPLATE_VIS is_rvalue_reference<_Tp&&> : public true_type {};
        -:  813:#endif
        -:  814:
        -:  815:template <class _Tp> struct _LIBCPP_TEMPLATE_VIS is_reference        : public false_type {};
        -:  816:template <class _Tp> struct _LIBCPP_TEMPLATE_VIS is_reference<_Tp&>  : public true_type {};
        -:  817:#ifndef _LIBCPP_HAS_NO_RVALUE_REFERENCES
        -:  818:template <class _Tp> struct _LIBCPP_TEMPLATE_VIS is_reference<_Tp&&> : public true_type {};
        -:  819:#endif
        -:  820:
        -:  821:#if _LIBCPP_STD_VER > 14 && !defined(_LIBCPP_HAS_NO_VARIABLE_TEMPLATES)
        -:  822:template <class _Tp>
        -:  823:_LIBCPP_INLINE_VAR _LIBCPP_CONSTEXPR bool is_reference_v
        -:  824:    = is_reference<_Tp>::value;
        -:  825:
        -:  826:template <class _Tp>
        -:  827:_LIBCPP_INLINE_VAR _LIBCPP_CONSTEXPR bool is_lvalue_reference_v
        -:  828:    = is_lvalue_reference<_Tp>::value;
        -:  829:
        -:  830:template <class _Tp>
        -:  831:_LIBCPP_INLINE_VAR _LIBCPP_CONSTEXPR bool is_rvalue_reference_v
        -:  832:    = is_rvalue_reference<_Tp>::value;
        -:  833:#endif
        -:  834:// is_union
        -:  835:
        -:  836:#if __has_feature(is_union) || defined(_LIBCPP_COMPILER_GCC)
        -:  837:
        -:  838:template <class _Tp> struct _LIBCPP_TEMPLATE_VIS is_union
        -:  839:    : public integral_constant<bool, __is_union(_Tp)> {};
        -:  840:
        -:  841:#else
        -:  842:
        -:  843:template <class _Tp> struct __libcpp_union : public false_type {};
        -:  844:template <class _Tp> struct _LIBCPP_TEMPLATE_VIS is_union
        -:  845:    : public __libcpp_union<typename remove_cv<_Tp>::type> {};
        -:  846:
        -:  847:#endif
        -:  848:
        -:  849:#if _LIBCPP_STD_VER > 14 && !defined(_LIBCPP_HAS_NO_VARIABLE_TEMPLATES)
        -:  850:template <class _Tp>
        -:  851:_LIBCPP_INLINE_VAR _LIBCPP_CONSTEXPR bool is_union_v
        -:  852:    = is_union<_Tp>::value;
        -:  853:#endif
        -:  854:
        -:  855:// is_class
        -:  856:
        -:  857:#if __has_feature(is_class) || defined(_LIBCPP_COMPILER_GCC)
        -:  858:
        -:  859:template <class _Tp> struct _LIBCPP_TEMPLATE_VIS is_class
        -:  860:    : public integral_constant<bool, __is_class(_Tp)> {};
        -:  861:
        -:  862:#else
        -:  863:
        -:  864:namespace __is_class_imp
        -:  865:{
        -:  866:template <class _Tp> char  __test(int _Tp::*);
        -:  867:template <class _Tp> __two __test(...);
        -:  868:}
        -:  869:
        -:  870:template <class _Tp> struct _LIBCPP_TEMPLATE_VIS is_class
        -:  871:    : public integral_constant<bool, sizeof(__is_class_imp::__test<_Tp>(0)) == 1 && !is_union<_Tp>::value> {};
        -:  872:
        -:  873:#endif
        -:  874:
        -:  875:#if _LIBCPP_STD_VER > 14 && !defined(_LIBCPP_HAS_NO_VARIABLE_TEMPLATES)
        -:  876:template <class _Tp>
        -:  877:_LIBCPP_INLINE_VAR _LIBCPP_CONSTEXPR bool is_class_v
        -:  878:    = is_class<_Tp>::value;
        -:  879:#endif
        -:  880:
        -:  881:// is_same
        -:  882:
        -:  883:template <class _Tp, class _Up> struct _LIBCPP_TEMPLATE_VIS is_same           : public false_type {};
        -:  884:template <class _Tp>            struct _LIBCPP_TEMPLATE_VIS is_same<_Tp, _Tp> : public true_type {};
        -:  885:
        -:  886:#if _LIBCPP_STD_VER > 14 && !defined(_LIBCPP_HAS_NO_VARIABLE_TEMPLATES)
        -:  887:template <class _Tp, class _Up>
        -:  888:_LIBCPP_INLINE_VAR _LIBCPP_CONSTEXPR bool is_same_v
        -:  889:    = is_same<_Tp, _Up>::value;
        -:  890:#endif
        -:  891:
        -:  892:// is_function
        -:  893:
        -:  894:namespace __libcpp_is_function_imp
        -:  895:{
        -:  896:struct __dummy_type {};
        -:  897:template <class _Tp> char  __test(_Tp*);
        -:  898:template <class _Tp> char __test(__dummy_type);
        -:  899:template <class _Tp> __two __test(...);
        -:  900:template <class _Tp> _Tp&  __source(int);
        -:  901:template <class _Tp> __dummy_type __source(...);
        -:  902:}
        -:  903:
        -:  904:template <class _Tp, bool = is_class<_Tp>::value ||
        -:  905:                            is_union<_Tp>::value ||
        -:  906:                            is_void<_Tp>::value  ||
        -:  907:                            is_reference<_Tp>::value ||
        -:  908:                            __is_nullptr_t<_Tp>::value >
        -:  909:struct __libcpp_is_function
        -:  910:    : public integral_constant<bool, sizeof(__libcpp_is_function_imp::__test<_Tp>(__libcpp_is_function_imp::__source<_Tp>(0))) == 1>
        -:  911:    {};
        -:  912:template <class _Tp> struct __libcpp_is_function<_Tp, true> : public false_type {};
        -:  913:
        -:  914:template <class _Tp> struct _LIBCPP_TEMPLATE_VIS is_function
        -:  915:    : public __libcpp_is_function<_Tp> {};
        -:  916:
        -:  917:#if _LIBCPP_STD_VER > 14 && !defined(_LIBCPP_HAS_NO_VARIABLE_TEMPLATES)
        -:  918:template <class _Tp>
        -:  919:_LIBCPP_INLINE_VAR _LIBCPP_CONSTEXPR bool is_function_v
        -:  920:    = is_function<_Tp>::value;
        -:  921:#endif
        -:  922:
        -:  923:// is_member_function_pointer
        -:  924:
        -:  925:// template <class _Tp> struct            __libcpp_is_member_function_pointer             : public false_type {};
        -:  926:// template <class _Tp, class _Up> struct __libcpp_is_member_function_pointer<_Tp _Up::*> : public is_function<_Tp> {};
        -:  927://
        -:  928:
        -:  929:template <class _MP, bool _IsMemberFunctionPtr, bool _IsMemberObjectPtr>
        -:  930:struct __member_pointer_traits_imp
        -:  931:{  // forward declaration; specializations later
        -:  932:};
        -:  933:
        -:  934:
        -:  935:template <class _Tp> struct __libcpp_is_member_function_pointer
        -:  936:    : public false_type {};
        -:  937:
        -:  938:template <class _Ret, class _Class>
        -:  939:struct __libcpp_is_member_function_pointer<_Ret _Class::*>
        -:  940:    : public is_function<_Ret> {};
        -:  941:
        -:  942:template <class _Tp> struct _LIBCPP_TEMPLATE_VIS is_member_function_pointer
        -:  943:    : public __libcpp_is_member_function_pointer<typename remove_cv<_Tp>::type>::type {};
        -:  944:
        -:  945:#if _LIBCPP_STD_VER > 14 && !defined(_LIBCPP_HAS_NO_VARIABLE_TEMPLATES)
        -:  946:template <class _Tp>
        -:  947:_LIBCPP_INLINE_VAR _LIBCPP_CONSTEXPR bool is_member_function_pointer_v
        -:  948:    = is_member_function_pointer<_Tp>::value;
        -:  949:#endif
        -:  950:
        -:  951:// is_member_pointer
        -:  952:
        -:  953:template <class _Tp>            struct __libcpp_is_member_pointer             : public false_type {};
        -:  954:template <class _Tp, class _Up> struct __libcpp_is_member_pointer<_Tp _Up::*> : public true_type {};
        -:  955:
        -:  956:template <class _Tp> struct _LIBCPP_TEMPLATE_VIS is_member_pointer
        -:  957:    : public __libcpp_is_member_pointer<typename remove_cv<_Tp>::type> {};
        -:  958:
        -:  959:#if _LIBCPP_STD_VER > 14 && !defined(_LIBCPP_HAS_NO_VARIABLE_TEMPLATES)
        -:  960:template <class _Tp>
        -:  961:_LIBCPP_INLINE_VAR _LIBCPP_CONSTEXPR bool is_member_pointer_v
        -:  962:    = is_member_pointer<_Tp>::value;
        -:  963:#endif
        -:  964:
        -:  965:// is_member_object_pointer
        -:  966:
        -:  967:template <class _Tp> struct _LIBCPP_TEMPLATE_VIS is_member_object_pointer
        -:  968:    : public integral_constant<bool, is_member_pointer<_Tp>::value &&
        -:  969:                                    !is_member_function_pointer<_Tp>::value> {};
        -:  970:
        -:  971:#if _LIBCPP_STD_VER > 14 && !defined(_LIBCPP_HAS_NO_VARIABLE_TEMPLATES)
        -:  972:template <class _Tp>
        -:  973:_LIBCPP_INLINE_VAR _LIBCPP_CONSTEXPR bool is_member_object_pointer_v
        -:  974:    = is_member_object_pointer<_Tp>::value;
        -:  975:#endif
        -:  976:
        -:  977:// is_enum
        -:  978:
        -:  979:#if __has_feature(is_enum) || defined(_LIBCPP_COMPILER_GCC)
        -:  980:
        -:  981:template <class _Tp> struct _LIBCPP_TEMPLATE_VIS is_enum
        -:  982:    : public integral_constant<bool, __is_enum(_Tp)> {};
        -:  983:
        -:  984:#else
        -:  985:
        -:  986:template <class _Tp> struct _LIBCPP_TEMPLATE_VIS is_enum
        -:  987:    : public integral_constant<bool, !is_void<_Tp>::value             &&
        -:  988:                                     !is_integral<_Tp>::value         &&
        -:  989:                                     !is_floating_point<_Tp>::value   &&
        -:  990:                                     !is_array<_Tp>::value            &&
        -:  991:                                     !is_pointer<_Tp>::value          &&
        -:  992:                                     !is_reference<_Tp>::value        &&
        -:  993:                                     !is_member_pointer<_Tp>::value   &&
        -:  994:                                     !is_union<_Tp>::value            &&
        -:  995:                                     !is_class<_Tp>::value            &&
        -:  996:                                     !is_function<_Tp>::value         > {};
        -:  997:
        -:  998:#endif
        -:  999:
        -: 1000:#if _LIBCPP_STD_VER > 14 && !defined(_LIBCPP_HAS_NO_VARIABLE_TEMPLATES)
        -: 1001:template <class _Tp>
        -: 1002:_LIBCPP_INLINE_VAR _LIBCPP_CONSTEXPR bool is_enum_v
        -: 1003:    = is_enum<_Tp>::value;
        -: 1004:#endif
        -: 1005:
        -: 1006:// is_arithmetic
        -: 1007:
        -: 1008:template <class _Tp> struct _LIBCPP_TEMPLATE_VIS is_arithmetic
        -: 1009:    : public integral_constant<bool, is_integral<_Tp>::value      ||
        -: 1010:                                     is_floating_point<_Tp>::value> {};
        -: 1011:
        -: 1012:#if _LIBCPP_STD_VER > 14 && !defined(_LIBCPP_HAS_NO_VARIABLE_TEMPLATES)
        -: 1013:template <class _Tp>
        -: 1014:_LIBCPP_INLINE_VAR _LIBCPP_CONSTEXPR bool is_arithmetic_v
        -: 1015:    = is_arithmetic<_Tp>::value;
        -: 1016:#endif
        -: 1017:
        -: 1018:// is_fundamental
        -: 1019:
        -: 1020:template <class _Tp> struct _LIBCPP_TEMPLATE_VIS is_fundamental
        -: 1021:    : public integral_constant<bool, is_void<_Tp>::value        ||
        -: 1022:                                     __is_nullptr_t<_Tp>::value ||
        -: 1023:                                     is_arithmetic<_Tp>::value> {};
        -: 1024:
        -: 1025:#if _LIBCPP_STD_VER > 14 && !defined(_LIBCPP_HAS_NO_VARIABLE_TEMPLATES)
        -: 1026:template <class _Tp>
        -: 1027:_LIBCPP_INLINE_VAR _LIBCPP_CONSTEXPR bool is_fundamental_v
        -: 1028:    = is_fundamental<_Tp>::value;
        -: 1029:#endif
        -: 1030:
        -: 1031:// is_scalar
        -: 1032:
        -: 1033:template <class _Tp> struct _LIBCPP_TEMPLATE_VIS is_scalar
        -: 1034:    : public integral_constant<bool, is_arithmetic<_Tp>::value     ||
        -: 1035:                                     is_member_pointer<_Tp>::value ||
        -: 1036:                                     is_pointer<_Tp>::value        ||
        -: 1037:                                     __is_nullptr_t<_Tp>::value    ||
        -: 1038:                                     is_enum<_Tp>::value           > {};
        -: 1039:
        -: 1040:template <> struct _LIBCPP_TEMPLATE_VIS is_scalar<nullptr_t> : public true_type {};
        -: 1041:
        -: 1042:#if _LIBCPP_STD_VER > 14 && !defined(_LIBCPP_HAS_NO_VARIABLE_TEMPLATES)
        -: 1043:template <class _Tp>
        -: 1044:_LIBCPP_INLINE_VAR _LIBCPP_CONSTEXPR bool is_scalar_v
        -: 1045:    = is_scalar<_Tp>::value;
        -: 1046:#endif
        -: 1047:
        -: 1048:// is_object
        -: 1049:
        -: 1050:template <class _Tp> struct _LIBCPP_TEMPLATE_VIS is_object
        -: 1051:    : public integral_constant<bool, is_scalar<_Tp>::value ||
        -: 1052:                                     is_array<_Tp>::value  ||
        -: 1053:                                     is_union<_Tp>::value  ||
        -: 1054:                                     is_class<_Tp>::value  > {};
        -: 1055:
        -: 1056:#if _LIBCPP_STD_VER > 14 && !defined(_LIBCPP_HAS_NO_VARIABLE_TEMPLATES)
        -: 1057:template <class _Tp>
        -: 1058:_LIBCPP_INLINE_VAR _LIBCPP_CONSTEXPR bool is_object_v
        -: 1059:    = is_object<_Tp>::value;
        -: 1060:#endif
        -: 1061:
        -: 1062:// is_compound
        -: 1063:
        -: 1064:template <class _Tp> struct _LIBCPP_TEMPLATE_VIS is_compound
        -: 1065:    : public integral_constant<bool, !is_fundamental<_Tp>::value> {};
        -: 1066:
        -: 1067:#if _LIBCPP_STD_VER > 14 && !defined(_LIBCPP_HAS_NO_VARIABLE_TEMPLATES)
        -: 1068:template <class _Tp>
        -: 1069:_LIBCPP_INLINE_VAR _LIBCPP_CONSTEXPR bool is_compound_v
        -: 1070:    = is_compound<_Tp>::value;
        -: 1071:#endif
        -: 1072:
        -: 1073:
        -: 1074:// __is_referenceable  [defns.referenceable]
        -: 1075:
        -: 1076:struct __is_referenceable_impl {
        -: 1077:    template <class _Tp> static _Tp& __test(int);
        -: 1078:    template <class _Tp> static __two __test(...);
        -: 1079:};
        -: 1080:
        -: 1081:template <class _Tp>
        -: 1082:struct __is_referenceable : integral_constant<bool,
        -: 1083:    !is_same<decltype(__is_referenceable_impl::__test<_Tp>(0)), __two>::value> {};
        -: 1084:
        -: 1085:
        -: 1086:// add_const
        -: 1087:
        -: 1088:template <class _Tp, bool = is_reference<_Tp>::value ||
        -: 1089:                            is_function<_Tp>::value  ||
        -: 1090:                            is_const<_Tp>::value     >
        -: 1091:struct __add_const             {typedef _LIBCPP_NODEBUG_TYPE  _Tp type;};
        -: 1092:
        -: 1093:template <class _Tp>
        -: 1094:struct __add_const<_Tp, false> {typedef _LIBCPP_NODEBUG_TYPE  const _Tp type;};
        -: 1095:
        -: 1096:template <class _Tp> struct _LIBCPP_TEMPLATE_VIS add_const
        -: 1097:    {typedef _LIBCPP_NODEBUG_TYPE  typename __add_const<_Tp>::type type;};
        -: 1098:
        -: 1099:#if _LIBCPP_STD_VER > 11
        -: 1100:template <class _Tp> using add_const_t = typename add_const<_Tp>::type;
        -: 1101:#endif
        -: 1102:
        -: 1103:// add_volatile
        -: 1104:
        -: 1105:template <class _Tp, bool = is_reference<_Tp>::value ||
        -: 1106:                            is_function<_Tp>::value  ||
        -: 1107:                            is_volatile<_Tp>::value  >
        -: 1108:struct __add_volatile             {typedef _Tp type;};
        -: 1109:
        -: 1110:template <class _Tp>
        -: 1111:struct __add_volatile<_Tp, false> {typedef volatile _Tp type;};
        -: 1112:
        -: 1113:template <class _Tp> struct _LIBCPP_TEMPLATE_VIS add_volatile
        -: 1114:    {typedef _LIBCPP_NODEBUG_TYPE typename __add_volatile<_Tp>::type type;};
        -: 1115:
        -: 1116:#if _LIBCPP_STD_VER > 11
        -: 1117:template <class _Tp> using add_volatile_t = typename add_volatile<_Tp>::type;
        -: 1118:#endif
        -: 1119:
        -: 1120:// add_cv
        -: 1121:
        -: 1122:template <class _Tp> struct _LIBCPP_TEMPLATE_VIS add_cv
        -: 1123:    {typedef _LIBCPP_NODEBUG_TYPE typename add_const<typename add_volatile<_Tp>::type>::type type;};
        -: 1124:
        -: 1125:#if _LIBCPP_STD_VER > 11
        -: 1126:template <class _Tp> using add_cv_t = typename add_cv<_Tp>::type;
        -: 1127:#endif
        -: 1128:
        -: 1129:// remove_reference
        -: 1130:
        -: 1131:template <class _Tp> struct _LIBCPP_TEMPLATE_VIS remove_reference        {typedef _LIBCPP_NODEBUG_TYPE _Tp type;};
        -: 1132:template <class _Tp> struct _LIBCPP_TEMPLATE_VIS remove_reference<_Tp&>  {typedef _LIBCPP_NODEBUG_TYPE _Tp type;};
        -: 1133:#ifndef _LIBCPP_HAS_NO_RVALUE_REFERENCES
        -: 1134:template <class _Tp> struct _LIBCPP_TEMPLATE_VIS remove_reference<_Tp&&> {typedef _LIBCPP_NODEBUG_TYPE _Tp type;};
        -: 1135:#endif
        -: 1136:
        -: 1137:#if _LIBCPP_STD_VER > 11
        -: 1138:template <class _Tp> using remove_reference_t = typename remove_reference<_Tp>::type;
        -: 1139:#endif
        -: 1140:
        -: 1141:// add_lvalue_reference
        -: 1142:
        -: 1143:template <class _Tp, bool = __is_referenceable<_Tp>::value> struct __add_lvalue_reference_impl            { typedef _LIBCPP_NODEBUG_TYPE _Tp  type; };
        -: 1144:template <class _Tp                                       > struct __add_lvalue_reference_impl<_Tp, true> { typedef _LIBCPP_NODEBUG_TYPE _Tp& type; };
        -: 1145:
        -: 1146:template <class _Tp> struct _LIBCPP_TEMPLATE_VIS add_lvalue_reference
        -: 1147:{typedef _LIBCPP_NODEBUG_TYPE typename  __add_lvalue_reference_impl<_Tp>::type type;};
        -: 1148:
        -: 1149:#if _LIBCPP_STD_VER > 11
        -: 1150:template <class _Tp> using add_lvalue_reference_t = typename add_lvalue_reference<_Tp>::type;
        -: 1151:#endif
        -: 1152:
        -: 1153:#ifndef _LIBCPP_HAS_NO_RVALUE_REFERENCES
        -: 1154:
        -: 1155:template <class _Tp, bool = __is_referenceable<_Tp>::value> struct __add_rvalue_reference_impl            { typedef _LIBCPP_NODEBUG_TYPE  _Tp   type; };
        -: 1156:template <class _Tp                                       > struct __add_rvalue_reference_impl<_Tp, true> { typedef _LIBCPP_NODEBUG_TYPE  _Tp&& type; };
        -: 1157:
        -: 1158:template <class _Tp> struct _LIBCPP_TEMPLATE_VIS add_rvalue_reference
        -: 1159:{typedef _LIBCPP_NODEBUG_TYPE  typename __add_rvalue_reference_impl<_Tp>::type type;};
        -: 1160:
        -: 1161:#if _LIBCPP_STD_VER > 11
        -: 1162:template <class _Tp> using add_rvalue_reference_t = typename add_rvalue_reference<_Tp>::type;
        -: 1163:#endif
        -: 1164:
        -: 1165:#endif  // _LIBCPP_HAS_NO_RVALUE_REFERENCES
        -: 1166:
        -: 1167:#ifndef _LIBCPP_HAS_NO_RVALUE_REFERENCES
        -: 1168:
        -: 1169:template <class _Tp> _Tp&& __declval(int);
        -: 1170:template <class _Tp> _Tp   __declval(long);
        -: 1171:
        -: 1172:template <class _Tp>
        -: 1173:decltype(_VSTD::__declval<_Tp>(0))
        -: 1174:declval() _NOEXCEPT;
        -: 1175:
        -: 1176:#else  // _LIBCPP_HAS_NO_RVALUE_REFERENCES
        -: 1177:
        -: 1178:template <class _Tp>
        -: 1179:typename add_lvalue_reference<_Tp>::type
        -: 1180:declval();
        -: 1181:
        -: 1182:#endif  // _LIBCPP_HAS_NO_RVALUE_REFERENCES
        -: 1183:
        -: 1184:// __uncvref
        -: 1185:
        -: 1186:template <class _Tp>
        -: 1187:struct __uncvref  {
        -: 1188:    typedef _LIBCPP_NODEBUG_TYPE typename remove_cv<typename remove_reference<_Tp>::type>::type type;
        -: 1189:};
        -: 1190:
        -: 1191:template <class _Tp>
        -: 1192:struct __unconstref {
        -: 1193:    typedef _LIBCPP_NODEBUG_TYPE typename remove_const<typename remove_reference<_Tp>::type>::type type;
        -: 1194:};
        -: 1195:
        -: 1196:#ifndef _LIBCPP_CXX03_LANG
        -: 1197:template <class _Tp>
        -: 1198:using __uncvref_t _LIBCPP_NODEBUG_TYPE = typename __uncvref<_Tp>::type;
        -: 1199:#endif
        -: 1200:
        -: 1201:// __is_same_uncvref
        -: 1202:
        -: 1203:template <class _Tp, class _Up>
        -: 1204:struct __is_same_uncvref : is_same<typename __uncvref<_Tp>::type,
        -: 1205:                                   typename __uncvref<_Up>::type> {};
        -: 1206:
        -: 1207:#if _LIBCPP_STD_VER > 17
        -: 1208:// remove_cvref - same as __uncvref
        -: 1209:template <class _Tp>
        -: 1210:struct remove_cvref : public __uncvref<_Tp> {};
        -: 1211:
        -: 1212:template <class _Tp> using remove_cvref_t = typename remove_cvref<_Tp>::type;
        -: 1213:#endif
        -: 1214:
        -: 1215:
        -: 1216:struct __any
        -: 1217:{
        -: 1218:    __any(...);
        -: 1219:};
        -: 1220:
        -: 1221:// remove_pointer
        -: 1222:
        -: 1223:template <class _Tp> struct _LIBCPP_TEMPLATE_VIS remove_pointer                      {typedef _LIBCPP_NODEBUG_TYPE _Tp type;};
        -: 1224:template <class _Tp> struct _LIBCPP_TEMPLATE_VIS remove_pointer<_Tp*>                {typedef _LIBCPP_NODEBUG_TYPE _Tp type;};
        -: 1225:template <class _Tp> struct _LIBCPP_TEMPLATE_VIS remove_pointer<_Tp* const>          {typedef _LIBCPP_NODEBUG_TYPE _Tp type;};
        -: 1226:template <class _Tp> struct _LIBCPP_TEMPLATE_VIS remove_pointer<_Tp* volatile>       {typedef _LIBCPP_NODEBUG_TYPE _Tp type;};
        -: 1227:template <class _Tp> struct _LIBCPP_TEMPLATE_VIS remove_pointer<_Tp* const volatile> {typedef _LIBCPP_NODEBUG_TYPE _Tp type;};
        -: 1228:
        -: 1229:#if _LIBCPP_STD_VER > 11
        -: 1230:template <class _Tp> using remove_pointer_t = typename remove_pointer<_Tp>::type;
        -: 1231:#endif
        -: 1232:
        -: 1233:// add_pointer
        -: 1234:
        -: 1235:template <class _Tp,
        -: 1236:        bool = __is_referenceable<_Tp>::value ||
        -: 1237:                is_same<typename remove_cv<_Tp>::type, void>::value>
        -: 1238:struct __add_pointer_impl
        -: 1239:    {typedef _LIBCPP_NODEBUG_TYPE typename remove_reference<_Tp>::type* type;};
        -: 1240:template <class _Tp> struct __add_pointer_impl<_Tp, false>
        -: 1241:    {typedef _LIBCPP_NODEBUG_TYPE _Tp type;};
        -: 1242:
        -: 1243:template <class _Tp> struct _LIBCPP_TEMPLATE_VIS add_pointer
        -: 1244:    {typedef _LIBCPP_NODEBUG_TYPE typename __add_pointer_impl<_Tp>::type type;};
        -: 1245:
        -: 1246:#if _LIBCPP_STD_VER > 11
        -: 1247:template <class _Tp> using add_pointer_t = typename add_pointer<_Tp>::type;
        -: 1248:#endif
        -: 1249:
        -: 1250:// type_identity
        -: 1251:#if _LIBCPP_STD_VER > 17
        -: 1252:template<class _Tp> struct type_identity { typedef _Tp type; };
        -: 1253:template<class _Tp> using type_identity_t = typename type_identity<_Tp>::type;
        -: 1254:#endif
        -: 1255:
        -: 1256:// is_signed
        -: 1257:
        -: 1258:template <class _Tp, bool = is_integral<_Tp>::value>
        -: 1259:struct __libcpp_is_signed_impl : public _LIBCPP_BOOL_CONSTANT(_Tp(-1) < _Tp(0)) {};
        -: 1260:
        -: 1261:template <class _Tp>
        -: 1262:struct __libcpp_is_signed_impl<_Tp, false> : public true_type {};  // floating point
        -: 1263:
        -: 1264:template <class _Tp, bool = is_arithmetic<_Tp>::value>
        -: 1265:struct __libcpp_is_signed : public __libcpp_is_signed_impl<_Tp> {};
        -: 1266:
        -: 1267:template <class _Tp> struct __libcpp_is_signed<_Tp, false> : public false_type {};
        -: 1268:
        -: 1269:template <class _Tp> struct _LIBCPP_TEMPLATE_VIS is_signed : public __libcpp_is_signed<_Tp> {};
        -: 1270:
        -: 1271:#if _LIBCPP_STD_VER > 14 && !defined(_LIBCPP_HAS_NO_VARIABLE_TEMPLATES)
        -: 1272:template <class _Tp>
        -: 1273:_LIBCPP_INLINE_VAR _LIBCPP_CONSTEXPR bool is_signed_v
        -: 1274:    = is_signed<_Tp>::value;
        -: 1275:#endif
        -: 1276:
        -: 1277:// is_unsigned
        -: 1278:
        -: 1279:template <class _Tp, bool = is_integral<_Tp>::value>
        -: 1280:struct __libcpp_is_unsigned_impl : public _LIBCPP_BOOL_CONSTANT(_Tp(0) < _Tp(-1)) {};
        -: 1281:
        -: 1282:template <class _Tp>
        -: 1283:struct __libcpp_is_unsigned_impl<_Tp, false> : public false_type {};  // floating point
        -: 1284:
        -: 1285:template <class _Tp, bool = is_arithmetic<_Tp>::value>
        -: 1286:struct __libcpp_is_unsigned : public __libcpp_is_unsigned_impl<_Tp> {};
        -: 1287:
        -: 1288:template <class _Tp> struct __libcpp_is_unsigned<_Tp, false> : public false_type {};
        -: 1289:
        -: 1290:template <class _Tp> struct _LIBCPP_TEMPLATE_VIS is_unsigned : public __libcpp_is_unsigned<_Tp> {};
        -: 1291:
        -: 1292:#if _LIBCPP_STD_VER > 14 && !defined(_LIBCPP_HAS_NO_VARIABLE_TEMPLATES)
        -: 1293:template <class _Tp>
        -: 1294:_LIBCPP_INLINE_VAR _LIBCPP_CONSTEXPR bool is_unsigned_v
        -: 1295:    = is_unsigned<_Tp>::value;
        -: 1296:#endif
        -: 1297:
        -: 1298:// rank
        -: 1299:
        -: 1300:template <class _Tp> struct _LIBCPP_TEMPLATE_VIS rank
        -: 1301:    : public integral_constant<size_t, 0> {};
        -: 1302:template <class _Tp> struct _LIBCPP_TEMPLATE_VIS rank<_Tp[]>
        -: 1303:    : public integral_constant<size_t, rank<_Tp>::value + 1> {};
        -: 1304:template <class _Tp, size_t _Np> struct _LIBCPP_TEMPLATE_VIS rank<_Tp[_Np]>
        -: 1305:    : public integral_constant<size_t, rank<_Tp>::value + 1> {};
        -: 1306:
        -: 1307:#if _LIBCPP_STD_VER > 14 && !defined(_LIBCPP_HAS_NO_VARIABLE_TEMPLATES)
        -: 1308:template <class _Tp>
        -: 1309:_LIBCPP_INLINE_VAR _LIBCPP_CONSTEXPR size_t rank_v
        -: 1310:    = rank<_Tp>::value;
        -: 1311:#endif
        -: 1312:
        -: 1313:// extent
        -: 1314:
        -: 1315:template <class _Tp, unsigned _Ip = 0> struct _LIBCPP_TEMPLATE_VIS extent
        -: 1316:    : public integral_constant<size_t, 0> {};
        -: 1317:template <class _Tp> struct _LIBCPP_TEMPLATE_VIS extent<_Tp[], 0>
        -: 1318:    : public integral_constant<size_t, 0> {};
        -: 1319:template <class _Tp, unsigned _Ip> struct _LIBCPP_TEMPLATE_VIS extent<_Tp[], _Ip>
        -: 1320:    : public integral_constant<size_t, extent<_Tp, _Ip-1>::value> {};
        -: 1321:template <class _Tp, size_t _Np> struct _LIBCPP_TEMPLATE_VIS extent<_Tp[_Np], 0>
        -: 1322:    : public integral_constant<size_t, _Np> {};
        -: 1323:template <class _Tp, size_t _Np, unsigned _Ip> struct _LIBCPP_TEMPLATE_VIS extent<_Tp[_Np], _Ip>
        -: 1324:    : public integral_constant<size_t, extent<_Tp, _Ip-1>::value> {};
        -: 1325:
        -: 1326:#if _LIBCPP_STD_VER > 14 && !defined(_LIBCPP_HAS_NO_VARIABLE_TEMPLATES)
        -: 1327:template <class _Tp, unsigned _Ip = 0>
        -: 1328:_LIBCPP_INLINE_VAR _LIBCPP_CONSTEXPR size_t extent_v
        -: 1329:    = extent<_Tp, _Ip>::value;
        -: 1330:#endif
        -: 1331:
        -: 1332:// remove_extent
        -: 1333:
        -: 1334:template <class _Tp> struct _LIBCPP_TEMPLATE_VIS remove_extent
        -: 1335:    {typedef _Tp type;};
        -: 1336:template <class _Tp> struct _LIBCPP_TEMPLATE_VIS remove_extent<_Tp[]>
        -: 1337:    {typedef _Tp type;};
        -: 1338:template <class _Tp, size_t _Np> struct _LIBCPP_TEMPLATE_VIS remove_extent<_Tp[_Np]>
        -: 1339:    {typedef _Tp type;};
        -: 1340:
        -: 1341:#if _LIBCPP_STD_VER > 11
        -: 1342:template <class _Tp> using remove_extent_t = typename remove_extent<_Tp>::type;
        -: 1343:#endif
        -: 1344:
        -: 1345:// remove_all_extents
        -: 1346:
        -: 1347:template <class _Tp> struct _LIBCPP_TEMPLATE_VIS remove_all_extents
        -: 1348:    {typedef _Tp type;};
        -: 1349:template <class _Tp> struct _LIBCPP_TEMPLATE_VIS remove_all_extents<_Tp[]>
        -: 1350:    {typedef typename remove_all_extents<_Tp>::type type;};
        -: 1351:template <class _Tp, size_t _Np> struct _LIBCPP_TEMPLATE_VIS remove_all_extents<_Tp[_Np]>
        -: 1352:    {typedef typename remove_all_extents<_Tp>::type type;};
        -: 1353:
        -: 1354:#if _LIBCPP_STD_VER > 11
        -: 1355:template <class _Tp> using remove_all_extents_t = typename remove_all_extents<_Tp>::type;
        -: 1356:#endif
        -: 1357:
        -: 1358:#if _LIBCPP_STD_VER > 17
        -: 1359:// is_bounded_array
        -: 1360:
        -: 1361:template <class>                 struct _LIBCPP_TEMPLATE_VIS is_bounded_array           : false_type {};
        -: 1362:template <class _Tp, size_t _Np> struct _LIBCPP_TEMPLATE_VIS is_bounded_array<_Tp[_Np]> : true_type {};
        -: 1363:
        -: 1364:template <class _Tp>
        -: 1365:_LIBCPP_INLINE_VAR _LIBCPP_CONSTEXPR
        -: 1366:bool is_bounded_array_v  = is_bounded_array<_Tp>::value;
        -: 1367:
        -: 1368:// is_unbounded_array
        -: 1369:
        -: 1370:template <class>     struct _LIBCPP_TEMPLATE_VIS is_unbounded_array        : false_type {};
        -: 1371:template <class _Tp> struct _LIBCPP_TEMPLATE_VIS is_unbounded_array<_Tp[]> : true_type {};
        -: 1372:
        -: 1373:template <class _Tp>
        -: 1374:_LIBCPP_INLINE_VAR _LIBCPP_CONSTEXPR
        -: 1375:bool is_unbounded_array_v  = is_unbounded_array<_Tp>::value;
        -: 1376:#endif
        -: 1377:
        -: 1378:// decay
        -: 1379:
        -: 1380:template <class _Up, bool>
        -: 1381:struct __decay {
        -: 1382:    typedef _LIBCPP_NODEBUG_TYPE typename remove_cv<_Up>::type type;
[...]
        -: 4515:    : public __invoke_of<_Fp, _Args...>
        -: 4516:{
        -: 4517:};
        -: 4518:
        -: 4519:#if _LIBCPP_STD_VER > 11
        -: 4520:template <class _Tp> using result_of_t = typename result_of<_Tp>::type;
        -: 4521:#endif
        -: 4522:
        -: 4523:#if _LIBCPP_STD_VER > 14
        -: 4524:
        -: 4525:// invoke_result
        -: 4526:
        -: 4527:template <class _Fn, class... _Args>
        -: 4528:struct _LIBCPP_TEMPLATE_VIS invoke_result
        -: 4529:    : __invoke_of<_Fn, _Args...>
        -: 4530:{
        -: 4531:};
        -: 4532:
        -: 4533:template <class _Fn, class... _Args>
        -: 4534:using invoke_result_t = typename invoke_result<_Fn, _Args...>::type;
        -: 4535:
        -: 4536:// is_invocable
        -: 4537:
        -: 4538:template <class _Fn, class ..._Args>
        -: 4539:struct _LIBCPP_TEMPLATE_VIS is_invocable
        -: 4540:    : integral_constant<bool, __invokable<_Fn, _Args...>::value> {};
        -: 4541:
        -: 4542:template <class _Ret, class _Fn, class ..._Args>
        -: 4543:struct _LIBCPP_TEMPLATE_VIS is_invocable_r
        -: 4544:    : integral_constant<bool, __invokable_r<_Ret, _Fn, _Args...>::value> {};
        -: 4545:
        -: 4546:template <class _Fn, class ..._Args>
        -: 4547:_LIBCPP_INLINE_VAR constexpr bool is_invocable_v
        -: 4548:    = is_invocable<_Fn, _Args...>::value;
        -: 4549:
        -: 4550:template <class _Ret, class _Fn, class ..._Args>
        -: 4551:_LIBCPP_INLINE_VAR constexpr bool is_invocable_r_v
        -: 4552:    = is_invocable_r<_Ret, _Fn, _Args...>::value;
        -: 4553:
        -: 4554:// is_nothrow_invocable
        -: 4555:
        -: 4556:template <class _Fn, class ..._Args>
        -: 4557:struct _LIBCPP_TEMPLATE_VIS is_nothrow_invocable
        -: 4558:    : integral_constant<bool, __nothrow_invokable<_Fn, _Args...>::value> {};
        -: 4559:
        -: 4560:template <class _Ret, class _Fn, class ..._Args>
        -: 4561:struct _LIBCPP_TEMPLATE_VIS is_nothrow_invocable_r
        -: 4562:    : integral_constant<bool, __nothrow_invokable_r<_Ret, _Fn, _Args...>::value> {};
        -: 4563:
        -: 4564:template <class _Fn, class ..._Args>
        -: 4565:_LIBCPP_INLINE_VAR constexpr bool is_nothrow_invocable_v
        -: 4566:    = is_nothrow_invocable<_Fn, _Args...>::value;
        -: 4567:
        -: 4568:template <class _Ret, class _Fn, class ..._Args>
        -: 4569:_LIBCPP_INLINE_VAR constexpr bool is_nothrow_invocable_r_v
        -: 4570:    = is_nothrow_invocable_r<_Ret, _Fn, _Args...>::value;
        -: 4571:
        -: 4572:#endif // _LIBCPP_STD_VER > 14
        -: 4573:
        -: 4574:#endif  // !defined(_LIBCPP_CXX03_LANG)
        -: 4575:
        -: 4576:template <class _Tp> struct __is_swappable;
        -: 4577:template <class _Tp> struct __is_nothrow_swappable;
        -: 4578:
        -: 4579:template <class _Tp>
        -: 4580:inline _LIBCPP_INLINE_VISIBILITY
        -: 4581:#ifndef _LIBCPP_CXX03_LANG
        -: 4582:typename enable_if
        -: 4583:<
        -: 4584:    is_move_constructible<_Tp>::value &&
        -: 4585:    is_move_assignable<_Tp>::value
        -: 4586:>::type
        -: 4587:#else
        -: 4588:void
        -: 4589:#endif
        -: 4590:swap(_Tp& __x, _Tp& __y) _NOEXCEPT_(is_nothrow_move_constructible<_Tp>::value &&
        -: 4591:                                    is_nothrow_move_assignable<_Tp>::value)
        -: 4592:{
        -: 4593:    _Tp __t(_VSTD::move(__x));
        -: 4594:    __x = _VSTD::move(__y);
        -: 4595:    __y = _VSTD::move(__t);
        -: 4596:}
        -: 4597:
        -: 4598:template<class _Tp, size_t _Np>
        -: 4599:inline _LIBCPP_INLINE_VISIBILITY
        -: 4600:typename enable_if<
        -: 4601:    __is_swappable<_Tp>::value
        -: 4602:>::type
        -: 4603:swap(_Tp (&__a)[_Np], _Tp (&__b)[_Np]) _NOEXCEPT_(__is_nothrow_swappable<_Tp>::value);
        -: 4604:
        -: 4605:template <class _ForwardIterator1, class _ForwardIterator2>
        -: 4606:inline _LIBCPP_INLINE_VISIBILITY
        -: 4607:void
        -: 4608:iter_swap(_ForwardIterator1 __a, _ForwardIterator2 __b)
        -: 4609:    //                                  _NOEXCEPT_(_NOEXCEPT_(swap(*__a, *__b)))
        -: 4610:               _NOEXCEPT_(_NOEXCEPT_(swap(*_VSTD::declval<_ForwardIterator1>(),
        -: 4611:                                          *_VSTD::declval<_ForwardIterator2>())))
        -: 4612:{
        -: 4613:    swap(*__a, *__b);
        -: 4614:}
        -: 4615:
        -: 4616:// __swappable
        -: 4617:
        -: 4618:namespace __detail
        -: 4619:{
        -: 4620:// ALL generic swap overloads MUST already have a declaration available at this point.
        -: 4621:
        -: 4622:template <class _Tp, class _Up = _Tp,
        -: 4623:          bool _NotVoid = !is_void<_Tp>::value && !is_void<_Up>::value>
        -: 4624:struct __swappable_with
        -: 4625:{
        -: 4626:    template <class _LHS, class _RHS>
        -: 4627:    static decltype(swap(_VSTD::declval<_LHS>(), _VSTD::declval<_RHS>()))
        -: 4628:    __test_swap(int);
        -: 4629:    template <class, class>
        -: 4630:    static __nat __test_swap(long);
        -: 4631:
        -: 4632:    // Extra parens are needed for the C++03 definition of decltype.
        -: 4633:    typedef decltype((__test_swap<_Tp, _Up>(0))) __swap1;
        -: 4634:    typedef decltype((__test_swap<_Up, _Tp>(0))) __swap2;
        -: 4635:
        -: 4636:    static const bool value = !is_same<__swap1, __nat>::value
        -: 4637:                           && !is_same<__swap2, __nat>::value;
        -: 4638:};
        -: 4639:
        -: 4640:template <class _Tp, class _Up>
        -: 4641:struct __swappable_with<_Tp, _Up,  false> : false_type {};
        -: 4642:
        -: 4643:template <class _Tp, class _Up = _Tp, bool _Swappable = __swappable_with<_Tp, _Up>::value>
        -: 4644:struct __nothrow_swappable_with {
        -: 4645:  static const bool value =
        -: 4646:#ifndef _LIBCPP_HAS_NO_NOEXCEPT
        -: 4647:      noexcept(swap(_VSTD::declval<_Tp>(), _VSTD::declval<_Up>()))
        -: 4648:  &&  noexcept(swap(_VSTD::declval<_Up>(), _VSTD::declval<_Tp>()));
        -: 4649:#else
        -: 4650:      false;
        -: 4651:#endif
        -: 4652:};
        -: 4653:
        -: 4654:template <class _Tp, class _Up>
        -: 4655:struct __nothrow_swappable_with<_Tp, _Up, false> : false_type {};
        -: 4656:
        -: 4657:}  // __detail
        -: 4658:
        -: 4659:template <class _Tp>
        -: 4660:struct __is_swappable
        -: 4661:    : public integral_constant<bool, __detail::__swappable_with<_Tp&>::value>
        -: 4662:{
        -: 4663:};
        -: 4664:
        -: 4665:template <class _Tp>
        -: 4666:struct __is_nothrow_swappable
        -: 4667:    : public integral_constant<bool, __detail::__nothrow_swappable_with<_Tp&>::value>
        -: 4668:{
        -: 4669:};
        -: 4670:
        -: 4671:#if _LIBCPP_STD_VER > 14
        -: 4672:
        -: 4673:template <class _Tp, class _Up>
        -: 4674:struct _LIBCPP_TEMPLATE_VIS is_swappable_with
        -: 4675:    : public integral_constant<bool, __detail::__swappable_with<_Tp, _Up>::value>
        -: 4676:{
        -: 4677:};
        -: 4678:
        -: 4679:template <class _Tp>
        -: 4680:struct _LIBCPP_TEMPLATE_VIS is_swappable
        -: 4681:    : public conditional<
        -: 4682:        __is_referenceable<_Tp>::value,
        -: 4683:        is_swappable_with<
        -: 4684:            typename add_lvalue_reference<_Tp>::type,
        -: 4685:            typename add_lvalue_reference<_Tp>::type>,
        -: 4686:        false_type
        -: 4687:    >::type
        -: 4688:{
        -: 4689:};
        -: 4690:
        -: 4691:template <class _Tp, class _Up>
        -: 4692:struct _LIBCPP_TEMPLATE_VIS is_nothrow_swappable_with
        -: 4693:    : public integral_constant<bool, __detail::__nothrow_swappable_with<_Tp, _Up>::value>
        -: 4694:{
        -: 4695:};
        -: 4696:
        -: 4697:template <class _Tp>
        -: 4698:struct _LIBCPP_TEMPLATE_VIS is_nothrow_swappable
        -: 4699:    : public conditional<
        -: 4700:        __is_referenceable<_Tp>::value,
        -: 4701:        is_nothrow_swappable_with<
        -: 4702:            typename add_lvalue_reference<_Tp>::type,
        -: 4703:            typename add_lvalue_reference<_Tp>::type>,
        -: 4704:        false_type
        -: 4705:    >::type
        -: 4706:{
        -: 4707:};
        -: 4708:
        -: 4709:template <class _Tp, class _Up>
        -: 4710:_LIBCPP_INLINE_VAR constexpr bool is_swappable_with_v
        -: 4711:    = is_swappable_with<_Tp, _Up>::value;
        -: 4712:
        -: 4713:template <class _Tp>
        -: 4714:_LIBCPP_INLINE_VAR constexpr bool is_swappable_v
        -: 4715:    = is_swappable<_Tp>::value;
        -: 4716:
        -: 4717:template <class _Tp, class _Up>
        -: 4718:_LIBCPP_INLINE_VAR constexpr bool is_nothrow_swappable_with_v
        -: 4719:    = is_nothrow_swappable_with<_Tp, _Up>::value;
        -: 4720:
        -: 4721:template <class _Tp>
        -: 4722:_LIBCPP_INLINE_VAR constexpr bool is_nothrow_swappable_v
        -: 4723:    = is_nothrow_swappable<_Tp>::value;
        -: 4724:
        -: 4725:#endif // _LIBCPP_STD_VER > 14
        -: 4726:
        -: 4727:#ifdef _LIBCPP_UNDERLYING_TYPE
        -: 4728:
        -: 4729:template <class _Tp>
        -: 4730:struct underlying_type
        -: 4731:{
        -: 4732:    typedef _LIBCPP_UNDERLYING_TYPE(_Tp) type;
        -: 4733:};
        -: 4734:
        -: 4735:#if _LIBCPP_STD_VER > 11
        -: 4736:template <class _Tp> using underlying_type_t = typename underlying_type<_Tp>::type;
        -: 4737:#endif
        -: 4738:
        -: 4739:#else  // _LIBCPP_UNDERLYING_TYPE
        -: 4740:
        -: 4741:template <class _Tp, bool _Support = false>
        -: 4742:struct underlying_type
        -: 4743:{
        -: 4744:    static_assert(_Support, "The underyling_type trait requires compiler "
        -: 4745:                            "support. Either no such support exists or "
        -: 4746:                            "libc++ does not know how to use it.");
        -: 4747:};
        -: 4748:
        -: 4749:#endif // _LIBCPP_UNDERLYING_TYPE
        -: 4750:
        -: 4751:
        -: 4752:template <class _Tp, bool = is_enum<_Tp>::value>
        -: 4753:struct __sfinae_underlying_type
        -: 4754:{
        -: 4755:    typedef typename underlying_type<_Tp>::type type;
        -: 4756:    typedef decltype(((type)1) + 0) __promoted_type;
        -: 4757:};
        -: 4758:
        -: 4759:template <class _Tp>
        -: 4760:struct __sfinae_underlying_type<_Tp, false> {};
        -: 4761:
        -: 4762:inline _LIBCPP_INLINE_VISIBILITY _LIBCPP_CONSTEXPR
        -: 4763:int __convert_to_integral(int __val) { return __val; }
        -: 4764:
        -: 4765:inline _LIBCPP_INLINE_VISIBILITY _LIBCPP_CONSTEXPR
        -: 4766:unsigned __convert_to_integral(unsigned __val) { return __val; }
        -: 4767:
        -: 4768:inline _LIBCPP_INLINE_VISIBILITY _LIBCPP_CONSTEXPR
        -: 4769:long __convert_to_integral(long __val) { return __val; }
        -: 4770:
        -: 4771:inline _LIBCPP_INLINE_VISIBILITY _LIBCPP_CONSTEXPR
        -: 4772:unsigned long __convert_to_integral(unsigned long __val) { return __val; }
        -: 4773:
        -: 4774:inline _LIBCPP_INLINE_VISIBILITY _LIBCPP_CONSTEXPR
        -: 4775:long long __convert_to_integral(long long __val) { return __val; }
        -: 4776:
        -: 4777:inline _LIBCPP_INLINE_VISIBILITY _LIBCPP_CONSTEXPR
        -: 4778:unsigned long long __convert_to_integral(unsigned long long __val) {return __val; }
        -: 4779:
        -: 4780:template<typename _Fp>
        -: 4781:inline _LIBCPP_INLINE_VISIBILITY _LIBCPP_CONSTEXPR
        -: 4782:typename enable_if<is_floating_point<_Fp>::value, long long>::type
        -: 4783: __convert_to_integral(_Fp __val) { return __val; }
        -: 4784:
        -: 4785:#ifndef _LIBCPP_HAS_NO_INT128
        -: 4786:inline _LIBCPP_INLINE_VISIBILITY _LIBCPP_CONSTEXPR
        -: 4787:__int128_t __convert_to_integral(__int128_t __val) { return __val; }
        -: 4788:
        -: 4789:inline _LIBCPP_INLINE_VISIBILITY _LIBCPP_CONSTEXPR
        -: 4790:__uint128_t __convert_to_integral(__uint128_t __val) { return __val; }
        -: 4791:#endif
        -: 4792:
        -: 4793:template <class _Tp>
        -: 4794:inline _LIBCPP_INLINE_VISIBILITY _LIBCPP_CONSTEXPR
        -: 4795:typename __sfinae_underlying_type<_Tp>::__promoted_type
        -: 4796:__convert_to_integral(_Tp __val) { return __val; }
        -: 4797:
        -: 4798:#ifndef _LIBCPP_CXX03_LANG
        -: 4799:
        -: 4800:template <class _Tp>
        -: 4801:struct __has_operator_addressof_member_imp
        -: 4802:{
        -: 4803:    template <class _Up>
        -: 4804:        static auto __test(int)
        -: 4805:            -> typename __select_2nd<decltype(_VSTD::declval<_Up>().operator&()), true_type>::type;
        -: 4806:    template <class>
        -: 4807:        static auto __test(long) -> false_type;
        -: 4808:
        -: 4809:    static const bool value = decltype(__test<_Tp>(0))::value;
        -: 4810:};
        -: 4811:
        -: 4812:template <class _Tp>
        -: 4813:struct __has_operator_addressof_free_imp
        -: 4814:{
        -: 4815:    template <class _Up>
        -: 4816:        static auto __test(int)
        -: 4817:            -> typename __select_2nd<decltype(operator&(_VSTD::declval<_Up>())), true_type>::type;
        -: 4818:    template <class>
        -: 4819:        static auto __test(long) -> false_type;
        -: 4820:
        -: 4821:    static const bool value = decltype(__test<_Tp>(0))::value;
        -: 4822:};
        -: 4823:
        -: 4824:template <class _Tp>
        -: 4825:struct __has_operator_addressof
        -: 4826:    : public integral_constant<bool, __has_operator_addressof_member_imp<_Tp>::value
        -: 4827:                                  || __has_operator_addressof_free_imp<_Tp>::value>
        -: 4828:{};
        -: 4829:
        -: 4830:#endif  // _LIBCPP_CXX03_LANG
        -: 4831:
        -: 4832:#if _LIBCPP_STD_VER > 14
        -: 4833:
        -: 4834:template <class...> using void_t = void;
        -: 4835:
        -: 4836:# ifndef _LIBCPP_HAS_NO_VARIADICS
        -: 4837:template <class... _Args>
        -: 4838:struct conjunction : __and_<_Args...> {};
        -: 4839:template<class... _Args>
        -: 4840:_LIBCPP_INLINE_VAR constexpr bool conjunction_v
        -: 4841:    = conjunction<_Args...>::value;
        -: 4842:
        -: 4843:template <class... _Args>
        -: 4844:struct disjunction : __or_<_Args...> {};
        -: 4845:template<class... _Args>
        -: 4846:_LIBCPP_INLINE_VAR constexpr bool disjunction_v
        -: 4847:    = disjunction<_Args...>::value;
        -: 4848:
        -: 4849:template <class _Tp>
        -: 4850:struct negation : __not_<_Tp> {};
        -: 4851:template<class _Tp>
        -: 4852:_LIBCPP_INLINE_VAR constexpr bool negation_v
        -: 4853:    = negation<_Tp>::value;
        -: 4854:# endif // _LIBCPP_HAS_NO_VARIADICS
        -: 4855:#endif  // _LIBCPP_STD_VER > 14
        -: 4856:
        -: 4857:// These traits are used in __tree and __hash_table
        -: 4858:#ifndef _LIBCPP_CXX03_LANG
        -: 4859:struct __extract_key_fail_tag {};
        -: 4860:struct __extract_key_self_tag {};
        -: 4861:struct __extract_key_first_tag {};
        -: 4862:
        -: 4863:template <class _ValTy, class _Key,
        -: 4864:          class _RawValTy = typename __unconstref<_ValTy>::type>
        -: 4865:struct __can_extract_key
        -: 4866:    : conditional<is_same<_RawValTy, _Key>::value, __extract_key_self_tag,
        -: 4867:                  __extract_key_fail_tag>::type {};
        -: 4868:
        -: 4869:template <class _Pair, class _Key, class _First, class _Second>
        -: 4870:struct __can_extract_key<_Pair, _Key, pair<_First, _Second>>
        -: 4871:    : conditional<is_same<typename remove_const<_First>::type, _Key>::value,
        -: 4872:                  __extract_key_first_tag, __extract_key_fail_tag>::type {};
        -: 4873:
        -: 4874:// __can_extract_map_key uses true_type/false_type instead of the tags.
        -: 4875:// It returns true if _Key != _ContainerValueTy (the container is a map not a set)
        -: 4876:// and _ValTy == _Key.
        -: 4877:template <class _ValTy, class _Key, class _ContainerValueTy,
        -: 4878:          class _RawValTy = typename __unconstref<_ValTy>::type>
        -: 4879:struct __can_extract_map_key
        -: 4880:    : integral_constant<bool, is_same<_RawValTy, _Key>::value> {};
        -: 4881:
        -: 4882:// This specialization returns __extract_key_fail_tag for non-map containers
        -: 4883:// because _Key == _ContainerValueTy
        -: 4884:template <class _ValTy, class _Key, class _RawValTy>
        -: 4885:struct __can_extract_map_key<_ValTy, _Key, _Key, _RawValTy>
        -: 4886:    : false_type {};
        -: 4887:
        -: 4888:#endif
        -: 4889:
        -: 4890:#if _LIBCPP_STD_VER > 17
        -: 4891:enum class endian
        -: 4892:{
        -: 4893:    little = 0xDEAD,
        -: 4894:    big    = 0xFACE,
        -: 4895:#if defined(_LIBCPP_LITTLE_ENDIAN)
        -: 4896:    native = little
        -: 4897:#elif defined(_LIBCPP_BIG_ENDIAN)
        -: 4898:    native = big
        -: 4899:#else
        -: 4900:    native = 0xCAFE
        -: 4901:#endif
        -: 4902:};
        -: 4903:#endif
        -: 4904:
        -: 4905:#if _LIBCPP_STD_VER > 17 && !defined(_LIBCPP_HAS_NO_BUILTIN_IS_CONSTANT_EVALUATED)
        -: 4906:_LIBCPP_INLINE_VISIBILITY
        -: 4907:inline constexpr bool is_constant_evaluated() noexcept {
        -: 4908:  return __builtin_is_constant_evaluated();
        -: 4909:}
        -: 4910:#endif
        -: 4911:
        -: 4912:_LIBCPP_END_NAMESPACE_STD
        -: 4913:
        -: 4914:#if _LIBCPP_STD_VER > 14
        -: 4915:// std::byte
        -: 4916:namespace std  // purposefully not versioned
        -: 4917:{
        -: 4918:template <class _Integer>
        -: 4919:  constexpr typename enable_if<is_integral_v<_Integer>, byte>::type &
        -: 4920:  operator<<=(byte& __lhs, _Integer __shift) noexcept
        -: 4921:  { return __lhs = __lhs << __shift; }
        -: 4922:
        -: 4923:template <class _Integer>
        -: 4924:  constexpr typename enable_if<is_integral_v<_Integer>, byte>::type
        -: 4925:  operator<< (byte  __lhs, _Integer __shift) noexcept
        -: 4926:  { return static_cast<byte>(static_cast<unsigned char>(static_cast<unsigned int>(__lhs) << __shift)); }
        -: 4927:
        -: 4928:template <class _Integer>
        -: 4929:  constexpr typename enable_if<is_integral_v<_Integer>, byte>::type &
        -: 4930:  operator>>=(byte& __lhs, _Integer __shift) noexcept
        -: 4931:  { return __lhs = __lhs >> __shift; }
        -: 4932:
        -: 4933:template <class _Integer>
        -: 4934:  constexpr typename enable_if<is_integral_v<_Integer>, byte>::type
        -: 4935:  operator>> (byte  __lhs, _Integer __shift) noexcept
        -: 4936:  { return static_cast<byte>(static_cast<unsigned char>(static_cast<unsigned int>(__lhs) >> __shift)); }
        -: 4937:
        -: 4938:template <class _Integer>
        -: 4939:  constexpr typename enable_if<is_integral_v<_Integer>, _Integer>::type
        -: 4940:  to_integer(byte __b) noexcept { return static_cast<_Integer>(__b); }
        -: 4941:
        -: 4942:}
        -: 4943:#endif
        -: 4944:
        -: 4945:#endif  // _LIBCPP_TYPE_TRAITS
