        -:    0:Source:/Applications/Xcode.app/Contents/Developer/Toolchains/XcodeDefault.xctoolchain/usr/bin/../include/c++/v1/vector
        -:    0:Graph:/Users/paulcolta/Desktop/GitHub/Assignments_FP/Semester 2/OOP/Lab_5(6)/Lab 6 final/LABFINAL8/cmake-build-debug/CMakeFiles/LABFINAL8.dir/Movie.gcno
        -:    0:Data:/Users/paulcolta/Desktop/GitHub/Assignments_FP/Semester 2/OOP/Lab_5(6)/Lab 6 final/LABFINAL8/cmake-build-debug/CMakeFiles/LABFINAL8.dir/Movie.gcda
        -:    0:Runs:1
        -:    0:Programs:1
        -:    1:// -*- C++ -*-
        -:    2://===------------------------------ vector --------------------------------===//
        -:    3://
        -:    4:// Part of the LLVM Project, under the Apache License v2.0 with LLVM Exceptions.
        -:    5:// See https://llvm.org/LICENSE.txt for license information.
        -:    6:// SPDX-License-Identifier: Apache-2.0 WITH LLVM-exception
        -:    7://
        -:    8://===----------------------------------------------------------------------===//
        -:    9:
        -:   10:#ifndef _LIBCPP_VECTOR
        -:   11:#define _LIBCPP_VECTOR
        -:   12:
        -:   13:/*
        -:   14:    vector synopsis
        -:   15:
        -:   16:namespace std
        -:   17:{
        -:   18:
        -:   19:template <class T, class Allocator = allocator<T> >
        -:   20:class vector
        -:   21:{
        -:   22:public:
        -:   23:    typedef T                                        value_type;
        -:   24:    typedef Allocator                                allocator_type;
        -:   25:    typedef typename allocator_type::reference       reference;
        -:   26:    typedef typename allocator_type::const_reference const_reference;
        -:   27:    typedef implementation-defined                   iterator;
        -:   28:    typedef implementation-defined                   const_iterator;
        -:   29:    typedef typename allocator_type::size_type       size_type;
        -:   30:    typedef typename allocator_type::difference_type difference_type;
        -:   31:    typedef typename allocator_type::pointer         pointer;
        -:   32:    typedef typename allocator_type::const_pointer   const_pointer;
        -:   33:    typedef std::reverse_iterator<iterator>          reverse_iterator;
        -:   34:    typedef std::reverse_iterator<const_iterator>    const_reverse_iterator;
        -:   35:
        -:   36:    vector()
        -:   37:        noexcept(is_nothrow_default_constructible<allocator_type>::value);
        -:   38:    explicit vector(const allocator_type&);
        -:   39:    explicit vector(size_type n);
        -:   40:    explicit vector(size_type n, const allocator_type&); // C++14
        -:   41:    vector(size_type n, const value_type& value, const allocator_type& = allocator_type());
        -:   42:    template <class InputIterator>
        -:   43:        vector(InputIterator first, InputIterator last, const allocator_type& = allocator_type());
        -:   44:    vector(const vector& x);
        -:   45:    vector(vector&& x)
        -:   46:        noexcept(is_nothrow_move_constructible<allocator_type>::value);
        -:   47:    vector(initializer_list<value_type> il);
        -:   48:    vector(initializer_list<value_type> il, const allocator_type& a);
        -:   49:    ~vector();
        -:   50:    vector& operator=(const vector& x);
        -:   51:    vector& operator=(vector&& x)
        -:   52:        noexcept(
        -:   53:             allocator_type::propagate_on_container_move_assignment::value ||
        -:   54:             allocator_type::is_always_equal::value); // C++17
        -:   55:    vector& operator=(initializer_list<value_type> il);
        -:   56:    template <class InputIterator>
        -:   57:        void assign(InputIterator first, InputIterator last);
        -:   58:    void assign(size_type n, const value_type& u);
        -:   59:    void assign(initializer_list<value_type> il);
        -:   60:
        -:   61:    allocator_type get_allocator() const noexcept;
        -:   62:
        -:   63:    iterator               begin() noexcept;
        -:   64:    const_iterator         begin()   const noexcept;
        -:   65:    iterator               end() noexcept;
        -:   66:    const_iterator         end()     const noexcept;
        -:   67:
        -:   68:    reverse_iterator       rbegin() noexcept;
        -:   69:    const_reverse_iterator rbegin()  const noexcept;
        -:   70:    reverse_iterator       rend() noexcept;
        -:   71:    const_reverse_iterator rend()    const noexcept;
        -:   72:
        -:   73:    const_iterator         cbegin()  const noexcept;
        -:   74:    const_iterator         cend()    const noexcept;
        -:   75:    const_reverse_iterator crbegin() const noexcept;
        -:   76:    const_reverse_iterator crend()   const noexcept;
        -:   77:
        -:   78:    size_type size() const noexcept;
        -:   79:    size_type max_size() const noexcept;
        -:   80:    size_type capacity() const noexcept;
        -:   81:    bool empty() const noexcept;
        -:   82:    void reserve(size_type n);
        -:   83:    void shrink_to_fit() noexcept;
        -:   84:
        -:   85:    reference       operator[](size_type n);
        -:   86:    const_reference operator[](size_type n) const;
        -:   87:    reference       at(size_type n);
        -:   88:    const_reference at(size_type n) const;
        -:   89:
        -:   90:    reference       front();
        -:   91:    const_reference front() const;
        -:   92:    reference       back();
        -:   93:    const_reference back() const;
        -:   94:
        -:   95:    value_type*       data() noexcept;
        -:   96:    const value_type* data() const noexcept;
        -:   97:
        -:   98:    void push_back(const value_type& x);
        -:   99:    void push_back(value_type&& x);
        -:  100:    template <class... Args>
        -:  101:        reference emplace_back(Args&&... args); // reference in C++17
        -:  102:    void pop_back();
        -:  103:
        -:  104:    template <class... Args> iterator emplace(const_iterator position, Args&&... args);
        -:  105:    iterator insert(const_iterator position, const value_type& x);
        -:  106:    iterator insert(const_iterator position, value_type&& x);
        -:  107:    iterator insert(const_iterator position, size_type n, const value_type& x);
        -:  108:    template <class InputIterator>
        -:  109:        iterator insert(const_iterator position, InputIterator first, InputIterator last);
        -:  110:    iterator insert(const_iterator position, initializer_list<value_type> il);
        -:  111:
        -:  112:    iterator erase(const_iterator position);
        -:  113:    iterator erase(const_iterator first, const_iterator last);
        -:  114:
        -:  115:    void clear() noexcept;
        -:  116:
        -:  117:    void resize(size_type sz);
        -:  118:    void resize(size_type sz, const value_type& c);
        -:  119:
        -:  120:    void swap(vector&)
        -:  121:        noexcept(allocator_traits<allocator_type>::propagate_on_container_swap::value ||
        -:  122:                 allocator_traits<allocator_type>::is_always_equal::value);  // C++17
        -:  123:
        -:  124:    bool __invariants() const;
        -:  125:};
        -:  126:
        -:  127:template <class Allocator = allocator<T> >
        -:  128:class vector<bool, Allocator>
        -:  129:{
        -:  130:public:
        -:  131:    typedef bool                                     value_type;
        -:  132:    typedef Allocator                                allocator_type;
        -:  133:    typedef implementation-defined                   iterator;
        -:  134:    typedef implementation-defined                   const_iterator;
        -:  135:    typedef typename allocator_type::size_type       size_type;
        -:  136:    typedef typename allocator_type::difference_type difference_type;
        -:  137:    typedef iterator                                 pointer;
        -:  138:    typedef const_iterator                           const_pointer;
        -:  139:    typedef std::reverse_iterator<iterator>          reverse_iterator;
        -:  140:    typedef std::reverse_iterator<const_iterator>    const_reverse_iterator;
        -:  141:
        -:  142:    class reference
        -:  143:    {
        -:  144:    public:
        -:  145:        reference(const reference&) noexcept;
        -:  146:        operator bool() const noexcept;
        -:  147:        reference& operator=(const bool x) noexcept;
        -:  148:        reference& operator=(const reference& x) noexcept;
        -:  149:        iterator operator&() const noexcept;
        -:  150:        void flip() noexcept;
        -:  151:    };
        -:  152:
        -:  153:    class const_reference
        -:  154:    {
        -:  155:    public:
        -:  156:        const_reference(const reference&) noexcept;
        -:  157:        operator bool() const noexcept;
        -:  158:        const_iterator operator&() const noexcept;
        -:  159:    };
        -:  160:
        -:  161:    vector()
        -:  162:        noexcept(is_nothrow_default_constructible<allocator_type>::value);
        -:  163:    explicit vector(const allocator_type&);
        -:  164:    explicit vector(size_type n, const allocator_type& a = allocator_type()); // C++14
        -:  165:    vector(size_type n, const value_type& value, const allocator_type& = allocator_type());
        -:  166:    template <class InputIterator>
        -:  167:        vector(InputIterator first, InputIterator last, const allocator_type& = allocator_type());
        -:  168:    vector(const vector& x);
        -:  169:    vector(vector&& x)
        -:  170:        noexcept(is_nothrow_move_constructible<allocator_type>::value);
        -:  171:    vector(initializer_list<value_type> il);
        -:  172:    vector(initializer_list<value_type> il, const allocator_type& a);
        -:  173:    ~vector();
        -:  174:    vector& operator=(const vector& x);
        -:  175:    vector& operator=(vector&& x)
        -:  176:        noexcept(
        -:  177:             allocator_type::propagate_on_container_move_assignment::value ||
        -:  178:             allocator_type::is_always_equal::value); // C++17
        -:  179:    vector& operator=(initializer_list<value_type> il);
        -:  180:    template <class InputIterator>
        -:  181:        void assign(InputIterator first, InputIterator last);
        -:  182:    void assign(size_type n, const value_type& u);
        -:  183:    void assign(initializer_list<value_type> il);
        -:  184:
        -:  185:    allocator_type get_allocator() const noexcept;
        -:  186:
        -:  187:    iterator               begin() noexcept;
        -:  188:    const_iterator         begin()   const noexcept;
        -:  189:    iterator               end() noexcept;
        -:  190:    const_iterator         end()     const noexcept;
        -:  191:
        -:  192:    reverse_iterator       rbegin() noexcept;
        -:  193:    const_reverse_iterator rbegin()  const noexcept;
        -:  194:    reverse_iterator       rend() noexcept;
        -:  195:    const_reverse_iterator rend()    const noexcept;
        -:  196:
        -:  197:    const_iterator         cbegin()  const noexcept;
        -:  198:    const_iterator         cend()    const noexcept;
        -:  199:    const_reverse_iterator crbegin() const noexcept;
        -:  200:    const_reverse_iterator crend()   const noexcept;
        -:  201:
        -:  202:    size_type size() const noexcept;
        -:  203:    size_type max_size() const noexcept;
        -:  204:    size_type capacity() const noexcept;
        -:  205:    bool empty() const noexcept;
        -:  206:    void reserve(size_type n);
        -:  207:    void shrink_to_fit() noexcept;
        -:  208:
        -:  209:    reference       operator[](size_type n);
        -:  210:    const_reference operator[](size_type n) const;
        -:  211:    reference       at(size_type n);
        -:  212:    const_reference at(size_type n) const;
        -:  213:
        -:  214:    reference       front();
        -:  215:    const_reference front() const;
        -:  216:    reference       back();
        -:  217:    const_reference back() const;
        -:  218:
        -:  219:    void push_back(const value_type& x);
        -:  220:    template <class... Args> reference emplace_back(Args&&... args);  // C++14; reference in C++17
        -:  221:    void pop_back();
        -:  222:
        -:  223:    template <class... Args> iterator emplace(const_iterator position, Args&&... args);  // C++14
        -:  224:    iterator insert(const_iterator position, const value_type& x);
        -:  225:    iterator insert(const_iterator position, size_type n, const value_type& x);
        -:  226:    template <class InputIterator>
        -:  227:        iterator insert(const_iterator position, InputIterator first, InputIterator last);
        -:  228:    iterator insert(const_iterator position, initializer_list<value_type> il);
        -:  229:
        -:  230:    iterator erase(const_iterator position);
        -:  231:    iterator erase(const_iterator first, const_iterator last);
        -:  232:
        -:  233:    void clear() noexcept;
        -:  234:
        -:  235:    void resize(size_type sz);
        -:  236:    void resize(size_type sz, value_type x);
        -:  237:
        -:  238:    void swap(vector&)
        -:  239:        noexcept(allocator_traits<allocator_type>::propagate_on_container_swap::value ||
        -:  240:                 allocator_traits<allocator_type>::is_always_equal::value);  // C++17
        -:  241:    void flip() noexcept;
        -:  242:
        -:  243:    bool __invariants() const;
        -:  244:};
        -:  245:
        -:  246:template <class InputIterator, class Allocator = allocator<typename iterator_traits<InputIterator>::value_type>>
        -:  247:   vector(InputIterator, InputIterator, Allocator = Allocator())
        -:  248:   -> vector<typename iterator_traits<InputIterator>::value_type, Allocator>;
        -:  249:
        -:  250:template <class Allocator> struct hash<std::vector<bool, Allocator>>;
        -:  251:
        -:  252:template <class T, class Allocator> bool operator==(const vector<T,Allocator>& x, const vector<T,Allocator>& y);
        -:  253:template <class T, class Allocator> bool operator< (const vector<T,Allocator>& x, const vector<T,Allocator>& y);
        -:  254:template <class T, class Allocator> bool operator!=(const vector<T,Allocator>& x, const vector<T,Allocator>& y);
        -:  255:template <class T, class Allocator> bool operator> (const vector<T,Allocator>& x, const vector<T,Allocator>& y);
        -:  256:template <class T, class Allocator> bool operator>=(const vector<T,Allocator>& x, const vector<T,Allocator>& y);
        -:  257:template <class T, class Allocator> bool operator<=(const vector<T,Allocator>& x, const vector<T,Allocator>& y);
        -:  258:
        -:  259:template <class T, class Allocator>
        -:  260:void swap(vector<T,Allocator>& x, vector<T,Allocator>& y)
        -:  261:    noexcept(noexcept(x.swap(y)));
        -:  262:
        -:  263:template <class T, class Allocator, class U>
        -:  264:    void erase(vector<T, Allocator>& c, const U& value);       // C++20
        -:  265:template <class T, class Allocator, class Predicate>
        -:  266:    void erase_if(vector<T, Allocator>& c, Predicate pred);    // C++20
        -:  267:
        -:  268:}  // std
        -:  269:
        -:  270:*/
        -:  271:
        -:  272:#include <__config>
        -:  273:#include <iosfwd> // for forward declaration of vector
        -:  274:#include <__bit_reference>
        -:  275:#include <type_traits>
        -:  276:#include <climits>
        -:  277:#include <limits>
        -:  278:#include <initializer_list>
        -:  279:#include <memory>
        -:  280:#include <stdexcept>
        -:  281:#include <algorithm>
        -:  282:#include <cstring>
        -:  283:#include <__cxx_version>
        -:  284:#include <__split_buffer>
        -:  285:#include <__functional_base>
        -:  286:
        -:  287:#include <__debug>
        -:  288:
        -:  289:#if !defined(_LIBCPP_HAS_NO_PRAGMA_SYSTEM_HEADER)
        -:  290:#pragma GCC system_header
        -:  291:#endif
        -:  292:
        -:  293:_LIBCPP_PUSH_MACROS
        -:  294:#include <__undef_macros>
        -:  295:
        -:  296:
        -:  297:_LIBCPP_BEGIN_NAMESPACE_STD
        -:  298:
        -:  299:template <bool>
        -:  300:class __vector_base_common
        -:  301:{
        -:  302:protected:
        -:  303:    _LIBCPP_INLINE_VISIBILITY __vector_base_common() {}
       29:  304:    _LIBCPP_NORETURN void __throw_length_error() const;
       29:  304-block  0
       29:  304-block  1
        -:  305:    _LIBCPP_NORETURN void __throw_out_of_range() const;
        -:  306:};
        -:  307:
        -:  308:template <bool __b>
        -:  309:void
        -:  310:__vector_base_common<__b>::__throw_length_error() const
        -:  311:{
        -:  312:    _VSTD::__throw_length_error("vector");
        -:  313:}
        -:  314:
        -:  315:template <bool __b>
        -:  316:void
        -:  317:__vector_base_common<__b>::__throw_out_of_range() const
        -:  318:{
        -:  319:    _VSTD::__throw_out_of_range("vector");
        -:  320:}
        -:  321:
        -:  322:_LIBCPP_EXTERN_TEMPLATE(class _LIBCPP_EXTERN_TEMPLATE_TYPE_VIS __vector_base_common<true>)
        -:  323:
        -:  324:template <class _Tp, class _Allocator>
        -:  325:class __vector_base
        -:  326:    : protected __vector_base_common<true>
        -:  327:{
        -:  328:public:
        -:  329:    typedef _Allocator                               allocator_type;
        -:  330:    typedef allocator_traits<allocator_type>         __alloc_traits;
        -:  331:    typedef typename __alloc_traits::size_type       size_type;
        -:  332:protected:
        -:  333:    typedef _Tp                                      value_type;
        -:  334:    typedef value_type&                              reference;
        -:  335:    typedef const value_type&                        const_reference;
        -:  336:    typedef typename __alloc_traits::difference_type difference_type;
        -:  337:    typedef typename __alloc_traits::pointer         pointer;
        -:  338:    typedef typename __alloc_traits::const_pointer   const_pointer;
        -:  339:    typedef pointer                                  iterator;
        -:  340:    typedef const_pointer                            const_iterator;
        -:  341:
        -:  342:    pointer                                         __begin_;
        -:  343:    pointer                                         __end_;
        -:  344:    __compressed_pair<pointer, allocator_type> __end_cap_;
        -:  345:
        -:  346:    _LIBCPP_INLINE_VISIBILITY
        -:  347:    allocator_type& __alloc() _NOEXCEPT
       37:  348:        {return __end_cap_.second();}
       37:  348-block  0
       37:  349:    _LIBCPP_INLINE_VISIBILITY
       37:  349-block  0
        -:  350:    const allocator_type& __alloc() const _NOEXCEPT
    #####:  351:        {return __end_cap_.second();}
    $$$$$:  351-block  0
    #####:  352:    _LIBCPP_INLINE_VISIBILITY
    $$$$$:  352-block  0
        -:  353:    pointer& __end_cap() _NOEXCEPT
       53:  354:        {return __end_cap_.first();}
       53:  354-block  0
       53:  355:    _LIBCPP_INLINE_VISIBILITY
       53:  355-block  0
        -:  356:    const pointer& __end_cap() const _NOEXCEPT
      100:  357:        {return __end_cap_.first();}
      100:  357-block  0
      100:  358:
      100:  358-block  0
        -:  359:    _LIBCPP_INLINE_VISIBILITY
        -:  360:    __vector_base()
       29:  361:        _NOEXCEPT_(is_nothrow_default_constructible<allocator_type>::value);
       29:  361-block  0
    $$$$$:  361-block  1
        -:  362:    _LIBCPP_INLINE_VISIBILITY __vector_base(const allocator_type& __a);
        -:  363:#ifndef _LIBCPP_CXX03_LANG
        -:  364:    _LIBCPP_INLINE_VISIBILITY __vector_base(allocator_type&& __a) _NOEXCEPT;
        -:  365:#endif
        -:  366:    ~__vector_base();
        -:  367:
        -:  368:    _LIBCPP_INLINE_VISIBILITY
        -:  369:    void clear() _NOEXCEPT {__destruct_at_end(__begin_);}
    #####:  370:    _LIBCPP_INLINE_VISIBILITY
    $$$$$:  370-block  0
    $$$$$:  370-block  1
        -:  371:    size_type capacity() const _NOEXCEPT
      100:  372:        {return static_cast<size_type>(__end_cap() - __begin_);}
      100:  372-block  0
      100:  373:
      100:  373-block  0
        -:  374:    _LIBCPP_INLINE_VISIBILITY
        -:  375:    void __destruct_at_end(pointer __new_last) _NOEXCEPT;
        -:  376:
        -:  377:    _LIBCPP_INLINE_VISIBILITY
        -:  378:    void __copy_assign_alloc(const __vector_base& __c)
        7:  379:        {__copy_assign_alloc(__c, integral_constant<bool,
        7:  379-block  0
        7:  380:                      __alloc_traits::propagate_on_container_copy_assignment::value>());}
        7:  381:
        7:  381-block  0
        -:  382:    _LIBCPP_INLINE_VISIBILITY
        -:  383:    void __move_assign_alloc(__vector_base& __c)
        -:  384:        _NOEXCEPT_(
        -:  385:            !__alloc_traits::propagate_on_container_move_assignment::value ||
        -:  386:            is_nothrow_move_assignable<allocator_type>::value)
        -:  387:        {__move_assign_alloc(__c, integral_constant<bool,
        -:  388:                      __alloc_traits::propagate_on_container_move_assignment::value>());}
        -:  389:private:
        -:  390:    _LIBCPP_INLINE_VISIBILITY
        -:  391:    void __copy_assign_alloc(const __vector_base& __c, true_type)
        -:  392:        {
        -:  393:            if (__alloc() != __c.__alloc())
        -:  394:            {
        -:  395:                clear();
        -:  396:                __alloc_traits::deallocate(__alloc(), __begin_, capacity());
        -:  397:                __begin_ = __end_ = __end_cap() = nullptr;
        -:  398:            }
        -:  399:            __alloc() = __c.__alloc();
        -:  400:        }
        -:  401:
        -:  402:    _LIBCPP_INLINE_VISIBILITY
        -:  403:    void __copy_assign_alloc(const __vector_base&, false_type)
        7:  404:        {}
        7:  404-block  0
        7:  405:
        7:  405-block  0
        -:  406:    _LIBCPP_INLINE_VISIBILITY
        -:  407:    void __move_assign_alloc(__vector_base& __c, true_type)
        -:  408:        _NOEXCEPT_(is_nothrow_move_assignable<allocator_type>::value)
        -:  409:        {
        -:  410:            __alloc() = _VSTD::move(__c.__alloc());
        -:  411:        }
        -:  412:
        -:  413:    _LIBCPP_INLINE_VISIBILITY
        -:  414:    void __move_assign_alloc(__vector_base&, false_type)
        -:  415:        _NOEXCEPT
        -:  416:        {}
        -:  417:};
        -:  418:
        -:  419:template <class _Tp, class _Allocator>
        -:  420:inline _LIBCPP_INLINE_VISIBILITY
        -:  421:void
        -:  422:__vector_base<_Tp, _Allocator>::__destruct_at_end(pointer __new_last) _NOEXCEPT
    #####:  423:{
    $$$$$:  423-block  0
        -:  424:    pointer __soon_to_be_end = __end_;
    #####:  425:    while (__new_last != __soon_to_be_end)
    #####:  426:        __alloc_traits::destroy(__alloc(), _VSTD::__to_raw_pointer(--__soon_to_be_end));
    $$$$$:  426-block  0
    $$$$$:  426-block  1
    $$$$$:  426-block  2
    #####:  427:    __end_ = __new_last;
    $$$$$:  427-block  0
    $$$$$:  427-block  1
    #####:  428:}
    #####:  429:
    $$$$$:  429-block  0
        -:  430:template <class _Tp, class _Allocator>
        -:  431:inline _LIBCPP_INLINE_VISIBILITY
        -:  432:__vector_base<_Tp, _Allocator>::__vector_base()
       29:  433:        _NOEXCEPT_(is_nothrow_default_constructible<allocator_type>::value)
       29:  433-block  0
        -:  434:    : __begin_(nullptr),
       29:  435:      __end_(nullptr),
       29:  436:      __end_cap_(nullptr)
       29:  437:{
       29:  437-block  0
       29:  438:}
       29:  439:
       29:  439-block  0
        -:  440:template <class _Tp, class _Allocator>
        -:  441:inline _LIBCPP_INLINE_VISIBILITY
        -:  442:__vector_base<_Tp, _Allocator>::__vector_base(const allocator_type& __a)
        -:  443:    : __begin_(nullptr),
        -:  444:      __end_(nullptr),
        -:  445:      __end_cap_(nullptr, __a)
        -:  446:{
        -:  447:}
        -:  448:
        -:  449:#ifndef _LIBCPP_CXX03_LANG
        -:  450:template <class _Tp, class _Allocator>
        -:  451:inline _LIBCPP_INLINE_VISIBILITY
        -:  452:__vector_base<_Tp, _Allocator>::__vector_base(allocator_type&& __a) _NOEXCEPT
        -:  453:    : __begin_(nullptr),
        -:  454:      __end_(nullptr),
        -:  455:      __end_cap_(nullptr, std::move(__a)) {}
        -:  456:#endif
        -:  457:
        -:  458:template <class _Tp, class _Allocator>
        -:  459:__vector_base<_Tp, _Allocator>::~__vector_base()
    #####:  460:{
    $$$$$:  460-block  0
        -:  461:    if (__begin_ != nullptr)
    #####:  462:    {
    $$$$$:  462-block  0
        -:  463:        clear();
    #####:  464:        __alloc_traits::deallocate(__alloc(), __begin_, capacity());
    #####:  465:    }
    #####:  466:}
    $$$$$:  466-block  0
    #####:  467:
    $$$$$:  467-block  0
        -:  468:template <class _Tp, class _Allocator /* = allocator<_Tp> */>
        -:  469:class _LIBCPP_TEMPLATE_VIS vector
        -:  470:    : private __vector_base<_Tp, _Allocator>
        -:  471:{
        -:  472:private:
        -:  473:    typedef __vector_base<_Tp, _Allocator>           __base;
        -:  474:    typedef allocator<_Tp>                           __default_allocator_type;
        -:  475:public:
        -:  476:    typedef vector                                   __self;
        -:  477:    typedef _Tp                                      value_type;
        -:  478:    typedef _Allocator                               allocator_type;
        -:  479:    typedef typename __base::__alloc_traits          __alloc_traits;
        -:  480:    typedef typename __base::reference               reference;
        -:  481:    typedef typename __base::const_reference         const_reference;
        -:  482:    typedef typename __base::size_type               size_type;
        -:  483:    typedef typename __base::difference_type         difference_type;
        -:  484:    typedef typename __base::pointer                 pointer;
        -:  485:    typedef typename __base::const_pointer           const_pointer;
        -:  486:    typedef __wrap_iter<pointer>                     iterator;
        -:  487:    typedef __wrap_iter<const_pointer>               const_iterator;
        -:  488:    typedef _VSTD::reverse_iterator<iterator>         reverse_iterator;
        -:  489:    typedef _VSTD::reverse_iterator<const_iterator>   const_reverse_iterator;
        -:  490:
        -:  491:    static_assert((is_same<typename allocator_type::value_type, value_type>::value),
        -:  492:                  "Allocator::value_type must be same type as value_type");
        -:  493:
        -:  494:    _LIBCPP_INLINE_VISIBILITY
        -:  495:    vector() _NOEXCEPT_(is_nothrow_default_constructible<allocator_type>::value)
       42:  496:        {
       21:  496-block  0
       21:  496-block  1
       42:  497:#if _LIBCPP_DEBUG_LEVEL >= 2
        -:  498:            __get_db()->__insert_c(this);
        -:  499:#endif
        -:  500:        }
       42:  501:    _LIBCPP_INLINE_VISIBILITY explicit vector(const allocator_type& __a)
       21:  501-block  0
       21:  501-block  1
        -:  502:#if _LIBCPP_STD_VER <= 14
        -:  503:        _NOEXCEPT_(is_nothrow_copy_constructible<allocator_type>::value)
        -:  504:#else
        -:  505:        _NOEXCEPT
        -:  506:#endif
        -:  507:        : __base(__a)
        -:  508:    {
        -:  509:#if _LIBCPP_DEBUG_LEVEL >= 2
        -:  510:        __get_db()->__insert_c(this);
        -:  511:#endif
        -:  512:    }
        -:  513:    explicit vector(size_type __n);
        -:  514:#if _LIBCPP_STD_VER > 11
        -:  515:    explicit vector(size_type __n, const allocator_type& __a);
        -:  516:#endif
        -:  517:    vector(size_type __n, const value_type& __x);
        -:  518:    vector(size_type __n, const value_type& __x, const allocator_type& __a);
        -:  519:    template <class _InputIterator>
        -:  520:        vector(_InputIterator __first,
        -:  521:               typename enable_if<__is_input_iterator  <_InputIterator>::value &&
        -:  522:                                 !__is_forward_iterator<_InputIterator>::value &&
        -:  523:                                 is_constructible<
        -:  524:                                    value_type,
        -:  525:                                    typename iterator_traits<_InputIterator>::reference>::value,
        -:  526:                                 _InputIterator>::type __last);
        -:  527:    template <class _InputIterator>
        -:  528:        vector(_InputIterator __first, _InputIterator __last, const allocator_type& __a,
        -:  529:               typename enable_if<__is_input_iterator  <_InputIterator>::value &&
        -:  530:                                 !__is_forward_iterator<_InputIterator>::value &&
        -:  531:                                 is_constructible<
        -:  532:                                    value_type,
        -:  533:                                    typename iterator_traits<_InputIterator>::reference>::value>::type* = 0);
        -:  534:    template <class _ForwardIterator>
        -:  535:        vector(_ForwardIterator __first,
        -:  536:               typename enable_if<__is_forward_iterator<_ForwardIterator>::value &&
        -:  537:                                 is_constructible<
        -:  538:                                    value_type,
        -:  539:                                    typename iterator_traits<_ForwardIterator>::reference>::value,
        -:  540:                                 _ForwardIterator>::type __last);
        -:  541:    template <class _ForwardIterator>
        -:  542:        vector(_ForwardIterator __first, _ForwardIterator __last, const allocator_type& __a,
        -:  543:               typename enable_if<__is_forward_iterator<_ForwardIterator>::value &&
        -:  544:                                 is_constructible<
        -:  545:                                    value_type,
        -:  546:                                    typename iterator_traits<_ForwardIterator>::reference>::value>::type* = 0);
        -:  547:
        -:  548:    _LIBCPP_INLINE_VISIBILITY
        -:  549:    ~vector()
       56:  550:    {
       28:  550-block  0
       28:  550-block  1
       28:  551:        __annotate_delete();
       28:  552:#if _LIBCPP_DEBUG_LEVEL >= 2
       28:  552-block  0
        -:  553:        __get_db()->__erase_c(this);
        -:  554:#endif
        -:  555:    }
       56:  556:
       28:  556-block  0
       28:  556-block  1
    $$$$$:  556-block  2
    $$$$$:  556-block  3
        -:  557:    vector(const vector& __x);
        -:  558:    vector(const vector& __x, const allocator_type& __a);
        -:  559:    _LIBCPP_INLINE_VISIBILITY
        -:  560:    vector& operator=(const vector& __x);
        -:  561:
        -:  562:#ifndef _LIBCPP_CXX03_LANG
        -:  563:    _LIBCPP_INLINE_VISIBILITY
        -:  564:    vector(initializer_list<value_type> __il);
        8:  565:
        -:  566:    _LIBCPP_INLINE_VISIBILITY
        -:  567:    vector(initializer_list<value_type> __il, const allocator_type& __a);
        -:  568:
        -:  569:    _LIBCPP_INLINE_VISIBILITY
        -:  570:    vector(vector&& __x)
        -:  571:#if _LIBCPP_STD_VER > 14
        -:  572:        _NOEXCEPT;
        -:  573:#else
        -:  574:        _NOEXCEPT_(is_nothrow_move_constructible<allocator_type>::value);
        -:  575:#endif
        -:  576:
        -:  577:    _LIBCPP_INLINE_VISIBILITY
        -:  578:    vector(vector&& __x, const allocator_type& __a);
        -:  579:    _LIBCPP_INLINE_VISIBILITY
        -:  580:    vector& operator=(vector&& __x)
        -:  581:        _NOEXCEPT_((__noexcept_move_assign_container<_Allocator, __alloc_traits>::value));
        -:  582:
        -:  583:    _LIBCPP_INLINE_VISIBILITY
        -:  584:    vector& operator=(initializer_list<value_type> __il)
        -:  585:        {assign(__il.begin(), __il.end()); return *this;}
        -:  586:
        -:  587:#endif  // !_LIBCPP_CXX03_LANG
        -:  588:
        -:  589:    template <class _InputIterator>
        -:  590:        typename enable_if
        -:  591:        <
        -:  592:             __is_input_iterator  <_InputIterator>::value &&
        -:  593:            !__is_forward_iterator<_InputIterator>::value &&
        -:  594:            is_constructible<
        -:  595:                 value_type,
        -:  596:                 typename iterator_traits<_InputIterator>::reference>::value,
        -:  597:            void
        -:  598:        >::type
        -:  599:        assign(_InputIterator __first, _InputIterator __last);
        -:  600:    template <class _ForwardIterator>
        -:  601:        typename enable_if
        -:  602:        <
        -:  603:            __is_forward_iterator<_ForwardIterator>::value &&
        -:  604:            is_constructible<
        -:  605:                 value_type,
        -:  606:                 typename iterator_traits<_ForwardIterator>::reference>::value,
        -:  607:            void
        -:  608:        >::type
        -:  609:        assign(_ForwardIterator __first, _ForwardIterator __last);
        -:  610:
        -:  611:    void assign(size_type __n, const_reference __u);
        -:  612:
        -:  613:#ifndef _LIBCPP_CXX03_LANG
        -:  614:    _LIBCPP_INLINE_VISIBILITY
        -:  615:    void assign(initializer_list<value_type> __il)
        -:  616:        {assign(__il.begin(), __il.end());}
        -:  617:#endif
        -:  618:
        -:  619:    _LIBCPP_INLINE_VISIBILITY
        -:  620:    allocator_type get_allocator() const _NOEXCEPT
        -:  621:        {return this->__alloc();}
        -:  622:
        -:  623:    _LIBCPP_INLINE_VISIBILITY iterator               begin() _NOEXCEPT;
        -:  624:    _LIBCPP_INLINE_VISIBILITY const_iterator         begin()   const _NOEXCEPT;
        -:  625:    _LIBCPP_INLINE_VISIBILITY iterator               end() _NOEXCEPT;
        -:  626:    _LIBCPP_INLINE_VISIBILITY const_iterator         end()     const _NOEXCEPT;
        -:  627:
        -:  628:    _LIBCPP_INLINE_VISIBILITY
        -:  629:    reverse_iterator       rbegin() _NOEXCEPT
        -:  630:        {return       reverse_iterator(end());}
        -:  631:    _LIBCPP_INLINE_VISIBILITY
        -:  632:    const_reverse_iterator rbegin()  const _NOEXCEPT
        -:  633:        {return const_reverse_iterator(end());}
        -:  634:    _LIBCPP_INLINE_VISIBILITY
        -:  635:    reverse_iterator       rend() _NOEXCEPT
        -:  636:        {return       reverse_iterator(begin());}
        -:  637:    _LIBCPP_INLINE_VISIBILITY
        -:  638:    const_reverse_iterator rend()    const _NOEXCEPT
        -:  639:        {return const_reverse_iterator(begin());}
        -:  640:
        -:  641:    _LIBCPP_INLINE_VISIBILITY
        -:  642:    const_iterator         cbegin()  const _NOEXCEPT
        -:  643:        {return begin();}
        -:  644:    _LIBCPP_INLINE_VISIBILITY
        -:  645:    const_iterator         cend()    const _NOEXCEPT
        -:  646:        {return end();}
        -:  647:    _LIBCPP_INLINE_VISIBILITY
        -:  648:    const_reverse_iterator crbegin() const _NOEXCEPT
        -:  649:        {return rbegin();}
        -:  650:    _LIBCPP_INLINE_VISIBILITY
        -:  651:    const_reverse_iterator crend()   const _NOEXCEPT
        -:  652:        {return rend();}
        -:  653:
        -:  654:    _LIBCPP_INLINE_VISIBILITY
        -:  655:    size_type size() const _NOEXCEPT
       28:  656:        {return static_cast<size_type>(this->__end_ - this->__begin_);}
       28:  656-block  0
       28:  657:    _LIBCPP_INLINE_VISIBILITY
       28:  657-block  0
        -:  658:    size_type capacity() const _NOEXCEPT
      100:  659:        {return __base::capacity();}
      100:  659-block  0
      100:  660:    _LIBCPP_NODISCARD_AFTER_CXX17 _LIBCPP_INLINE_VISIBILITY
      100:  660-block  0
        -:  661:    bool empty() const _NOEXCEPT
        -:  662:        {return this->__begin_ == this->__end_;}
        -:  663:    size_type max_size() const _NOEXCEPT;
        -:  664:    void reserve(size_type __n);
        -:  665:    void shrink_to_fit() _NOEXCEPT;
        -:  666:
        -:  667:    _LIBCPP_INLINE_VISIBILITY reference       operator[](size_type __n) _NOEXCEPT;
        -:  668:    _LIBCPP_INLINE_VISIBILITY const_reference operator[](size_type __n) const _NOEXCEPT;
        -:  669:    reference       at(size_type __n);
        -:  670:    const_reference at(size_type __n) const;
        -:  671:
        -:  672:    _LIBCPP_INLINE_VISIBILITY reference       front() _NOEXCEPT
        -:  673:    {
        -:  674:        _LIBCPP_ASSERT(!empty(), "front() called for empty vector");
        -:  675:        return *this->__begin_;
        -:  676:    }
        -:  677:    _LIBCPP_INLINE_VISIBILITY const_reference front() const _NOEXCEPT
        -:  678:    {
        -:  679:        _LIBCPP_ASSERT(!empty(), "front() called for empty vector");
        -:  680:        return *this->__begin_;
        -:  681:    }
        -:  682:    _LIBCPP_INLINE_VISIBILITY reference       back() _NOEXCEPT
        -:  683:    {
        -:  684:        _LIBCPP_ASSERT(!empty(), "back() called for empty vector");
        -:  685:        return *(this->__end_ - 1);
        -:  686:    }
        -:  687:    _LIBCPP_INLINE_VISIBILITY const_reference back()  const _NOEXCEPT
        -:  688:    {
        -:  689:        _LIBCPP_ASSERT(!empty(), "back() called for empty vector");
        -:  690:        return *(this->__end_ - 1);
        -:  691:    }
        -:  692:
        -:  693:    _LIBCPP_INLINE_VISIBILITY
        -:  694:    value_type*       data() _NOEXCEPT
        -:  695:        {return _VSTD::__to_raw_pointer(this->__begin_);}
        -:  696:    _LIBCPP_INLINE_VISIBILITY
        -:  697:    const value_type* data() const _NOEXCEPT
      172:  698:        {return _VSTD::__to_raw_pointer(this->__begin_);}
      172:  698-block  0
      172:  699:
      172:  699-block  0
        -:  700:#ifdef _LIBCPP_CXX03_LANG
        -:  701:    _LIBCPP_INLINE_VISIBILITY
        -:  702:    void __emplace_back(const value_type& __x) { push_back(__x); }
        -:  703:#else
        -:  704:    template <class _Arg>
        -:  705:    _LIBCPP_INLINE_VISIBILITY
        -:  706:    void __emplace_back(_Arg&& __arg) {
        -:  707:      emplace_back(_VSTD::forward<_Arg>(__arg));
        -:  708:    }
        -:  709:#endif
        -:  710:
        -:  711:    _LIBCPP_INLINE_VISIBILITY void push_back(const_reference __x);
        -:  712:
        -:  713:#ifndef _LIBCPP_CXX03_LANG
        -:  714:    _LIBCPP_INLINE_VISIBILITY void push_back(value_type&& __x);
        -:  715:
        -:  716:    template <class... _Args>
        -:  717:        _LIBCPP_INLINE_VISIBILITY
        -:  718:#if _LIBCPP_STD_VER > 14
        -:  719:        reference emplace_back(_Args&&... __args);
        -:  720:#else
        -:  721:        void      emplace_back(_Args&&... __args);
        -:  722:#endif
        -:  723:#endif // !_LIBCPP_CXX03_LANG
        -:  724:
        -:  725:    _LIBCPP_INLINE_VISIBILITY
        -:  726:    void pop_back();
        -:  727:
        -:  728:    iterator insert(const_iterator __position, const_reference __x);
        -:  729:
        -:  730:#ifndef _LIBCPP_CXX03_LANG
        -:  731:    iterator insert(const_iterator __position, value_type&& __x);
        -:  732:    template <class... _Args>
        -:  733:        iterator emplace(const_iterator __position, _Args&&... __args);
        -:  734:#endif  // !_LIBCPP_CXX03_LANG
        -:  735:
        -:  736:    iterator insert(const_iterator __position, size_type __n, const_reference __x);
        -:  737:    template <class _InputIterator>
        -:  738:        typename enable_if
        -:  739:        <
        -:  740:             __is_input_iterator  <_InputIterator>::value &&
        -:  741:            !__is_forward_iterator<_InputIterator>::value &&
        -:  742:            is_constructible<
        -:  743:                 value_type,
        -:  744:                 typename iterator_traits<_InputIterator>::reference>::value,
        -:  745:            iterator
        -:  746:        >::type
        -:  747:        insert(const_iterator __position, _InputIterator __first, _InputIterator __last);
        -:  748:    template <class _ForwardIterator>
        -:  749:        typename enable_if
        -:  750:        <
        -:  751:            __is_forward_iterator<_ForwardIterator>::value &&
        -:  752:            is_constructible<
        -:  753:                 value_type,
        -:  754:                 typename iterator_traits<_ForwardIterator>::reference>::value,
        -:  755:            iterator
        -:  756:        >::type
        -:  757:        insert(const_iterator __position, _ForwardIterator __first, _ForwardIterator __last);
        -:  758:
        -:  759:#ifndef _LIBCPP_CXX03_LANG
        -:  760:    _LIBCPP_INLINE_VISIBILITY
        -:  761:    iterator insert(const_iterator __position, initializer_list<value_type> __il)
        -:  762:        {return insert(__position, __il.begin(), __il.end());}
        -:  763:#endif
        -:  764:
        -:  765:    _LIBCPP_INLINE_VISIBILITY iterator erase(const_iterator __position);
        -:  766:    iterator erase(const_iterator __first, const_iterator __last);
        -:  767:
        -:  768:    _LIBCPP_INLINE_VISIBILITY
        -:  769:    void clear() _NOEXCEPT
    #####:  770:    {
    $$$$$:  770-block  0
        -:  771:        size_type __old_size = size();
    #####:  772:        __base::clear();
    #####:  773:        __annotate_shrink(__old_size);
    #####:  774:        __invalidate_all_iterators();
    $$$$$:  774-block  0
    $$$$$:  774-block  1
    #####:  775:    }
    $$$$$:  775-block  0
    #####:  776:
    $$$$$:  776-block  0
        -:  777:    void resize(size_type __sz);
        -:  778:    void resize(size_type __sz, const_reference __x);
        -:  779:
        -:  780:    void swap(vector&)
        -:  781:#if _LIBCPP_STD_VER >= 14
        -:  782:        _NOEXCEPT;
        -:  783:#else
        -:  784:        _NOEXCEPT_(!__alloc_traits::propagate_on_container_swap::value ||
        -:  785:                    __is_nothrow_swappable<allocator_type>::value);
        -:  786:#endif
        -:  787:
        -:  788:    bool __invariants() const;
        -:  789:
        -:  790:#if _LIBCPP_DEBUG_LEVEL >= 2
        -:  791:
        -:  792:    bool __dereferenceable(const const_iterator* __i) const;
        -:  793:    bool __decrementable(const const_iterator* __i) const;
        -:  794:    bool __addable(const const_iterator* __i, ptrdiff_t __n) const;
        -:  795:    bool __subscriptable(const const_iterator* __i, ptrdiff_t __n) const;
        -:  796:
        -:  797:#endif  // _LIBCPP_DEBUG_LEVEL >= 2
        -:  798:
        -:  799:private:
        -:  800:    _LIBCPP_INLINE_VISIBILITY void __invalidate_all_iterators();
        -:  801:    _LIBCPP_INLINE_VISIBILITY void __invalidate_iterators_past(pointer __new_last);
        -:  802:    void __vallocate(size_type __n);
        -:  803:    void __vdeallocate() _NOEXCEPT;
        -:  804:    _LIBCPP_INLINE_VISIBILITY size_type __recommend(size_type __new_size) const;
        -:  805:    void __construct_at_end(size_type __n);
        -:  806:    _LIBCPP_INLINE_VISIBILITY
        -:  807:    void __construct_at_end(size_type __n, const_reference __x);
        -:  808:    template <class _ForwardIterator>
        -:  809:        typename enable_if
        -:  810:        <
        -:  811:            __is_forward_iterator<_ForwardIterator>::value,
        -:  812:            void
        -:  813:        >::type
        -:  814:        __construct_at_end(_ForwardIterator __first, _ForwardIterator __last, size_type __n);
        -:  815:    void __append(size_type __n);
        -:  816:    void __append(size_type __n, const_reference __x);
        -:  817:    _LIBCPP_INLINE_VISIBILITY
        -:  818:    iterator       __make_iter(pointer __p) _NOEXCEPT;
        -:  819:    _LIBCPP_INLINE_VISIBILITY
        -:  820:    const_iterator __make_iter(const_pointer __p) const _NOEXCEPT;
        -:  821:    void __swap_out_circular_buffer(__split_buffer<value_type, allocator_type&>& __v);
        -:  822:    pointer __swap_out_circular_buffer(__split_buffer<value_type, allocator_type&>& __v, pointer __p);
        -:  823:    void __move_range(pointer __from_s, pointer __from_e, pointer __to);
        -:  824:    void __move_assign(vector& __c, true_type)
        -:  825:        _NOEXCEPT_(is_nothrow_move_assignable<allocator_type>::value);
        -:  826:    void __move_assign(vector& __c, false_type)
        -:  827:        _NOEXCEPT_(__alloc_traits::is_always_equal::value);
        -:  828:    _LIBCPP_INLINE_VISIBILITY
        -:  829:    void __destruct_at_end(pointer __new_last) _NOEXCEPT
    #####:  830:    {
    $$$$$:  830-block  0
        -:  831:        __invalidate_iterators_past(__new_last);
    #####:  832:        size_type __old_size = size();
    $$$$$:  832-block  0
    $$$$$:  832-block  1
    #####:  833:        __base::__destruct_at_end(__new_last);
    #####:  834:        __annotate_shrink(__old_size);
    #####:  835:    }
    $$$$$:  835-block  0
    #####:  836:
    $$$$$:  836-block  0
        -:  837:#ifndef _LIBCPP_CXX03_LANG
        -:  838:    template <class _Up> void __push_back_slow_path(_Up&& __x);
        -:  839:
        -:  840:    template <class... _Args>
        -:  841:    void __emplace_back_slow_path(_Args&&... __args);
        -:  842:#else
        -:  843:    template <class _Up> void __push_back_slow_path(_Up& __x);
        -:  844:#endif
        -:  845:
        -:  846:    // The following functions are no-ops outside of AddressSanitizer mode.
        -:  847:    // We call annotatations only for the default Allocator because other allocators
        -:  848:    // may not meet the AddressSanitizer alignment constraints.
        -:  849:    // See the documentation for __sanitizer_annotate_contiguous_container for more details.
        -:  850:#ifndef _LIBCPP_HAS_NO_ASAN
        -:  851:    void __annotate_contiguous_container(const void *__beg, const void *__end,
        -:  852:                                         const void *__old_mid,
        -:  853:                                         const void *__new_mid) const
        -:  854:    {
        -:  855:
        -:  856:      if (__beg && is_same<allocator_type, __default_allocator_type>::value)
        -:  857:        __sanitizer_annotate_contiguous_container(__beg, __end, __old_mid, __new_mid);
        -:  858:    }
        -:  859:#else
        -:  860:    _LIBCPP_INLINE_VISIBILITY
        -:  861:    void __annotate_contiguous_container(const void*, const void*, const void*,
       43:  862:                                         const void*) const {}
       43:  862-block  0
       43:  863:#endif
       43:  863-block  0
        -:  864:    _LIBCPP_INLINE_VISIBILITY
        -:  865:    void __annotate_new(size_type __current_size) const {
       15:  866:      __annotate_contiguous_container(data(), data() + capacity(),
       15:  866-block  0
       30:  867:                                      data() + capacity(), data() + __current_size);
       15:  868:    }
       15:  869:
       15:  869-block  0
        -:  870:    _LIBCPP_INLINE_VISIBILITY
        -:  871:    void __annotate_delete() const {
       28:  872:      __annotate_contiguous_container(data(), data() + capacity(),
       28:  872-block  0
       56:  873:                                      data() + size(), data() + capacity());
       28:  874:    }
       28:  875:
       28:  875-block  0
        -:  876:    _LIBCPP_INLINE_VISIBILITY
        -:  877:    void __annotate_increase(size_type __n) const
        -:  878:    {
        -:  879:      __annotate_contiguous_container(data(), data() + capacity(),
        -:  880:                                      data() + size(), data() + size() + __n);
        -:  881:    }
        -:  882:
        -:  883:    _LIBCPP_INLINE_VISIBILITY
        -:  884:    void __annotate_shrink(size_type __old_size) const
    #####:  885:    {
    $$$$$:  885-block  0
        -:  886:      __annotate_contiguous_container(data(), data() + capacity(),
    #####:  887:                                      data() + __old_size, data() + size());
    #####:  888:    }
    #####:  889:#ifndef _LIBCPP_HAS_NO_ASAN
    $$$$$:  889-block  0
        -:  890:    // The annotation for size increase should happen before the actual increase,
        -:  891:    // but if an exception is thrown after that the annotation has to be undone.
        -:  892:    struct __RAII_IncreaseAnnotator {
        -:  893:      __RAII_IncreaseAnnotator(const vector &__v, size_type __n = 1)
        -:  894:        : __commit(false), __v(__v), __old_size(__v.size() + __n) {
        -:  895:        __v.__annotate_increase(__n);
        -:  896:      }
        -:  897:      void __done() { __commit = true; }
        -:  898:      ~__RAII_IncreaseAnnotator() {
        -:  899:        if (__commit) return;
        -:  900:        __v.__annotate_shrink(__old_size);
        -:  901:      }
        -:  902:      bool __commit;
        -:  903:      const vector &__v;
        -:  904:      size_type __old_size;
        -:  905:    };
        -:  906:#else
        -:  907:    struct __RAII_IncreaseAnnotator {
        -:  908:      _LIBCPP_INLINE_VISIBILITY
        -:  909:      __RAII_IncreaseAnnotator(const vector &, size_type = 1) {}
       44:  910:      _LIBCPP_INLINE_VISIBILITY void __done() {}
       22:  910-block  0
       22:  910-block  1
       22:  910-block  2
       22:  910-block  3
       22:  911:    };
       22:  911-block  0
       22:  911-block  1
        -:  912:#endif
        -:  913:
        -:  914:};
        -:  915:
        -:  916:#ifndef _LIBCPP_HAS_NO_DEDUCTION_GUIDES
        -:  917:template<class _InputIterator,
        -:  918:         class _Alloc = typename std::allocator<typename iterator_traits<_InputIterator>::value_type>,
        -:  919:         class = typename enable_if<__is_allocator<_Alloc>::value, void>::type
        -:  920:         >
        -:  921:vector(_InputIterator, _InputIterator)
        -:  922:  -> vector<typename iterator_traits<_InputIterator>::value_type, _Alloc>;
        -:  923:
        -:  924:template<class _InputIterator,
        -:  925:         class _Alloc,
        -:  926:         class = typename enable_if<__is_allocator<_Alloc>::value, void>::type
        -:  927:         >
        -:  928:vector(_InputIterator, _InputIterator, _Alloc)
        -:  929:  -> vector<typename iterator_traits<_InputIterator>::value_type, _Alloc>;
        -:  930:#endif
        -:  931:
        -:  932:template <class _Tp, class _Allocator>
        -:  933:void
        -:  934:vector<_Tp, _Allocator>::__swap_out_circular_buffer(__split_buffer<value_type, allocator_type&>& __v)
    #####:  935:{
    $$$$$:  935-block  0
        -:  936:    __annotate_delete();
    #####:  937:    __alloc_traits::__construct_backward(this->__alloc(), this->__begin_, this->__end_, __v.__begin_);
    #####:  938:    _VSTD::swap(this->__begin_, __v.__begin_);
    #####:  939:    _VSTD::swap(this->__end_, __v.__end_);
    #####:  940:    _VSTD::swap(this->__end_cap(), __v.__end_cap());
    #####:  941:    __v.__first_ = __v.__begin_;
    #####:  942:    __annotate_new(size());
    #####:  943:    __invalidate_all_iterators();
    #####:  944:}
    #####:  945:
    $$$$$:  945-block  0
        -:  946:template <class _Tp, class _Allocator>
        -:  947:typename vector<_Tp, _Allocator>::pointer
        -:  948:vector<_Tp, _Allocator>::__swap_out_circular_buffer(__split_buffer<value_type, allocator_type&>& __v, pointer __p)
        -:  949:{
        -:  950:    __annotate_delete();
        -:  951:    pointer __r = __v.__begin_;
        -:  952:    __alloc_traits::__construct_backward(this->__alloc(), this->__begin_, __p, __v.__begin_);
        -:  953:    __alloc_traits::__construct_forward(this->__alloc(), __p, this->__end_, __v.__end_);
        -:  954:    _VSTD::swap(this->__begin_, __v.__begin_);
        -:  955:    _VSTD::swap(this->__end_, __v.__end_);
        -:  956:    _VSTD::swap(this->__end_cap(), __v.__end_cap());
        -:  957:    __v.__first_ = __v.__begin_;
        -:  958:    __annotate_new(size());
        -:  959:    __invalidate_all_iterators();
        -:  960:    return __r;
        -:  961:}
        -:  962:
        -:  963://  Allocate space for __n objects
        -:  964://  throws length_error if __n > max_size()
        -:  965://  throws (probably bad_alloc) if memory run out
        -:  966://  Precondition:  __begin_ == __end_ == __end_cap() == 0
        -:  967://  Precondition:  __n > 0
        -:  968://  Postcondition:  capacity() == __n
        -:  969://  Postcondition:  size() == 0
        -:  970:template <class _Tp, class _Allocator>
        -:  971:void
        -:  972:vector<_Tp, _Allocator>::__vallocate(size_type __n)
       15:  973:{
       15:  973-block  0
        -:  974:    if (__n > max_size())
       15:  975:        this->__throw_length_error();
       15:  975-block  0
    #####:  976:    this->__begin_ = this->__end_ = __alloc_traits::allocate(this->__alloc(), __n);
    $$$$$:  976-block  0
       15:  977:    this->__end_cap() = this->__begin_ + __n;
       15:  978:    __annotate_new(0);
       15:  979:}
       15:  980:
       15:  980-block  0
        -:  981:template <class _Tp, class _Allocator>
        -:  982:void
        -:  983:vector<_Tp, _Allocator>::__vdeallocate() _NOEXCEPT
        7:  984:{
        7:  984-block  0
        -:  985:    if (this->__begin_ != nullptr)
        7:  986:    {
        7:  986-block  0
        -:  987:        clear();
    #####:  988:        __alloc_traits::deallocate(this->__alloc(), this->__begin_, capacity());
    #####:  989:        this->__begin_ = this->__end_ = this->__end_cap() = nullptr;
    #####:  990:    }
    #####:  991:}
    $$$$$:  991-block  0
        7:  992:
        7:  992-block  0
        -:  993:template <class _Tp, class _Allocator>
        -:  994:typename vector<_Tp, _Allocator>::size_type
        -:  995:vector<_Tp, _Allocator>::max_size() const _NOEXCEPT
    #####:  996:{
    $$$$$:  996-block  0
        -:  997:    return _VSTD::min<size_type>(__alloc_traits::max_size(this->__alloc()),
    #####:  998:                                 numeric_limits<difference_type>::max());
    $$$$$:  998-block  0
    $$$$$:  998-block  1
    $$$$$:  998-block  2
    $$$$$:  998-block  3
    #####:  999:}
        -: 1000:
        -: 1001://  Precondition:  __new_size > capacity()
        -: 1002:template <class _Tp, class _Allocator>
        -: 1003:inline _LIBCPP_INLINE_VISIBILITY
        -: 1004:typename vector<_Tp, _Allocator>::size_type
        -: 1005:vector<_Tp, _Allocator>::__recommend(size_type __new_size) const
        7: 1006:{
        7: 1006-block  0
        -: 1007:    const size_type __ms = max_size();
        7: 1008:    if (__new_size > __ms)
        7: 1009:        this->__throw_length_error();
        7: 1009-block  0
    #####: 1010:    const size_type __cap = capacity();
    $$$$$: 1010-block  0
        7: 1011:    if (__cap >= __ms / 2)
        7: 1012:        return __ms;
        7: 1012-block  0
    #####: 1013:    return _VSTD::max<size_type>(2*__cap, __new_size);
    $$$$$: 1013-block  0
        7: 1014:}
        7: 1014-block  0
        7: 1015:
        7: 1015-block  0
        -: 1016://  Default constructs __n objects starting at __end_
        -: 1017://  throws if construction throws
        -: 1018://  Precondition:  __n > 0
        -: 1019://  Precondition:  size() + __n <= capacity()
        -: 1020://  Postcondition:  size() == size() + __n
        -: 1021:template <class _Tp, class _Allocator>
        -: 1022:void
        -: 1023:vector<_Tp, _Allocator>::__construct_at_end(size_type __n)
        -: 1024:{
        -: 1025:    allocator_type& __a = this->__alloc();
        -: 1026:    do
        -: 1027:    {
        -: 1028:        __RAII_IncreaseAnnotator __annotator(*this);
        -: 1029:        __alloc_traits::construct(__a, _VSTD::__to_raw_pointer(this->__end_));
        -: 1030:        ++this->__end_;
        -: 1031:        --__n;
        -: 1032:        __annotator.__done();
        -: 1033:    } while (__n > 0);
        -: 1034:}
        -: 1035:
        -: 1036://  Copy constructs __n objects starting at __end_ from __x
        -: 1037://  throws if construction throws
        -: 1038://  Precondition:  __n > 0
        -: 1039://  Precondition:  size() + __n <= capacity()
        -: 1040://  Postcondition:  size() == old size() + __n
        -: 1041://  Postcondition:  [i] == __x for all i in [size() - __n, __n)
        -: 1042:template <class _Tp, class _Allocator>
        -: 1043:inline
        -: 1044:void
        -: 1045:vector<_Tp, _Allocator>::__construct_at_end(size_type __n, const_reference __x)
        -: 1046:{
        -: 1047:    allocator_type& __a = this->__alloc();
        -: 1048:    do
        -: 1049:    {
        -: 1050:        __RAII_IncreaseAnnotator __annotator(*this);
        -: 1051:        __alloc_traits::construct(__a, _VSTD::__to_raw_pointer(this->__end_), __x);
        -: 1052:        ++this->__end_;
        -: 1053:        --__n;
        -: 1054:        __annotator.__done();
        -: 1055:    } while (__n > 0);
        -: 1056:}
        -: 1057:
        -: 1058:template <class _Tp, class _Allocator>
        -: 1059:template <class _ForwardIterator>
        -: 1060:typename enable_if
        -: 1061:<
        -: 1062:    __is_forward_iterator<_ForwardIterator>::value,
        -: 1063:    void
        -: 1064:>::type
        -: 1065:vector<_Tp, _Allocator>::__construct_at_end(_ForwardIterator __first, _ForwardIterator __last, size_type __n)
       15: 1066:{
        7: 1066-block  0
        8: 1066-block  1
        -: 1067:    allocator_type& __a = this->__alloc();
       15: 1068:    __RAII_IncreaseAnnotator __annotator(*this, __n);
       15: 1069:    __alloc_traits::__construct_range_forward(__a, __first, __last, this->__end_);
       15: 1070:    __annotator.__done();
       15: 1071:}
       15: 1072:
        7: 1072-block  0
        8: 1072-block  1
        -: 1073://  Default constructs __n objects starting at __end_
        -: 1074://  throws if construction throws
        -: 1075://  Postcondition:  size() == size() + __n
        -: 1076://  Exception safety: strong.
        -: 1077:template <class _Tp, class _Allocator>
        -: 1078:void
        -: 1079:vector<_Tp, _Allocator>::__append(size_type __n)
        -: 1080:{
        -: 1081:    if (static_cast<size_type>(this->__end_cap() - this->__end_) >= __n)
        -: 1082:        this->__construct_at_end(__n);
        -: 1083:    else
        -: 1084:    {
        -: 1085:        allocator_type& __a = this->__alloc();
        -: 1086:        __split_buffer<value_type, allocator_type&> __v(__recommend(size() + __n), size(), __a);
        -: 1087:        __v.__construct_at_end(__n);
        -: 1088:        __swap_out_circular_buffer(__v);
        -: 1089:    }
        -: 1090:}
        -: 1091:
        -: 1092://  Default constructs __n objects starting at __end_
        -: 1093://  throws if construction throws
        -: 1094://  Postcondition:  size() == size() + __n
        -: 1095://  Exception safety: strong.
        -: 1096:template <class _Tp, class _Allocator>
        -: 1097:void
        -: 1098:vector<_Tp, _Allocator>::__append(size_type __n, const_reference __x)
        -: 1099:{
        -: 1100:    if (static_cast<size_type>(this->__end_cap() - this->__end_) >= __n)
        -: 1101:        this->__construct_at_end(__n, __x);
        -: 1102:    else
        -: 1103:    {
        -: 1104:        allocator_type& __a = this->__alloc();
        -: 1105:        __split_buffer<value_type, allocator_type&> __v(__recommend(size() + __n), size(), __a);
        -: 1106:        __v.__construct_at_end(__n, __x);
        -: 1107:        __swap_out_circular_buffer(__v);
        -: 1108:    }
        -: 1109:}
        -: 1110:
        -: 1111:template <class _Tp, class _Allocator>
        -: 1112:vector<_Tp, _Allocator>::vector(size_type __n)
        -: 1113:{
        -: 1114:#if _LIBCPP_DEBUG_LEVEL >= 2
        -: 1115:    __get_db()->__insert_c(this);
        -: 1116:#endif
        -: 1117:    if (__n > 0)
        -: 1118:    {
        -: 1119:        __vallocate(__n);
        -: 1120:        __construct_at_end(__n);
        -: 1121:    }
        -: 1122:}
        -: 1123:
        -: 1124:#if _LIBCPP_STD_VER > 11
        -: 1125:template <class _Tp, class _Allocator>
        -: 1126:vector<_Tp, _Allocator>::vector(size_type __n, const allocator_type& __a)
        -: 1127:    : __base(__a)
        -: 1128:{
        -: 1129:#if _LIBCPP_DEBUG_LEVEL >= 2
        -: 1130:    __get_db()->__insert_c(this);
        -: 1131:#endif
        -: 1132:    if (__n > 0)
        -: 1133:    {
        -: 1134:        __vallocate(__n);
        -: 1135:        __construct_at_end(__n);
        -: 1136:    }
        -: 1137:}
        -: 1138:#endif
        -: 1139:
        -: 1140:template <class _Tp, class _Allocator>
        -: 1141:vector<_Tp, _Allocator>::vector(size_type __n, const value_type& __x)
        -: 1142:{
        -: 1143:#if _LIBCPP_DEBUG_LEVEL >= 2
        -: 1144:    __get_db()->__insert_c(this);
        -: 1145:#endif
        -: 1146:    if (__n > 0)
        -: 1147:    {
        -: 1148:        __vallocate(__n);
        -: 1149:        __construct_at_end(__n, __x);
        -: 1150:    }
        -: 1151:}
        -: 1152:
        -: 1153:template <class _Tp, class _Allocator>
        -: 1154:vector<_Tp, _Allocator>::vector(size_type __n, const value_type& __x, const allocator_type& __a)
        -: 1155:    : __base(__a)
        -: 1156:{
        -: 1157:#if _LIBCPP_DEBUG_LEVEL >= 2
        -: 1158:    __get_db()->__insert_c(this);
        -: 1159:#endif
        -: 1160:    if (__n > 0)
        -: 1161:    {
        -: 1162:        __vallocate(__n);
        -: 1163:        __construct_at_end(__n, __x);
        -: 1164:    }
        -: 1165:}
        -: 1166:
        -: 1167:template <class _Tp, class _Allocator>
        -: 1168:template <class _InputIterator>
        -: 1169:vector<_Tp, _Allocator>::vector(_InputIterator __first,
        -: 1170:       typename enable_if<__is_input_iterator  <_InputIterator>::value &&
        -: 1171:                         !__is_forward_iterator<_InputIterator>::value &&
        -: 1172:                         is_constructible<
        -: 1173:                            value_type,
        -: 1174:                            typename iterator_traits<_InputIterator>::reference>::value,
        -: 1175:                          _InputIterator>::type __last)
        -: 1176:{
        -: 1177:#if _LIBCPP_DEBUG_LEVEL >= 2
        -: 1178:    __get_db()->__insert_c(this);
        -: 1179:#endif
        -: 1180:    for (; __first != __last; ++__first)
        -: 1181:        __emplace_back(*__first);
        -: 1182:}
        -: 1183:
        -: 1184:template <class _Tp, class _Allocator>
        -: 1185:template <class _InputIterator>
        -: 1186:vector<_Tp, _Allocator>::vector(_InputIterator __first, _InputIterator __last, const allocator_type& __a,
        -: 1187:       typename enable_if<__is_input_iterator  <_InputIterator>::value &&
        -: 1188:                         !__is_forward_iterator<_InputIterator>::value &&
        -: 1189:                         is_constructible<
        -: 1190:                            value_type,
        -: 1191:                            typename iterator_traits<_InputIterator>::reference>::value>::type*)
        -: 1192:    : __base(__a)
        -: 1193:{
        -: 1194:#if _LIBCPP_DEBUG_LEVEL >= 2
        -: 1195:    __get_db()->__insert_c(this);
        -: 1196:#endif
        -: 1197:    for (; __first != __last; ++__first)
        -: 1198:        __emplace_back(*__first);
        -: 1199:}
        -: 1200:
        -: 1201:template <class _Tp, class _Allocator>
        -: 1202:template <class _ForwardIterator>
        -: 1203:vector<_Tp, _Allocator>::vector(_ForwardIterator __first,
        -: 1204:                                typename enable_if<__is_forward_iterator<_ForwardIterator>::value &&
        -: 1205:                                is_constructible<
        -: 1206:                                   value_type,
        -: 1207:                                   typename iterator_traits<_ForwardIterator>::reference>::value,
        -: 1208:                                                   _ForwardIterator>::type __last)
        -: 1209:{
        -: 1210:#if _LIBCPP_DEBUG_LEVEL >= 2
        -: 1211:    __get_db()->__insert_c(this);
        -: 1212:#endif
        -: 1213:    size_type __n = static_cast<size_type>(_VSTD::distance(__first, __last));
        -: 1214:    if (__n > 0)
        -: 1215:    {
        -: 1216:        __vallocate(__n);
        -: 1217:        __construct_at_end(__first, __last, __n);
        -: 1218:    }
        -: 1219:}
        -: 1220:
        -: 1221:template <class _Tp, class _Allocator>
        -: 1222:template <class _ForwardIterator>
        -: 1223:vector<_Tp, _Allocator>::vector(_ForwardIterator __first, _ForwardIterator __last, const allocator_type& __a,
        -: 1224:                                typename enable_if<__is_forward_iterator<_ForwardIterator>::value &&
        -: 1225:                                is_constructible<
        -: 1226:                                   value_type,
        -: 1227:                                   typename iterator_traits<_ForwardIterator>::reference>::value>::type*)
        -: 1228:    : __base(__a)
        -: 1229:{
        -: 1230:#if _LIBCPP_DEBUG_LEVEL >= 2
        -: 1231:    __get_db()->__insert_c(this);
        -: 1232:#endif
        -: 1233:    size_type __n = static_cast<size_type>(_VSTD::distance(__first, __last));
        -: 1234:    if (__n > 0)
        -: 1235:    {
        -: 1236:        __vallocate(__n);
        -: 1237:        __construct_at_end(__first, __last, __n);
        -: 1238:    }
        -: 1239:}
        -: 1240:
        -: 1241:template <class _Tp, class _Allocator>
        -: 1242:vector<_Tp, _Allocator>::vector(const vector& __x)
        -: 1243:    : __base(__alloc_traits::select_on_container_copy_construction(__x.__alloc()))
        -: 1244:{
        -: 1245:#if _LIBCPP_DEBUG_LEVEL >= 2
        -: 1246:    __get_db()->__insert_c(this);
        -: 1247:#endif
        -: 1248:    size_type __n = __x.size();
        -: 1249:    if (__n > 0)
        -: 1250:    {
        -: 1251:        __vallocate(__n);
        -: 1252:        __construct_at_end(__x.__begin_, __x.__end_, __n);
        -: 1253:    }
        -: 1254:}
        -: 1255:
        -: 1256:template <class _Tp, class _Allocator>
        -: 1257:vector<_Tp, _Allocator>::vector(const vector& __x, const allocator_type& __a)
        -: 1258:    : __base(__a)
        -: 1259:{
        -: 1260:#if _LIBCPP_DEBUG_LEVEL >= 2
        -: 1261:    __get_db()->__insert_c(this);
        -: 1262:#endif
        -: 1263:    size_type __n = __x.size();
        -: 1264:    if (__n > 0)
        -: 1265:    {
        -: 1266:        __vallocate(__n);
        -: 1267:        __construct_at_end(__x.__begin_, __x.__end_, __n);
        -: 1268:    }
        -: 1269:}
        -: 1270:
        -: 1271:#ifndef _LIBCPP_CXX03_LANG
        -: 1272:
        -: 1273:template <class _Tp, class _Allocator>
        -: 1274:inline _LIBCPP_INLINE_VISIBILITY
        -: 1275:vector<_Tp, _Allocator>::vector(vector&& __x)
        -: 1276:#if _LIBCPP_STD_VER > 14
        -: 1277:        _NOEXCEPT
        -: 1278:#else
        -: 1279:        _NOEXCEPT_(is_nothrow_move_constructible<allocator_type>::value)
        -: 1280:#endif
        -: 1281:    : __base(_VSTD::move(__x.__alloc()))
        -: 1282:{
        -: 1283:#if _LIBCPP_DEBUG_LEVEL >= 2
        -: 1284:    __get_db()->__insert_c(this);
        -: 1285:    __get_db()->swap(this, &__x);
        -: 1286:#endif
        -: 1287:    this->__begin_ = __x.__begin_;
        -: 1288:    this->__end_ = __x.__end_;
        -: 1289:    this->__end_cap() = __x.__end_cap();
        -: 1290:    __x.__begin_ = __x.__end_ = __x.__end_cap() = nullptr;
        -: 1291:}
        -: 1292:
        -: 1293:template <class _Tp, class _Allocator>
        -: 1294:inline _LIBCPP_INLINE_VISIBILITY
        -: 1295:vector<_Tp, _Allocator>::vector(vector&& __x, const allocator_type& __a)
        -: 1296:    : __base(__a)
        -: 1297:{
        -: 1298:#if _LIBCPP_DEBUG_LEVEL >= 2
        -: 1299:    __get_db()->__insert_c(this);
        -: 1300:#endif
        -: 1301:    if (__a == __x.__alloc())
        -: 1302:    {
        -: 1303:        this->__begin_ = __x.__begin_;
        -: 1304:        this->__end_ = __x.__end_;
        -: 1305:        this->__end_cap() = __x.__end_cap();
        -: 1306:        __x.__begin_ = __x.__end_ = __x.__end_cap() = nullptr;
        -: 1307:#if _LIBCPP_DEBUG_LEVEL >= 2
        -: 1308:        __get_db()->swap(this, &__x);
        -: 1309:#endif
        -: 1310:    }
        -: 1311:    else
        -: 1312:    {
        -: 1313:        typedef move_iterator<iterator> _Ip;
        -: 1314:        assign(_Ip(__x.begin()), _Ip(__x.end()));
        -: 1315:    }
        -: 1316:}
        -: 1317:
        -: 1318:template <class _Tp, class _Allocator>
        -: 1319:inline _LIBCPP_INLINE_VISIBILITY
        -: 1320:vector<_Tp, _Allocator>::vector(initializer_list<value_type> __il)
       16: 1321:{
        8: 1321-block  0
        8: 1321-block  1
       16: 1322:#if _LIBCPP_DEBUG_LEVEL >= 2
        -: 1323:    __get_db()->__insert_c(this);
        -: 1324:#endif
        -: 1325:    if (__il.size() > 0)
        8: 1326:    {
        8: 1326-block  0
        -: 1327:        __vallocate(__il.size());
        8: 1328:        __construct_at_end(__il.begin(), __il.end(), __il.size());
        8: 1328-block  0
        8: 1329:    }
        8: 1329-block  0
        8: 1330:}
        8: 1330-block  0
       16: 1331:
        8: 1331-block  0
    $$$$$: 1331-block  1
        8: 1331-block  2
    $$$$$: 1331-block  3
        -: 1332:template <class _Tp, class _Allocator>
        -: 1333:inline _LIBCPP_INLINE_VISIBILITY
        -: 1334:vector<_Tp, _Allocator>::vector(initializer_list<value_type> __il, const allocator_type& __a)
        -: 1335:    : __base(__a)
        -: 1336:{
        -: 1337:#if _LIBCPP_DEBUG_LEVEL >= 2
        -: 1338:    __get_db()->__insert_c(this);
        -: 1339:#endif
        -: 1340:    if (__il.size() > 0)
        -: 1341:    {
        -: 1342:        __vallocate(__il.size());
        -: 1343:        __construct_at_end(__il.begin(), __il.end(), __il.size());
        -: 1344:    }
        -: 1345:}
        -: 1346:
        -: 1347:template <class _Tp, class _Allocator>
        -: 1348:inline _LIBCPP_INLINE_VISIBILITY
        -: 1349:vector<_Tp, _Allocator>&
        -: 1350:vector<_Tp, _Allocator>::operator=(vector&& __x)
        -: 1351:    _NOEXCEPT_((__noexcept_move_assign_container<_Allocator, __alloc_traits>::value))
        -: 1352:{
        -: 1353:    __move_assign(__x, integral_constant<bool,
        -: 1354:          __alloc_traits::propagate_on_container_move_assignment::value>());
        -: 1355:    return *this;
        -: 1356:}
        -: 1357:
        -: 1358:template <class _Tp, class _Allocator>
        -: 1359:void
        -: 1360:vector<_Tp, _Allocator>::__move_assign(vector& __c, false_type)
        -: 1361:    _NOEXCEPT_(__alloc_traits::is_always_equal::value)
        -: 1362:{
        -: 1363:    if (__base::__alloc() != __c.__alloc())
        -: 1364:    {
        -: 1365:        typedef move_iterator<iterator> _Ip;
        -: 1366:        assign(_Ip(__c.begin()), _Ip(__c.end()));
        -: 1367:    }
        -: 1368:    else
        -: 1369:        __move_assign(__c, true_type());
        -: 1370:}
        -: 1371:
        -: 1372:template <class _Tp, class _Allocator>
        -: 1373:void
        -: 1374:vector<_Tp, _Allocator>::__move_assign(vector& __c, true_type)
        -: 1375:    _NOEXCEPT_(is_nothrow_move_assignable<allocator_type>::value)
        -: 1376:{
        -: 1377:    __vdeallocate();
        -: 1378:    __base::__move_assign_alloc(__c); // this can throw
        -: 1379:    this->__begin_ = __c.__begin_;
        -: 1380:    this->__end_ = __c.__end_;
        -: 1381:    this->__end_cap() = __c.__end_cap();
        -: 1382:    __c.__begin_ = __c.__end_ = __c.__end_cap() = nullptr;
        -: 1383:#if _LIBCPP_DEBUG_LEVEL >= 2
        -: 1384:    __get_db()->swap(this, &__c);
        -: 1385:#endif
        -: 1386:}
        -: 1387:
        -: 1388:#endif  // !_LIBCPP_CXX03_LANG
        -: 1389:
        -: 1390:template <class _Tp, class _Allocator>
        -: 1391:inline _LIBCPP_INLINE_VISIBILITY
        -: 1392:vector<_Tp, _Allocator>&
        -: 1393:vector<_Tp, _Allocator>::operator=(const vector& __x)
        7: 1394:{
        7: 1394-block  0
        -: 1395:    if (this != &__x)
        7: 1396:    {
        7: 1396-block  0
        -: 1397:        __base::__copy_assign_alloc(__x);
        7: 1398:        assign(__x.__begin_, __x.__end_);
        7: 1399:    }
        7: 1400:    return *this;
        7: 1400-block  0
        7: 1401:}
        7: 1401-block  0
        -: 1402:
        -: 1403:template <class _Tp, class _Allocator>
        -: 1404:template <class _InputIterator>
        -: 1405:typename enable_if
        -: 1406:<
        -: 1407:     __is_input_iterator  <_InputIterator>::value &&
        -: 1408:    !__is_forward_iterator<_InputIterator>::value &&
        -: 1409:    is_constructible<
        -: 1410:       _Tp,
        -: 1411:       typename iterator_traits<_InputIterator>::reference>::value,
        -: 1412:    void
        -: 1413:>::type
        -: 1414:vector<_Tp, _Allocator>::assign(_InputIterator __first, _InputIterator __last)
        -: 1415:{
        -: 1416:    clear();
        -: 1417:    for (; __first != __last; ++__first)
        -: 1418:        __emplace_back(*__first);
        -: 1419:}
        -: 1420:
        -: 1421:template <class _Tp, class _Allocator>
        -: 1422:template <class _ForwardIterator>
        -: 1423:typename enable_if
        -: 1424:<
        -: 1425:    __is_forward_iterator<_ForwardIterator>::value &&
        -: 1426:    is_constructible<
        -: 1427:       _Tp,
        -: 1428:       typename iterator_traits<_ForwardIterator>::reference>::value,
        -: 1429:    void
        -: 1430:>::type
        -: 1431:vector<_Tp, _Allocator>::assign(_ForwardIterator __first, _ForwardIterator __last)
        7: 1432:{
        7: 1432-block  0
        -: 1433:    size_type __new_size = static_cast<size_type>(_VSTD::distance(__first, __last));
        7: 1434:    if (__new_size <= capacity())
        7: 1435:    {
        7: 1435-block  0
        -: 1436:        _ForwardIterator __mid = __last;
    #####: 1437:        bool __growing = false;
    #####: 1438:        if (__new_size > size())
    #####: 1439:        {
    $$$$$: 1439-block  0
        -: 1440:            __growing = true;
    #####: 1441:            __mid =  __first;
    #####: 1442:            _VSTD::advance(__mid, size());
    #####: 1443:        }
    #####: 1444:        pointer __m = _VSTD::copy(__first, __mid, this->__begin_);
    $$$$$: 1444-block  0
    #####: 1445:        if (__growing)
    #####: 1446:            __construct_at_end(__mid, __last, __new_size - size());
    $$$$$: 1446-block  0
    #####: 1447:        else
    $$$$$: 1447-block  0
        -: 1448:            this->__destruct_at_end(__m);
    #####: 1449:    }
    $$$$$: 1449-block  0
    #####: 1450:    else
    $$$$$: 1450-block  0
        -: 1451:    {
        -: 1452:        __vdeallocate();
        7: 1453:        __vallocate(__recommend(__new_size));
        7: 1454:        __construct_at_end(__first, __last, __new_size);
        7: 1455:    }
        7: 1455-block  0
        -: 1456:    __invalidate_all_iterators();
        7: 1457:}
        7: 1458:
        7: 1458-block  0
        -: 1459:template <class _Tp, class _Allocator>
        -: 1460:void
        -: 1461:vector<_Tp, _Allocator>::assign(size_type __n, const_reference __u)
        -: 1462:{
        -: 1463:    if (__n <= capacity())
        -: 1464:    {
        -: 1465:        size_type __s = size();
        -: 1466:        _VSTD::fill_n(this->__begin_, _VSTD::min(__n, __s), __u);
        -: 1467:        if (__n > __s)
        -: 1468:            __construct_at_end(__n - __s, __u);
        -: 1469:        else
        -: 1470:            this->__destruct_at_end(this->__begin_ + __n);
        -: 1471:    }
        -: 1472:    else
        -: 1473:    {
        -: 1474:        __vdeallocate();
        -: 1475:        __vallocate(__recommend(static_cast<size_type>(__n)));
        -: 1476:        __construct_at_end(__n, __u);
        -: 1477:    }
        -: 1478:    __invalidate_all_iterators();
        -: 1479:}
        -: 1480:
        -: 1481:template <class _Tp, class _Allocator>
        -: 1482:inline _LIBCPP_INLINE_VISIBILITY
        -: 1483:typename vector<_Tp, _Allocator>::iterator
        -: 1484:vector<_Tp, _Allocator>::__make_iter(pointer __p) _NOEXCEPT
      195: 1485:{
      195: 1485-block  0
        -: 1486:#if _LIBCPP_DEBUG_LEVEL >= 2
        -: 1487:    return iterator(this, __p);
        -: 1488:#else
        -: 1489:    return iterator(__p);
      195: 1490:#endif
      195: 1490-block  0
        -: 1491:}
        -: 1492:
        -: 1493:template <class _Tp, class _Allocator>
        -: 1494:inline _LIBCPP_INLINE_VISIBILITY
        -: 1495:typename vector<_Tp, _Allocator>::const_iterator
        -: 1496:vector<_Tp, _Allocator>::__make_iter(const_pointer __p) const _NOEXCEPT
        -: 1497:{
        -: 1498:#if _LIBCPP_DEBUG_LEVEL >= 2
        -: 1499:    return const_iterator(this, __p);
        -: 1500:#else
        -: 1501:    return const_iterator(__p);
        -: 1502:#endif
        -: 1503:}
        -: 1504:
        -: 1505:template <class _Tp, class _Allocator>
        -: 1506:inline _LIBCPP_INLINE_VISIBILITY
[...]
        -: 2965:    __c.__cap() = __c.__size_ = 0;
        -: 2966:}
        -: 2967:
        -: 2968:#endif  // !_LIBCPP_CXX03_LANG
        -: 2969:
        -: 2970:template <class _Allocator>
        -: 2971:void
        -: 2972:vector<bool, _Allocator>::assign(size_type __n, const value_type& __x)
        -: 2973:{
        -: 2974:    __size_ = 0;
        -: 2975:    if (__n > 0)
        -: 2976:    {
        -: 2977:        size_type __c = capacity();
        -: 2978:        if (__n <= __c)
        -: 2979:            __size_ = __n;
        -: 2980:        else
        -: 2981:        {
        -: 2982:            vector __v(__alloc());
        -: 2983:            __v.reserve(__recommend(__n));
        -: 2984:            __v.__size_ = __n;
        -: 2985:            swap(__v);
        -: 2986:        }
        -: 2987:        _VSTD::fill_n(begin(), __n, __x);
        -: 2988:    }
        -: 2989:  __invalidate_all_iterators();
        -: 2990:}
        -: 2991:
        -: 2992:template <class _Allocator>
        -: 2993:template <class _InputIterator>
        -: 2994:typename enable_if
        -: 2995:<
        -: 2996:    __is_input_iterator<_InputIterator>::value &&
        -: 2997:   !__is_forward_iterator<_InputIterator>::value,
        -: 2998:   void
        -: 2999:>::type
        -: 3000:vector<bool, _Allocator>::assign(_InputIterator __first, _InputIterator __last)
        -: 3001:{
        -: 3002:    clear();
        -: 3003:    for (; __first != __last; ++__first)
        -: 3004:        push_back(*__first);
        -: 3005:}
        -: 3006:
        -: 3007:template <class _Allocator>
        -: 3008:template <class _ForwardIterator>
        -: 3009:typename enable_if
        -: 3010:<
        -: 3011:    __is_forward_iterator<_ForwardIterator>::value,
        -: 3012:   void
        -: 3013:>::type
        -: 3014:vector<bool, _Allocator>::assign(_ForwardIterator __first, _ForwardIterator __last)
        -: 3015:{
        -: 3016:    clear();
        -: 3017:    difference_type __ns = _VSTD::distance(__first, __last);
        -: 3018:    _LIBCPP_ASSERT(__ns >= 0, "invalid range specified");
        -: 3019:    const size_t __n = static_cast<size_type>(__ns);
        -: 3020:    if (__n)
        -: 3021:    {
        -: 3022:        if (__n > capacity())
        -: 3023:        {
        -: 3024:            __vdeallocate();
        -: 3025:            __vallocate(__n);
        -: 3026:        }
        -: 3027:        __construct_at_end(__first, __last);
        -: 3028:    }
        -: 3029:}
        -: 3030:
        -: 3031:template <class _Allocator>
        -: 3032:void
        -: 3033:vector<bool, _Allocator>::reserve(size_type __n)
        -: 3034:{
        -: 3035:    if (__n > capacity())
        -: 3036:    {
        -: 3037:        vector __v(this->__alloc());
        -: 3038:        __v.__vallocate(__n);
        -: 3039:        __v.__construct_at_end(this->begin(), this->end());
        -: 3040:        swap(__v);
        -: 3041:        __invalidate_all_iterators();
        -: 3042:    }
        -: 3043:}
        -: 3044:
        -: 3045:template <class _Allocator>
        -: 3046:void
        -: 3047:vector<bool, _Allocator>::shrink_to_fit() _NOEXCEPT
        -: 3048:{
        -: 3049:    if (__external_cap_to_internal(size()) > __cap())
        -: 3050:    {
        -: 3051:#ifndef _LIBCPP_NO_EXCEPTIONS
        -: 3052:        try
        -: 3053:        {
        -: 3054:#endif  // _LIBCPP_NO_EXCEPTIONS
        -: 3055:            vector(*this, allocator_type(__alloc())).swap(*this);
        -: 3056:#ifndef _LIBCPP_NO_EXCEPTIONS
        -: 3057:        }
        -: 3058:        catch (...)
        -: 3059:        {
        -: 3060:        }
        -: 3061:#endif  // _LIBCPP_NO_EXCEPTIONS
        -: 3062:    }
        -: 3063:}
        -: 3064:
        -: 3065:template <class _Allocator>
        -: 3066:typename vector<bool, _Allocator>::reference
        -: 3067:vector<bool, _Allocator>::at(size_type __n)
        -: 3068:{
        -: 3069:    if (__n >= size())
        -: 3070:        this->__throw_out_of_range();
        -: 3071:    return (*this)[__n];
        -: 3072:}
        -: 3073:
        -: 3074:template <class _Allocator>
        -: 3075:typename vector<bool, _Allocator>::const_reference
        -: 3076:vector<bool, _Allocator>::at(size_type __n) const
        -: 3077:{
        -: 3078:    if (__n >= size())
        -: 3079:        this->__throw_out_of_range();
        -: 3080:    return (*this)[__n];
        -: 3081:}
        -: 3082:
        -: 3083:template <class _Allocator>
        -: 3084:void
        -: 3085:vector<bool, _Allocator>::push_back(const value_type& __x)
        -: 3086:{
        -: 3087:    if (this->__size_ == this->capacity())
        -: 3088:        reserve(__recommend(this->__size_ + 1));
        -: 3089:    ++this->__size_;
        -: 3090:    back() = __x;
        -: 3091:}
        -: 3092:
        -: 3093:template <class _Allocator>
        -: 3094:typename vector<bool, _Allocator>::iterator
        -: 3095:vector<bool, _Allocator>::insert(const_iterator __position, const value_type& __x)
        -: 3096:{
        -: 3097:    iterator __r;
        -: 3098:    if (size() < capacity())
        -: 3099:    {
        -: 3100:        const_iterator __old_end = end();
        -: 3101:        ++__size_;
        -: 3102:        _VSTD::copy_backward(__position, __old_end, end());
        -: 3103:        __r = __const_iterator_cast(__position);
        -: 3104:    }
        -: 3105:    else
        -: 3106:    {
        -: 3107:        vector __v(__alloc());
        -: 3108:        __v.reserve(__recommend(__size_ + 1));
        -: 3109:        __v.__size_ = __size_ + 1;
        -: 3110:        __r = _VSTD::copy(cbegin(), __position, __v.begin());
        -: 3111:        _VSTD::copy_backward(__position, cend(), __v.end());
        -: 3112:        swap(__v);
        -: 3113:    }
        -: 3114:    *__r = __x;
        -: 3115:    return __r;
        -: 3116:}
        -: 3117:
        -: 3118:template <class _Allocator>
        -: 3119:typename vector<bool, _Allocator>::iterator
        -: 3120:vector<bool, _Allocator>::insert(const_iterator __position, size_type __n, const value_type& __x)
        -: 3121:{
        -: 3122:    iterator __r;
        -: 3123:    size_type __c = capacity();
        -: 3124:    if (__n <= __c && size() <= __c - __n)
        -: 3125:    {
        -: 3126:        const_iterator __old_end = end();
        -: 3127:        __size_ += __n;
        -: 3128:        _VSTD::copy_backward(__position, __old_end, end());
        -: 3129:        __r = __const_iterator_cast(__position);
        -: 3130:    }
        -: 3131:    else
        -: 3132:    {
        -: 3133:        vector __v(__alloc());
        -: 3134:        __v.reserve(__recommend(__size_ + __n));
        -: 3135:        __v.__size_ = __size_ + __n;
        -: 3136:        __r = _VSTD::copy(cbegin(), __position, __v.begin());
        -: 3137:        _VSTD::copy_backward(__position, cend(), __v.end());
        -: 3138:        swap(__v);
        -: 3139:    }
        -: 3140:    _VSTD::fill_n(__r, __n, __x);
        -: 3141:    return __r;
        -: 3142:}
        -: 3143:
        -: 3144:template <class _Allocator>
        -: 3145:template <class _InputIterator>
        -: 3146:typename enable_if
        -: 3147:<
        -: 3148:     __is_input_iterator  <_InputIterator>::value &&
        -: 3149:    !__is_forward_iterator<_InputIterator>::value,
        -: 3150:    typename vector<bool, _Allocator>::iterator
        -: 3151:>::type
        -: 3152:vector<bool, _Allocator>::insert(const_iterator __position, _InputIterator __first, _InputIterator __last)
        -: 3153:{
        -: 3154:    difference_type __off = __position - begin();
        -: 3155:    iterator __p = __const_iterator_cast(__position);
        -: 3156:    iterator __old_end = end();
        -: 3157:    for (; size() != capacity() && __first != __last; ++__first)
        -: 3158:    {
        -: 3159:        ++this->__size_;
        -: 3160:        back() = *__first;
        -: 3161:    }
        -: 3162:    vector __v(__alloc());
        -: 3163:    if (__first != __last)
        -: 3164:    {
        -: 3165:#ifndef _LIBCPP_NO_EXCEPTIONS
        -: 3166:        try
        -: 3167:        {
        -: 3168:#endif  // _LIBCPP_NO_EXCEPTIONS
        -: 3169:            __v.assign(__first, __last);
        -: 3170:            difference_type __old_size = static_cast<difference_type>(__old_end - begin());
        -: 3171:            difference_type __old_p = __p - begin();
        -: 3172:            reserve(__recommend(size() + __v.size()));
        -: 3173:            __p = begin() + __old_p;
        -: 3174:            __old_end = begin() + __old_size;
        -: 3175:#ifndef _LIBCPP_NO_EXCEPTIONS
        -: 3176:        }
        -: 3177:        catch (...)
        -: 3178:        {
        -: 3179:            erase(__old_end, end());
        -: 3180:            throw;
        -: 3181:        }
        -: 3182:#endif  // _LIBCPP_NO_EXCEPTIONS
        -: 3183:    }
        -: 3184:    __p = _VSTD::rotate(__p, __old_end, end());
        -: 3185:    insert(__p, __v.begin(), __v.end());
        -: 3186:    return begin() + __off;
        -: 3187:}
        -: 3188:
        -: 3189:template <class _Allocator>
        -: 3190:template <class _ForwardIterator>
        -: 3191:typename enable_if
        -: 3192:<
        -: 3193:    __is_forward_iterator<_ForwardIterator>::value,
        -: 3194:    typename vector<bool, _Allocator>::iterator
        -: 3195:>::type
        -: 3196:vector<bool, _Allocator>::insert(const_iterator __position, _ForwardIterator __first, _ForwardIterator __last)
        -: 3197:{
        -: 3198:    const difference_type __n_signed = _VSTD::distance(__first, __last);
        -: 3199:    _LIBCPP_ASSERT(__n_signed >= 0, "invalid range specified");
        -: 3200:    const size_type __n = static_cast<size_type>(__n_signed);
        -: 3201:    iterator __r;
        -: 3202:    size_type __c = capacity();
        -: 3203:    if (__n <= __c && size() <= __c - __n)
        -: 3204:    {
        -: 3205:        const_iterator __old_end = end();
        -: 3206:        __size_ += __n;
        -: 3207:        _VSTD::copy_backward(__position, __old_end, end());
        -: 3208:        __r = __const_iterator_cast(__position);
        -: 3209:    }
        -: 3210:    else
        -: 3211:    {
        -: 3212:        vector __v(__alloc());
        -: 3213:        __v.reserve(__recommend(__size_ + __n));
        -: 3214:        __v.__size_ = __size_ + __n;
        -: 3215:        __r = _VSTD::copy(cbegin(), __position, __v.begin());
        -: 3216:        _VSTD::copy_backward(__position, cend(), __v.end());
        -: 3217:        swap(__v);
        -: 3218:    }
        -: 3219:    _VSTD::copy(__first, __last, __r);
        -: 3220:    return __r;
        -: 3221:}
        -: 3222:
        -: 3223:template <class _Allocator>
        -: 3224:inline _LIBCPP_INLINE_VISIBILITY
        -: 3225:typename vector<bool, _Allocator>::iterator
        -: 3226:vector<bool, _Allocator>::erase(const_iterator __position)
        -: 3227:{
        -: 3228:    iterator __r = __const_iterator_cast(__position);
        -: 3229:    _VSTD::copy(__position + 1, this->cend(), __r);
        -: 3230:    --__size_;
        -: 3231:    return __r;
        -: 3232:}
        -: 3233:
        -: 3234:template <class _Allocator>
        -: 3235:typename vector<bool, _Allocator>::iterator
        -: 3236:vector<bool, _Allocator>::erase(const_iterator __first, const_iterator __last)
        -: 3237:{
        -: 3238:    iterator __r = __const_iterator_cast(__first);
        -: 3239:    difference_type __d = __last - __first;
        -: 3240:    _VSTD::copy(__last, this->cend(), __r);
        -: 3241:    __size_ -= __d;
        -: 3242:    return __r;
        -: 3243:}
        -: 3244:
        -: 3245:template <class _Allocator>
        -: 3246:void
        -: 3247:vector<bool, _Allocator>::swap(vector& __x)
        -: 3248:#if _LIBCPP_STD_VER >= 14
        -: 3249:    _NOEXCEPT
        -: 3250:#else
        -: 3251:    _NOEXCEPT_(!__alloc_traits::propagate_on_container_swap::value ||
        -: 3252:                __is_nothrow_swappable<allocator_type>::value)
        -: 3253:#endif
        -: 3254:{
        -: 3255:    _VSTD::swap(this->__begin_, __x.__begin_);
        -: 3256:    _VSTD::swap(this->__size_, __x.__size_);
        -: 3257:    _VSTD::swap(this->__cap(), __x.__cap());
        -: 3258:    __swap_allocator(this->__alloc(), __x.__alloc(),
        -: 3259:        integral_constant<bool, __alloc_traits::propagate_on_container_swap::value>());
        -: 3260:}
        -: 3261:
        -: 3262:template <class _Allocator>
        -: 3263:void
        -: 3264:vector<bool, _Allocator>::resize(size_type __sz, value_type __x)
        -: 3265:{
        -: 3266:    size_type __cs = size();
        -: 3267:    if (__cs < __sz)
        -: 3268:    {
        -: 3269:        iterator __r;
        -: 3270:        size_type __c = capacity();
        -: 3271:        size_type __n = __sz - __cs;
        -: 3272:        if (__n <= __c && __cs <= __c - __n)
        -: 3273:        {
        -: 3274:            __r = end();
        -: 3275:            __size_ += __n;
        -: 3276:        }
        -: 3277:        else
        -: 3278:        {
        -: 3279:            vector __v(__alloc());
        -: 3280:            __v.reserve(__recommend(__size_ + __n));
        -: 3281:            __v.__size_ = __size_ + __n;
        -: 3282:            __r = _VSTD::copy(cbegin(), cend(), __v.begin());
        -: 3283:            swap(__v);
        -: 3284:        }
        -: 3285:        _VSTD::fill_n(__r, __n, __x);
        -: 3286:    }
        -: 3287:    else
        -: 3288:        __size_ = __sz;
        -: 3289:}
        -: 3290:
        -: 3291:template <class _Allocator>
        -: 3292:void
        -: 3293:vector<bool, _Allocator>::flip() _NOEXCEPT
        -: 3294:{
        -: 3295:    // do middle whole words
        -: 3296:    size_type __n = __size_;
        -: 3297:    __storage_pointer __p = __begin_;
        -: 3298:    for (; __n >= __bits_per_word; ++__p, __n -= __bits_per_word)
        -: 3299:        *__p = ~*__p;
        -: 3300:    // do last partial word
        -: 3301:    if (__n > 0)
        -: 3302:    {
        -: 3303:        __storage_type __m = ~__storage_type(0) >> (__bits_per_word - __n);
        -: 3304:        __storage_type __b = *__p & __m;
        -: 3305:        *__p &= ~__m;
        -: 3306:        *__p |= ~__b & __m;
        -: 3307:    }
        -: 3308:}
        -: 3309:
        -: 3310:template <class _Allocator>
        -: 3311:bool
        -: 3312:vector<bool, _Allocator>::__invariants() const
        -: 3313:{
        -: 3314:    if (this->__begin_ == nullptr)
        -: 3315:    {
        -: 3316:        if (this->__size_ != 0 || this->__cap() != 0)
        -: 3317:            return false;
        -: 3318:    }
        -: 3319:    else
        -: 3320:    {
        -: 3321:        if (this->__cap() == 0)
        -: 3322:            return false;
        -: 3323:        if (this->__size_ > this->capacity())
        -: 3324:            return false;
        -: 3325:    }
        -: 3326:    return true;
        -: 3327:}
        -: 3328:
        -: 3329:template <class _Allocator>
        -: 3330:size_t
        -: 3331:vector<bool, _Allocator>::__hash_code() const _NOEXCEPT
        -: 3332:{
        -: 3333:    size_t __h = 0;
        -: 3334:    // do middle whole words
        -: 3335:    size_type __n = __size_;
        -: 3336:    __storage_pointer __p = __begin_;
        -: 3337:    for (; __n >= __bits_per_word; ++__p, __n -= __bits_per_word)
        -: 3338:        __h ^= *__p;
        -: 3339:    // do last partial word
        -: 3340:    if (__n > 0)
        -: 3341:    {
        -: 3342:        const __storage_type __m = ~__storage_type(0) >> (__bits_per_word - __n);
        -: 3343:        __h ^= *__p & __m;
        -: 3344:    }
        -: 3345:    return __h;
        -: 3346:}
        -: 3347:
        -: 3348:template <class _Allocator>
        -: 3349:struct _LIBCPP_TEMPLATE_VIS hash<vector<bool, _Allocator> >
        -: 3350:    : public unary_function<vector<bool, _Allocator>, size_t>
        -: 3351:{
        -: 3352:    _LIBCPP_INLINE_VISIBILITY
        -: 3353:    size_t operator()(const vector<bool, _Allocator>& __vec) const _NOEXCEPT
        -: 3354:        {return __vec.__hash_code();}
        -: 3355:};
        -: 3356:
        -: 3357:template <class _Tp, class _Allocator>
        -: 3358:inline _LIBCPP_INLINE_VISIBILITY
        -: 3359:bool
        -: 3360:operator==(const vector<_Tp, _Allocator>& __x, const vector<_Tp, _Allocator>& __y)
        -: 3361:{
        -: 3362:    const typename vector<_Tp, _Allocator>::size_type __sz = __x.size();
        -: 3363:    return __sz == __y.size() && _VSTD::equal(__x.begin(), __x.end(), __y.begin());
        -: 3364:}
        -: 3365:
        -: 3366:template <class _Tp, class _Allocator>
        -: 3367:inline _LIBCPP_INLINE_VISIBILITY
        -: 3368:bool
        -: 3369:operator!=(const vector<_Tp, _Allocator>& __x, const vector<_Tp, _Allocator>& __y)
        -: 3370:{
        -: 3371:    return !(__x == __y);
        -: 3372:}
        -: 3373:
        -: 3374:template <class _Tp, class _Allocator>
        -: 3375:inline _LIBCPP_INLINE_VISIBILITY
        -: 3376:bool
        -: 3377:operator< (const vector<_Tp, _Allocator>& __x, const vector<_Tp, _Allocator>& __y)
        -: 3378:{
        -: 3379:    return _VSTD::lexicographical_compare(__x.begin(), __x.end(), __y.begin(), __y.end());
        -: 3380:}
        -: 3381:
        -: 3382:template <class _Tp, class _Allocator>
        -: 3383:inline _LIBCPP_INLINE_VISIBILITY
        -: 3384:bool
        -: 3385:operator> (const vector<_Tp, _Allocator>& __x, const vector<_Tp, _Allocator>& __y)
        -: 3386:{
        -: 3387:    return __y < __x;
        -: 3388:}
        -: 3389:
        -: 3390:template <class _Tp, class _Allocator>
        -: 3391:inline _LIBCPP_INLINE_VISIBILITY
        -: 3392:bool
        -: 3393:operator>=(const vector<_Tp, _Allocator>& __x, const vector<_Tp, _Allocator>& __y)
        -: 3394:{
        -: 3395:    return !(__x < __y);
        -: 3396:}
        -: 3397:
        -: 3398:template <class _Tp, class _Allocator>
        -: 3399:inline _LIBCPP_INLINE_VISIBILITY
        -: 3400:bool
        -: 3401:operator<=(const vector<_Tp, _Allocator>& __x, const vector<_Tp, _Allocator>& __y)
        -: 3402:{
        -: 3403:    return !(__y < __x);
        -: 3404:}
        -: 3405:
        -: 3406:template <class _Tp, class _Allocator>
        -: 3407:inline _LIBCPP_INLINE_VISIBILITY
        -: 3408:void
        -: 3409:swap(vector<_Tp, _Allocator>& __x, vector<_Tp, _Allocator>& __y)
        -: 3410:    _NOEXCEPT_(_NOEXCEPT_(__x.swap(__y)))
        -: 3411:{
        -: 3412:    __x.swap(__y);
        -: 3413:}
        -: 3414:
        -: 3415:#if _LIBCPP_STD_VER > 17
        -: 3416:template <class _Tp, class _Allocator, class _Up>
        -: 3417:inline _LIBCPP_INLINE_VISIBILITY
        -: 3418:void erase(vector<_Tp, _Allocator>& __c, const _Up& __v)
        -: 3419:{ __c.erase(_VSTD::remove(__c.begin(), __c.end(), __v), __c.end()); }
        -: 3420:
        -: 3421:template <class _Tp, class _Allocator, class _Predicate>
        -: 3422:inline _LIBCPP_INLINE_VISIBILITY
        -: 3423:void erase_if(vector<_Tp, _Allocator>& __c, _Predicate __pred)
        -: 3424:{ __c.erase(_VSTD::remove_if(__c.begin(), __c.end(), __pred), __c.end()); }
        -: 3425:#endif
        -: 3426:
        -: 3427:_LIBCPP_END_NAMESPACE_STD
        -: 3428:
        -: 3429:_LIBCPP_POP_MACROS
        -: 3430:
        -: 3431:#endif  // _LIBCPP_VECTOR
