        -:    0:Source:/Users/paulcolta/Desktop/GitHub/Assignments_FP/Semester 2/OOP/Lab_5(6)/Lab 6 final/LABFINAL8/Movie.cpp
        -:    0:Graph:/Users/paulcolta/Desktop/GitHub/Assignments_FP/Semester 2/OOP/Lab_5(6)/Lab 6 final/LABFINAL8/cmake-build-debug/CMakeFiles/LABFINAL8.dir/Movie.gcno
        -:    0:Data:/Users/paulcolta/Desktop/GitHub/Assignments_FP/Semester 2/OOP/Lab_5(6)/Lab 6 final/LABFINAL8/cmake-build-debug/CMakeFiles/LABFINAL8.dir/Movie.gcda
        -:    0:Runs:1
        -:    0:Programs:1
        -:    1:#include "Movie.h"
        -:    2:#include <iostream>
        -:    3:
        -:    4://Movie constructors
        -:    5:
      106:    6:Movie::Movie(const std::string& title, const std::string& genre, int yearOfRelease, int numberOfLikes, const std::string& trailer): title(title),
       53:    6-block  0
       53:    6-block  1
       53:    7:																																	genre(genre), 
       53:    7-block  0
       53:    8:																																	yearOfRelease(yearOfRelease),
       53:    9:																																	numberOfLikes(numberOfLikes),
      159:   10:																																	trailer(trailer) {}
       53:   10-block  0
       53:   10-block  1
    $$$$$:   10-block  2
    $$$$$:   10-block  3
    $$$$$:   10-block  4
    $$$$$:   10-block  5
       53:   10-block  6
        -:   11:
        -:   12:
      126:   13:Movie::Movie(const Movie& movieToUse):title{movieToUse.title},
       63:   13-block  0
       63:   13-block  1
       63:   14:                                       genre{movieToUse.genre},
       63:   14-block  0
       63:   15:                                       yearOfRelease{movieToUse.yearOfRelease},
       63:   16:                                       numberOfLikes{movieToUse.numberOfLikes},
       63:   17:                                       trailer{movieToUse.trailer}
       63:   17-block  0
      126:   18:                                       {}
       63:   18-block  0
    $$$$$:   18-block  1
    $$$$$:   18-block  2
    $$$$$:   18-block  3
    $$$$$:   18-block  4
       63:   18-block  5
        -:   19://End of Movie constructors
        -:   20:
        -:   21:
        -:   22:
        1:   23:void Movie::setTitle(const std::string& title)
        1:   23-block  0
        -:   24:{
        1:   25:	Movie::title = title;
        -:   26:
        1:   27:}
        1:   27-block  0
        -:   28:
        1:   29:void Movie::setGenre(const std::string& genre)
        1:   29-block  0
        -:   30:{
        1:   31:	Movie::genre = genre;
        1:   32:}
        1:   32-block  0
        -:   33:
        1:   34:void Movie::setYearOfRelease(int yearOfRelease)
        1:   34-block  0
        -:   35:{
        1:   36:	Movie::yearOfRelease = yearOfRelease;
        1:   37:}
        1:   37-block  0
        -:   38:
        1:   39:void Movie::setNumberOfLikes(int numberOfLikes)
        1:   39-block  0
        -:   40:{
        1:   41:	Movie::numberOfLikes = numberOfLikes;
        1:   42:}
        1:   42-block  0
        -:   43:
        1:   44:void Movie::setTrailer(const std::string& trailer)
        1:   44-block  0
        -:   45:{
        1:   46:    Movie::trailer = trailer;
        1:   47:}
        1:   47-block  0
        -:   48:
       11:   49:const std::string& Movie::getTitle() const
       11:   49-block  0
        -:   50:{
       11:   51:	return title;
       11:   51-block  0
        -:   52:}
        -:   53:
        6:   54:int Movie::getYearOfRelease() const
        6:   54-block  0
        -:   55:{
        6:   56:	return yearOfRelease;
        6:   56-block  0
        -:   57:}
        -:   58:
       16:   59:const std::string& Movie::getGenre() const
       16:   59-block  0
        -:   60:{
       16:   61:	return genre;
       16:   61-block  0
        -:   62:}
        -:   63:
        6:   64:int Movie::getNumberOfLikes() const
        6:   64-block  0
        -:   65:{
        6:   66:	return numberOfLikes;
        6:   66-block  0
        -:   67:}
        -:   68:
        6:   69:const std::string& Movie::getTrailer() const
        6:   69-block  0
        -:   70:{
        6:   71:	return trailer;
        6:   71-block  0
        -:   72:}
        -:   73:
        -:   74://Operators overload
        -:   75:
       18:   76:bool Movie::operator==(const Movie& movieToCheck) const
       18:   76-block  0
        -:   77:{
       18:   78:	return title == movieToCheck.title; //maybe there can be 2 movies with the same title
       18:   78-block  0
        -:   79:}
        -:   80:
        2:   81:void Movie::operator=(const Movie& movieToGetValuesFrom)
        2:   81-block  0
        -:   82:{
        2:   83:	title = movieToGetValuesFrom.getTitle();
        2:   84:	genre = movieToGetValuesFrom.getGenre();
        2:   85:	yearOfRelease = movieToGetValuesFrom.getYearOfRelease();
        2:   86:	numberOfLikes = movieToGetValuesFrom.getNumberOfLikes();
        2:   87:	trailer = movieToGetValuesFrom.getTrailer();
        2:   88:}
        2:   88-block  0
        -:   89:
        1:   90:bool Movie::operator!=(const Movie& movieToCheck) const
        1:   90-block  0
        -:   91:{
        1:   92:	return !(movieToCheck == *this);
        1:   92-block  0
        -:   93:}
        -:   94:
        5:   95:std::ostream& operator<<(std::ostream& outStream, const Movie& movieToOutput)
        5:   95-block  0
        -:   96:{
        5:   97:	outStream << movieToOutput.getOutputForm();
        5:   97-block  0
    $$$$$:   97-block  1
    $$$$$:   97-block  2
        5:   98:	return outStream;}
        5:   98-block  0
        -:   99:
       13:  100:std::istream& operator>> (std::istream& inStream, Movie& movie) {
       13:  100-block  0
       13:  101:	std::string movieString;
       13:  102:	std::getline(inStream, movieString);
       13:  102-block  0
       13:  103:	std::vector <std::string> tokens;
       13:  104:	if (movieString == "") {
       13:  104-block  0
        6:  105:		return inStream;
        6:  105-block  0
        -:  106:	}
        7:  107:	tokens = movie.explode(movieString, ",:");
        7:  107-block  0
        7:  107-block  1
        7:  107-block  2
    $$$$$:  107-block  3
    $$$$$:  107-block  4
        7:  108:	movie.title = tokens[0].substr(1);
        7:  108-block  0
        7:  108-block  1
        7:  109:	movie.genre = tokens[1].substr(1);
        7:  109-block  0
        7:  109-block  1
        7:  110:	movie.yearOfRelease = std::stoi(tokens[2].substr(1));
        7:  110-block  0
        7:  110-block  1
        7:  110-block  2
    $$$$$:  110-block  3
        7:  111:	movie.numberOfLikes = std::stoi(tokens[3].substr(1));
        7:  111-block  0
        7:  111-block  1
        7:  111-block  2
    $$$$$:  111-block  3
        7:  112:	movie.trailer = tokens[4].substr(1);
        7:  112-block  0
        7:  112-block  1
        7:  113:	movie.trailer = movie.trailer.substr(0, movie.trailer.size() - 1);
        7:  113-block  0
        7:  114:	return inStream;
        7:  114-block  0
       13:  115:}
    $$$$$:  115-block  0
    $$$$$:  115-block  1
    $$$$$:  115-block  2
       13:  115-block  3
    $$$$$:  115-block  4
    $$$$$:  115-block  5
    $$$$$:  115-block  6
        -:  116://End of operators overload
        -:  117:
        -:  118:
        -:  119:
        -:  120:/*
        -:  121:	Explode a string after certain separators - stringToExplode - string to be separated
        -:  122:											  separatorsUsed - characters used to divide the string
        -:  123:*/
        8:  124:const std::vector<std::string>Movie::explode(const std::string& stringToExplode, const std::string& separatorsUsed)
        8:  124-block  0
        -:  125:{
       40:  126:	std::vector<std::string>trashValues = { "Title", " Genre", " Year of Release", " Likes", " Trailer" };
        8:  126-block  0
        8:  126-block  1
        8:  126-block  2
        8:  126-block  3
        8:  126-block  4
        8:  126-block  5
        8:  126-block  6
       40:  126-block  7
    $$$$$:  126-block  8
    $$$$$:  126-block  9
    $$$$$:  126-block 10
    $$$$$:  126-block 11
    $$$$$:  126-block 12
    $$$$$:  126-block 13
    $$$$$:  126-block 14
        8:  127:	std::string partialStringObtained{ "" };
        8:  127-block  0
        8:  128:	std::vector<std::string> explodedString;
        -:  129:
      649:  130:	for (auto iterator : stringToExplode)
        8:  130-block  0
      649:  130-block  1
      641:  130-block  2
      641:  130-block  3
        -:  131:	{
      641:  132:		if (iterator != separatorsUsed[0] && iterator != separatorsUsed[1])
      641:  132-block  0
      611:  132-block  1
      576:  133:			partialStringObtained += iterator;
      576:  133-block  0
      576:  133-block  1
        -:  134:		else
       65:  135:			if ((iterator == separatorsUsed[0] || iterator == separatorsUsed[1]) && partialStringObtained != "") {
       65:  135-block  0
       35:  135-block  1
       65:  135-block  2
       65:  136:				if (find(trashValues.begin(), trashValues.end(), partialStringObtained) == trashValues.end()) {
       65:  136-block  0
       65:  136-block  1
       30:  137:					explodedString.push_back(partialStringObtained);
       30:  137-block  0
       30:  138:				}
       30:  138-block  0
       65:  139:				partialStringObtained = "";
       65:  139-block  0
       65:  140:			}
       65:  140-block  0
        -:  141:	}
        8:  142:	if (partialStringObtained != "")
        8:  142-block  0
        8:  143:		explodedString.push_back(partialStringObtained);
        8:  143-block  0
        8:  143-block  1
        8:  144:	return explodedString;
        8:  145:}
    $$$$$:  145-block  0
    $$$$$:  145-block  1
        8:  145-block  2
    $$$$$:  145-block  3
        8:  145-block  4
    $$$$$:  145-block  5
        -:  146:
        -:  147:
        -:  148://This is how a movie is represented
        6:  149:std::string Movie::getOutputForm() const
        6:  149-block  0
        -:  150:{
        6:  151:	std::string finalOutputForm = "Title: " + title + ", Genre: " + genre + ", Year of Release: " + std::to_string(yearOfRelease) + ", Likes: " + std::to_string(numberOfLikes) + ", Trailer: " + trailer + ";";
        6:  151-block  0
        6:  151-block  1
        6:  151-block  2
        6:  151-block  3
        6:  151-block  4
        6:  151-block  5
        6:  151-block  6
        6:  151-block  7
        6:  151-block  8
        6:  151-block  9
        6:  151-block 10
    $$$$$:  151-block 11
    $$$$$:  151-block 12
    $$$$$:  151-block 13
    $$$$$:  151-block 14
    $$$$$:  151-block 15
    $$$$$:  151-block 16
    $$$$$:  151-block 17
    $$$$$:  151-block 18
    $$$$$:  151-block 19
    $$$$$:  151-block 20
    $$$$$:  151-block 21
    $$$$$:  151-block 22
        6:  152:	return finalOutputForm;
        6:  153:}
        6:  153-block  0
    $$$$$:  153-block  1
    $$$$$:  153-block  2
    $$$$$:  153-block  3
    $$$$$:  153-block  4
    $$$$$:  153-block  5
    $$$$$:  153-block  6
    $$$$$:  153-block  7
    $$$$$:  153-block  8
    $$$$$:  153-block  9
    $$$$$:  153-block 10
    $$$$$:  153-block 11
        6:  153-block 12
        -:  154:
