        -:    0:Source:/Applications/Xcode.app/Contents/Developer/Toolchains/XcodeDefault.xctoolchain/usr/bin/../include/c++/v1/locale
        -:    0:Graph:/Users/paulcolta/Desktop/GitHub/Assignments_FP/Semester 2/OOP/Lab_5(6)/Lab 6 final/LABFINAL8/cmake-build-debug/CMakeFiles/LABFINAL8.dir/Repository.gcno
        -:    0:Data:/Users/paulcolta/Desktop/GitHub/Assignments_FP/Semester 2/OOP/Lab_5(6)/Lab 6 final/LABFINAL8/cmake-build-debug/CMakeFiles/LABFINAL8.dir/Repository.gcda
        -:    0:Runs:1
        -:    0:Programs:1
        -:    1:// -*- C++ -*-
        -:    2://===-------------------------- locale ------------------------------------===//
        -:    3://
        -:    4:// Part of the LLVM Project, under the Apache License v2.0 with LLVM Exceptions.
        -:    5:// See https://llvm.org/LICENSE.txt for license information.
        -:    6:// SPDX-License-Identifier: Apache-2.0 WITH LLVM-exception
        -:    7://
        -:    8://===----------------------------------------------------------------------===//
        -:    9:
        -:   10:#ifndef _LIBCPP_LOCALE
        -:   11:#define _LIBCPP_LOCALE
        -:   12:
        -:   13:/*
        -:   14:    locale synopsis
        -:   15:
        -:   16:namespace std
        -:   17:{
        -:   18:
        -:   19:class locale
        -:   20:{
        -:   21:public:
        -:   22:    // types:
        -:   23:    class facet;
        -:   24:    class id;
        -:   25:
        -:   26:    typedef int category;
        -:   27:    static const category // values assigned here are for exposition only
        -:   28:        none     = 0x000,
        -:   29:        collate  = 0x010,
        -:   30:        ctype    = 0x020,
        -:   31:        monetary = 0x040,
        -:   32:        numeric  = 0x080,
        -:   33:        time     = 0x100,
        -:   34:        messages = 0x200,
        -:   35:        all = collate | ctype | monetary | numeric | time | messages;
        -:   36:
        -:   37:    // construct/copy/destroy:
        -:   38:    locale() noexcept;
        -:   39:    locale(const locale& other) noexcept;
        -:   40:    explicit locale(const char* std_name);
        -:   41:    explicit locale(const string& std_name);
        -:   42:    locale(const locale& other, const char* std_name, category);
        -:   43:    locale(const locale& other, const string& std_name, category);
        -:   44:    template <class Facet> locale(const locale& other, Facet* f);
        -:   45:    locale(const locale& other, const locale& one, category);
        -:   46:
        -:   47:    ~locale(); // not virtual
        -:   48:
        -:   49:    const locale& operator=(const locale& other) noexcept;
        -:   50:
        -:   51:    template <class Facet> locale combine(const locale& other) const;
        -:   52:
        -:   53:    // locale operations:
        -:   54:    basic_string<char> name() const;
        -:   55:    bool operator==(const locale& other) const;
        -:   56:    bool operator!=(const locale& other) const;
        -:   57:    template <class charT, class Traits, class Allocator>
        -:   58:      bool operator()(const basic_string<charT,Traits,Allocator>& s1,
        -:   59:                      const basic_string<charT,Traits,Allocator>& s2) const;
        -:   60:
        -:   61:    // global locale objects:
        -:   62:    static locale global(const locale&);
        -:   63:    static const locale& classic();
        -:   64:};
        -:   65:
        -:   66:template <class Facet> const Facet& use_facet(const locale&);
        -:   67:template <class Facet> bool has_facet(const locale&) noexcept;
        -:   68:
        -:   69:// 22.3.3, convenience interfaces:
        -:   70:template <class charT> bool isspace (charT c, const locale& loc);
        -:   71:template <class charT> bool isprint (charT c, const locale& loc);
        -:   72:template <class charT> bool iscntrl (charT c, const locale& loc);
        -:   73:template <class charT> bool isupper (charT c, const locale& loc);
        -:   74:template <class charT> bool islower (charT c, const locale& loc);
        -:   75:template <class charT> bool isalpha (charT c, const locale& loc);
        -:   76:template <class charT> bool isdigit (charT c, const locale& loc);
        -:   77:template <class charT> bool ispunct (charT c, const locale& loc);
        -:   78:template <class charT> bool isxdigit(charT c, const locale& loc);
        -:   79:template <class charT> bool isalnum (charT c, const locale& loc);
        -:   80:template <class charT> bool isgraph (charT c, const locale& loc);
        -:   81:template <class charT> charT toupper(charT c, const locale& loc);
        -:   82:template <class charT> charT tolower(charT c, const locale& loc);
        -:   83:
        -:   84:template<class Codecvt, class Elem = wchar_t,
        -:   85:         class Wide_alloc = allocator<Elem>,
        -:   86:         class Byte_alloc = allocator<char>>
        -:   87:class wstring_convert
        -:   88:{
        -:   89:public:
        -:   90:    typedef basic_string<char, char_traits<char>, Byte_alloc> byte_string;
        -:   91:    typedef basic_string<Elem, char_traits<Elem>, Wide_alloc> wide_string;
        -:   92:    typedef typename Codecvt::state_type                      state_type;
        -:   93:    typedef typename wide_string::traits_type::int_type       int_type;
        -:   94:
        -:   95:    explicit wstring_convert(Codecvt* pcvt = new Codecvt);          // explicit in C++14
        -:   96:    wstring_convert(Codecvt* pcvt, state_type state);
        -:   97:    explicit wstring_convert(const byte_string& byte_err,           // explicit in C++14
        -:   98:                    const wide_string& wide_err = wide_string());
        -:   99:    wstring_convert(const wstring_convert&) = delete;               // C++14
        -:  100:    wstring_convert & operator=(const wstring_convert &) = delete;  // C++14
        -:  101:    ~wstring_convert();
        -:  102:
        -:  103:    wide_string from_bytes(char byte);
        -:  104:    wide_string from_bytes(const char* ptr);
        -:  105:    wide_string from_bytes(const byte_string& str);
        -:  106:    wide_string from_bytes(const char* first, const char* last);
        -:  107:
        -:  108:    byte_string to_bytes(Elem wchar);
        -:  109:    byte_string to_bytes(const Elem* wptr);
        -:  110:    byte_string to_bytes(const wide_string& wstr);
        -:  111:    byte_string to_bytes(const Elem* first, const Elem* last);
        -:  112:
        -:  113:    size_t converted() const; // noexcept in C++14
        -:  114:    state_type state() const;
        -:  115:};
        -:  116:
        -:  117:template <class Codecvt, class Elem = wchar_t, class Tr = char_traits<Elem>>
        -:  118:class wbuffer_convert
        -:  119:    : public basic_streambuf<Elem, Tr>
        -:  120:{
        -:  121:public:
        -:  122:    typedef typename Tr::state_type state_type;
        -:  123:
        -:  124:    explicit wbuffer_convert(streambuf* bytebuf = 0, Codecvt* pcvt = new Codecvt,
        -:  125:                    state_type state = state_type());       // explicit in C++14
        -:  126:    wbuffer_convert(const wbuffer_convert&) = delete;               // C++14
        -:  127:    wbuffer_convert & operator=(const wbuffer_convert &) = delete;  // C++14
        -:  128:    ~wbuffer_convert();                                             // C++14
        -:  129:
        -:  130:    streambuf* rdbuf() const;
        -:  131:    streambuf* rdbuf(streambuf* bytebuf);
        -:  132:
        -:  133:    state_type state() const;
        -:  134:};
        -:  135:
        -:  136:// 22.4.1 and 22.4.1.3, ctype:
        -:  137:class ctype_base;
        -:  138:template <class charT> class ctype;
        -:  139:template <> class ctype<char>; // specialization
        -:  140:template <class charT> class ctype_byname;
        -:  141:template <> class ctype_byname<char>; // specialization
        -:  142:
        -:  143:class codecvt_base;
        -:  144:template <class internT, class externT, class stateT> class codecvt;
        -:  145:template <class internT, class externT, class stateT> class codecvt_byname;
        -:  146:
        -:  147:// 22.4.2 and 22.4.3, numeric:
        -:  148:template <class charT, class InputIterator> class num_get;
        -:  149:template <class charT, class OutputIterator> class num_put;
        -:  150:template <class charT> class numpunct;
        -:  151:template <class charT> class numpunct_byname;
        -:  152:
        -:  153:// 22.4.4, col lation:
        -:  154:template <class charT> class collate;
        -:  155:template <class charT> class collate_byname;
        -:  156:
        -:  157:// 22.4.5, date and time:
        -:  158:class time_base;
        -:  159:template <class charT, class InputIterator> class time_get;
        -:  160:template <class charT, class InputIterator> class time_get_byname;
        -:  161:template <class charT, class OutputIterator> class time_put;
        -:  162:template <class charT, class OutputIterator> class time_put_byname;
        -:  163:
        -:  164:// 22.4.6, money:
        -:  165:class money_base;
        -:  166:template <class charT, class InputIterator> class money_get;
        -:  167:template <class charT, class OutputIterator> class money_put;
        -:  168:template <class charT, bool Intl> class moneypunct;
        -:  169:template <class charT, bool Intl> class moneypunct_byname;
        -:  170:
        -:  171:// 22.4.7, message retrieval:
        -:  172:class messages_base;
        -:  173:template <class charT> class messages;
        -:  174:template <class charT> class messages_byname;
        -:  175:
        -:  176:}  // std
        -:  177:
        -:  178:*/
        -:  179:
        -:  180:#include <__config>
        -:  181:#include <__locale>
        -:  182:#include <__debug>
        -:  183:#include <algorithm>
        -:  184:#include <memory>
        -:  185:#include <ios>
        -:  186:#include <streambuf>
        -:  187:#include <iterator>
        -:  188:#include <limits>
        -:  189:#include <__cxx_version>
        -:  190:#ifndef __APPLE__
        -:  191:#include <cstdarg>
        -:  192:#endif
        -:  193:#include <cstdlib>
        -:  194:#include <ctime>
        -:  195:#include <cstdio>
        -:  196:#ifdef _LIBCPP_HAS_CATOPEN
        -:  197:#include <nl_types.h>
        -:  198:#endif
        -:  199:
        -:  200:#ifdef __APPLE__
        -:  201:#include <Availability.h>
        -:  202:#endif
        -:  203:
        -:  204:#ifdef _LIBCPP_LOCALE__L_EXTENSIONS
        -:  205:#include <__bsd_locale_defaults.h>
        -:  206:#else
        -:  207:#include <__bsd_locale_fallbacks.h>
        -:  208:#endif
        -:  209:
        -:  210:#if !defined(_LIBCPP_HAS_NO_PRAGMA_SYSTEM_HEADER)
        -:  211:#pragma GCC system_header
        -:  212:#endif
        -:  213:
        -:  214:_LIBCPP_PUSH_MACROS
        -:  215:#include <__undef_macros>
        -:  216:
        -:  217:
        -:  218:_LIBCPP_BEGIN_NAMESPACE_STD
        -:  219:
        -:  220:#if defined(__APPLE__) || defined(__FreeBSD__)
        -:  221:#  define _LIBCPP_GET_C_LOCALE 0
        -:  222:#elif defined(__CloudABI__) || defined(__NetBSD__)
        -:  223:#  define _LIBCPP_GET_C_LOCALE LC_C_LOCALE
        -:  224:#else
        -:  225:#  define _LIBCPP_GET_C_LOCALE __cloc()
        -:  226:   // Get the C locale object
        -:  227:   _LIBCPP_FUNC_VIS locale_t __cloc();
        -:  228:#define __cloc_defined
        -:  229:#endif
        -:  230:
        -:  231:// __scan_keyword
        -:  232:// Scans [__b, __e) until a match is found in the basic_strings range
        -:  233://  [__kb, __ke) or until it can be shown that there is no match in [__kb, __ke).
        -:  234://  __b will be incremented (visibly), consuming CharT until a match is found
        -:  235://  or proved to not exist.  A keyword may be "", in which will match anything.
        -:  236://  If one keyword is a prefix of another, and the next CharT in the input
        -:  237://  might match another keyword, the algorithm will attempt to find the longest
        -:  238://  matching keyword.  If the longer matching keyword ends up not matching, then
        -:  239://  no keyword match is found.  If no keyword match is found, __ke is returned
        -:  240://  and failbit is set in __err.
        -:  241://  Else an iterator pointing to the matching keyword is found.  If more than
        -:  242://  one keyword matches, an iterator to the first matching keyword is returned.
        -:  243://  If on exit __b == __e, eofbit is set in __err.  If __case_sensitive is false,
        -:  244://  __ct is used to force to lower case before comparing characters.
        -:  245://  Examples:
        -:  246://  Keywords:  "a", "abb"
        -:  247://  If the input is "a", the first keyword matches and eofbit is set.
        -:  248://  If the input is "abc", no match is found and "ab" are consumed.
        -:  249:template <class _InputIterator, class _ForwardIterator, class _Ctype>
        -:  250:_LIBCPP_HIDDEN
        -:  251:_ForwardIterator
        -:  252:__scan_keyword(_InputIterator& __b, _InputIterator __e,
        -:  253:               _ForwardIterator __kb, _ForwardIterator __ke,
        -:  254:               const _Ctype& __ct, ios_base::iostate& __err,
        -:  255:               bool __case_sensitive = true)
        -:  256:{
        -:  257:    typedef typename iterator_traits<_InputIterator>::value_type _CharT;
        -:  258:    size_t __nkw = static_cast<size_t>(_VSTD::distance(__kb, __ke));
        -:  259:    const unsigned char __doesnt_match = '\0';
        -:  260:    const unsigned char __might_match = '\1';
        -:  261:    const unsigned char __does_match = '\2';
        -:  262:    unsigned char __statbuf[100];
        -:  263:    unsigned char* __status = __statbuf;
        -:  264:    unique_ptr<unsigned char, void(*)(void*)> __stat_hold(0, free);
        -:  265:    if (__nkw > sizeof(__statbuf))
        -:  266:    {
        -:  267:        __status = (unsigned char*)malloc(__nkw);
        -:  268:        if (__status == 0)
        -:  269:            __throw_bad_alloc();
        -:  270:        __stat_hold.reset(__status);
        -:  271:    }
        -:  272:    size_t __n_might_match = __nkw;  // At this point, any keyword might match
        -:  273:    size_t __n_does_match = 0;       // but none of them definitely do
        -:  274:    // Initialize all statuses to __might_match, except for "" keywords are __does_match
        -:  275:    unsigned char* __st = __status;
        -:  276:    for (_ForwardIterator __ky = __kb; __ky != __ke; ++__ky, (void) ++__st)
        -:  277:    {
        -:  278:        if (!__ky->empty())
        -:  279:            *__st = __might_match;
        -:  280:        else
        -:  281:        {
        -:  282:            *__st = __does_match;
        -:  283:            --__n_might_match;
        -:  284:            ++__n_does_match;
        -:  285:        }
        -:  286:    }
        -:  287:    // While there might be a match, test keywords against the next CharT
        -:  288:    for (size_t __indx = 0; __b != __e && __n_might_match > 0; ++__indx)
        -:  289:    {
        -:  290:        // Peek at the next CharT but don't consume it
        -:  291:        _CharT __c = *__b;
        -:  292:        if (!__case_sensitive)
        -:  293:            __c = __ct.toupper(__c);
        -:  294:        bool __consume = false;
        -:  295:        // For each keyword which might match, see if the __indx character is __c
        -:  296:        // If a match if found, consume __c
        -:  297:        // If a match is found, and that is the last character in the keyword,
        -:  298:        //    then that keyword matches.
        -:  299:        // If the keyword doesn't match this character, then change the keyword
        -:  300:        //    to doesn't match
        -:  301:        __st = __status;
        -:  302:        for (_ForwardIterator __ky = __kb; __ky != __ke; ++__ky, (void) ++__st)
        -:  303:        {
        -:  304:            if (*__st == __might_match)
        -:  305:            {
        -:  306:                _CharT __kc = (*__ky)[__indx];
        -:  307:                if (!__case_sensitive)
        -:  308:                    __kc = __ct.toupper(__kc);
        -:  309:                if (__c == __kc)
        -:  310:                {
        -:  311:                    __consume = true;
        -:  312:                    if (__ky->size() == __indx+1)
        -:  313:                    {
        -:  314:                        *__st = __does_match;
        -:  315:                        --__n_might_match;
        -:  316:                        ++__n_does_match;
        -:  317:                    }
        -:  318:                }
        -:  319:                else
        -:  320:                {
        -:  321:                    *__st = __doesnt_match;
        -:  322:                    --__n_might_match;
        -:  323:                }
        -:  324:            }
        -:  325:        }
        -:  326:        // consume if we matched a character
        -:  327:        if (__consume)
        -:  328:        {
        -:  329:            ++__b;
        -:  330:            // If we consumed a character and there might be a matched keyword that
        -:  331:            //   was marked matched on a previous iteration, then such keywords
        -:  332:            //   which are now marked as not matching.
        -:  333:            if (__n_might_match + __n_does_match > 1)
        -:  334:            {
        -:  335:                __st = __status;
        -:  336:                for (_ForwardIterator __ky = __kb; __ky != __ke; ++__ky, (void) ++__st)
        -:  337:                {
        -:  338:                    if (*__st == __does_match && __ky->size() != __indx+1)
        -:  339:                    {
        -:  340:                        *__st = __doesnt_match;
        -:  341:                        --__n_does_match;
        -:  342:                    }
        -:  343:                }
        -:  344:            }
        -:  345:        }
        -:  346:    }
        -:  347:    // We've exited the loop because we hit eof and/or we have no more "might matches".
        -:  348:    if (__b == __e)
        -:  349:        __err |= ios_base::eofbit;
        -:  350:    // Return the first matching result
        -:  351:    for (__st = __status; __kb != __ke; ++__kb, (void) ++__st)
        -:  352:        if (*__st == __does_match)
        -:  353:            break;
        -:  354:    if (__kb == __ke)
        -:  355:        __err |= ios_base::failbit;
        -:  356:    return __kb;
        -:  357:}
        -:  358:
        -:  359:struct _LIBCPP_TYPE_VIS __num_get_base
        -:  360:{
        -:  361:    static const int __num_get_buf_sz = 40;
        -:  362:
        -:  363:    static int __get_base(ios_base&);
        -:  364:    static const char __src[33];
        -:  365:};
        -:  366:
        -:  367:_LIBCPP_FUNC_VIS
        -:  368:void __check_grouping(const string& __grouping, unsigned* __g, unsigned* __g_end,
        -:  369:                      ios_base::iostate& __err);
        -:  370:
        -:  371:template <class _CharT>
        -:  372:struct __num_get
        -:  373:    : protected __num_get_base
        -:  374:{
        -:  375:    static string __stage2_float_prep(ios_base& __iob, _CharT* __atoms, _CharT& __decimal_point,
        -:  376:                                      _CharT& __thousands_sep);
        -:  377:
        -:  378:    static int __stage2_float_loop(_CharT __ct, bool& __in_units, char& __exp,
        -:  379:                                   char* __a, char*& __a_end,
        -:  380:                                   _CharT __decimal_point, _CharT __thousands_sep,
        -:  381:                                   const string& __grouping, unsigned* __g,
        -:  382:                                   unsigned*& __g_end, unsigned& __dc, _CharT* __atoms);
        -:  383:#ifndef _LIBCPP_ABI_OPTIMIZED_LOCALE_NUM_GET
        -:  384:    static string __stage2_int_prep(ios_base& __iob, _CharT* __atoms, _CharT& __thousands_sep);
        -:  385:    static int __stage2_int_loop(_CharT __ct, int __base, char* __a, char*& __a_end,
        -:  386:                  unsigned& __dc, _CharT __thousands_sep, const string& __grouping,
        -:  387:                  unsigned* __g, unsigned*& __g_end, _CharT* __atoms);
        -:  388:
        -:  389:#else
        -:  390:    static string __stage2_int_prep(ios_base& __iob, _CharT& __thousands_sep)
        -:  391:    {
        -:  392:        locale __loc = __iob.getloc();
        -:  393:        const numpunct<_CharT>& __np = use_facet<numpunct<_CharT> >(__loc);
        -:  394:        __thousands_sep = __np.thousands_sep();
        -:  395:        return __np.grouping();
        -:  396:    }
        -:  397:
        -:  398:    const _CharT* __do_widen(ios_base& __iob, _CharT* __atoms) const
        -:  399:    {
        -:  400:      return __do_widen_p(__iob, __atoms);
        -:  401:    }
        -:  402:
        -:  403:
        -:  404:    static int __stage2_int_loop(_CharT __ct, int __base, char* __a, char*& __a_end,
        -:  405:                  unsigned& __dc, _CharT __thousands_sep, const string& __grouping,
        -:  406:                  unsigned* __g, unsigned*& __g_end, const _CharT* __atoms);
        -:  407:private:
        -:  408:    template<typename T>
        -:  409:    const T* __do_widen_p(ios_base& __iob, T* __atoms) const
        -:  410:    {
        -:  411:      locale __loc = __iob.getloc();
        -:  412:      use_facet<ctype<T> >(__loc).widen(__src, __src + 26, __atoms);
        -:  413:      return __atoms;
        -:  414:    }
        -:  415:
        -:  416:    const char* __do_widen_p(ios_base& __iob, char* __atoms) const
        -:  417:    {
        -:  418:      (void)__iob;
        -:  419:      (void)__atoms;
        -:  420:      return __src;
        -:  421:    }
        -:  422:#endif
        -:  423:};
        -:  424:
        -:  425:#ifndef _LIBCPP_ABI_OPTIMIZED_LOCALE_NUM_GET
        -:  426:template <class _CharT>
        -:  427:string
        -:  428:__num_get<_CharT>::__stage2_int_prep(ios_base& __iob, _CharT* __atoms, _CharT& __thousands_sep)
        -:  429:{
        -:  430:    locale __loc = __iob.getloc();
        -:  431:    use_facet<ctype<_CharT> >(__loc).widen(__src, __src + 26, __atoms);
        -:  432:    const numpunct<_CharT>& __np = use_facet<numpunct<_CharT> >(__loc);
        -:  433:    __thousands_sep = __np.thousands_sep();
        -:  434:    return __np.grouping();
        -:  435:}
        -:  436:#endif
        -:  437:
        -:  438:template <class _CharT>
        -:  439:string
        -:  440:__num_get<_CharT>::__stage2_float_prep(ios_base& __iob, _CharT* __atoms, _CharT& __decimal_point,
        -:  441:                    _CharT& __thousands_sep)
        -:  442:{
        -:  443:    locale __loc = __iob.getloc();
        -:  444:    use_facet<ctype<_CharT> >(__loc).widen(__src, __src + 32, __atoms);
        -:  445:    const numpunct<_CharT>& __np = use_facet<numpunct<_CharT> >(__loc);
        -:  446:    __decimal_point = __np.decimal_point();
        -:  447:    __thousands_sep = __np.thousands_sep();
        -:  448:    return __np.grouping();
        -:  449:}
        -:  450:
        -:  451:template <class _CharT>
        -:  452:int
        -:  453:#ifndef _LIBCPP_ABI_OPTIMIZED_LOCALE_NUM_GET
        -:  454:__num_get<_CharT>::__stage2_int_loop(_CharT __ct, int __base, char* __a, char*& __a_end,
        -:  455:                  unsigned& __dc, _CharT __thousands_sep, const string& __grouping,
        -:  456:                  unsigned* __g, unsigned*& __g_end, _CharT* __atoms)
        -:  457:#else
        -:  458:__num_get<_CharT>::__stage2_int_loop(_CharT __ct, int __base, char* __a, char*& __a_end,
        -:  459:                  unsigned& __dc, _CharT __thousands_sep, const string& __grouping,
        -:  460:                  unsigned* __g, unsigned*& __g_end, const _CharT* __atoms)
        -:  461:
        -:  462:#endif
        -:  463:{
        -:  464:    if (__a_end == __a && (__ct == __atoms[24] || __ct == __atoms[25]))
        -:  465:    {
        -:  466:        *__a_end++ = __ct == __atoms[24] ? '+' : '-';
        -:  467:        __dc = 0;
        -:  468:        return 0;
        -:  469:    }
        -:  470:    if (__grouping.size() != 0 && __ct == __thousands_sep)
        -:  471:    {
        -:  472:        if (__g_end-__g < __num_get_buf_sz)
        -:  473:        {
        -:  474:            *__g_end++ = __dc;
        -:  475:            __dc = 0;
        -:  476:        }
        -:  477:        return 0;
        -:  478:    }
        -:  479:    ptrdiff_t __f = find(__atoms, __atoms + 26, __ct) - __atoms;
        -:  480:    if (__f >= 24)
        -:  481:        return -1;
        -:  482:    switch (__base)
        -:  483:    {
        -:  484:    case 8:
        -:  485:    case 10:
        -:  486:        if (__f >= __base)
        -:  487:            return -1;
        -:  488:        break;
        -:  489:    case 16:
        -:  490:        if (__f < 22)
        -:  491:            break;
        -:  492:        if (__a_end != __a && __a_end - __a <= 2 && __a_end[-1] == '0')
        -:  493:        {
        -:  494:            __dc = 0;
        -:  495:            *__a_end++ = __src[__f];
        -:  496:            return 0;
        -:  497:        }
        -:  498:        return -1;
        -:  499:    }
        -:  500:    *__a_end++ = __src[__f];
        -:  501:    ++__dc;
        -:  502:    return 0;
        -:  503:}
        -:  504:
        -:  505:template <class _CharT>
        -:  506:int
        -:  507:__num_get<_CharT>::__stage2_float_loop(_CharT __ct, bool& __in_units, char& __exp, char* __a, char*& __a_end,
        -:  508:                    _CharT __decimal_point, _CharT __thousands_sep, const string& __grouping,
        -:  509:                    unsigned* __g, unsigned*& __g_end, unsigned& __dc, _CharT* __atoms)
        -:  510:{
        -:  511:    if (__ct == __decimal_point)
        -:  512:    {
        -:  513:        if (!__in_units)
        -:  514:            return -1;
        -:  515:        __in_units = false;
        -:  516:        *__a_end++ = '.';
        -:  517:        if (__grouping.size() != 0 && __g_end-__g < __num_get_buf_sz)
        -:  518:            *__g_end++ = __dc;
        -:  519:        return 0;
        -:  520:    }
        -:  521:    if (__ct == __thousands_sep && __grouping.size() != 0)
        -:  522:    {
        -:  523:        if (!__in_units)
        -:  524:            return -1;
        -:  525:        if (__g_end-__g < __num_get_buf_sz)
        -:  526:        {
        -:  527:            *__g_end++ = __dc;
        -:  528:            __dc = 0;
        -:  529:        }
        -:  530:        return 0;
        -:  531:    }
        -:  532:    ptrdiff_t __f = find(__atoms, __atoms + 32, __ct) - __atoms;
        -:  533:    if (__f >= 32)
        -:  534:        return -1;
        -:  535:    char __x = __src[__f];
        -:  536:    if (__x == '-' || __x == '+')
        -:  537:    {
        -:  538:        if (__a_end == __a || (__a_end[-1] & 0x5F) == (__exp & 0x7F))
        -:  539:        {
        -:  540:            *__a_end++ = __x;
        -:  541:            return 0;
        -:  542:        }
        -:  543:        return -1;
        -:  544:    }
        -:  545:    if (__x == 'x' || __x == 'X')
        -:  546:        __exp = 'P';
        -:  547:    else if ((__x & 0x5F) == __exp)
        -:  548:    {
        -:  549:        __exp |= (char) 0x80;
        -:  550:        if (__in_units)
        -:  551:        {
        -:  552:            __in_units = false;
        -:  553:            if (__grouping.size() != 0 && __g_end-__g < __num_get_buf_sz)
        -:  554:                *__g_end++ = __dc;
        -:  555:        }
        -:  556:    }
        -:  557:    *__a_end++ = __x;
        -:  558:    if (__f >= 22)
        -:  559:        return 0;
        -:  560:    ++__dc;
        -:  561:    return 0;
        -:  562:}
        -:  563:
        -:  564:_LIBCPP_EXTERN_TEMPLATE2(struct _LIBCPP_EXTERN_TEMPLATE_TYPE_VIS __num_get<char>)
        -:  565:_LIBCPP_EXTERN_TEMPLATE2(struct _LIBCPP_EXTERN_TEMPLATE_TYPE_VIS __num_get<wchar_t>)
        -:  566:
        -:  567:template <class _CharT, class _InputIterator = istreambuf_iterator<_CharT> >
        -:  568:class _LIBCPP_TEMPLATE_VIS num_get
        -:  569:    : public locale::facet,
        -:  570:      private __num_get<_CharT>
        -:  571:{
        -:  572:public:
        -:  573:    typedef _CharT char_type;
        -:  574:    typedef _InputIterator iter_type;
        -:  575:
        -:  576:    _LIBCPP_INLINE_VISIBILITY
        -:  577:    explicit num_get(size_t __refs = 0)
        -:  578:        : locale::facet(__refs) {}
        -:  579:
        -:  580:    _LIBCPP_INLINE_VISIBILITY
        -:  581:    iter_type get(iter_type __b, iter_type __e, ios_base& __iob,
        -:  582:                  ios_base::iostate& __err, bool& __v) const
        -:  583:    {
        -:  584:        return do_get(__b, __e, __iob, __err, __v);
        -:  585:    }
        -:  586:
        -:  587:    _LIBCPP_INLINE_VISIBILITY
        -:  588:    iter_type get(iter_type __b, iter_type __e, ios_base& __iob,
        -:  589:                  ios_base::iostate& __err, long& __v) const
        -:  590:    {
        -:  591:        return do_get(__b, __e, __iob, __err, __v);
        -:  592:    }
        -:  593:
        -:  594:    _LIBCPP_INLINE_VISIBILITY
        -:  595:    iter_type get(iter_type __b, iter_type __e, ios_base& __iob,
        -:  596:                  ios_base::iostate& __err, long long& __v) const
        -:  597:    {
        -:  598:        return do_get(__b, __e, __iob, __err, __v);
        -:  599:    }
        -:  600:
        -:  601:    _LIBCPP_INLINE_VISIBILITY
        -:  602:    iter_type get(iter_type __b, iter_type __e, ios_base& __iob,
        -:  603:                  ios_base::iostate& __err, unsigned short& __v) const
        -:  604:    {
        -:  605:        return do_get(__b, __e, __iob, __err, __v);
        -:  606:    }
        -:  607:
        -:  608:    _LIBCPP_INLINE_VISIBILITY
        -:  609:    iter_type get(iter_type __b, iter_type __e, ios_base& __iob,
        -:  610:                  ios_base::iostate& __err, unsigned int& __v) const
        -:  611:    {
        -:  612:        return do_get(__b, __e, __iob, __err, __v);
        -:  613:    }
        -:  614:
        -:  615:    _LIBCPP_INLINE_VISIBILITY
        -:  616:    iter_type get(iter_type __b, iter_type __e, ios_base& __iob,
        -:  617:                  ios_base::iostate& __err, unsigned long& __v) const
        -:  618:    {
        -:  619:        return do_get(__b, __e, __iob, __err, __v);
        -:  620:    }
        -:  621:
        -:  622:    _LIBCPP_INLINE_VISIBILITY
        -:  623:    iter_type get(iter_type __b, iter_type __e, ios_base& __iob,
        -:  624:                  ios_base::iostate& __err, unsigned long long& __v) const
        -:  625:    {
        -:  626:        return do_get(__b, __e, __iob, __err, __v);
        -:  627:    }
        -:  628:
        -:  629:    _LIBCPP_INLINE_VISIBILITY
        -:  630:    iter_type get(iter_type __b, iter_type __e, ios_base& __iob,
        -:  631:                  ios_base::iostate& __err, float& __v) const
        -:  632:    {
        -:  633:        return do_get(__b, __e, __iob, __err, __v);
        -:  634:    }
        -:  635:
        -:  636:    _LIBCPP_INLINE_VISIBILITY
        -:  637:    iter_type get(iter_type __b, iter_type __e, ios_base& __iob,
        -:  638:                  ios_base::iostate& __err, double& __v) const
        -:  639:    {
        -:  640:        return do_get(__b, __e, __iob, __err, __v);
        -:  641:    }
        -:  642:
        -:  643:    _LIBCPP_INLINE_VISIBILITY
        -:  644:    iter_type get(iter_type __b, iter_type __e, ios_base& __iob,
        -:  645:                  ios_base::iostate& __err, long double& __v) const
        -:  646:    {
        -:  647:        return do_get(__b, __e, __iob, __err, __v);
        -:  648:    }
        -:  649:
        -:  650:    _LIBCPP_INLINE_VISIBILITY
        -:  651:    iter_type get(iter_type __b, iter_type __e, ios_base& __iob,
        -:  652:                  ios_base::iostate& __err, void*& __v) const
        -:  653:    {
        -:  654:        return do_get(__b, __e, __iob, __err, __v);
        -:  655:    }
        -:  656:
        -:  657:    static locale::id id;
        -:  658:
        -:  659:protected:
        -:  660:    _LIBCPP_INLINE_VISIBILITY
        -:  661:    ~num_get() {}
        -:  662:
        -:  663:    template <class _Fp>
        -:  664:    _LIBCPP_METHOD_TEMPLATE_IMPLICIT_INSTANTIATION_VIS
        -:  665:    iter_type __do_get_floating_point
        -:  666:                            (iter_type __b, iter_type __e, ios_base& __iob,
        -:  667:                             ios_base::iostate& __err, _Fp& __v) const;
        -:  668:
        -:  669:    template <class _Signed>
        -:  670:    _LIBCPP_METHOD_TEMPLATE_IMPLICIT_INSTANTIATION_VIS
        -:  671:    iter_type __do_get_signed
        -:  672:                            (iter_type __b, iter_type __e, ios_base& __iob,
        -:  673:                             ios_base::iostate& __err, _Signed& __v) const;
        -:  674:
        -:  675:    template <class _Unsigned>
        -:  676:    _LIBCPP_METHOD_TEMPLATE_IMPLICIT_INSTANTIATION_VIS
        -:  677:    iter_type __do_get_unsigned
        -:  678:                            (iter_type __b, iter_type __e, ios_base& __iob,
        -:  679:                             ios_base::iostate& __err, _Unsigned& __v) const;
        -:  680:
        -:  681:
        -:  682:    virtual iter_type do_get(iter_type __b, iter_type __e, ios_base& __iob,
        -:  683:                             ios_base::iostate& __err, bool& __v) const;
        -:  684:
        -:  685:    virtual iter_type do_get(iter_type __b, iter_type __e, ios_base& __iob,
        -:  686:                             ios_base::iostate& __err, long& __v) const
        -:  687:    { return this->__do_get_signed ( __b, __e, __iob, __err, __v ); }
        -:  688:
        -:  689:    virtual iter_type do_get(iter_type __b, iter_type __e, ios_base& __iob,
        -:  690:                             ios_base::iostate& __err, long long& __v) const
        -:  691:    { return this->__do_get_signed ( __b, __e, __iob, __err, __v ); }
        -:  692:
        -:  693:    virtual iter_type do_get(iter_type __b, iter_type __e, ios_base& __iob,
        -:  694:                             ios_base::iostate& __err, unsigned short& __v) const
        -:  695:    { return this->__do_get_unsigned ( __b, __e, __iob, __err, __v ); }
        -:  696:
        -:  697:    virtual iter_type do_get(iter_type __b, iter_type __e, ios_base& __iob,
        -:  698:                             ios_base::iostate& __err, unsigned int& __v) const
        -:  699:    { return this->__do_get_unsigned ( __b, __e, __iob, __err, __v ); }
        -:  700:
        -:  701:    virtual iter_type do_get(iter_type __b, iter_type __e, ios_base& __iob,
        -:  702:                             ios_base::iostate& __err, unsigned long& __v) const
        -:  703:    { return this->__do_get_unsigned ( __b, __e, __iob, __err, __v ); }
        -:  704:
        -:  705:    virtual iter_type do_get(iter_type __b, iter_type __e, ios_base& __iob,
        -:  706:                             ios_base::iostate& __err, unsigned long long& __v) const
        -:  707:    { return this->__do_get_unsigned ( __b, __e, __iob, __err, __v ); }
        -:  708:
        -:  709:    virtual iter_type do_get(iter_type __b, iter_type __e, ios_base& __iob,
        -:  710:                             ios_base::iostate& __err, float& __v) const
        -:  711:    { return this->__do_get_floating_point ( __b, __e, __iob, __err, __v ); }
        -:  712:
        -:  713:    virtual iter_type do_get(iter_type __b, iter_type __e, ios_base& __iob,
        -:  714:                             ios_base::iostate& __err, double& __v) const
        -:  715:    { return this->__do_get_floating_point ( __b, __e, __iob, __err, __v ); }
        -:  716:
        -:  717:    virtual iter_type do_get(iter_type __b, iter_type __e, ios_base& __iob,
        -:  718:                             ios_base::iostate& __err, long double& __v) const
        -:  719:    { return this->__do_get_floating_point ( __b, __e, __iob, __err, __v ); }
        -:  720:
        -:  721:    virtual iter_type do_get(iter_type __b, iter_type __e, ios_base& __iob,
        -:  722:                             ios_base::iostate& __err, void*& __v) const;
        -:  723:};
        -:  724:
        -:  725:template <class _CharT, class _InputIterator>
        -:  726:locale::id
        -:  727:num_get<_CharT, _InputIterator>::id;
        -:  728:
        -:  729:template <class _Tp>
        -:  730:_LIBCPP_HIDDEN _Tp
        -:  731:__num_get_signed_integral(const char* __a, const char* __a_end,
        -:  732:                          ios_base::iostate& __err, int __base)
        -:  733:{
        -:  734:    if (__a != __a_end)
        -:  735:    {
        -:  736:        typename remove_reference<decltype(errno)>::type __save_errno = errno;
        -:  737:        errno = 0;
        -:  738:        char *__p2;
        -:  739:        long long __ll = strtoll_l(__a, &__p2, __base, _LIBCPP_GET_C_LOCALE);
        -:  740:        typename remove_reference<decltype(errno)>::type __current_errno = errno;
        -:  741:        if (__current_errno == 0)
        -:  742:            errno = __save_errno;
        -:  743:        if (__p2 != __a_end)
        -:  744:        {
        -:  745:            __err = ios_base::failbit;
        -:  746:            return 0;
        -:  747:        }
        -:  748:        else if (__current_errno == ERANGE         ||
        -:  749:                 __ll < numeric_limits<_Tp>::min() ||
        -:  750:                 numeric_limits<_Tp>::max() < __ll)
        -:  751:        {
        -:  752:            __err = ios_base::failbit;
        -:  753:            if (__ll > 0)
        -:  754:                return numeric_limits<_Tp>::max();
        -:  755:            else
        -:  756:                return numeric_limits<_Tp>::min();
        -:  757:        }
        -:  758:        return static_cast<_Tp>(__ll);
        -:  759:    }
        -:  760:    __err = ios_base::failbit;
        -:  761:    return 0;
        -:  762:}
        -:  763:
        -:  764:template <class _Tp>
        -:  765:_LIBCPP_HIDDEN _Tp
        -:  766:__num_get_unsigned_integral(const char* __a, const char* __a_end,
        -:  767:                            ios_base::iostate& __err, int __base)
        -:  768:{
        -:  769:    if (__a != __a_end)
        -:  770:    {
        -:  771:        const bool __negate = *__a == '-';
        -:  772:        if (__negate && ++__a == __a_end) {
        -:  773:          __err = ios_base::failbit;
        -:  774:          return 0;
        -:  775:        }
        -:  776:        typename remove_reference<decltype(errno)>::type __save_errno = errno;
        -:  777:        errno = 0;
        -:  778:        char *__p2;
        -:  779:        unsigned long long __ll = strtoull_l(__a, &__p2, __base, _LIBCPP_GET_C_LOCALE);
        -:  780:        typename remove_reference<decltype(errno)>::type __current_errno = errno;
        -:  781:        if (__current_errno == 0)
        -:  782:            errno = __save_errno;
        -:  783:        if (__p2 != __a_end)
        -:  784:        {
        -:  785:            __err = ios_base::failbit;
        -:  786:            return 0;
        -:  787:        }
        -:  788:        else if (__current_errno == ERANGE || numeric_limits<_Tp>::max() < __ll)
        -:  789:        {
        -:  790:            __err = ios_base::failbit;
        -:  791:            return numeric_limits<_Tp>::max();
        -:  792:        }
        -:  793:        _Tp __res = static_cast<_Tp>(__ll);
        -:  794:        if (__negate) __res = -__res;
        -:  795:        return __res;
        -:  796:    }
        -:  797:    __err = ios_base::failbit;
        -:  798:    return 0;
        -:  799:}
        -:  800:
        -:  801:template <class _Tp>
        -:  802:_LIBCPP_INLINE_VISIBILITY
        -:  803:_Tp __do_strtod(const char* __a, char** __p2);
        -:  804:
        -:  805:template <>
        -:  806:inline _LIBCPP_INLINE_VISIBILITY
        -:  807:float __do_strtod<float>(const char* __a, char** __p2) {
        -:  808:    return strtof_l(__a, __p2, _LIBCPP_GET_C_LOCALE);
        -:  809:}
        -:  810:
        -:  811:template <>
        -:  812:inline _LIBCPP_INLINE_VISIBILITY
        -:  813:double __do_strtod<double>(const char* __a, char** __p2) {
        -:  814:    return strtod_l(__a, __p2, _LIBCPP_GET_C_LOCALE);
        -:  815:}
        -:  816:
        -:  817:template <>
        -:  818:inline _LIBCPP_INLINE_VISIBILITY
        -:  819:long double __do_strtod<long double>(const char* __a, char** __p2) {
        -:  820:    return strtold_l(__a, __p2, _LIBCPP_GET_C_LOCALE);
        -:  821:}
        -:  822:
        -:  823:template <class _Tp>
        -:  824:_LIBCPP_HIDDEN
        -:  825:_Tp
        -:  826:__num_get_float(const char* __a, const char* __a_end, ios_base::iostate& __err)
        -:  827:{
        -:  828:    if (__a != __a_end)
        -:  829:    {
        -:  830:        typename remove_reference<decltype(errno)>::type __save_errno = errno;
        -:  831:        errno = 0;
        -:  832:        char *__p2;
        -:  833:        _Tp __ld = __do_strtod<_Tp>(__a, &__p2);
        -:  834:        typename remove_reference<decltype(errno)>::type __current_errno = errno;
        -:  835:        if (__current_errno == 0)
        -:  836:            errno = __save_errno;
        -:  837:        if (__p2 != __a_end)
        -:  838:        {
        -:  839:            __err = ios_base::failbit;
        -:  840:            return 0;
        -:  841:        }
        -:  842:        else if (__current_errno == ERANGE)
        -:  843:            __err = ios_base::failbit;
        -:  844:        return __ld;
        -:  845:    }
        -:  846:    __err = ios_base::failbit;
        -:  847:    return 0;
        -:  848:}
        -:  849:
        -:  850:template <class _CharT, class _InputIterator>
        -:  851:_InputIterator
        -:  852:num_get<_CharT, _InputIterator>::do_get(iter_type __b, iter_type __e,
        -:  853:                                        ios_base& __iob,
        -:  854:                                        ios_base::iostate& __err,
        -:  855:                                        bool& __v) const
        -:  856:{
        -:  857:    if ((__iob.flags() & ios_base::boolalpha) == 0)
        -:  858:    {
        -:  859:        long __lv = -1;
        -:  860:        __b = do_get(__b, __e, __iob, __err, __lv);
        -:  861:        switch (__lv)
        -:  862:        {
        -:  863:        case 0:
        -:  864:            __v = false;
        -:  865:            break;
        -:  866:        case 1:
        -:  867:            __v = true;
        -:  868:            break;
        -:  869:        default:
        -:  870:            __v = true;
        -:  871:            __err = ios_base::failbit;
        -:  872:            break;
        -:  873:        }
        -:  874:        return __b;
        -:  875:    }
        -:  876:    const ctype<_CharT>& __ct = use_facet<ctype<_CharT> >(__iob.getloc());
        -:  877:    const numpunct<_CharT>& __np = use_facet<numpunct<_CharT> >(__iob.getloc());
        -:  878:    typedef typename numpunct<_CharT>::string_type string_type;
        -:  879:    const string_type __names[2] = {__np.truename(), __np.falsename()};
        -:  880:    const string_type* __i = __scan_keyword(__b, __e, __names, __names+2,
        -:  881:                                            __ct, __err);
        -:  882:    __v = __i == __names;
        -:  883:    return __b;
        -:  884:}
        -:  885:
        -:  886:// signed
        -:  887:
        -:  888:template <class _CharT, class _InputIterator>
        -:  889:template <class _Signed>
        -:  890:_InputIterator
        -:  891:num_get<_CharT, _InputIterator>::__do_get_signed(iter_type __b, iter_type __e,
        -:  892:                                        ios_base& __iob,
        -:  893:                                        ios_base::iostate& __err,
        -:  894:                                        _Signed& __v) const
        -:  895:{
        -:  896:    // Stage 1
        -:  897:    int __base = this->__get_base(__iob);
        -:  898:    // Stage 2
        -:  899:    char_type __thousands_sep;
        -:  900:    const int __atoms_size = 26;
        -:  901:#ifdef _LIBCPP_ABI_OPTIMIZED_LOCALE_NUM_GET
        -:  902:    char_type __atoms1[__atoms_size];
        -:  903:    const char_type *__atoms = this->__do_widen(__iob, __atoms1);
        -:  904:    string __grouping = this->__stage2_int_prep(__iob, __thousands_sep);
        -:  905:#else
        -:  906:    char_type __atoms[__atoms_size];
        -:  907:    string __grouping = this->__stage2_int_prep(__iob, __atoms, __thousands_sep);
        -:  908:#endif
        -:  909:    string __buf;
        -:  910:    __buf.resize(__buf.capacity());
        -:  911:    char* __a = &__buf[0];
        -:  912:    char* __a_end = __a;
        -:  913:    unsigned __g[__num_get_base::__num_get_buf_sz];
        -:  914:    unsigned* __g_end = __g;
        -:  915:    unsigned __dc = 0;
        -:  916:    for (; __b != __e; ++__b)
        -:  917:    {
        -:  918:        if (__a_end == __a + __buf.size())
        -:  919:        {
        -:  920:            size_t __tmp = __buf.size();
        -:  921:            __buf.resize(2*__buf.size());
        -:  922:            __buf.resize(__buf.capacity());
        -:  923:            __a = &__buf[0];
        -:  924:            __a_end = __a + __tmp;
        -:  925:        }
        -:  926:        if (this->__stage2_int_loop(*__b, __base, __a, __a_end, __dc,
        -:  927:                                    __thousands_sep, __grouping, __g, __g_end,
        -:  928:                                    __atoms))
        -:  929:            break;
        -:  930:    }
        -:  931:    if (__grouping.size() != 0 && __g_end-__g < __num_get_base::__num_get_buf_sz)
        -:  932:        *__g_end++ = __dc;
        -:  933:    // Stage 3
        -:  934:    __v = __num_get_signed_integral<_Signed>(__a, __a_end, __err, __base);
        -:  935:    // Digit grouping checked
        -:  936:    __check_grouping(__grouping, __g, __g_end, __err);
        -:  937:    // EOF checked
        -:  938:    if (__b == __e)
        -:  939:        __err |= ios_base::eofbit;
        -:  940:    return __b;
        -:  941:}
        -:  942:
        -:  943:// unsigned
        -:  944:
        -:  945:template <class _CharT, class _InputIterator>
        -:  946:template <class _Unsigned>
        -:  947:_InputIterator
        -:  948:num_get<_CharT, _InputIterator>::__do_get_unsigned(iter_type __b, iter_type __e,
        -:  949:                                        ios_base& __iob,
        -:  950:                                        ios_base::iostate& __err,
        -:  951:                                        _Unsigned& __v) const
        -:  952:{
        -:  953:    // Stage 1
        -:  954:    int __base = this->__get_base(__iob);
        -:  955:    // Stage 2
        -:  956:    char_type __thousands_sep;
        -:  957:    const int __atoms_size = 26;
        -:  958:#ifdef _LIBCPP_ABI_OPTIMIZED_LOCALE_NUM_GET
        -:  959:    char_type __atoms1[__atoms_size];
        -:  960:    const char_type *__atoms = this->__do_widen(__iob, __atoms1);
        -:  961:    string __grouping = this->__stage2_int_prep(__iob, __thousands_sep);
        -:  962:#else
        -:  963:    char_type __atoms[__atoms_size];
        -:  964:    string __grouping = this->__stage2_int_prep(__iob, __atoms, __thousands_sep);
        -:  965:#endif
        -:  966:    string __buf;
        -:  967:    __buf.resize(__buf.capacity());
        -:  968:    char* __a = &__buf[0];
        -:  969:    char* __a_end = __a;
        -:  970:    unsigned __g[__num_get_base::__num_get_buf_sz];
        -:  971:    unsigned* __g_end = __g;
        -:  972:    unsigned __dc = 0;
        -:  973:    for (; __b != __e; ++__b)
        -:  974:    {
        -:  975:        if (__a_end == __a + __buf.size())
        -:  976:        {
        -:  977:            size_t __tmp = __buf.size();
        -:  978:            __buf.resize(2*__buf.size());
        -:  979:            __buf.resize(__buf.capacity());
        -:  980:            __a = &__buf[0];
        -:  981:            __a_end = __a + __tmp;
        -:  982:        }
        -:  983:        if (this->__stage2_int_loop(*__b, __base, __a, __a_end, __dc,
        -:  984:                                    __thousands_sep, __grouping, __g, __g_end,
        -:  985:                                    __atoms))
        -:  986:            break;
        -:  987:    }
        -:  988:    if (__grouping.size() != 0 && __g_end-__g < __num_get_base::__num_get_buf_sz)
        -:  989:        *__g_end++ = __dc;
        -:  990:    // Stage 3
        -:  991:    __v = __num_get_unsigned_integral<_Unsigned>(__a, __a_end, __err, __base);
        -:  992:    // Digit grouping checked
        -:  993:    __check_grouping(__grouping, __g, __g_end, __err);
        -:  994:    // EOF checked
        -:  995:    if (__b == __e)
        -:  996:        __err |= ios_base::eofbit;
        -:  997:    return __b;
        -:  998:}
        -:  999:
        -: 1000:// floating point
        -: 1001:
        -: 1002:template <class _CharT, class _InputIterator>
        -: 1003:template <class _Fp>
        -: 1004:_InputIterator
        -: 1005:num_get<_CharT, _InputIterator>::__do_get_floating_point(iter_type __b, iter_type __e,
        -: 1006:                                        ios_base& __iob,
        -: 1007:                                        ios_base::iostate& __err,
        -: 1008:                                        _Fp& __v) const
        -: 1009:{
        -: 1010:    // Stage 1, nothing to do
        -: 1011:    // Stage 2
        -: 1012:    char_type __atoms[32];
        -: 1013:    char_type __decimal_point;
        -: 1014:    char_type __thousands_sep;
        -: 1015:    string __grouping = this->__stage2_float_prep(__iob, __atoms,
        -: 1016:                                                  __decimal_point,
        -: 1017:                                                  __thousands_sep);
        -: 1018:    string __buf;
        -: 1019:    __buf.resize(__buf.capacity());
        -: 1020:    char* __a = &__buf[0];
        -: 1021:    char* __a_end = __a;
        -: 1022:    unsigned __g[__num_get_base::__num_get_buf_sz];
        -: 1023:    unsigned* __g_end = __g;
        -: 1024:    unsigned __dc = 0;
        -: 1025:    bool __in_units = true;
        -: 1026:    char __exp = 'E';
        -: 1027:    for (; __b != __e; ++__b)
        -: 1028:    {
        -: 1029:        if (__a_end == __a + __buf.size())
        -: 1030:        {
        -: 1031:            size_t __tmp = __buf.size();
        -: 1032:            __buf.resize(2*__buf.size());
        -: 1033:            __buf.resize(__buf.capacity());
        -: 1034:            __a = &__buf[0];
        -: 1035:            __a_end = __a + __tmp;
        -: 1036:        }
        -: 1037:        if (this->__stage2_float_loop(*__b, __in_units, __exp, __a, __a_end,
        -: 1038:                                      __decimal_point, __thousands_sep,
        -: 1039:                                      __grouping, __g, __g_end,
        -: 1040:                                      __dc, __atoms))
        -: 1041:            break;
        -: 1042:    }
        -: 1043:    if (__grouping.size() != 0 && __in_units && __g_end-__g < __num_get_base::__num_get_buf_sz)
        -: 1044:        *__g_end++ = __dc;
        -: 1045:    // Stage 3
        -: 1046:    __v = __num_get_float<_Fp>(__a, __a_end, __err);
        -: 1047:    // Digit grouping checked
        -: 1048:    __check_grouping(__grouping, __g, __g_end, __err);
        -: 1049:    // EOF checked
        -: 1050:    if (__b == __e)
        -: 1051:        __err |= ios_base::eofbit;
        -: 1052:    return __b;
        -: 1053:}
        -: 1054:
        -: 1055:template <class _CharT, class _InputIterator>
        -: 1056:_InputIterator
        -: 1057:num_get<_CharT, _InputIterator>::do_get(iter_type __b, iter_type __e,
        -: 1058:                                        ios_base& __iob,
        -: 1059:                                        ios_base::iostate& __err,
        -: 1060:                                        void*& __v) const
        -: 1061:{
        -: 1062:    // Stage 1
        -: 1063:    int __base = 16;
        -: 1064:    // Stage 2
        -: 1065:    char_type __atoms[26];
        -: 1066:    char_type __thousands_sep = 0;
        -: 1067:    string __grouping;
        -: 1068:    use_facet<ctype<_CharT> >(__iob.getloc()).widen(__num_get_base::__src,
        -: 1069:                                                    __num_get_base::__src + 26, __atoms);
        -: 1070:    string __buf;
        -: 1071:    __buf.resize(__buf.capacity());
        -: 1072:    char* __a = &__buf[0];
        -: 1073:    char* __a_end = __a;
        -: 1074:    unsigned __g[__num_get_base::__num_get_buf_sz];
        -: 1075:    unsigned* __g_end = __g;
        -: 1076:    unsigned __dc = 0;
        -: 1077:    for (; __b != __e; ++__b)
        -: 1078:    {
        -: 1079:        if (__a_end == __a + __buf.size())
        -: 1080:        {
        -: 1081:            size_t __tmp = __buf.size();
        -: 1082:            __buf.resize(2*__buf.size());
        -: 1083:            __buf.resize(__buf.capacity());
        -: 1084:            __a = &__buf[0];
        -: 1085:            __a_end = __a + __tmp;
        -: 1086:        }
        -: 1087:        if (this->__stage2_int_loop(*__b, __base, __a, __a_end, __dc,
        -: 1088:                                    __thousands_sep, __grouping,
        -: 1089:                                    __g, __g_end, __atoms))
        -: 1090:            break;
        -: 1091:    }
        -: 1092:    // Stage 3
        -: 1093:    __buf.resize(__a_end - __a);
        -: 1094:    if (__libcpp_sscanf_l(__buf.c_str(), _LIBCPP_GET_C_LOCALE, "%p", &__v) != 1)
        -: 1095:        __err = ios_base::failbit;
        -: 1096:    // EOF checked
        -: 1097:    if (__b == __e)
        -: 1098:        __err |= ios_base::eofbit;
        -: 1099:    return __b;
        -: 1100:}
        -: 1101:
        -: 1102:_LIBCPP_EXTERN_TEMPLATE2(class _LIBCPP_EXTERN_TEMPLATE_TYPE_VIS num_get<char>)
        -: 1103:_LIBCPP_EXTERN_TEMPLATE2(class _LIBCPP_EXTERN_TEMPLATE_TYPE_VIS num_get<wchar_t>)
        -: 1104:
        -: 1105:struct _LIBCPP_TYPE_VIS __num_put_base
        -: 1106:{
        -: 1107:protected:
        -: 1108:    static void __format_int(char* __fmt, const char* __len, bool __signd,
        -: 1109:                             ios_base::fmtflags __flags);
        -: 1110:    static bool __format_float(char* __fmt, const char* __len,
        -: 1111:                               ios_base::fmtflags __flags);
        -: 1112:    static char* __identify_padding(char* __nb, char* __ne,
        -: 1113:                                    const ios_base& __iob);
        -: 1114:};
        -: 1115:
        -: 1116:template <class _CharT>
        -: 1117:struct __num_put
        -: 1118:    : protected __num_put_base
        -: 1119:{
        -: 1120:    static void __widen_and_group_int(char* __nb, char* __np, char* __ne,
        -: 1121:                                      _CharT* __ob, _CharT*& __op, _CharT*& __oe,
        -: 1122:                                      const locale& __loc);
        -: 1123:    static void __widen_and_group_float(char* __nb, char* __np, char* __ne,
        -: 1124:                                        _CharT* __ob, _CharT*& __op, _CharT*& __oe,
        -: 1125:                                        const locale& __loc);
        -: 1126:};
        -: 1127:
        -: 1128:template <class _CharT>
        -: 1129:void
        -: 1130:__num_put<_CharT>::__widen_and_group_int(char* __nb, char* __np, char* __ne,
        -: 1131:                                         _CharT* __ob, _CharT*& __op, _CharT*& __oe,
        -: 1132:                                         const locale& __loc)
        -: 1133:{
        -: 1134:    const ctype<_CharT>&    __ct = use_facet<ctype<_CharT> >   (__loc);
        -: 1135:    const numpunct<_CharT>& __npt = use_facet<numpunct<_CharT> >(__loc);
        -: 1136:    string __grouping = __npt.grouping();
        -: 1137:    if (__grouping.empty())
        -: 1138:    {
        -: 1139:        __ct.widen(__nb, __ne, __ob);
        -: 1140:        __oe = __ob + (__ne - __nb);
        -: 1141:    }
        -: 1142:    else
        -: 1143:    {
        -: 1144:        __oe = __ob;
        -: 1145:        char* __nf = __nb;
        -: 1146:        if (*__nf == '-' || *__nf == '+')
        -: 1147:            *__oe++ = __ct.widen(*__nf++);
        -: 1148:        if (__ne - __nf >= 2 && __nf[0] == '0' && (__nf[1] == 'x' ||
        -: 1149:                                                   __nf[1] == 'X'))
        -: 1150:        {
        -: 1151:            *__oe++ = __ct.widen(*__nf++);
        -: 1152:            *__oe++ = __ct.widen(*__nf++);
        -: 1153:        }
        -: 1154:        reverse(__nf, __ne);
        -: 1155:        _CharT __thousands_sep = __npt.thousands_sep();
        -: 1156:        unsigned __dc = 0;
        -: 1157:        unsigned __dg = 0;
        -: 1158:        for (char* __p = __nf; __p < __ne; ++__p)
        -: 1159:        {
        -: 1160:            if (static_cast<unsigned>(__grouping[__dg]) > 0 &&
        -: 1161:                __dc == static_cast<unsigned>(__grouping[__dg]))
        -: 1162:            {
        -: 1163:                *__oe++ = __thousands_sep;
        -: 1164:                __dc = 0;
        -: 1165:                if (__dg < __grouping.size()-1)
        -: 1166:                    ++__dg;
        -: 1167:            }
        -: 1168:            *__oe++ = __ct.widen(*__p);
        -: 1169:            ++__dc;
        -: 1170:        }
        -: 1171:        reverse(__ob + (__nf - __nb), __oe);
        -: 1172:    }
        -: 1173:    if (__np == __ne)
        -: 1174:        __op = __oe;
        -: 1175:    else
        -: 1176:        __op = __ob + (__np - __nb);
        -: 1177:}
        -: 1178:
        -: 1179:template <class _CharT>
        -: 1180:void
        -: 1181:__num_put<_CharT>::__widen_and_group_float(char* __nb, char* __np, char* __ne,
        -: 1182:                                           _CharT* __ob, _CharT*& __op, _CharT*& __oe,
        -: 1183:                                           const locale& __loc)
        -: 1184:{
        -: 1185:    const ctype<_CharT>&    __ct = use_facet<ctype<_CharT> >   (__loc);
        -: 1186:    const numpunct<_CharT>& __npt = use_facet<numpunct<_CharT> >(__loc);
        -: 1187:    string __grouping = __npt.grouping();
        -: 1188:    __oe = __ob;
        -: 1189:    char* __nf = __nb;
        -: 1190:    if (*__nf == '-' || *__nf == '+')
        -: 1191:        *__oe++ = __ct.widen(*__nf++);
        -: 1192:    char* __ns;
        -: 1193:    if (__ne - __nf >= 2 && __nf[0] == '0' && (__nf[1] == 'x' ||
        -: 1194:                                               __nf[1] == 'X'))
        -: 1195:    {
        -: 1196:        *__oe++ = __ct.widen(*__nf++);
        -: 1197:        *__oe++ = __ct.widen(*__nf++);
        -: 1198:        for (__ns = __nf; __ns < __ne; ++__ns)
        -: 1199:            if (!isxdigit_l(*__ns, _LIBCPP_GET_C_LOCALE))
        -: 1200:                break;
        -: 1201:    }
        -: 1202:    else
        -: 1203:    {
        -: 1204:        for (__ns = __nf; __ns < __ne; ++__ns)
        -: 1205:            if (!isdigit_l(*__ns, _LIBCPP_GET_C_LOCALE))
        -: 1206:                break;
        -: 1207:    }
        -: 1208:    if (__grouping.empty())
        -: 1209:    {
        -: 1210:        __ct.widen(__nf, __ns, __oe);
        -: 1211:        __oe += __ns - __nf;
        -: 1212:    }
        -: 1213:    else
        -: 1214:    {
        -: 1215:        reverse(__nf, __ns);
        -: 1216:        _CharT __thousands_sep = __npt.thousands_sep();
        -: 1217:        unsigned __dc = 0;
        -: 1218:        unsigned __dg = 0;
        -: 1219:        for (char* __p = __nf; __p < __ns; ++__p)
        -: 1220:        {
        -: 1221:            if (__grouping[__dg] > 0 && __dc == static_cast<unsigned>(__grouping[__dg]))
        -: 1222:            {
        -: 1223:                *__oe++ = __thousands_sep;
        -: 1224:                __dc = 0;
        -: 1225:                if (__dg < __grouping.size()-1)
        -: 1226:                    ++__dg;
        -: 1227:            }
        -: 1228:            *__oe++ = __ct.widen(*__p);
        -: 1229:            ++__dc;
        -: 1230:        }
        -: 1231:        reverse(__ob + (__nf - __nb), __oe);
        -: 1232:    }
        -: 1233:    for (__nf = __ns; __nf < __ne; ++__nf)
        -: 1234:    {
        -: 1235:        if (*__nf == '.')
        -: 1236:        {
        -: 1237:            *__oe++ = __npt.decimal_point();
        -: 1238:            ++__nf;
        -: 1239:            break;
        -: 1240:        }
        -: 1241:        else
        -: 1242:            *__oe++ = __ct.widen(*__nf);
        -: 1243:    }
        -: 1244:    __ct.widen(__nf, __ne, __oe);
        -: 1245:    __oe += __ne - __nf;
        -: 1246:    if (__np == __ne)
        -: 1247:        __op = __oe;
        -: 1248:    else
        -: 1249:        __op = __ob + (__np - __nb);
        -: 1250:}
        -: 1251:
        -: 1252:_LIBCPP_EXTERN_TEMPLATE2(struct _LIBCPP_EXTERN_TEMPLATE_TYPE_VIS __num_put<char>)
        -: 1253:_LIBCPP_EXTERN_TEMPLATE2(struct _LIBCPP_EXTERN_TEMPLATE_TYPE_VIS __num_put<wchar_t>)
        -: 1254:
        -: 1255:template <class _CharT, class _OutputIterator = ostreambuf_iterator<_CharT> >
        -: 1256:class _LIBCPP_TEMPLATE_VIS num_put
        -: 1257:    : public locale::facet,
        -: 1258:      private __num_put<_CharT>
        -: 1259:{
        -: 1260:public:
        -: 1261:    typedef _CharT char_type;
        -: 1262:    typedef _OutputIterator iter_type;
        -: 1263:
        -: 1264:    _LIBCPP_INLINE_VISIBILITY
        -: 1265:    explicit num_put(size_t __refs = 0)
        -: 1266:        : locale::facet(__refs) {}
        -: 1267:
        -: 1268:    _LIBCPP_INLINE_VISIBILITY
        -: 1269:    iter_type put(iter_type __s, ios_base& __iob, char_type __fl,
        -: 1270:                  bool __v) const
        -: 1271:    {
        -: 1272:        return do_put(__s, __iob, __fl, __v);
        -: 1273:    }
        -: 1274:
        -: 1275:    _LIBCPP_INLINE_VISIBILITY
        -: 1276:    iter_type put(iter_type __s, ios_base& __iob, char_type __fl,
        -: 1277:                  long __v) const
        -: 1278:    {
        -: 1279:        return do_put(__s, __iob, __fl, __v);
        -: 1280:    }
        -: 1281:
        -: 1282:    _LIBCPP_INLINE_VISIBILITY
        -: 1283:    iter_type put(iter_type __s, ios_base& __iob, char_type __fl,
        -: 1284:                  long long __v) const
        -: 1285:    {
        -: 1286:        return do_put(__s, __iob, __fl, __v);
        -: 1287:    }
        -: 1288:
        -: 1289:    _LIBCPP_INLINE_VISIBILITY
        -: 1290:    iter_type put(iter_type __s, ios_base& __iob, char_type __fl,
        -: 1291:                  unsigned long __v) const
        -: 1292:    {
        -: 1293:        return do_put(__s, __iob, __fl, __v);
        -: 1294:    }
        -: 1295:
        -: 1296:    _LIBCPP_INLINE_VISIBILITY
        -: 1297:    iter_type put(iter_type __s, ios_base& __iob, char_type __fl,
        -: 1298:                  unsigned long long __v) const
        -: 1299:    {
        -: 1300:        return do_put(__s, __iob, __fl, __v);
        -: 1301:    }
        -: 1302:
        -: 1303:    _LIBCPP_INLINE_VISIBILITY
        -: 1304:    iter_type put(iter_type __s, ios_base& __iob, char_type __fl,
        -: 1305:                  double __v) const
        -: 1306:    {
        -: 1307:        return do_put(__s, __iob, __fl, __v);
        -: 1308:    }
        -: 1309:
        -: 1310:    _LIBCPP_INLINE_VISIBILITY
        -: 1311:    iter_type put(iter_type __s, ios_base& __iob, char_type __fl,
        -: 1312:                  long double __v) const
        -: 1313:    {
        -: 1314:        return do_put(__s, __iob, __fl, __v);
        -: 1315:    }
        -: 1316:
        -: 1317:    _LIBCPP_INLINE_VISIBILITY
        -: 1318:    iter_type put(iter_type __s, ios_base& __iob, char_type __fl,
        -: 1319:                  const void* __v) const
        -: 1320:    {
        -: 1321:        return do_put(__s, __iob, __fl, __v);
        -: 1322:    }
        -: 1323:
        -: 1324:    static locale::id id;
        -: 1325:
        -: 1326:protected:
        -: 1327:    _LIBCPP_INLINE_VISIBILITY
        -: 1328:    ~num_put() {}
        -: 1329:
        -: 1330:    virtual iter_type do_put(iter_type __s, ios_base& __iob, char_type __fl,
        -: 1331:                             bool __v) const;
        -: 1332:    virtual iter_type do_put(iter_type __s, ios_base& __iob, char_type __fl,
        -: 1333:                             long __v) const;
        -: 1334:    virtual iter_type do_put(iter_type __s, ios_base& __iob, char_type __fl,
        -: 1335:                             long long __v) const;
        -: 1336:    virtual iter_type do_put(iter_type __s, ios_base& __iob, char_type __fl,
        -: 1337:                             unsigned long) const;
        -: 1338:    virtual iter_type do_put(iter_type __s, ios_base& __iob, char_type __fl,
        -: 1339:                             unsigned long long) const;
        -: 1340:    virtual iter_type do_put(iter_type __s, ios_base& __iob, char_type __fl,
        -: 1341:                             double __v) const;
        -: 1342:    virtual iter_type do_put(iter_type __s, ios_base& __iob, char_type __fl,
        -: 1343:                             long double __v) const;
        -: 1344:    virtual iter_type do_put(iter_type __s, ios_base& __iob, char_type __fl,
        -: 1345:                             const void* __v) const;
        -: 1346:};
        -: 1347:
        -: 1348:template <class _CharT, class _OutputIterator>
        -: 1349:locale::id
        -: 1350:num_put<_CharT, _OutputIterator>::id;
        -: 1351:
        -: 1352:template <class _CharT, class _OutputIterator>
        -: 1353:_LIBCPP_HIDDEN
        -: 1354:_OutputIterator
        -: 1355:__pad_and_output(_OutputIterator __s,
        -: 1356:                 const _CharT* __ob, const _CharT* __op, const _CharT* __oe,
        -: 1357:                 ios_base& __iob, _CharT __fl)
        -: 1358:{
        -: 1359:    streamsize __sz = __oe - __ob;
        -: 1360:    streamsize __ns = __iob.width();
        -: 1361:    if (__ns > __sz)
        -: 1362:        __ns -= __sz;
        -: 1363:    else
        -: 1364:        __ns = 0;
        -: 1365:    for (;__ob < __op; ++__ob, ++__s)
        -: 1366:        *__s = *__ob;
        -: 1367:    for (; __ns; --__ns, ++__s)
        -: 1368:        *__s = __fl;
        -: 1369:    for (; __ob < __oe; ++__ob, ++__s)
        -: 1370:        *__s = *__ob;
        -: 1371:    __iob.width(0);
        -: 1372:    return __s;
        -: 1373:}
        -: 1374:
        -: 1375:template <class _CharT, class _Traits>
        -: 1376:_LIBCPP_HIDDEN
        -: 1377:ostreambuf_iterator<_CharT, _Traits>
        -: 1378:__pad_and_output(ostreambuf_iterator<_CharT, _Traits> __s,
        -: 1379:                 const _CharT* __ob, const _CharT* __op, const _CharT* __oe,
        -: 1380:                 ios_base& __iob, _CharT __fl)
        -: 1381:{
        -: 1382:    if (__s.__sbuf_ == nullptr)
    #####: 1383:        return __s;
    $$$$$: 1383-block  0
        -: 1384:    streamsize __sz = __oe - __ob;
        -: 1385:    streamsize __ns = __iob.width();
        -: 1386:    if (__ns > __sz)
    #####: 1387:        __ns -= __sz;
    $$$$$: 1387-block  0
    #####: 1388:    else
    $$$$$: 1388-block  0
    #####: 1389:        __ns = 0;
    #####: 1390:    streamsize __np = __op - __ob;
    #####: 1391:    if (__np > 0)
    $$$$$: 1391-block  0
    #####: 1392:    {
    $$$$$: 1392-block  0
        -: 1393:        if (__s.__sbuf_->sputn(__ob, __np) != __np)
    #####: 1394:        {
    $$$$$: 1394-block  0
    #####: 1395:            __s.__sbuf_ = nullptr;
    #####: 1396:            return __s;
    $$$$$: 1396-block  0
        -: 1397:        }
    #####: 1398:    }
    $$$$$: 1398-block  0
        -: 1399:    if (__ns > 0)
    #####: 1400:    {
    #####: 1401:        basic_string<_CharT, _Traits> __sp(__ns, __fl);
    $$$$$: 1401-block  0
        -: 1402:        if (__s.__sbuf_->sputn(__sp.data(), __ns) != __ns)
    #####: 1403:        {
    $$$$$: 1403-block  0
    #####: 1404:            __s.__sbuf_ = nullptr;
    $$$$$: 1404-block  0
        -: 1405:            return __s;
    #####: 1406:        }
    #####: 1407:    }
    $$$$$: 1407-block  0
    $$$$$: 1407-block  1
        -: 1408:    __np = __oe - __op;
    #####: 1409:    if (__np > 0)
    #####: 1410:    {
    $$$$$: 1410-block  0
        -: 1411:        if (__s.__sbuf_->sputn(__op, __np) != __np)
    #####: 1412:        {
    $$$$$: 1412-block  0
    $$$$$: 1412-block  1
    $$$$$: 1412-block  2
    $$$$$: 1412-block  3
    $$$$$: 1412-block  4
    #####: 1413:            __s.__sbuf_ = nullptr;
    #####: 1414:            return __s;
    $$$$$: 1414-block  0
        -: 1415:        }
    #####: 1416:    }
    $$$$$: 1416-block  0
        -: 1417:    __iob.width(0);
    #####: 1418:    return __s;
    #####: 1419:}
    $$$$$: 1419-block  0
        -: 1420:
    #####: 1421:template <class _CharT, class _OutputIterator>
    $$$$$: 1421-block  0
    #####: 1422:_OutputIterator
    #####: 1423:num_put<_CharT, _OutputIterator>::do_put(iter_type __s, ios_base& __iob,
    $$$$$: 1423-block  0
    #####: 1424:                                         char_type __fl, bool __v) const
    $$$$$: 1424-block  0
        -: 1425:{
        -: 1426:    if ((__iob.flags() & ios_base::boolalpha) == 0)
        -: 1427:        return do_put(__s, __iob, __fl, (unsigned long)__v);
        -: 1428:    const numpunct<char_type>& __np = use_facet<numpunct<char_type> >(__iob.getloc());
        -: 1429:    typedef typename numpunct<char_type>::string_type string_type;
        -: 1430:#if _LIBCPP_DEBUG_LEVEL >= 2
        -: 1431:    string_type __tmp(__v ? __np.truename() : __np.falsename());
        -: 1432:    string_type __nm = _VSTD::move(__tmp);
        -: 1433:#else
        -: 1434:    string_type __nm = __v ? __np.truename() : __np.falsename();
        -: 1435:#endif
        -: 1436:    for (typename string_type::iterator __i = __nm.begin(); __i != __nm.end(); ++__i, ++__s)
        -: 1437:        *__s = *__i;
        -: 1438:    return __s;
        -: 1439:}
        -: 1440:
        -: 1441:template <class _CharT, class _OutputIterator>
        -: 1442:_OutputIterator
        -: 1443:num_put<_CharT, _OutputIterator>::do_put(iter_type __s, ios_base& __iob,
        -: 1444:                                         char_type __fl, long __v) const
        -: 1445:{
        -: 1446:    // Stage 1 - Get number in narrow char
        -: 1447:    char __fmt[6] = {'%', 0};
        -: 1448:    const char* __len = "l";
        -: 1449:    this->__format_int(__fmt+1, __len, true, __iob.flags());
        -: 1450:    const unsigned __nbuf = (numeric_limits<long>::digits / 3)
        -: 1451:                          + ((numeric_limits<long>::digits % 3) != 0)
        -: 1452:                          + ((__iob.flags() & ios_base::showbase) != 0)
        -: 1453:                          + 2;
        -: 1454:    char __nar[__nbuf];
        -: 1455:    int __nc = __libcpp_snprintf_l(__nar, sizeof(__nar), _LIBCPP_GET_C_LOCALE, __fmt, __v);
        -: 1456:    char* __ne = __nar + __nc;
        -: 1457:    char* __np = this->__identify_padding(__nar, __ne, __iob);
        -: 1458:    // Stage 2 - Widen __nar while adding thousands separators
        -: 1459:    char_type __o[2*(__nbuf-1) - 1];
        -: 1460:    char_type* __op;  // pad here
        -: 1461:    char_type* __oe;  // end of output
        -: 1462:    this->__widen_and_group_int(__nar, __np, __ne, __o, __op, __oe, __iob.getloc());
        -: 1463:    // [__o, __oe) contains thousands_sep'd wide number
        -: 1464:    // Stage 3 & 4
        -: 1465:    return __pad_and_output(__s, __o, __op, __oe, __iob, __fl);
        -: 1466:}
        -: 1467:
        -: 1468:template <class _CharT, class _OutputIterator>
        -: 1469:_OutputIterator
        -: 1470:num_put<_CharT, _OutputIterator>::do_put(iter_type __s, ios_base& __iob,
        -: 1471:                                         char_type __fl, long long __v) const
        -: 1472:{
        -: 1473:    // Stage 1 - Get number in narrow char
        -: 1474:    char __fmt[8] = {'%', 0};
        -: 1475:    const char* __len = "ll";
        -: 1476:    this->__format_int(__fmt+1, __len, true, __iob.flags());
        -: 1477:    const unsigned __nbuf = (numeric_limits<long long>::digits / 3)
        -: 1478:                          + ((numeric_limits<long long>::digits % 3) != 0)
        -: 1479:                          + ((__iob.flags() & ios_base::showbase) != 0)
        -: 1480:                          + 2;
        -: 1481:    char __nar[__nbuf];
        -: 1482:    int __nc = __libcpp_snprintf_l(__nar, sizeof(__nar), _LIBCPP_GET_C_LOCALE, __fmt, __v);
        -: 1483:    char* __ne = __nar + __nc;
        -: 1484:    char* __np = this->__identify_padding(__nar, __ne, __iob);
        -: 1485:    // Stage 2 - Widen __nar while adding thousands separators
        -: 1486:    char_type __o[2*(__nbuf-1) - 1];
        -: 1487:    char_type* __op;  // pad here
        -: 1488:    char_type* __oe;  // end of output
        -: 1489:    this->__widen_and_group_int(__nar, __np, __ne, __o, __op, __oe, __iob.getloc());
        -: 1490:    // [__o, __oe) contains thousands_sep'd wide number
        -: 1491:    // Stage 3 & 4
        -: 1492:    return __pad_and_output(__s, __o, __op, __oe, __iob, __fl);
        -: 1493:}
        -: 1494:
        -: 1495:template <class _CharT, class _OutputIterator>
        -: 1496:_OutputIterator
        -: 1497:num_put<_CharT, _OutputIterator>::do_put(iter_type __s, ios_base& __iob,
        -: 1498:                                         char_type __fl, unsigned long __v) const
        -: 1499:{
        -: 1500:    // Stage 1 - Get number in narrow char
        -: 1501:    char __fmt[6] = {'%', 0};
        -: 1502:    const char* __len = "l";
        -: 1503:    this->__format_int(__fmt+1, __len, false, __iob.flags());
        -: 1504:    const unsigned __nbuf = (numeric_limits<unsigned long>::digits / 3)
        -: 1505:                          + ((numeric_limits<unsigned long>::digits % 3) != 0)
        -: 1506:                          + ((__iob.flags() & ios_base::showbase) != 0)
        -: 1507:                          + 1;
        -: 1508:    char __nar[__nbuf];
        -: 1509:    int __nc = __libcpp_snprintf_l(__nar, sizeof(__nar), _LIBCPP_GET_C_LOCALE, __fmt, __v);
        -: 1510:    char* __ne = __nar + __nc;
        -: 1511:    char* __np = this->__identify_padding(__nar, __ne, __iob);
        -: 1512:    // Stage 2 - Widen __nar while adding thousands separators
        -: 1513:    char_type __o[2*(__nbuf-1) - 1];
        -: 1514:    char_type* __op;  // pad here
        -: 1515:    char_type* __oe;  // end of output
        -: 1516:    this->__widen_and_group_int(__nar, __np, __ne, __o, __op, __oe, __iob.getloc());
        -: 1517:    // [__o, __oe) contains thousands_sep'd wide number
        -: 1518:    // Stage 3 & 4
        -: 1519:    return __pad_and_output(__s, __o, __op, __oe, __iob, __fl);
        -: 1520:}
        -: 1521:
        -: 1522:template <class _CharT, class _OutputIterator>
        -: 1523:_OutputIterator
        -: 1524:num_put<_CharT, _OutputIterator>::do_put(iter_type __s, ios_base& __iob,
        -: 1525:                                         char_type __fl, unsigned long long __v) const
        -: 1526:{
        -: 1527:    // Stage 1 - Get number in narrow char
        -: 1528:    char __fmt[8] = {'%', 0};
        -: 1529:    const char* __len = "ll";
        -: 1530:    this->__format_int(__fmt+1, __len, false, __iob.flags());
        -: 1531:    const unsigned __nbuf = (numeric_limits<unsigned long long>::digits / 3)
        -: 1532:                          + ((numeric_limits<unsigned long long>::digits % 3) != 0)
        -: 1533:                          + ((__iob.flags() & ios_base::showbase) != 0)
        -: 1534:                          + 1;
        -: 1535:    char __nar[__nbuf];
        -: 1536:    int __nc = __libcpp_snprintf_l(__nar, sizeof(__nar), _LIBCPP_GET_C_LOCALE, __fmt, __v);
        -: 1537:    char* __ne = __nar + __nc;
        -: 1538:    char* __np = this->__identify_padding(__nar, __ne, __iob);
        -: 1539:    // Stage 2 - Widen __nar while adding thousands separators
        -: 1540:    char_type __o[2*(__nbuf-1) - 1];
        -: 1541:    char_type* __op;  // pad here
        -: 1542:    char_type* __oe;  // end of output
        -: 1543:    this->__widen_and_group_int(__nar, __np, __ne, __o, __op, __oe, __iob.getloc());
        -: 1544:    // [__o, __oe) contains thousands_sep'd wide number
        -: 1545:    // Stage 3 & 4
        -: 1546:    return __pad_and_output(__s, __o, __op, __oe, __iob, __fl);
        -: 1547:}
        -: 1548:
        -: 1549:template <class _CharT, class _OutputIterator>
        -: 1550:_OutputIterator
        -: 1551:num_put<_CharT, _OutputIterator>::do_put(iter_type __s, ios_base& __iob,
        -: 1552:                                         char_type __fl, double __v) const
        -: 1553:{
        -: 1554:    // Stage 1 - Get number in narrow char
        -: 1555:    char __fmt[8] = {'%', 0};
        -: 1556:    const char* __len = "";
[...]
        -: 3950:                             ios_base::openmode __wch = ios_base::in | ios_base::out);
        -: 3951:    virtual pos_type seekpos(pos_type __sp,
        -: 3952:                             ios_base::openmode __wch = ios_base::in | ios_base::out);
        -: 3953:    virtual int sync();
        -: 3954:
        -: 3955:private:
        -: 3956:    bool __read_mode();
        -: 3957:    void __write_mode();
        -: 3958:    wbuffer_convert* __close();
        -: 3959:};
        -: 3960:
        -: 3961:template <class _Codecvt, class _Elem, class _Tr>
        -: 3962:wbuffer_convert<_Codecvt, _Elem, _Tr>::
        -: 3963:    wbuffer_convert(streambuf* __bytebuf, _Codecvt* __pcvt, state_type __state)
        -: 3964:    : __extbuf_(0),
        -: 3965:      __extbufnext_(0),
        -: 3966:      __extbufend_(0),
        -: 3967:      __ebs_(0),
        -: 3968:      __intbuf_(0),
        -: 3969:      __ibs_(0),
        -: 3970:      __bufptr_(__bytebuf),
        -: 3971:      __cv_(__pcvt),
        -: 3972:      __st_(__state),
        -: 3973:      __cm_(0),
        -: 3974:      __owns_eb_(false),
        -: 3975:      __owns_ib_(false),
        -: 3976:      __always_noconv_(__cv_ ? __cv_->always_noconv() : false)
        -: 3977:{
        -: 3978:    setbuf(0, 4096);
        -: 3979:}
        -: 3980:
        -: 3981:template <class _Codecvt, class _Elem, class _Tr>
        -: 3982:wbuffer_convert<_Codecvt, _Elem, _Tr>::~wbuffer_convert()
        -: 3983:{
        -: 3984:    __close();
        -: 3985:    delete __cv_;
        -: 3986:    if (__owns_eb_)
        -: 3987:        delete [] __extbuf_;
        -: 3988:    if (__owns_ib_)
        -: 3989:        delete [] __intbuf_;
        -: 3990:}
        -: 3991:
        -: 3992:template <class _Codecvt, class _Elem, class _Tr>
        -: 3993:typename wbuffer_convert<_Codecvt, _Elem, _Tr>::int_type
        -: 3994:wbuffer_convert<_Codecvt, _Elem, _Tr>::underflow()
        -: 3995:{
        -: 3996:    if (__cv_ == 0 || __bufptr_ == 0)
        -: 3997:        return traits_type::eof();
        -: 3998:    bool __initial = __read_mode();
        -: 3999:    char_type __1buf;
        -: 4000:    if (this->gptr() == 0)
        -: 4001:        this->setg(&__1buf, &__1buf+1, &__1buf+1);
        -: 4002:    const size_t __unget_sz = __initial ? 0 : min<size_t>((this->egptr() - this->eback()) / 2, 4);
        -: 4003:    int_type __c = traits_type::eof();
        -: 4004:    if (this->gptr() == this->egptr())
        -: 4005:    {
        -: 4006:        memmove(this->eback(), this->egptr() - __unget_sz, __unget_sz * sizeof(char_type));
        -: 4007:        if (__always_noconv_)
        -: 4008:        {
        -: 4009:            streamsize __nmemb = static_cast<streamsize>(this->egptr() - this->eback() - __unget_sz);
        -: 4010:            __nmemb = __bufptr_->sgetn((char*)this->eback() + __unget_sz, __nmemb);
        -: 4011:            if (__nmemb != 0)
        -: 4012:            {
        -: 4013:                this->setg(this->eback(),
        -: 4014:                           this->eback() + __unget_sz,
        -: 4015:                           this->eback() + __unget_sz + __nmemb);
        -: 4016:                __c = *this->gptr();
        -: 4017:            }
        -: 4018:        }
        -: 4019:        else
        -: 4020:        {
        -: 4021:             _LIBCPP_ASSERT(!(__extbufnext_ == NULL && (__extbufend_ != __extbufnext_)), "underflow moving from NULL" );
        -: 4022:             if (__extbufend_ != __extbufnext_)
        -: 4023:                memmove(__extbuf_, __extbufnext_, __extbufend_ - __extbufnext_);
        -: 4024:            __extbufnext_ = __extbuf_ + (__extbufend_ - __extbufnext_);
        -: 4025:            __extbufend_ = __extbuf_ + (__extbuf_ == __extbuf_min_ ? sizeof(__extbuf_min_) : __ebs_);
        -: 4026:            streamsize __nmemb = _VSTD::min(static_cast<streamsize>(this->egptr() - this->eback() - __unget_sz),
        -: 4027:                                 static_cast<streamsize>(__extbufend_ - __extbufnext_));
        -: 4028:            codecvt_base::result __r;
        -: 4029:            // FIXME: Do we ever need to restore the state here?
        -: 4030:            //state_type __svs = __st_;
        -: 4031:            streamsize __nr = __bufptr_->sgetn(const_cast<char*>(__extbufnext_), __nmemb);
        -: 4032:            if (__nr != 0)
        -: 4033:            {
        -: 4034:                __extbufend_ = __extbufnext_ + __nr;
        -: 4035:                char_type*  __inext;
        -: 4036:                __r = __cv_->in(__st_, __extbuf_, __extbufend_, __extbufnext_,
        -: 4037:                                       this->eback() + __unget_sz,
        -: 4038:                                       this->egptr(), __inext);
        -: 4039:                if (__r == codecvt_base::noconv)
        -: 4040:                {
        -: 4041:                    this->setg((char_type*)__extbuf_, (char_type*)__extbuf_,
        -: 4042:                               (char_type*) const_cast<char *>(__extbufend_));
        -: 4043:                    __c = *this->gptr();
        -: 4044:                }
        -: 4045:                else if (__inext != this->eback() + __unget_sz)
        -: 4046:                {
        -: 4047:                    this->setg(this->eback(), this->eback() + __unget_sz, __inext);
        -: 4048:                    __c = *this->gptr();
        -: 4049:                }
        -: 4050:            }
        -: 4051:        }
        -: 4052:    }
        -: 4053:    else
        -: 4054:        __c = *this->gptr();
        -: 4055:    if (this->eback() == &__1buf)
        -: 4056:        this->setg(0, 0, 0);
        -: 4057:    return __c;
        -: 4058:}
        -: 4059:
        -: 4060:template <class _Codecvt, class _Elem, class _Tr>
        -: 4061:typename wbuffer_convert<_Codecvt, _Elem, _Tr>::int_type
        -: 4062:wbuffer_convert<_Codecvt, _Elem, _Tr>::pbackfail(int_type __c)
        -: 4063:{
        -: 4064:    if (__cv_ != 0 && __bufptr_ != 0 && this->eback() < this->gptr())
        -: 4065:    {
        -: 4066:        if (traits_type::eq_int_type(__c, traits_type::eof()))
        -: 4067:        {
        -: 4068:            this->gbump(-1);
        -: 4069:            return traits_type::not_eof(__c);
        -: 4070:        }
        -: 4071:        if (traits_type::eq(traits_type::to_char_type(__c), this->gptr()[-1]))
        -: 4072:        {
        -: 4073:            this->gbump(-1);
        -: 4074:            *this->gptr() = traits_type::to_char_type(__c);
        -: 4075:            return __c;
        -: 4076:        }
        -: 4077:    }
        -: 4078:    return traits_type::eof();
        -: 4079:}
        -: 4080:
        -: 4081:template <class _Codecvt, class _Elem, class _Tr>
        -: 4082:typename wbuffer_convert<_Codecvt, _Elem, _Tr>::int_type
        -: 4083:wbuffer_convert<_Codecvt, _Elem, _Tr>::overflow(int_type __c)
        -: 4084:{
        -: 4085:    if (__cv_ == 0 || __bufptr_ == 0)
        -: 4086:        return traits_type::eof();
        -: 4087:    __write_mode();
        -: 4088:    char_type __1buf;
        -: 4089:    char_type* __pb_save = this->pbase();
        -: 4090:    char_type* __epb_save = this->epptr();
        -: 4091:    if (!traits_type::eq_int_type(__c, traits_type::eof()))
        -: 4092:    {
        -: 4093:        if (this->pptr() == 0)
        -: 4094:            this->setp(&__1buf, &__1buf+1);
        -: 4095:        *this->pptr() = traits_type::to_char_type(__c);
        -: 4096:        this->pbump(1);
        -: 4097:    }
        -: 4098:    if (this->pptr() != this->pbase())
        -: 4099:    {
        -: 4100:        if (__always_noconv_)
        -: 4101:        {
        -: 4102:            streamsize __nmemb = static_cast<streamsize>(this->pptr() - this->pbase());
        -: 4103:            if (__bufptr_->sputn((const char*)this->pbase(), __nmemb) != __nmemb)
        -: 4104:                return traits_type::eof();
        -: 4105:        }
        -: 4106:        else
        -: 4107:        {
        -: 4108:            char* __extbe = __extbuf_;
        -: 4109:            codecvt_base::result __r;
        -: 4110:            do
        -: 4111:            {
        -: 4112:                const char_type* __e;
        -: 4113:                __r = __cv_->out(__st_, this->pbase(), this->pptr(), __e,
        -: 4114:                                        __extbuf_, __extbuf_ + __ebs_, __extbe);
        -: 4115:                if (__e == this->pbase())
        -: 4116:                    return traits_type::eof();
        -: 4117:                if (__r == codecvt_base::noconv)
        -: 4118:                {
        -: 4119:                    streamsize __nmemb = static_cast<size_t>(this->pptr() - this->pbase());
        -: 4120:                    if (__bufptr_->sputn((const char*)this->pbase(), __nmemb) != __nmemb)
        -: 4121:                        return traits_type::eof();
        -: 4122:                }
        -: 4123:                else if (__r == codecvt_base::ok || __r == codecvt_base::partial)
        -: 4124:                {
        -: 4125:                    streamsize __nmemb = static_cast<size_t>(__extbe - __extbuf_);
        -: 4126:                    if (__bufptr_->sputn(__extbuf_, __nmemb) != __nmemb)
        -: 4127:                        return traits_type::eof();
        -: 4128:                    if (__r == codecvt_base::partial)
        -: 4129:                    {
        -: 4130:                        this->setp(const_cast<char_type *>(__e), this->pptr());
        -: 4131:                        this->__pbump(this->epptr() - this->pbase());
        -: 4132:                    }
        -: 4133:                }
        -: 4134:                else
        -: 4135:                    return traits_type::eof();
        -: 4136:            } while (__r == codecvt_base::partial);
        -: 4137:        }
        -: 4138:        this->setp(__pb_save, __epb_save);
        -: 4139:    }
        -: 4140:    return traits_type::not_eof(__c);
        -: 4141:}
        -: 4142:
        -: 4143:template <class _Codecvt, class _Elem, class _Tr>
        -: 4144:basic_streambuf<_Elem, _Tr>*
        -: 4145:wbuffer_convert<_Codecvt, _Elem, _Tr>::setbuf(char_type* __s, streamsize __n)
        -: 4146:{
        -: 4147:    this->setg(0, 0, 0);
        -: 4148:    this->setp(0, 0);
        -: 4149:    if (__owns_eb_)
        -: 4150:        delete [] __extbuf_;
        -: 4151:    if (__owns_ib_)
        -: 4152:        delete [] __intbuf_;
        -: 4153:    __ebs_ = __n;
        -: 4154:    if (__ebs_ > sizeof(__extbuf_min_))
        -: 4155:    {
        -: 4156:        if (__always_noconv_ && __s)
        -: 4157:        {
        -: 4158:            __extbuf_ = (char*)__s;
        -: 4159:            __owns_eb_ = false;
        -: 4160:        }
        -: 4161:        else
        -: 4162:        {
        -: 4163:            __extbuf_ = new char[__ebs_];
        -: 4164:            __owns_eb_ = true;
        -: 4165:        }
        -: 4166:    }
        -: 4167:    else
        -: 4168:    {
        -: 4169:        __extbuf_ = __extbuf_min_;
        -: 4170:        __ebs_ = sizeof(__extbuf_min_);
        -: 4171:        __owns_eb_ = false;
        -: 4172:    }
        -: 4173:    if (!__always_noconv_)
        -: 4174:    {
        -: 4175:        __ibs_ = max<streamsize>(__n, sizeof(__extbuf_min_));
        -: 4176:        if (__s && __ibs_ >= sizeof(__extbuf_min_))
        -: 4177:        {
        -: 4178:            __intbuf_ = __s;
        -: 4179:            __owns_ib_ = false;
        -: 4180:        }
        -: 4181:        else
        -: 4182:        {
        -: 4183:            __intbuf_ = new char_type[__ibs_];
        -: 4184:            __owns_ib_ = true;
        -: 4185:        }
        -: 4186:    }
        -: 4187:    else
        -: 4188:    {
        -: 4189:        __ibs_ = 0;
        -: 4190:        __intbuf_ = 0;
        -: 4191:        __owns_ib_ = false;
        -: 4192:    }
        -: 4193:    return this;
        -: 4194:}
        -: 4195:
        -: 4196:template <class _Codecvt, class _Elem, class _Tr>
        -: 4197:typename wbuffer_convert<_Codecvt, _Elem, _Tr>::pos_type
        -: 4198:wbuffer_convert<_Codecvt, _Elem, _Tr>::seekoff(off_type __off, ios_base::seekdir __way,
        -: 4199:                                        ios_base::openmode __om)
        -: 4200:{
        -: 4201:    int __width = __cv_->encoding();
        -: 4202:    if (__cv_ == 0 || __bufptr_ == 0 || (__width <= 0 && __off != 0) || sync())
        -: 4203:        return pos_type(off_type(-1));
        -: 4204:    // __width > 0 || __off == 0, now check __way
        -: 4205:    if (__way != ios_base::beg && __way != ios_base::cur && __way != ios_base::end)
        -: 4206:        return pos_type(off_type(-1));
        -: 4207:    pos_type __r = __bufptr_->pubseekoff(__width * __off, __way, __om);
        -: 4208:    __r.state(__st_);
        -: 4209:    return __r;
        -: 4210:}
        -: 4211:
        -: 4212:template <class _Codecvt, class _Elem, class _Tr>
        -: 4213:typename wbuffer_convert<_Codecvt, _Elem, _Tr>::pos_type
        -: 4214:wbuffer_convert<_Codecvt, _Elem, _Tr>::seekpos(pos_type __sp, ios_base::openmode __wch)
        -: 4215:{
        -: 4216:    if (__cv_ == 0 || __bufptr_ == 0 || sync())
        -: 4217:        return pos_type(off_type(-1));
        -: 4218:    if (__bufptr_->pubseekpos(__sp, __wch) == pos_type(off_type(-1)))
        -: 4219:        return pos_type(off_type(-1));
        -: 4220:    return __sp;
        -: 4221:}
        -: 4222:
        -: 4223:template <class _Codecvt, class _Elem, class _Tr>
        -: 4224:int
        -: 4225:wbuffer_convert<_Codecvt, _Elem, _Tr>::sync()
        -: 4226:{
        -: 4227:    if (__cv_ == 0 || __bufptr_ == 0)
        -: 4228:        return 0;
        -: 4229:    if (__cm_ & ios_base::out)
        -: 4230:    {
        -: 4231:        if (this->pptr() != this->pbase())
        -: 4232:            if (overflow() == traits_type::eof())
        -: 4233:                return -1;
        -: 4234:        codecvt_base::result __r;
        -: 4235:        do
        -: 4236:        {
        -: 4237:            char* __extbe;
        -: 4238:            __r = __cv_->unshift(__st_, __extbuf_, __extbuf_ + __ebs_, __extbe);
        -: 4239:            streamsize __nmemb = static_cast<streamsize>(__extbe - __extbuf_);
        -: 4240:            if (__bufptr_->sputn(__extbuf_, __nmemb) != __nmemb)
        -: 4241:                return -1;
        -: 4242:        } while (__r == codecvt_base::partial);
        -: 4243:        if (__r == codecvt_base::error)
        -: 4244:            return -1;
        -: 4245:        if (__bufptr_->pubsync())
        -: 4246:            return -1;
        -: 4247:    }
        -: 4248:    else if (__cm_ & ios_base::in)
        -: 4249:    {
        -: 4250:        off_type __c;
        -: 4251:        if (__always_noconv_)
        -: 4252:            __c = this->egptr() - this->gptr();
        -: 4253:        else
        -: 4254:        {
        -: 4255:            int __width = __cv_->encoding();
        -: 4256:            __c = __extbufend_ - __extbufnext_;
        -: 4257:            if (__width > 0)
        -: 4258:                __c += __width * (this->egptr() - this->gptr());
        -: 4259:            else
        -: 4260:            {
        -: 4261:                if (this->gptr() != this->egptr())
        -: 4262:                {
        -: 4263:                    reverse(this->gptr(), this->egptr());
        -: 4264:                    codecvt_base::result __r;
        -: 4265:                    const char_type* __e = this->gptr();
        -: 4266:                    char* __extbe;
        -: 4267:                    do
        -: 4268:                    {
        -: 4269:                        __r = __cv_->out(__st_, __e, this->egptr(), __e,
        -: 4270:                                         __extbuf_, __extbuf_ + __ebs_, __extbe);
        -: 4271:                        switch (__r)
        -: 4272:                        {
        -: 4273:                        case codecvt_base::noconv:
        -: 4274:                            __c += this->egptr() - this->gptr();
        -: 4275:                            break;
        -: 4276:                        case codecvt_base::ok:
        -: 4277:                        case codecvt_base::partial:
        -: 4278:                            __c += __extbe - __extbuf_;
        -: 4279:                            break;
        -: 4280:                        default:
        -: 4281:                            return -1;
        -: 4282:                        }
        -: 4283:                    } while (__r == codecvt_base::partial);
        -: 4284:                }
        -: 4285:            }
        -: 4286:        }
        -: 4287:        if (__bufptr_->pubseekoff(-__c, ios_base::cur, __cm_) == pos_type(off_type(-1)))
        -: 4288:            return -1;
        -: 4289:        this->setg(0, 0, 0);
        -: 4290:        __cm_ = 0;
        -: 4291:    }
        -: 4292:    return 0;
        -: 4293:}
        -: 4294:
        -: 4295:template <class _Codecvt, class _Elem, class _Tr>
        -: 4296:bool
        -: 4297:wbuffer_convert<_Codecvt, _Elem, _Tr>::__read_mode()
        -: 4298:{
        -: 4299:    if (!(__cm_ & ios_base::in))
        -: 4300:    {
        -: 4301:        this->setp(0, 0);
        -: 4302:        if (__always_noconv_)
        -: 4303:            this->setg((char_type*)__extbuf_,
        -: 4304:                       (char_type*)__extbuf_ + __ebs_,
        -: 4305:                       (char_type*)__extbuf_ + __ebs_);
        -: 4306:        else
        -: 4307:            this->setg(__intbuf_, __intbuf_ + __ibs_, __intbuf_ + __ibs_);
        -: 4308:        __cm_ = ios_base::in;
        -: 4309:        return true;
        -: 4310:    }
        -: 4311:    return false;
        -: 4312:}
        -: 4313:
        -: 4314:template <class _Codecvt, class _Elem, class _Tr>
        -: 4315:void
        -: 4316:wbuffer_convert<_Codecvt, _Elem, _Tr>::__write_mode()
        -: 4317:{
        -: 4318:    if (!(__cm_ & ios_base::out))
        -: 4319:    {
        -: 4320:        this->setg(0, 0, 0);
        -: 4321:        if (__ebs_ > sizeof(__extbuf_min_))
        -: 4322:        {
        -: 4323:            if (__always_noconv_)
        -: 4324:                this->setp((char_type*)__extbuf_,
        -: 4325:                           (char_type*)__extbuf_ + (__ebs_ - 1));
        -: 4326:            else
        -: 4327:                this->setp(__intbuf_, __intbuf_ + (__ibs_ - 1));
        -: 4328:        }
        -: 4329:        else
        -: 4330:            this->setp(0, 0);
        -: 4331:        __cm_ = ios_base::out;
        -: 4332:    }
        -: 4333:}
        -: 4334:
        -: 4335:template <class _Codecvt, class _Elem, class _Tr>
        -: 4336:wbuffer_convert<_Codecvt, _Elem, _Tr>*
        -: 4337:wbuffer_convert<_Codecvt, _Elem, _Tr>::__close()
        -: 4338:{
        -: 4339:    wbuffer_convert* __rt = 0;
        -: 4340:    if (__cv_ != 0 && __bufptr_ != 0)
        -: 4341:    {
        -: 4342:        __rt = this;
        -: 4343:        if ((__cm_ & ios_base::out) && sync())
        -: 4344:            __rt = 0;
        -: 4345:    }
        -: 4346:    return __rt;
        -: 4347:}
        -: 4348:
        -: 4349:_LIBCPP_END_NAMESPACE_STD
        -: 4350:
        -: 4351:_LIBCPP_POP_MACROS
        -: 4352:
        -: 4353:#endif  // _LIBCPP_LOCALE
