        -:    0:Source:/Applications/Xcode.app/Contents/Developer/Toolchains/XcodeDefault.xctoolchain/usr/bin/../include/c++/v1/memory
        -:    0:Graph:/Users/paulcolta/Desktop/GitHub/Assignments_FP/Semester 2/OOP/Lab_5(6)/Lab 6 final/LABFINAL8/cmake-build-debug/CMakeFiles/LABFINAL8.dir/Tests.gcno
        -:    0:Data:/Users/paulcolta/Desktop/GitHub/Assignments_FP/Semester 2/OOP/Lab_5(6)/Lab 6 final/LABFINAL8/cmake-build-debug/CMakeFiles/LABFINAL8.dir/Tests.gcda
        -:    0:Runs:1
        -:    0:Programs:1
        -:    1:// -*- C++ -*-
        -:    2://===-------------------------- memory ------------------------------------===//
        -:    3://
        -:    4:// Part of the LLVM Project, under the Apache License v2.0 with LLVM Exceptions.
        -:    5:// See https://llvm.org/LICENSE.txt for license information.
        -:    6:// SPDX-License-Identifier: Apache-2.0 WITH LLVM-exception
        -:    7://
        -:    8://===----------------------------------------------------------------------===//
        -:    9:
        -:   10:#ifndef _LIBCPP_MEMORY
        -:   11:#define _LIBCPP_MEMORY
        -:   12:
        -:   13:/*
        -:   14:    memory synopsis
        -:   15:
        -:   16:namespace std
        -:   17:{
        -:   18:
        -:   19:struct allocator_arg_t { };
        -:   20:inline constexpr allocator_arg_t allocator_arg = allocator_arg_t();
        -:   21:
        -:   22:template <class T, class Alloc> struct uses_allocator;
        -:   23:
        -:   24:template <class Ptr>
        -:   25:struct pointer_traits
        -:   26:{
        -:   27:    typedef Ptr pointer;
        -:   28:    typedef <details> element_type;
        -:   29:    typedef <details> difference_type;
        -:   30:
        -:   31:    template <class U> using rebind = <details>;
        -:   32:
        -:   33:    static pointer pointer_to(<details>);
        -:   34:};
        -:   35:
        -:   36:template <class T>
        -:   37:struct pointer_traits<T*>
        -:   38:{
        -:   39:    typedef T* pointer;
        -:   40:    typedef T element_type;
        -:   41:    typedef ptrdiff_t difference_type;
        -:   42:
        -:   43:    template <class U> using rebind = U*;
        -:   44:
        -:   45:    static pointer pointer_to(<details>) noexcept; // constexpr in C++20
        -:   46:};
        -:   47:
        -:   48:template <class T> constexpr T* to_address(T* p) noexcept; // C++20
        -:   49:template <class Ptr> auto to_address(const Ptr& p) noexcept; // C++20
        -:   50:
        -:   51:template <class Alloc>
        -:   52:struct allocator_traits
        -:   53:{
        -:   54:    typedef Alloc                        allocator_type;
        -:   55:    typedef typename allocator_type::value_type
        -:   56:                                         value_type;
        -:   57:
        -:   58:    typedef Alloc::pointer | value_type* pointer;
        -:   59:    typedef Alloc::const_pointer
        -:   60:          | pointer_traits<pointer>::rebind<const value_type>
        -:   61:                                         const_pointer;
        -:   62:    typedef Alloc::void_pointer
        -:   63:          | pointer_traits<pointer>::rebind<void>
        -:   64:                                         void_pointer;
        -:   65:    typedef Alloc::const_void_pointer
        -:   66:          | pointer_traits<pointer>::rebind<const void>
        -:   67:                                         const_void_pointer;
        -:   68:    typedef Alloc::difference_type
        -:   69:          | pointer_traits<pointer>::difference_type
        -:   70:                                         difference_type;
        -:   71:    typedef Alloc::size_type
        -:   72:          | make_unsigned<difference_type>::type
        -:   73:                                         size_type;
        -:   74:    typedef Alloc::propagate_on_container_copy_assignment
        -:   75:          | false_type                   propagate_on_container_copy_assignment;
        -:   76:    typedef Alloc::propagate_on_container_move_assignment
        -:   77:          | false_type                   propagate_on_container_move_assignment;
        -:   78:    typedef Alloc::propagate_on_container_swap
        -:   79:          | false_type                   propagate_on_container_swap;
        -:   80:    typedef Alloc::is_always_equal
        -:   81:          | is_empty                     is_always_equal;
        -:   82:
        -:   83:    template <class T> using rebind_alloc  = Alloc::rebind<U>::other | Alloc<T, Args...>;
        -:   84:    template <class T> using rebind_traits = allocator_traits<rebind_alloc<T>>;
        -:   85:
        -:   86:    static pointer allocate(allocator_type& a, size_type n);                          // [[nodiscard]] in C++20
        -:   87:    static pointer allocate(allocator_type& a, size_type n, const_void_pointer hint); // [[nodiscard]] in C++20
        -:   88:
        -:   89:    static void deallocate(allocator_type& a, pointer p, size_type n) noexcept;
        -:   90:
        -:   91:    template <class T, class... Args>
        -:   92:        static void construct(allocator_type& a, T* p, Args&&... args);
        -:   93:
        -:   94:    template <class T>
        -:   95:        static void destroy(allocator_type& a, T* p);
        -:   96:
        -:   97:    static size_type max_size(const allocator_type& a); // noexcept in C++14
        -:   98:
        -:   99:    static allocator_type
        -:  100:        select_on_container_copy_construction(const allocator_type& a);
        -:  101:};
        -:  102:
        -:  103:template <>
        -:  104:class allocator<void>
        -:  105:{
        -:  106:public:
        -:  107:    typedef void*                                 pointer;
        -:  108:    typedef const void*                           const_pointer;
        -:  109:    typedef void                                  value_type;
        -:  110:
        -:  111:    template <class _Up> struct rebind {typedef allocator<_Up> other;};
        -:  112:};
        -:  113:
        -:  114:template <class T>
        -:  115:class allocator
        -:  116:{
        -:  117:public:
        -:  118:    typedef size_t                                size_type;
        -:  119:    typedef ptrdiff_t                             difference_type;
        -:  120:    typedef T*                                    pointer;
        -:  121:    typedef const T*                              const_pointer;
        -:  122:    typedef typename add_lvalue_reference<T>::type       reference;
        -:  123:    typedef typename add_lvalue_reference<const T>::type const_reference;
        -:  124:    typedef T                                     value_type;
        -:  125:
        -:  126:    template <class U> struct rebind {typedef allocator<U> other;};
        -:  127:
        -:  128:    constexpr allocator() noexcept;                      // constexpr in C++20
        -:  129:    constexpr allocator(const allocator&) noexcept;      // constexpr in C++20
        -:  130:    template <class U>
        -:  131:      constexpr allocator(const allocator<U>&) noexcept; // constexpr in C++20
        -:  132:    ~allocator();
        -:  133:    pointer address(reference x) const noexcept;
        -:  134:    const_pointer address(const_reference x) const noexcept;
        -:  135:    pointer allocate(size_type, allocator<void>::const_pointer hint = 0);
        -:  136:    void deallocate(pointer p, size_type n) noexcept;
        -:  137:    size_type max_size() const noexcept;
        -:  138:    template<class U, class... Args>
        -:  139:        void construct(U* p, Args&&... args);
        -:  140:    template <class U>
        -:  141:        void destroy(U* p);
        -:  142:};
        -:  143:
        -:  144:template <class T, class U>
        -:  145:bool operator==(const allocator<T>&, const allocator<U>&) noexcept;
        -:  146:
        -:  147:template <class T, class U>
        -:  148:bool operator!=(const allocator<T>&, const allocator<U>&) noexcept;
        -:  149:
        -:  150:template <class OutputIterator, class T>
        -:  151:class raw_storage_iterator
        -:  152:    : public iterator<output_iterator_tag,
        -:  153:                      T,                               // purposefully not C++03
        -:  154:                      ptrdiff_t,                       // purposefully not C++03
        -:  155:                      T*,                              // purposefully not C++03
        -:  156:                      raw_storage_iterator&>           // purposefully not C++03
        -:  157:{
        -:  158:public:
        -:  159:    explicit raw_storage_iterator(OutputIterator x);
        -:  160:    raw_storage_iterator& operator*();
        -:  161:    raw_storage_iterator& operator=(const T& element);
        -:  162:    raw_storage_iterator& operator++();
        -:  163:    raw_storage_iterator  operator++(int);
        -:  164:};
        -:  165:
        -:  166:template <class T> pair<T*,ptrdiff_t> get_temporary_buffer(ptrdiff_t n) noexcept;
        -:  167:template <class T> void               return_temporary_buffer(T* p) noexcept;
        -:  168:
        -:  169:template <class T> T* addressof(T& r) noexcept;
        -:  170:template <class T> T* addressof(const T&& r) noexcept = delete;
        -:  171:
        -:  172:template <class InputIterator, class ForwardIterator>
        -:  173:ForwardIterator
        -:  174:uninitialized_copy(InputIterator first, InputIterator last, ForwardIterator result);
        -:  175:
        -:  176:template <class InputIterator, class Size, class ForwardIterator>
        -:  177:ForwardIterator
        -:  178:uninitialized_copy_n(InputIterator first, Size n, ForwardIterator result);
        -:  179:
        -:  180:template <class ForwardIterator, class T>
        -:  181:void uninitialized_fill(ForwardIterator first, ForwardIterator last, const T& x);
        -:  182:
        -:  183:template <class ForwardIterator, class Size, class T>
        -:  184:ForwardIterator
        -:  185:uninitialized_fill_n(ForwardIterator first, Size n, const T& x);
        -:  186:
        -:  187:template <class T>
        -:  188:void destroy_at(T* location);
        -:  189:
        -:  190:template <class ForwardIterator>
        -:  191: void destroy(ForwardIterator first, ForwardIterator last);
        -:  192:
        -:  193:template <class ForwardIterator, class Size>
        -:  194: ForwardIterator destroy_n(ForwardIterator first, Size n);
        -:  195:
        -:  196:template <class InputIterator, class ForwardIterator>
        -:  197: ForwardIterator uninitialized_move(InputIterator first, InputIterator last, ForwardIterator result);
        -:  198:
        -:  199:template <class InputIterator, class Size, class ForwardIterator>
        -:  200: pair<InputIterator,ForwardIterator> uninitialized_move_n(InputIterator first, Size n, ForwardIterator result);
        -:  201:
        -:  202:template <class ForwardIterator>
        -:  203: void uninitialized_value_construct(ForwardIterator first, ForwardIterator last);
        -:  204:
        -:  205:template <class ForwardIterator, class Size>
        -:  206: ForwardIterator uninitialized_value_construct_n(ForwardIterator first, Size n);
        -:  207:
        -:  208:template <class ForwardIterator>
        -:  209: void uninitialized_default_construct(ForwardIterator first, ForwardIterator last);
        -:  210:
        -:  211:template <class ForwardIterator, class Size>
        -:  212: ForwardIterator uninitialized_default_construct_n(ForwardIterator first, Size n);
        -:  213:
        -:  214:template <class Y> struct auto_ptr_ref {};      // deprecated in C++11, removed in C++17
        -:  215:
        -:  216:template<class X>
        -:  217:class auto_ptr                                  // deprecated in C++11, removed in C++17
        -:  218:{
        -:  219:public:
        -:  220:    typedef X element_type;
        -:  221:
        -:  222:    explicit auto_ptr(X* p =0) throw();
        -:  223:    auto_ptr(auto_ptr&) throw();
        -:  224:    template<class Y> auto_ptr(auto_ptr<Y>&) throw();
        -:  225:    auto_ptr& operator=(auto_ptr&) throw();
        -:  226:    template<class Y> auto_ptr& operator=(auto_ptr<Y>&) throw();
        -:  227:    auto_ptr& operator=(auto_ptr_ref<X> r) throw();
        -:  228:    ~auto_ptr() throw();
        -:  229:
        -:  230:    typename add_lvalue_reference<X>::type operator*() const throw();
        -:  231:    X* operator->() const throw();
        -:  232:    X* get() const throw();
        -:  233:    X* release() throw();
        -:  234:    void reset(X* p =0) throw();
        -:  235:
        -:  236:    auto_ptr(auto_ptr_ref<X>) throw();
        -:  237:    template<class Y> operator auto_ptr_ref<Y>() throw();
        -:  238:    template<class Y> operator auto_ptr<Y>() throw();
        -:  239:};
        -:  240:
        -:  241:template <class T>
        -:  242:struct default_delete
        -:  243:{
        -:  244:    constexpr default_delete() noexcept = default;
        -:  245:    template <class U> default_delete(const default_delete<U>&) noexcept;
        -:  246:
        -:  247:    void operator()(T*) const noexcept;
        -:  248:};
        -:  249:
        -:  250:template <class T>
        -:  251:struct default_delete<T[]>
        -:  252:{
        -:  253:    constexpr default_delete() noexcept = default;
        -:  254:    void operator()(T*) const noexcept;
        -:  255:    template <class U> void operator()(U*) const = delete;
        -:  256:};
        -:  257:
        -:  258:template <class T, class D = default_delete<T>>
        -:  259:class unique_ptr
        -:  260:{
        -:  261:public:
        -:  262:    typedef see below pointer;
        -:  263:    typedef T element_type;
        -:  264:    typedef D deleter_type;
        -:  265:
        -:  266:    // constructors
        -:  267:    constexpr unique_ptr() noexcept;
        -:  268:    explicit unique_ptr(pointer p) noexcept;
        -:  269:    unique_ptr(pointer p, see below d1) noexcept;
        -:  270:    unique_ptr(pointer p, see below d2) noexcept;
        -:  271:    unique_ptr(unique_ptr&& u) noexcept;
        -:  272:    unique_ptr(nullptr_t) noexcept : unique_ptr() { }
        -:  273:    template <class U, class E>
        -:  274:        unique_ptr(unique_ptr<U, E>&& u) noexcept;
        -:  275:    template <class U>
        -:  276:        unique_ptr(auto_ptr<U>&& u) noexcept;       // removed in C++17
        -:  277:
        -:  278:    // destructor
        -:  279:    ~unique_ptr();
        -:  280:
        -:  281:    // assignment
        -:  282:    unique_ptr& operator=(unique_ptr&& u) noexcept;
        -:  283:    template <class U, class E> unique_ptr& operator=(unique_ptr<U, E>&& u) noexcept;
        -:  284:    unique_ptr& operator=(nullptr_t) noexcept;
        -:  285:
        -:  286:    // observers
        -:  287:    typename add_lvalue_reference<T>::type operator*() const;
        -:  288:    pointer operator->() const noexcept;
        -:  289:    pointer get() const noexcept;
        -:  290:    deleter_type& get_deleter() noexcept;
        -:  291:    const deleter_type& get_deleter() const noexcept;
        -:  292:    explicit operator bool() const noexcept;
        -:  293:
        -:  294:    // modifiers
        -:  295:    pointer release() noexcept;
        -:  296:    void reset(pointer p = pointer()) noexcept;
        -:  297:    void swap(unique_ptr& u) noexcept;
        -:  298:};
        -:  299:
        -:  300:template <class T, class D>
        -:  301:class unique_ptr<T[], D>
        -:  302:{
        -:  303:public:
        -:  304:    typedef implementation-defined pointer;
        -:  305:    typedef T element_type;
        -:  306:    typedef D deleter_type;
        -:  307:
        -:  308:    // constructors
        -:  309:    constexpr unique_ptr() noexcept;
        -:  310:    explicit unique_ptr(pointer p) noexcept;
        -:  311:    unique_ptr(pointer p, see below d) noexcept;
        -:  312:    unique_ptr(pointer p, see below d) noexcept;
        -:  313:    unique_ptr(unique_ptr&& u) noexcept;
        -:  314:    unique_ptr(nullptr_t) noexcept : unique_ptr() { }
        -:  315:
        -:  316:    // destructor
        -:  317:    ~unique_ptr();
        -:  318:
        -:  319:    // assignment
        -:  320:    unique_ptr& operator=(unique_ptr&& u) noexcept;
        -:  321:    unique_ptr& operator=(nullptr_t) noexcept;
        -:  322:
        -:  323:    // observers
        -:  324:    T& operator[](size_t i) const;
        -:  325:    pointer get() const noexcept;
        -:  326:    deleter_type& get_deleter() noexcept;
        -:  327:    const deleter_type& get_deleter() const noexcept;
        -:  328:    explicit operator bool() const noexcept;
        -:  329:
        -:  330:    // modifiers
        -:  331:    pointer release() noexcept;
        -:  332:    void reset(pointer p = pointer()) noexcept;
        -:  333:    void reset(nullptr_t) noexcept;
        -:  334:    template <class U> void reset(U) = delete;
        -:  335:    void swap(unique_ptr& u) noexcept;
        -:  336:};
        -:  337:
        -:  338:template <class T, class D>
        -:  339:    void swap(unique_ptr<T, D>& x, unique_ptr<T, D>& y) noexcept;
        -:  340:
        -:  341:template <class T1, class D1, class T2, class D2>
        -:  342:    bool operator==(const unique_ptr<T1, D1>& x, const unique_ptr<T2, D2>& y);
        -:  343:template <class T1, class D1, class T2, class D2>
        -:  344:    bool operator!=(const unique_ptr<T1, D1>& x, const unique_ptr<T2, D2>& y);
        -:  345:template <class T1, class D1, class T2, class D2>
        -:  346:    bool operator<(const unique_ptr<T1, D1>& x, const unique_ptr<T2, D2>& y);
        -:  347:template <class T1, class D1, class T2, class D2>
        -:  348:    bool operator<=(const unique_ptr<T1, D1>& x, const unique_ptr<T2, D2>& y);
        -:  349:template <class T1, class D1, class T2, class D2>
        -:  350:    bool operator>(const unique_ptr<T1, D1>& x, const unique_ptr<T2, D2>& y);
        -:  351:template <class T1, class D1, class T2, class D2>
        -:  352:    bool operator>=(const unique_ptr<T1, D1>& x, const unique_ptr<T2, D2>& y);
        -:  353:
        -:  354:template <class T, class D>
        -:  355:    bool operator==(const unique_ptr<T, D>& x, nullptr_t) noexcept;
        -:  356:template <class T, class D>
        -:  357:    bool operator==(nullptr_t, const unique_ptr<T, D>& y) noexcept;
        -:  358:template <class T, class D>
        -:  359:    bool operator!=(const unique_ptr<T, D>& x, nullptr_t) noexcept;
        -:  360:template <class T, class D>
        -:  361:    bool operator!=(nullptr_t, const unique_ptr<T, D>& y) noexcept;
        -:  362:
        -:  363:template <class T, class D>
        -:  364:    bool operator<(const unique_ptr<T, D>& x, nullptr_t);
        -:  365:template <class T, class D>
        -:  366:    bool operator<(nullptr_t, const unique_ptr<T, D>& y);
        -:  367:template <class T, class D>
        -:  368:    bool operator<=(const unique_ptr<T, D>& x, nullptr_t);
        -:  369:template <class T, class D>
        -:  370:    bool operator<=(nullptr_t, const unique_ptr<T, D>& y);
        -:  371:template <class T, class D>
        -:  372:    bool operator>(const unique_ptr<T, D>& x, nullptr_t);
        -:  373:template <class T, class D>
        -:  374:    bool operator>(nullptr_t, const unique_ptr<T, D>& y);
        -:  375:template <class T, class D>
        -:  376:    bool operator>=(const unique_ptr<T, D>& x, nullptr_t);
        -:  377:template <class T, class D>
        -:  378:    bool operator>=(nullptr_t, const unique_ptr<T, D>& y);
        -:  379:
        -:  380:class bad_weak_ptr
        -:  381:    : public std::exception
        -:  382:{
        -:  383:    bad_weak_ptr() noexcept;
        -:  384:};
        -:  385:
        -:  386:template<class T, class... Args> unique_ptr<T> make_unique(Args&&... args);     // C++14
        -:  387:template<class T>                unique_ptr<T> make_unique(size_t n);           // C++14
        -:  388:template<class T, class... Args> unspecified   make_unique(Args&&...) = delete; // C++14, T == U[N]
        -:  389:
        -:  390:template<class E, class T, class Y, class D>
        -:  391:    basic_ostream<E, T>& operator<< (basic_ostream<E, T>& os, unique_ptr<Y, D> const& p);
        -:  392:
        -:  393:template<class T>
        -:  394:class shared_ptr
        -:  395:{
        -:  396:public:
        -:  397:    typedef T element_type;
        -:  398:    typedef weak_ptr<T> weak_type; // C++17
        -:  399:
        -:  400:    // constructors:
        -:  401:    constexpr shared_ptr() noexcept;
        -:  402:    template<class Y> explicit shared_ptr(Y* p);
        -:  403:    template<class Y, class D> shared_ptr(Y* p, D d);
        -:  404:    template<class Y, class D, class A> shared_ptr(Y* p, D d, A a);
        -:  405:    template <class D> shared_ptr(nullptr_t p, D d);
        -:  406:    template <class D, class A> shared_ptr(nullptr_t p, D d, A a);
        -:  407:    template<class Y> shared_ptr(const shared_ptr<Y>& r, T *p) noexcept;
        -:  408:    shared_ptr(const shared_ptr& r) noexcept;
        -:  409:    template<class Y> shared_ptr(const shared_ptr<Y>& r) noexcept;
        -:  410:    shared_ptr(shared_ptr&& r) noexcept;
        -:  411:    template<class Y> shared_ptr(shared_ptr<Y>&& r) noexcept;
        -:  412:    template<class Y> explicit shared_ptr(const weak_ptr<Y>& r);
        -:  413:    template<class Y> shared_ptr(auto_ptr<Y>&& r);          // removed in C++17
        -:  414:    template <class Y, class D> shared_ptr(unique_ptr<Y, D>&& r);
        -:  415:    shared_ptr(nullptr_t) : shared_ptr() { }
        -:  416:
        -:  417:    // destructor:
        -:  418:    ~shared_ptr();
        -:  419:
        -:  420:    // assignment:
        -:  421:    shared_ptr& operator=(const shared_ptr& r) noexcept;
        -:  422:    template<class Y> shared_ptr& operator=(const shared_ptr<Y>& r) noexcept;
        -:  423:    shared_ptr& operator=(shared_ptr&& r) noexcept;
        -:  424:    template<class Y> shared_ptr& operator=(shared_ptr<Y>&& r);
        -:  425:    template<class Y> shared_ptr& operator=(auto_ptr<Y>&& r); // removed in C++17
        -:  426:    template <class Y, class D> shared_ptr& operator=(unique_ptr<Y, D>&& r);
        -:  427:
        -:  428:    // modifiers:
        -:  429:    void swap(shared_ptr& r) noexcept;
        -:  430:    void reset() noexcept;
        -:  431:    template<class Y> void reset(Y* p);
        -:  432:    template<class Y, class D> void reset(Y* p, D d);
        -:  433:    template<class Y, class D, class A> void reset(Y* p, D d, A a);
        -:  434:
        -:  435:    // observers:
        -:  436:    T* get() const noexcept;
        -:  437:    T& operator*() const noexcept;
        -:  438:    T* operator->() const noexcept;
        -:  439:    long use_count() const noexcept;
        -:  440:    bool unique() const noexcept;
        -:  441:    explicit operator bool() const noexcept;
        -:  442:    template<class U> bool owner_before(shared_ptr<U> const& b) const noexcept;
        -:  443:    template<class U> bool owner_before(weak_ptr<U> const& b) const noexcept;
        -:  444:};
        -:  445:
        -:  446:// shared_ptr comparisons:
        -:  447:template<class T, class U>
        -:  448:    bool operator==(shared_ptr<T> const& a, shared_ptr<U> const& b) noexcept;
        -:  449:template<class T, class U>
        -:  450:    bool operator!=(shared_ptr<T> const& a, shared_ptr<U> const& b) noexcept;
        -:  451:template<class T, class U>
        -:  452:    bool operator<(shared_ptr<T> const& a, shared_ptr<U> const& b) noexcept;
        -:  453:template<class T, class U>
        -:  454:    bool operator>(shared_ptr<T> const& a, shared_ptr<U> const& b) noexcept;
        -:  455:template<class T, class U>
        -:  456:    bool operator<=(shared_ptr<T> const& a, shared_ptr<U> const& b) noexcept;
        -:  457:template<class T, class U>
        -:  458:    bool operator>=(shared_ptr<T> const& a, shared_ptr<U> const& b) noexcept;
        -:  459:
        -:  460:template <class T>
        -:  461:    bool operator==(const shared_ptr<T>& x, nullptr_t) noexcept;
        -:  462:template <class T>
        -:  463:    bool operator==(nullptr_t, const shared_ptr<T>& y) noexcept;
        -:  464:template <class T>
        -:  465:    bool operator!=(const shared_ptr<T>& x, nullptr_t) noexcept;
        -:  466:template <class T>
        -:  467:    bool operator!=(nullptr_t, const shared_ptr<T>& y) noexcept;
        -:  468:template <class T>
        -:  469:    bool operator<(const shared_ptr<T>& x, nullptr_t) noexcept;
        -:  470:template <class T>
        -:  471:bool operator<(nullptr_t, const shared_ptr<T>& y) noexcept;
        -:  472:template <class T>
        -:  473:    bool operator<=(const shared_ptr<T>& x, nullptr_t) noexcept;
        -:  474:template <class T>
        -:  475:    bool operator<=(nullptr_t, const shared_ptr<T>& y) noexcept;
        -:  476:template <class T>
        -:  477:    bool operator>(const shared_ptr<T>& x, nullptr_t) noexcept;
        -:  478:template <class T>
        -:  479:    bool operator>(nullptr_t, const shared_ptr<T>& y) noexcept;
        -:  480:template <class T>
        -:  481:    bool operator>=(const shared_ptr<T>& x, nullptr_t) noexcept;
        -:  482:template <class T>
        -:  483:    bool operator>=(nullptr_t, const shared_ptr<T>& y) noexcept;
        -:  484:
        -:  485:// shared_ptr specialized algorithms:
        -:  486:template<class T> void swap(shared_ptr<T>& a, shared_ptr<T>& b) noexcept;
        -:  487:
        -:  488:// shared_ptr casts:
        -:  489:template<class T, class U>
        -:  490:    shared_ptr<T> static_pointer_cast(shared_ptr<U> const& r) noexcept;
        -:  491:template<class T, class U>
        -:  492:    shared_ptr<T> dynamic_pointer_cast(shared_ptr<U> const& r) noexcept;
        -:  493:template<class T, class U>
        -:  494:    shared_ptr<T> const_pointer_cast(shared_ptr<U> const& r) noexcept;
        -:  495:
        -:  496:// shared_ptr I/O:
        -:  497:template<class E, class T, class Y>
        -:  498:    basic_ostream<E, T>& operator<< (basic_ostream<E, T>& os, shared_ptr<Y> const& p);
        -:  499:
        -:  500:// shared_ptr get_deleter:
        -:  501:template<class D, class T> D* get_deleter(shared_ptr<T> const& p) noexcept;
        -:  502:
        -:  503:template<class T, class... Args>
        -:  504:    shared_ptr<T> make_shared(Args&&... args);
        -:  505:template<class T, class A, class... Args>
        -:  506:    shared_ptr<T> allocate_shared(const A& a, Args&&... args);
        -:  507:
        -:  508:template<class T>
        -:  509:class weak_ptr
        -:  510:{
        -:  511:public:
        -:  512:    typedef T element_type;
        -:  513:
        -:  514:    // constructors
        -:  515:    constexpr weak_ptr() noexcept;
        -:  516:    template<class Y> weak_ptr(shared_ptr<Y> const& r) noexcept;
        -:  517:    weak_ptr(weak_ptr const& r) noexcept;
        -:  518:    template<class Y> weak_ptr(weak_ptr<Y> const& r) noexcept;
        -:  519:    weak_ptr(weak_ptr&& r) noexcept;                      // C++14
        -:  520:    template<class Y> weak_ptr(weak_ptr<Y>&& r) noexcept; // C++14
        -:  521:
        -:  522:    // destructor
        -:  523:    ~weak_ptr();
        -:  524:
        -:  525:    // assignment
        -:  526:    weak_ptr& operator=(weak_ptr const& r) noexcept;
        -:  527:    template<class Y> weak_ptr& operator=(weak_ptr<Y> const& r) noexcept;
        -:  528:    template<class Y> weak_ptr& operator=(shared_ptr<Y> const& r) noexcept;
        -:  529:    weak_ptr& operator=(weak_ptr&& r) noexcept;                      // C++14
        -:  530:    template<class Y> weak_ptr& operator=(weak_ptr<Y>&& r) noexcept; // C++14
        -:  531:
        -:  532:    // modifiers
        -:  533:    void swap(weak_ptr& r) noexcept;
        -:  534:    void reset() noexcept;
        -:  535:
        -:  536:    // observers
        -:  537:    long use_count() const noexcept;
        -:  538:    bool expired() const noexcept;
        -:  539:    shared_ptr<T> lock() const noexcept;
        -:  540:    template<class U> bool owner_before(shared_ptr<U> const& b) const noexcept;
        -:  541:    template<class U> bool owner_before(weak_ptr<U> const& b) const noexcept;
        -:  542:};
        -:  543:
        -:  544:// weak_ptr specialized algorithms:
        -:  545:template<class T> void swap(weak_ptr<T>& a, weak_ptr<T>& b) noexcept;
        -:  546:
        -:  547:// class owner_less:
        -:  548:template<class T> struct owner_less;
        -:  549:
        -:  550:template<class T>
        -:  551:struct owner_less<shared_ptr<T>>
        -:  552:    : binary_function<shared_ptr<T>, shared_ptr<T>, bool>
        -:  553:{
        -:  554:    typedef bool result_type;
        -:  555:    bool operator()(shared_ptr<T> const&, shared_ptr<T> const&) const noexcept;
        -:  556:    bool operator()(shared_ptr<T> const&, weak_ptr<T> const&) const noexcept;
        -:  557:    bool operator()(weak_ptr<T> const&, shared_ptr<T> const&) const noexcept;
        -:  558:};
        -:  559:
        -:  560:template<class T>
        -:  561:struct owner_less<weak_ptr<T>>
        -:  562:    : binary_function<weak_ptr<T>, weak_ptr<T>, bool>
        -:  563:{
        -:  564:    typedef bool result_type;
        -:  565:    bool operator()(weak_ptr<T> const&, weak_ptr<T> const&) const noexcept;
        -:  566:    bool operator()(shared_ptr<T> const&, weak_ptr<T> const&) const noexcept;
        -:  567:    bool operator()(weak_ptr<T> const&, shared_ptr<T> const&) const noexcept;
        -:  568:};
        -:  569:
        -:  570:template <>  // Added in C++14
        -:  571:struct owner_less<void>
        -:  572:{
        -:  573:    template <class _Tp, class _Up>
        -:  574:    bool operator()( shared_ptr<_Tp> const& __x, shared_ptr<_Up> const& __y) const noexcept;
        -:  575:    template <class _Tp, class _Up>
        -:  576:    bool operator()( shared_ptr<_Tp> const& __x,   weak_ptr<_Up> const& __y) const noexcept;
        -:  577:    template <class _Tp, class _Up>
        -:  578:    bool operator()(   weak_ptr<_Tp> const& __x, shared_ptr<_Up> const& __y) const noexcept;
        -:  579:    template <class _Tp, class _Up>
        -:  580:    bool operator()(   weak_ptr<_Tp> const& __x,   weak_ptr<_Up> const& __y) const noexcept;
        -:  581:
        -:  582:    typedef void is_transparent;
        -:  583:};
        -:  584:
        -:  585:template<class T>
        -:  586:class enable_shared_from_this
        -:  587:{
        -:  588:protected:
        -:  589:    constexpr enable_shared_from_this() noexcept;
        -:  590:    enable_shared_from_this(enable_shared_from_this const&) noexcept;
        -:  591:    enable_shared_from_this& operator=(enable_shared_from_this const&) noexcept;
        -:  592:    ~enable_shared_from_this();
        -:  593:public:
        -:  594:    shared_ptr<T> shared_from_this();
        -:  595:    shared_ptr<T const> shared_from_this() const;
        -:  596:};
        -:  597:
        -:  598:template<class T>
        -:  599:    bool atomic_is_lock_free(const shared_ptr<T>* p);
        -:  600:template<class T>
        -:  601:    shared_ptr<T> atomic_load(const shared_ptr<T>* p);
        -:  602:template<class T>
        -:  603:    shared_ptr<T> atomic_load_explicit(const shared_ptr<T>* p, memory_order mo);
        -:  604:template<class T>
        -:  605:    void atomic_store(shared_ptr<T>* p, shared_ptr<T> r);
        -:  606:template<class T>
        -:  607:    void atomic_store_explicit(shared_ptr<T>* p, shared_ptr<T> r, memory_order mo);
        -:  608:template<class T>
        -:  609:    shared_ptr<T> atomic_exchange(shared_ptr<T>* p, shared_ptr<T> r);
        -:  610:template<class T>
        -:  611:    shared_ptr<T>
        -:  612:    atomic_exchange_explicit(shared_ptr<T>* p, shared_ptr<T> r, memory_order mo);
        -:  613:template<class T>
        -:  614:    bool
        -:  615:    atomic_compare_exchange_weak(shared_ptr<T>* p, shared_ptr<T>* v, shared_ptr<T> w);
        -:  616:template<class T>
        -:  617:    bool
        -:  618:    atomic_compare_exchange_strong( shared_ptr<T>* p, shared_ptr<T>* v, shared_ptr<T> w);
        -:  619:template<class T>
        -:  620:    bool
        -:  621:    atomic_compare_exchange_weak_explicit(shared_ptr<T>* p, shared_ptr<T>* v,
        -:  622:                                          shared_ptr<T> w, memory_order success,
        -:  623:                                          memory_order failure);
        -:  624:template<class T>
        -:  625:    bool
        -:  626:    atomic_compare_exchange_strong_explicit(shared_ptr<T>* p, shared_ptr<T>* v,
        -:  627:                                            shared_ptr<T> w, memory_order success,
        -:  628:                                            memory_order failure);
        -:  629:// Hash support
        -:  630:template <class T> struct hash;
        -:  631:template <class T, class D> struct hash<unique_ptr<T, D> >;
        -:  632:template <class T> struct hash<shared_ptr<T> >;
        -:  633:
        -:  634:template <class T, class Alloc>
        -:  635:  inline constexpr bool uses_allocator_v = uses_allocator<T, Alloc>::value;
        -:  636:
        -:  637:// Pointer safety
        -:  638:enum class pointer_safety { relaxed, preferred, strict };
        -:  639:void declare_reachable(void *p);
        -:  640:template <class T> T *undeclare_reachable(T *p);
        -:  641:void declare_no_pointers(char *p, size_t n);
        -:  642:void undeclare_no_pointers(char *p, size_t n);
        -:  643:pointer_safety get_pointer_safety() noexcept;
        -:  644:
        -:  645:void* align(size_t alignment, size_t size, void*& ptr, size_t& space);
        -:  646:
        -:  647:}  // std
        -:  648:
        -:  649:*/
        -:  650:
        -:  651:#include <__config>
        -:  652:#include <type_traits>
        -:  653:#include <typeinfo>
        -:  654:#include <cstddef>
        -:  655:#include <cstdint>
        -:  656:#include <new>
        -:  657:#include <utility>
        -:  658:#include <limits>
        -:  659:#include <iterator>
        -:  660:#include <__functional_base>
        -:  661:#include <iosfwd>
        -:  662:#include <tuple>
        -:  663:#include <stdexcept>
        -:  664:#include <cstring>
        -:  665:#include <cassert>
        -:  666:#if !defined(_LIBCPP_HAS_NO_ATOMIC_HEADER)
        -:  667:#  include <atomic>
        -:  668:#endif
        -:  669:#include <__cxx_version>
        -:  670:
        -:  671:#if !defined(_LIBCPP_HAS_NO_PRAGMA_SYSTEM_HEADER)
        -:  672:#pragma GCC system_header
        -:  673:#endif
        -:  674:
        -:  675:_LIBCPP_PUSH_MACROS
        -:  676:#include <__undef_macros>
        -:  677:
        -:  678:
        -:  679:_LIBCPP_BEGIN_NAMESPACE_STD
        -:  680:
        -:  681:template <class _ValueType>
        -:  682:inline _LIBCPP_INLINE_VISIBILITY
        -:  683:_ValueType __libcpp_relaxed_load(_ValueType const* __value) {
        -:  684:#if !defined(_LIBCPP_HAS_NO_THREADS) && \
        -:  685:    defined(__ATOMIC_RELAXED) &&        \
        -:  686:    (__has_builtin(__atomic_load_n) || defined(_LIBCPP_COMPILER_GCC))
        -:  687:    return __atomic_load_n(__value, __ATOMIC_RELAXED);
        -:  688:#else
        -:  689:    return *__value;
        -:  690:#endif
        -:  691:}
        -:  692:
        -:  693:template <class _ValueType>
        -:  694:inline _LIBCPP_INLINE_VISIBILITY
        -:  695:_ValueType __libcpp_acquire_load(_ValueType const* __value) {
        -:  696:#if !defined(_LIBCPP_HAS_NO_THREADS) && \
        -:  697:    defined(__ATOMIC_ACQUIRE) &&        \
        -:  698:    (__has_builtin(__atomic_load_n) || defined(_LIBCPP_COMPILER_GCC))
        -:  699:    return __atomic_load_n(__value, __ATOMIC_ACQUIRE);
        -:  700:#else
        -:  701:    return *__value;
        -:  702:#endif
        -:  703:}
        -:  704:
        -:  705:// addressof moved to <type_traits>
        -:  706:
        -:  707:template <class _Tp> class allocator;
        -:  708:
        -:  709:template <>
        -:  710:class _LIBCPP_TEMPLATE_VIS allocator<void>
        -:  711:{
        -:  712:public:
        -:  713:    typedef void*             pointer;
        -:  714:    typedef const void*       const_pointer;
        -:  715:    typedef void              value_type;
        -:  716:
        -:  717:    template <class _Up> struct rebind {typedef allocator<_Up> other;};
        -:  718:};
        -:  719:
        -:  720:template <>
        -:  721:class _LIBCPP_TEMPLATE_VIS allocator<const void>
        -:  722:{
        -:  723:public:
        -:  724:    typedef const void*       pointer;
        -:  725:    typedef const void*       const_pointer;
        -:  726:    typedef const void        value_type;
        -:  727:
        -:  728:    template <class _Up> struct rebind {typedef allocator<_Up> other;};
        -:  729:};
        -:  730:
        -:  731:// pointer_traits
        -:  732:
        -:  733:template <class _Tp, class = void>
        -:  734:struct __has_element_type : false_type {};
        -:  735:
        -:  736:template <class _Tp>
        -:  737:struct __has_element_type<_Tp,
        -:  738:              typename __void_t<typename _Tp::element_type>::type> : true_type {};
        -:  739:
        -:  740:template <class _Ptr, bool = __has_element_type<_Ptr>::value>
        -:  741:struct __pointer_traits_element_type;
        -:  742:
        -:  743:template <class _Ptr>
        -:  744:struct __pointer_traits_element_type<_Ptr, true>
        -:  745:{
        -:  746:    typedef _LIBCPP_NODEBUG_TYPE typename _Ptr::element_type type;
        -:  747:};
        -:  748:
        -:  749:#ifndef _LIBCPP_HAS_NO_VARIADICS
        -:  750:
        -:  751:template <template <class, class...> class _Sp, class _Tp, class ..._Args>
        -:  752:struct __pointer_traits_element_type<_Sp<_Tp, _Args...>, true>
        -:  753:{
        -:  754:    typedef _LIBCPP_NODEBUG_TYPE typename _Sp<_Tp, _Args...>::element_type type;
        -:  755:};
        -:  756:
        -:  757:template <template <class, class...> class _Sp, class _Tp, class ..._Args>
        -:  758:struct __pointer_traits_element_type<_Sp<_Tp, _Args...>, false>
        -:  759:{
        -:  760:    typedef _LIBCPP_NODEBUG_TYPE _Tp type;
        -:  761:};
        -:  762:
        -:  763:#else  // _LIBCPP_HAS_NO_VARIADICS
        -:  764:
        -:  765:template <template <class> class _Sp, class _Tp>
        -:  766:struct __pointer_traits_element_type<_Sp<_Tp>, true>
        -:  767:{
        -:  768:    typedef typename _Sp<_Tp>::element_type type;
        -:  769:};
        -:  770:
        -:  771:template <template <class> class _Sp, class _Tp>
        -:  772:struct __pointer_traits_element_type<_Sp<_Tp>, false>
        -:  773:{
        -:  774:    typedef _Tp type;
        -:  775:};
        -:  776:
        -:  777:template <template <class, class> class _Sp, class _Tp, class _A0>
        -:  778:struct __pointer_traits_element_type<_Sp<_Tp, _A0>, true>
        -:  779:{
        -:  780:    typedef typename _Sp<_Tp, _A0>::element_type type;
        -:  781:};
        -:  782:
        -:  783:template <template <class, class> class _Sp, class _Tp, class _A0>
        -:  784:struct __pointer_traits_element_type<_Sp<_Tp, _A0>, false>
        -:  785:{
        -:  786:    typedef _Tp type;
        -:  787:};
        -:  788:
        -:  789:template <template <class, class, class> class _Sp, class _Tp, class _A0, class _A1>
        -:  790:struct __pointer_traits_element_type<_Sp<_Tp, _A0, _A1>, true>
        -:  791:{
        -:  792:    typedef typename _Sp<_Tp, _A0, _A1>::element_type type;
        -:  793:};
        -:  794:
        -:  795:template <template <class, class, class> class _Sp, class _Tp, class _A0, class _A1>
        -:  796:struct __pointer_traits_element_type<_Sp<_Tp, _A0, _A1>, false>
        -:  797:{
        -:  798:    typedef _Tp type;
        -:  799:};
        -:  800:
        -:  801:template <template <class, class, class, class> class _Sp, class _Tp, class _A0,
        -:  802:                                                           class _A1, class _A2>
        -:  803:struct __pointer_traits_element_type<_Sp<_Tp, _A0, _A1, _A2>, true>
        -:  804:{
        -:  805:    typedef typename _Sp<_Tp, _A0, _A1, _A2>::element_type type;
        -:  806:};
        -:  807:
        -:  808:template <template <class, class, class, class> class _Sp, class _Tp, class _A0,
        -:  809:                                                           class _A1, class _A2>
        -:  810:struct __pointer_traits_element_type<_Sp<_Tp, _A0, _A1, _A2>, false>
        -:  811:{
        -:  812:    typedef _Tp type;
        -:  813:};
        -:  814:
        -:  815:#endif  // _LIBCPP_HAS_NO_VARIADICS
        -:  816:
        -:  817:template <class _Tp, class = void>
        -:  818:struct __has_difference_type : false_type {};
        -:  819:
        -:  820:template <class _Tp>
        -:  821:struct __has_difference_type<_Tp,
        -:  822:            typename __void_t<typename _Tp::difference_type>::type> : true_type {};
        -:  823:
        -:  824:template <class _Ptr, bool = __has_difference_type<_Ptr>::value>
        -:  825:struct __pointer_traits_difference_type
        -:  826:{
        -:  827:    typedef _LIBCPP_NODEBUG_TYPE ptrdiff_t type;
        -:  828:};
        -:  829:
        -:  830:template <class _Ptr>
        -:  831:struct __pointer_traits_difference_type<_Ptr, true>
        -:  832:{
        -:  833:    typedef _LIBCPP_NODEBUG_TYPE typename _Ptr::difference_type type;
        -:  834:};
        -:  835:
        -:  836:template <class _Tp, class _Up>
        -:  837:struct __has_rebind
        -:  838:{
        -:  839:private:
        -:  840:    struct __two {char __lx; char __lxx;};
        -:  841:    template <class _Xp> static __two __test(...);
        -:  842:    template <class _Xp> static char __test(typename _Xp::template rebind<_Up>* = 0);
        -:  843:public:
        -:  844:    static const bool value = sizeof(__test<_Tp>(0)) == 1;
        -:  845:};
        -:  846:
        -:  847:template <class _Tp, class _Up, bool = __has_rebind<_Tp, _Up>::value>
        -:  848:struct __pointer_traits_rebind
        -:  849:{
        -:  850:#ifndef _LIBCPP_CXX03_LANG
        -:  851:    typedef _LIBCPP_NODEBUG_TYPE typename _Tp::template rebind<_Up> type;
        -:  852:#else
        -:  853:    typedef _LIBCPP_NODEBUG_TYPE typename _Tp::template rebind<_Up>::other type;
        -:  854:#endif
        -:  855:};
        -:  856:
        -:  857:#ifndef _LIBCPP_HAS_NO_VARIADICS
        -:  858:
        -:  859:template <template <class, class...> class _Sp, class _Tp, class ..._Args, class _Up>
        -:  860:struct __pointer_traits_rebind<_Sp<_Tp, _Args...>, _Up, true>
        -:  861:{
        -:  862:#ifndef _LIBCPP_CXX03_LANG
        -:  863:    typedef _LIBCPP_NODEBUG_TYPE typename _Sp<_Tp, _Args...>::template rebind<_Up> type;
        -:  864:#else
        -:  865:    typedef _LIBCPP_NODEBUG_TYPE typename _Sp<_Tp, _Args...>::template rebind<_Up>::other type;
        -:  866:#endif
        -:  867:};
        -:  868:
        -:  869:template <template <class, class...> class _Sp, class _Tp, class ..._Args, class _Up>
        -:  870:struct __pointer_traits_rebind<_Sp<_Tp, _Args...>, _Up, false>
        -:  871:{
        -:  872:    typedef _Sp<_Up, _Args...> type;
        -:  873:};
        -:  874:
        -:  875:#else  // _LIBCPP_HAS_NO_VARIADICS
        -:  876:
        -:  877:template <template <class> class _Sp, class _Tp, class _Up>
        -:  878:struct __pointer_traits_rebind<_Sp<_Tp>, _Up, true>
        -:  879:{
        -:  880:#ifndef _LIBCPP_CXX03_LANG
        -:  881:    typedef typename _Sp<_Tp>::template rebind<_Up> type;
        -:  882:#else
        -:  883:    typedef typename _Sp<_Tp>::template rebind<_Up>::other type;
        -:  884:#endif
        -:  885:};
        -:  886:
        -:  887:template <template <class> class _Sp, class _Tp, class _Up>
        -:  888:struct __pointer_traits_rebind<_Sp<_Tp>, _Up, false>
        -:  889:{
        -:  890:    typedef _Sp<_Up> type;
        -:  891:};
        -:  892:
        -:  893:template <template <class, class> class _Sp, class _Tp, class _A0, class _Up>
        -:  894:struct __pointer_traits_rebind<_Sp<_Tp, _A0>, _Up, true>
        -:  895:{
        -:  896:#ifndef _LIBCPP_CXX03_LANG
        -:  897:    typedef typename _Sp<_Tp, _A0>::template rebind<_Up> type;
        -:  898:#else
        -:  899:    typedef typename _Sp<_Tp, _A0>::template rebind<_Up>::other type;
        -:  900:#endif
        -:  901:};
        -:  902:
        -:  903:template <template <class, class> class _Sp, class _Tp, class _A0, class _Up>
        -:  904:struct __pointer_traits_rebind<_Sp<_Tp, _A0>, _Up, false>
        -:  905:{
        -:  906:    typedef _Sp<_Up, _A0> type;
        -:  907:};
        -:  908:
        -:  909:template <template <class, class, class> class _Sp, class _Tp, class _A0,
        -:  910:                                         class _A1, class _Up>
        -:  911:struct __pointer_traits_rebind<_Sp<_Tp, _A0, _A1>, _Up, true>
        -:  912:{
        -:  913:#ifndef _LIBCPP_CXX03_LANG
        -:  914:    typedef typename _Sp<_Tp, _A0, _A1>::template rebind<_Up> type;
        -:  915:#else
        -:  916:    typedef typename _Sp<_Tp, _A0, _A1>::template rebind<_Up>::other type;
        -:  917:#endif
        -:  918:};
        -:  919:
        -:  920:template <template <class, class, class> class _Sp, class _Tp, class _A0,
        -:  921:                                         class _A1, class _Up>
        -:  922:struct __pointer_traits_rebind<_Sp<_Tp, _A0, _A1>, _Up, false>
        -:  923:{
        -:  924:    typedef _Sp<_Up, _A0, _A1> type;
        -:  925:};
        -:  926:
        -:  927:template <template <class, class, class, class> class _Sp, class _Tp, class _A0,
        -:  928:                                                class _A1, class _A2, class _Up>
        -:  929:struct __pointer_traits_rebind<_Sp<_Tp, _A0, _A1, _A2>, _Up, true>
        -:  930:{
        -:  931:#ifndef _LIBCPP_CXX03_LANG
        -:  932:    typedef typename _Sp<_Tp, _A0, _A1, _A2>::template rebind<_Up> type;
        -:  933:#else
        -:  934:    typedef typename _Sp<_Tp, _A0, _A1, _A2>::template rebind<_Up>::other type;
        -:  935:#endif
        -:  936:};
        -:  937:
        -:  938:template <template <class, class, class, class> class _Sp, class _Tp, class _A0,
        -:  939:                                                class _A1, class _A2, class _Up>
        -:  940:struct __pointer_traits_rebind<_Sp<_Tp, _A0, _A1, _A2>, _Up, false>
        -:  941:{
        -:  942:    typedef _Sp<_Up, _A0, _A1, _A2> type;
        -:  943:};
        -:  944:
        -:  945:#endif  // _LIBCPP_HAS_NO_VARIADICS
        -:  946:
        -:  947:template <class _Ptr>
        -:  948:struct _LIBCPP_TEMPLATE_VIS pointer_traits
        -:  949:{
        -:  950:    typedef _Ptr                                                     pointer;
        -:  951:    typedef typename __pointer_traits_element_type<pointer>::type    element_type;
        -:  952:    typedef typename __pointer_traits_difference_type<pointer>::type difference_type;
        -:  953:
        -:  954:#ifndef _LIBCPP_CXX03_LANG
        -:  955:    template <class _Up> using rebind = typename __pointer_traits_rebind<pointer, _Up>::type;
        -:  956:#else
        -:  957:    template <class _Up> struct rebind
        -:  958:        {typedef typename __pointer_traits_rebind<pointer, _Up>::type other;};
        -:  959:#endif  // _LIBCPP_CXX03_LANG
        -:  960:
        -:  961:private:
        -:  962:    struct __nat {};
        -:  963:public:
        -:  964:    _LIBCPP_INLINE_VISIBILITY
        -:  965:    static pointer pointer_to(typename conditional<is_void<element_type>::value,
        -:  966:                                           __nat, element_type>::type& __r)
        -:  967:        {return pointer::pointer_to(__r);}
        -:  968:};
        -:  969:
        -:  970:template <class _Tp>
        -:  971:struct _LIBCPP_TEMPLATE_VIS pointer_traits<_Tp*>
        -:  972:{
        -:  973:    typedef _Tp*      pointer;
        -:  974:    typedef _Tp       element_type;
        -:  975:    typedef ptrdiff_t difference_type;
        -:  976:
        -:  977:#ifndef _LIBCPP_CXX03_LANG
        -:  978:    template <class _Up> using rebind = _Up*;
        -:  979:#else
        -:  980:    template <class _Up> struct rebind {typedef _Up* other;};
        -:  981:#endif
        -:  982:
        -:  983:private:
        -:  984:    struct __nat {};
        -:  985:public:
        -:  986:    _LIBCPP_INLINE_VISIBILITY _LIBCPP_CONSTEXPR_AFTER_CXX17
        -:  987:    static pointer pointer_to(typename conditional<is_void<element_type>::value,
        -:  988:                                      __nat, element_type>::type& __r) _NOEXCEPT
        -:  989:        {return _VSTD::addressof(__r);}
        -:  990:};
        -:  991:
        -:  992:template <class _From, class _To>
        -:  993:struct __rebind_pointer {
        -:  994:#ifndef _LIBCPP_CXX03_LANG
        -:  995:    typedef typename pointer_traits<_From>::template rebind<_To>        type;
        -:  996:#else
        -:  997:    typedef typename pointer_traits<_From>::template rebind<_To>::other type;
        -:  998:#endif
        -:  999:};
        -: 1000:
        -: 1001:// allocator_traits
        -: 1002:
        -: 1003:template <class _Tp, class = void>
        -: 1004:struct __has_pointer_type : false_type {};
        -: 1005:
        -: 1006:template <class _Tp>
        -: 1007:struct __has_pointer_type<_Tp,
        -: 1008:          typename __void_t<typename _Tp::pointer>::type> : true_type {};
        -: 1009:
        -: 1010:namespace __pointer_type_imp
        -: 1011:{
        -: 1012:
        -: 1013:template <class _Tp, class _Dp, bool = __has_pointer_type<_Dp>::value>
        -: 1014:struct __pointer_type
        -: 1015:{
        -: 1016:    typedef _LIBCPP_NODEBUG_TYPE typename _Dp::pointer type;
        -: 1017:};
        -: 1018:
        -: 1019:template <class _Tp, class _Dp>
        -: 1020:struct __pointer_type<_Tp, _Dp, false>
        -: 1021:{
        -: 1022:    typedef _LIBCPP_NODEBUG_TYPE _Tp* type;
        -: 1023:};
        -: 1024:
        -: 1025:}  // __pointer_type_imp
        -: 1026:
        -: 1027:template <class _Tp, class _Dp>
        -: 1028:struct __pointer_type
        -: 1029:{
        -: 1030:    typedef _LIBCPP_NODEBUG_TYPE typename __pointer_type_imp::__pointer_type<_Tp, typename remove_reference<_Dp>::type>::type type;
        -: 1031:};
        -: 1032:
        -: 1033:template <class _Tp, class = void>
        -: 1034:struct __has_const_pointer : false_type {};
        -: 1035:
        -: 1036:template <class _Tp>
        -: 1037:struct __has_const_pointer<_Tp,
        -: 1038:            typename __void_t<typename _Tp::const_pointer>::type> : true_type {};
        -: 1039:
        -: 1040:template <class _Tp, class _Ptr, class _Alloc, bool = __has_const_pointer<_Alloc>::value>
        -: 1041:struct __const_pointer
        -: 1042:{
        -: 1043:    typedef _LIBCPP_NODEBUG_TYPE typename _Alloc::const_pointer type;
        -: 1044:};
        -: 1045:
        -: 1046:template <class _Tp, class _Ptr, class _Alloc>
        -: 1047:struct __const_pointer<_Tp, _Ptr, _Alloc, false>
        -: 1048:{
        -: 1049:#ifndef _LIBCPP_CXX03_LANG
        -: 1050:    typedef _LIBCPP_NODEBUG_TYPE typename pointer_traits<_Ptr>::template rebind<const _Tp> type;
        -: 1051:#else
        -: 1052:    typedef typename pointer_traits<_Ptr>::template rebind<const _Tp>::other type;
        -: 1053:#endif
        -: 1054:};
        -: 1055:
        -: 1056:template <class _Tp, class = void>
        -: 1057:struct __has_void_pointer : false_type {};
        -: 1058:
        -: 1059:template <class _Tp>
        -: 1060:struct __has_void_pointer<_Tp,
        -: 1061:               typename __void_t<typename _Tp::void_pointer>::type> : true_type {};
        -: 1062:
        -: 1063:template <class _Ptr, class _Alloc, bool = __has_void_pointer<_Alloc>::value>
        -: 1064:struct __void_pointer
        -: 1065:{
        -: 1066:    typedef _LIBCPP_NODEBUG_TYPE typename _Alloc::void_pointer type;
        -: 1067:};
        -: 1068:
        -: 1069:template <class _Ptr, class _Alloc>
        -: 1070:struct __void_pointer<_Ptr, _Alloc, false>
        -: 1071:{
        -: 1072:#ifndef _LIBCPP_CXX03_LANG
        -: 1073:    typedef _LIBCPP_NODEBUG_TYPE typename pointer_traits<_Ptr>::template rebind<void> type;
        -: 1074:#else
        -: 1075:    typedef _LIBCPP_NODEBUG_TYPE typename pointer_traits<_Ptr>::template rebind<void>::other type;
        -: 1076:#endif
        -: 1077:};
        -: 1078:
        -: 1079:template <class _Tp, class = void>
        -: 1080:struct __has_const_void_pointer : false_type {};
        -: 1081:
        -: 1082:template <class _Tp>
        -: 1083:struct __has_const_void_pointer<_Tp,
        -: 1084:            typename __void_t<typename _Tp::const_void_pointer>::type> : true_type {};
        -: 1085:
        -: 1086:template <class _Ptr, class _Alloc, bool = __has_const_void_pointer<_Alloc>::value>
        -: 1087:struct __const_void_pointer
        -: 1088:{
        -: 1089:    typedef _LIBCPP_NODEBUG_TYPE typename _Alloc::const_void_pointer type;
        -: 1090:};
        -: 1091:
        -: 1092:template <class _Ptr, class _Alloc>
        -: 1093:struct __const_void_pointer<_Ptr, _Alloc, false>
        -: 1094:{
        -: 1095:#ifndef _LIBCPP_CXX03_LANG
        -: 1096:    typedef _LIBCPP_NODEBUG_TYPE typename pointer_traits<_Ptr>::template rebind<const void> type;
        -: 1097:#else
        -: 1098:    typedef _LIBCPP_NODEBUG_TYPE typename pointer_traits<_Ptr>::template rebind<const void>::other type;
        -: 1099:#endif
        -: 1100:};
        -: 1101:
        -: 1102:template <class _Tp>
        -: 1103:inline _LIBCPP_INLINE_VISIBILITY _LIBCPP_CONSTEXPR
        -: 1104:_Tp*
       68: 1105:__to_raw_pointer(_Tp* __p) _NOEXCEPT
        8: 1105-block  0
       60: 1105-block  1
        -: 1106:{
       68: 1107:    return __p;
        8: 1107-block  0
       60: 1107-block  1
        -: 1108:}
        -: 1109:
        -: 1110:#if _LIBCPP_STD_VER <= 17
        -: 1111:template <class _Pointer>
        -: 1112:inline _LIBCPP_INLINE_VISIBILITY
        -: 1113:typename pointer_traits<_Pointer>::element_type*
        -: 1114:__to_raw_pointer(_Pointer __p) _NOEXCEPT
        -: 1115:{
        -: 1116:    return _VSTD::__to_raw_pointer(__p.operator->());
        -: 1117:}
        -: 1118:#else
        -: 1119:template <class _Pointer>
        -: 1120:inline _LIBCPP_INLINE_VISIBILITY
        -: 1121:auto
        -: 1122:__to_raw_pointer(const _Pointer& __p) _NOEXCEPT
        -: 1123:-> decltype(pointer_traits<_Pointer>::to_address(__p))
        -: 1124:{
        -: 1125:    return pointer_traits<_Pointer>::to_address(__p);
        -: 1126:}
        -: 1127:
        -: 1128:template <class _Pointer, class... _None>
        -: 1129:inline _LIBCPP_INLINE_VISIBILITY
        -: 1130:auto
        -: 1131:__to_raw_pointer(const _Pointer& __p, _None...) _NOEXCEPT
        -: 1132:{
        -: 1133:    return _VSTD::__to_raw_pointer(__p.operator->());
        -: 1134:}
        -: 1135:
        -: 1136:template <class _Tp>
        -: 1137:inline _LIBCPP_INLINE_VISIBILITY constexpr
        -: 1138:_Tp*
        -: 1139:to_address(_Tp* __p) _NOEXCEPT
        -: 1140:{
        -: 1141:    static_assert(!is_function_v<_Tp>, "_Tp is a function type");
        -: 1142:    return __p;
        -: 1143:}
        -: 1144:
        -: 1145:template <class _Pointer>
        -: 1146:inline _LIBCPP_INLINE_VISIBILITY
        -: 1147:auto
        -: 1148:to_address(const _Pointer& __p) _NOEXCEPT
        -: 1149:{
        -: 1150:    return _VSTD::__to_raw_pointer(__p);
        -: 1151:}
        -: 1152:#endif
        -: 1153:
        -: 1154:template <class _Tp, class = void>
        -: 1155:struct __has_size_type : false_type {};
        -: 1156:
        -: 1157:template <class _Tp>
        -: 1158:struct __has_size_type<_Tp,
        -: 1159:               typename __void_t<typename _Tp::size_type>::type> : true_type {};
        -: 1160:
        -: 1161:template <class _Alloc, class _DiffType, bool = __has_size_type<_Alloc>::value>
        -: 1162:struct __size_type
        -: 1163:{
        -: 1164:    typedef _LIBCPP_NODEBUG_TYPE typename make_unsigned<_DiffType>::type type;
        -: 1165:};
        -: 1166:
        -: 1167:template <class _Alloc, class _DiffType>
        -: 1168:struct __size_type<_Alloc, _DiffType, true>
        -: 1169:{
        -: 1170:    typedef _LIBCPP_NODEBUG_TYPE typename _Alloc::size_type type;
        -: 1171:};
        -: 1172:
        -: 1173:template <class _Tp, class = void>
        -: 1174:struct __has_propagate_on_container_copy_assignment : false_type {};
        -: 1175:
        -: 1176:template <class _Tp>
        -: 1177:struct __has_propagate_on_container_copy_assignment<_Tp,
        -: 1178:    typename __void_t<typename _Tp::propagate_on_container_copy_assignment>::type>
        -: 1179:        : true_type {};
        -: 1180:
        -: 1181:template <class _Alloc, bool = __has_propagate_on_container_copy_assignment<_Alloc>::value>
        -: 1182:struct __propagate_on_container_copy_assignment
        -: 1183:{
        -: 1184:    typedef _LIBCPP_NODEBUG_TYPE false_type type;
        -: 1185:};
        -: 1186:
        -: 1187:template <class _Alloc>
        -: 1188:struct __propagate_on_container_copy_assignment<_Alloc, true>
        -: 1189:{
        -: 1190:    typedef _LIBCPP_NODEBUG_TYPE typename _Alloc::propagate_on_container_copy_assignment type;
        -: 1191:};
        -: 1192:
        -: 1193:template <class _Tp, class = void>
        -: 1194:struct __has_propagate_on_container_move_assignment : false_type {};
        -: 1195:
        -: 1196:template <class _Tp>
        -: 1197:struct __has_propagate_on_container_move_assignment<_Tp,
        -: 1198:           typename __void_t<typename _Tp::propagate_on_container_move_assignment>::type>
        -: 1199:               : true_type {};
        -: 1200:
        -: 1201:template <class _Alloc, bool = __has_propagate_on_container_move_assignment<_Alloc>::value>
        -: 1202:struct __propagate_on_container_move_assignment
        -: 1203:{
        -: 1204:    typedef false_type type;
        -: 1205:};
        -: 1206:
        -: 1207:template <class _Alloc>
        -: 1208:struct __propagate_on_container_move_assignment<_Alloc, true>
        -: 1209:{
        -: 1210:    typedef _LIBCPP_NODEBUG_TYPE typename _Alloc::propagate_on_container_move_assignment type;
        -: 1211:};
        -: 1212:
        -: 1213:template <class _Tp, class = void>
        -: 1214:struct __has_propagate_on_container_swap : false_type {};
        -: 1215:
        -: 1216:template <class _Tp>
        -: 1217:struct __has_propagate_on_container_swap<_Tp,
        -: 1218:           typename __void_t<typename _Tp::propagate_on_container_swap>::type>
        -: 1219:               : true_type {};
        -: 1220:
        -: 1221:template <class _Alloc, bool = __has_propagate_on_container_swap<_Alloc>::value>
        -: 1222:struct __propagate_on_container_swap
        -: 1223:{
        -: 1224:    typedef false_type type;
        -: 1225:};
        -: 1226:
        -: 1227:template <class _Alloc>
        -: 1228:struct __propagate_on_container_swap<_Alloc, true>
        -: 1229:{
        -: 1230:    typedef _LIBCPP_NODEBUG_TYPE typename _Alloc::propagate_on_container_swap type;
        -: 1231:};
        -: 1232:
        -: 1233:template <class _Tp, class = void>
        -: 1234:struct __has_is_always_equal : false_type {};
        -: 1235:
        -: 1236:template <class _Tp>
        -: 1237:struct __has_is_always_equal<_Tp,
        -: 1238:           typename __void_t<typename _Tp::is_always_equal>::type>
        -: 1239:               : true_type {};
        -: 1240:
        -: 1241:template <class _Alloc, bool = __has_is_always_equal<_Alloc>::value>
        -: 1242:struct __is_always_equal
        -: 1243:{
        -: 1244:    typedef _LIBCPP_NODEBUG_TYPE typename _VSTD::is_empty<_Alloc>::type type;
        -: 1245:};
        -: 1246:
        -: 1247:template <class _Alloc>
        -: 1248:struct __is_always_equal<_Alloc, true>
        -: 1249:{
        -: 1250:    typedef _LIBCPP_NODEBUG_TYPE typename _Alloc::is_always_equal type;
        -: 1251:};
        -: 1252:
        -: 1253:template <class _Tp, class _Up, bool = __has_rebind<_Tp, _Up>::value>
        -: 1254:struct __has_rebind_other
        -: 1255:{
        -: 1256:private:
        -: 1257:    struct __two {char __lx; char __lxx;};
        -: 1258:    template <class _Xp> static __two __test(...);
        -: 1259:    template <class _Xp> static char __test(typename _Xp::template rebind<_Up>::other* = 0);
        -: 1260:public:
        -: 1261:    static const bool value = sizeof(__test<_Tp>(0)) == 1;
        -: 1262:};
        -: 1263:
        -: 1264:template <class _Tp, class _Up>
        -: 1265:struct __has_rebind_other<_Tp, _Up, false>
        -: 1266:{
        -: 1267:    static const bool value = false;
        -: 1268:};
        -: 1269:
        -: 1270:template <class _Tp, class _Up, bool = __has_rebind_other<_Tp, _Up>::value>
        -: 1271:struct __allocator_traits_rebind
        -: 1272:{
        -: 1273:    typedef _LIBCPP_NODEBUG_TYPE typename _Tp::template rebind<_Up>::other type;
        -: 1274:};
        -: 1275:
        -: 1276:#ifndef _LIBCPP_HAS_NO_VARIADICS
        -: 1277:
        -: 1278:template <template <class, class...> class _Alloc, class _Tp, class ..._Args, class _Up>
        -: 1279:struct __allocator_traits_rebind<_Alloc<_Tp, _Args...>, _Up, true>
        -: 1280:{
        -: 1281:    typedef _LIBCPP_NODEBUG_TYPE typename _Alloc<_Tp, _Args...>::template rebind<_Up>::other type;
        -: 1282:};
        -: 1283:
        -: 1284:template <template <class, class...> class _Alloc, class _Tp, class ..._Args, class _Up>
        -: 1285:struct __allocator_traits_rebind<_Alloc<_Tp, _Args...>, _Up, false>
        -: 1286:{
        -: 1287:    typedef _LIBCPP_NODEBUG_TYPE _Alloc<_Up, _Args...> type;
        -: 1288:};
        -: 1289:
        -: 1290:#else  // _LIBCPP_HAS_NO_VARIADICS
        -: 1291:
        -: 1292:template <template <class> class _Alloc, class _Tp, class _Up>
        -: 1293:struct __allocator_traits_rebind<_Alloc<_Tp>, _Up, true>
        -: 1294:{
        -: 1295:    typedef typename _Alloc<_Tp>::template rebind<_Up>::other type;
        -: 1296:};
        -: 1297:
        -: 1298:template <template <class> class _Alloc, class _Tp, class _Up>
        -: 1299:struct __allocator_traits_rebind<_Alloc<_Tp>, _Up, false>
        -: 1300:{
        -: 1301:    typedef _Alloc<_Up> type;
        -: 1302:};
        -: 1303:
        -: 1304:template <template <class, class> class _Alloc, class _Tp, class _A0, class _Up>
        -: 1305:struct __allocator_traits_rebind<_Alloc<_Tp, _A0>, _Up, true>
        -: 1306:{
        -: 1307:    typedef typename _Alloc<_Tp, _A0>::template rebind<_Up>::other type;
        -: 1308:};
        -: 1309:
        -: 1310:template <template <class, class> class _Alloc, class _Tp, class _A0, class _Up>
        -: 1311:struct __allocator_traits_rebind<_Alloc<_Tp, _A0>, _Up, false>
        -: 1312:{
        -: 1313:    typedef _Alloc<_Up, _A0> type;
        -: 1314:};
        -: 1315:
        -: 1316:template <template <class, class, class> class _Alloc, class _Tp, class _A0,
        -: 1317:                                         class _A1, class _Up>
        -: 1318:struct __allocator_traits_rebind<_Alloc<_Tp, _A0, _A1>, _Up, true>
        -: 1319:{
        -: 1320:    typedef typename _Alloc<_Tp, _A0, _A1>::template rebind<_Up>::other type;
        -: 1321:};
        -: 1322:
        -: 1323:template <template <class, class, class> class _Alloc, class _Tp, class _A0,
        -: 1324:                                         class _A1, class _Up>
        -: 1325:struct __allocator_traits_rebind<_Alloc<_Tp, _A0, _A1>, _Up, false>
        -: 1326:{
        -: 1327:    typedef _Alloc<_Up, _A0, _A1> type;
        -: 1328:};
        -: 1329:
        -: 1330:template <template <class, class, class, class> class _Alloc, class _Tp, class _A0,
        -: 1331:                                                class _A1, class _A2, class _Up>
        -: 1332:struct __allocator_traits_rebind<_Alloc<_Tp, _A0, _A1, _A2>, _Up, true>
        -: 1333:{
        -: 1334:    typedef typename _Alloc<_Tp, _A0, _A1, _A2>::template rebind<_Up>::other type;
        -: 1335:};
        -: 1336:
        -: 1337:template <template <class, class, class, class> class _Alloc, class _Tp, class _A0,
        -: 1338:                                                class _A1, class _A2, class _Up>
        -: 1339:struct __allocator_traits_rebind<_Alloc<_Tp, _A0, _A1, _A2>, _Up, false>
        -: 1340:{
        -: 1341:    typedef _Alloc<_Up, _A0, _A1, _A2> type;
        -: 1342:};
        -: 1343:
        -: 1344:#endif  // _LIBCPP_HAS_NO_VARIADICS
        -: 1345:
        -: 1346:#ifndef _LIBCPP_CXX03_LANG
        -: 1347:
        -: 1348:template <class _Alloc, class _SizeType, class _ConstVoidPtr>
        -: 1349:auto
        -: 1350:__has_allocate_hint_test(_Alloc&& __a, _SizeType&& __sz, _ConstVoidPtr&& __p)
        -: 1351:    -> decltype((void)__a.allocate(__sz, __p), true_type());
        -: 1352:
        -: 1353:template <class _Alloc, class _SizeType, class _ConstVoidPtr>
        -: 1354:auto
        -: 1355:__has_allocate_hint_test(const _Alloc& __a, _SizeType&& __sz, _ConstVoidPtr&& __p)
        -: 1356:    -> false_type;
        -: 1357:
        -: 1358:template <class _Alloc, class _SizeType, class _ConstVoidPtr>
        -: 1359:struct __has_allocate_hint
        -: 1360:    : integral_constant<bool,
        -: 1361:        is_same<
        -: 1362:            decltype(_VSTD::__has_allocate_hint_test(declval<_Alloc>(),
        -: 1363:                                          declval<_SizeType>(),
        -: 1364:                                          declval<_ConstVoidPtr>())),
        -: 1365:            true_type>::value>
        -: 1366:{
        -: 1367:};
        -: 1368:
        -: 1369:#else  // _LIBCPP_CXX03_LANG
        -: 1370:
        -: 1371:template <class _Alloc, class _SizeType, class _ConstVoidPtr>
        -: 1372:struct __has_allocate_hint
        -: 1373:    : true_type
        -: 1374:{
        -: 1375:};
        -: 1376:
        -: 1377:#endif  // _LIBCPP_CXX03_LANG
        -: 1378:
        -: 1379:#if !defined(_LIBCPP_CXX03_LANG)
        -: 1380:
        -: 1381:template <class _Alloc, class _Tp, class ..._Args>
        -: 1382:decltype(_VSTD::declval<_Alloc>().construct(_VSTD::declval<_Tp*>(),
        -: 1383:                                           _VSTD::declval<_Args>()...),
        -: 1384:                                           true_type())
        -: 1385:__has_construct_test(_Alloc&& __a, _Tp* __p, _Args&& ...__args);
        -: 1386:
        -: 1387:template <class _Alloc, class _Pointer, class ..._Args>
        -: 1388:false_type
        -: 1389:__has_construct_test(const _Alloc& __a, _Pointer&& __p, _Args&& ...__args);
        -: 1390:
        -: 1391:template <class _Alloc, class _Pointer, class ..._Args>
        -: 1392:struct __has_construct
        -: 1393:    : integral_constant<bool,
        -: 1394:        is_same<
        -: 1395:            decltype(_VSTD::__has_construct_test(declval<_Alloc>(),
        -: 1396:                                          declval<_Pointer>(),
        -: 1397:                                          declval<_Args>()...)),
        -: 1398:            true_type>::value>
        -: 1399:{
        -: 1400:};
        -: 1401:
        -: 1402:template <class _Alloc, class _Pointer>
        -: 1403:auto
        -: 1404:__has_destroy_test(_Alloc&& __a, _Pointer&& __p)
        -: 1405:    -> decltype(__a.destroy(__p), true_type());
        -: 1406:
        -: 1407:template <class _Alloc, class _Pointer>
        -: 1408:auto
        -: 1409:__has_destroy_test(const _Alloc& __a, _Pointer&& __p)
        -: 1410:    -> false_type;
        -: 1411:
        -: 1412:template <class _Alloc, class _Pointer>
        -: 1413:struct __has_destroy
        -: 1414:    : integral_constant<bool,
        -: 1415:        is_same<
        -: 1416:            decltype(_VSTD::__has_destroy_test(declval<_Alloc>(),
        -: 1417:                                        declval<_Pointer>())),
        -: 1418:            true_type>::value>
        -: 1419:{
        -: 1420:};
        -: 1421:
        -: 1422:template <class _Alloc>
        -: 1423:auto
        -: 1424:__has_max_size_test(_Alloc&& __a)
        -: 1425:    -> decltype(__a.max_size(), true_type());
        -: 1426:
        -: 1427:template <class _Alloc>
        -: 1428:auto
        -: 1429:__has_max_size_test(const volatile _Alloc& __a)
        -: 1430:    -> false_type;
        -: 1431:
        -: 1432:template <class _Alloc>
        -: 1433:struct __has_max_size
        -: 1434:    : integral_constant<bool,
        -: 1435:        is_same<
        -: 1436:            decltype(_VSTD::__has_max_size_test(declval<_Alloc&>())),
        -: 1437:            true_type>::value>
        -: 1438:{
        -: 1439:};
        -: 1440:
        -: 1441:template <class _Alloc>
        -: 1442:auto
        -: 1443:__has_select_on_container_copy_construction_test(_Alloc&& __a)
        -: 1444:    -> decltype(__a.select_on_container_copy_construction(), true_type());
        -: 1445:
        -: 1446:template <class _Alloc>
        -: 1447:auto
        -: 1448:__has_select_on_container_copy_construction_test(const volatile _Alloc& __a)
        -: 1449:    -> false_type;
        -: 1450:
        -: 1451:template <class _Alloc>
        -: 1452:struct __has_select_on_container_copy_construction
        -: 1453:    : integral_constant<bool,
        -: 1454:        is_same<
        -: 1455:            decltype(_VSTD::__has_select_on_container_copy_construction_test(declval<_Alloc&>())),
        -: 1456:            true_type>::value>
        -: 1457:{
        -: 1458:};
        -: 1459:
        -: 1460:#else  // _LIBCPP_CXX03_LANG
        -: 1461:
        -: 1462:template <class _Alloc, class _Pointer, class _Tp, class = void>
        -: 1463:struct __has_construct : std::false_type {};
        -: 1464:
        -: 1465:template <class _Alloc, class _Pointer, class _Tp>
        -: 1466:struct __has_construct<_Alloc, _Pointer, _Tp, typename __void_t<
        -: 1467:    decltype(_VSTD::declval<_Alloc>().construct(_VSTD::declval<_Pointer>(), _VSTD::declval<_Tp>()))
        -: 1468:>::type> : std::true_type {};
        -: 1469:
        -: 1470:template <class _Alloc, class _Pointer, class = void>
        -: 1471:struct __has_destroy : false_type {};
        -: 1472:
        -: 1473:template <class _Alloc, class _Pointer>
        -: 1474:struct __has_destroy<_Alloc, _Pointer, typename __void_t<
        -: 1475:    decltype(_VSTD::declval<_Alloc>().destroy(_VSTD::declval<_Pointer>()))
        -: 1476:>::type> : std::true_type {};
        -: 1477:
        -: 1478:template <class _Alloc>
        -: 1479:struct __has_max_size
        -: 1480:    : true_type
        -: 1481:{
        -: 1482:};
        -: 1483:
        -: 1484:template <class _Alloc>
        -: 1485:struct __has_select_on_container_copy_construction
        -: 1486:    : false_type
        -: 1487:{
        -: 1488:};
        -: 1489:
        -: 1490:#endif  // _LIBCPP_CXX03_LANG
        -: 1491:
        -: 1492:template <class _Alloc, class _Ptr, bool = __has_difference_type<_Alloc>::value>
        -: 1493:struct __alloc_traits_difference_type
        -: 1494:{
        -: 1495:    typedef _LIBCPP_NODEBUG_TYPE typename pointer_traits<_Ptr>::difference_type type;
        -: 1496:};
        -: 1497:
        -: 1498:template <class _Alloc, class _Ptr>
        -: 1499:struct __alloc_traits_difference_type<_Alloc, _Ptr, true>
        -: 1500:{
        -: 1501:    typedef _LIBCPP_NODEBUG_TYPE typename _Alloc::difference_type type;
        -: 1502:};
        -: 1503:
        -: 1504:template <class _Tp>
        -: 1505:struct __is_default_allocator : false_type {};
        -: 1506:
        -: 1507:template <class _Tp>
        -: 1508:struct __is_default_allocator<_VSTD::allocator<_Tp> > : true_type {};
        -: 1509:
        -: 1510:template <class _Alloc>
        -: 1511:struct _LIBCPP_TEMPLATE_VIS allocator_traits
        -: 1512:{
        -: 1513:    typedef _Alloc                              allocator_type;
        -: 1514:    typedef typename allocator_type::value_type value_type;
        -: 1515:
        -: 1516:    typedef typename __pointer_type<value_type, allocator_type>::type pointer;
        -: 1517:    typedef typename __const_pointer<value_type, pointer, allocator_type>::type const_pointer;
        -: 1518:    typedef typename __void_pointer<pointer, allocator_type>::type void_pointer;
        -: 1519:    typedef typename __const_void_pointer<pointer, allocator_type>::type const_void_pointer;
        -: 1520:
        -: 1521:    typedef typename __alloc_traits_difference_type<allocator_type, pointer>::type difference_type;
        -: 1522:    typedef typename __size_type<allocator_type, difference_type>::type size_type;
        -: 1523:
        -: 1524:    typedef typename __propagate_on_container_copy_assignment<allocator_type>::type
        -: 1525:                     propagate_on_container_copy_assignment;
        -: 1526:    typedef typename __propagate_on_container_move_assignment<allocator_type>::type
        -: 1527:                     propagate_on_container_move_assignment;
        -: 1528:    typedef typename __propagate_on_container_swap<allocator_type>::type
        -: 1529:                     propagate_on_container_swap;
        -: 1530:    typedef typename __is_always_equal<allocator_type>::type
        -: 1531:                     is_always_equal;
        -: 1532:
        -: 1533:#ifndef _LIBCPP_CXX03_LANG
        -: 1534:    template <class _Tp> using rebind_alloc =
        -: 1535:                  typename __allocator_traits_rebind<allocator_type, _Tp>::type;
        -: 1536:    template <class _Tp> using rebind_traits = allocator_traits<rebind_alloc<_Tp>>;
        -: 1537:#else  // _LIBCPP_CXX03_LANG
        -: 1538:    template <class _Tp> struct rebind_alloc
        -: 1539:        {typedef typename __allocator_traits_rebind<allocator_type, _Tp>::type other;};
        -: 1540:    template <class _Tp> struct rebind_traits
        -: 1541:        {typedef allocator_traits<typename rebind_alloc<_Tp>::other> other;};
        -: 1542:#endif  // _LIBCPP_CXX03_LANG
        -: 1543:
        -: 1544:    _LIBCPP_NODISCARD_AFTER_CXX17 _LIBCPP_INLINE_VISIBILITY
        -: 1545:    static pointer allocate(allocator_type& __a, size_type __n)
        -: 1546:        {return __a.allocate(__n);}
        -: 1547:    _LIBCPP_NODISCARD_AFTER_CXX17 _LIBCPP_INLINE_VISIBILITY
        -: 1548:    static pointer allocate(allocator_type& __a, size_type __n, const_void_pointer __hint)
        -: 1549:        {return __allocate(__a, __n, __hint,
        -: 1550:            __has_allocate_hint<allocator_type, size_type, const_void_pointer>());}
        -: 1551:
        -: 1552:    _LIBCPP_INLINE_VISIBILITY
    #####: 1553:    static void deallocate(allocator_type& __a, pointer __p, size_type __n) _NOEXCEPT
    $$$$$: 1553-block  0
    $$$$$: 1553-block  1
    #####: 1554:        {__a.deallocate(__p, __n);}
    $$$$$: 1554-block  0
    $$$$$: 1554-block  1
        -: 1555:
        -: 1556:#ifndef _LIBCPP_HAS_NO_VARIADICS
        -: 1557:    template <class _Tp, class... _Args>
        -: 1558:        _LIBCPP_INLINE_VISIBILITY
        -: 1559:        static void construct(allocator_type& __a, _Tp* __p, _Args&&... __args)
        -: 1560:            {__construct(__has_construct<allocator_type, _Tp*, _Args...>(),
        -: 1561:                         __a, __p, _VSTD::forward<_Args>(__args)...);}
        -: 1562:#else  // _LIBCPP_HAS_NO_VARIADICS
        -: 1563:    template <class _Tp>
        -: 1564:        _LIBCPP_INLINE_VISIBILITY
        -: 1565:        static void construct(allocator_type&, _Tp* __p)
        -: 1566:            {
        -: 1567:                ::new ((void*)__p) _Tp();
        -: 1568:            }
        -: 1569:    template <class _Tp, class _A0>
        -: 1570:        _LIBCPP_INLINE_VISIBILITY
        -: 1571:        static void construct(allocator_type& __a, _Tp* __p, const _A0& __a0)
        -: 1572:            {
        -: 1573:                __construct(__has_construct<allocator_type, _Tp*, const _A0&>(),
        -: 1574:                            __a, __p, __a0);
        -: 1575:            }
        -: 1576:    template <class _Tp, class _A0, class _A1>
        -: 1577:        _LIBCPP_INLINE_VISIBILITY
        -: 1578:        static void construct(allocator_type&, _Tp* __p, const _A0& __a0,
        -: 1579:                              const _A1& __a1)
        -: 1580:            {
        -: 1581:                ::new ((void*)__p) _Tp(__a0, __a1);
        -: 1582:            }
        -: 1583:    template <class _Tp, class _A0, class _A1, class _A2>
        -: 1584:        _LIBCPP_INLINE_VISIBILITY
        -: 1585:        static void construct(allocator_type&, _Tp* __p, const _A0& __a0,
        -: 1586:                              const _A1& __a1, const _A2& __a2)
        -: 1587:            {
        -: 1588:                ::new ((void*)__p) _Tp(__a0, __a1, __a2);
        -: 1589:            }
        -: 1590:#endif  // _LIBCPP_HAS_NO_VARIADICS
        -: 1591:
        -: 1592:    template <class _Tp>
        -: 1593:        _LIBCPP_INLINE_VISIBILITY
    #####: 1594:        static void destroy(allocator_type& __a, _Tp* __p)
    $$$$$: 1594-block  0
    $$$$$: 1594-block  1
    #####: 1595:            {__destroy(__has_destroy<allocator_type, _Tp*>(), __a, __p);}
    $$$$$: 1595-block  0
    $$$$$: 1595-block  1
        -: 1596:
        -: 1597:    _LIBCPP_INLINE_VISIBILITY
        -: 1598:    static size_type max_size(const allocator_type& __a) _NOEXCEPT
        -: 1599:        {return __max_size(__has_max_size<const allocator_type>(), __a);}
        -: 1600:
        -: 1601:    _LIBCPP_INLINE_VISIBILITY
[...]
        -: 5270:weak_ptr<_Tp>::lock() const _NOEXCEPT
        -: 5271:{
        -: 5272:    shared_ptr<_Tp> __r;
        -: 5273:    __r.__cntrl_ = __cntrl_ ? __cntrl_->lock() : __cntrl_;
        -: 5274:    if (__r.__cntrl_)
        -: 5275:        __r.__ptr_ = __ptr_;
        -: 5276:    return __r;
        -: 5277:}
        -: 5278:
        -: 5279:#if _LIBCPP_STD_VER > 14
        -: 5280:template <class _Tp = void> struct owner_less;
        -: 5281:#else
        -: 5282:template <class _Tp> struct owner_less;
        -: 5283:#endif
        -: 5284:
        -: 5285:template <class _Tp>
        -: 5286:struct _LIBCPP_TEMPLATE_VIS owner_less<shared_ptr<_Tp> >
        -: 5287:    : binary_function<shared_ptr<_Tp>, shared_ptr<_Tp>, bool>
        -: 5288:{
        -: 5289:    typedef bool result_type;
        -: 5290:    _LIBCPP_INLINE_VISIBILITY
        -: 5291:    bool operator()(shared_ptr<_Tp> const& __x, shared_ptr<_Tp> const& __y) const _NOEXCEPT
        -: 5292:        {return __x.owner_before(__y);}
        -: 5293:    _LIBCPP_INLINE_VISIBILITY
        -: 5294:    bool operator()(shared_ptr<_Tp> const& __x,   weak_ptr<_Tp> const& __y) const _NOEXCEPT
        -: 5295:        {return __x.owner_before(__y);}
        -: 5296:    _LIBCPP_INLINE_VISIBILITY
        -: 5297:    bool operator()(  weak_ptr<_Tp> const& __x, shared_ptr<_Tp> const& __y) const _NOEXCEPT
        -: 5298:        {return __x.owner_before(__y);}
        -: 5299:};
        -: 5300:
        -: 5301:template <class _Tp>
        -: 5302:struct _LIBCPP_TEMPLATE_VIS owner_less<weak_ptr<_Tp> >
        -: 5303:    : binary_function<weak_ptr<_Tp>, weak_ptr<_Tp>, bool>
        -: 5304:{
        -: 5305:    typedef bool result_type;
        -: 5306:    _LIBCPP_INLINE_VISIBILITY
        -: 5307:    bool operator()(  weak_ptr<_Tp> const& __x,   weak_ptr<_Tp> const& __y) const _NOEXCEPT
        -: 5308:        {return __x.owner_before(__y);}
        -: 5309:    _LIBCPP_INLINE_VISIBILITY
        -: 5310:    bool operator()(shared_ptr<_Tp> const& __x,   weak_ptr<_Tp> const& __y) const _NOEXCEPT
        -: 5311:        {return __x.owner_before(__y);}
        -: 5312:    _LIBCPP_INLINE_VISIBILITY
        -: 5313:    bool operator()(  weak_ptr<_Tp> const& __x, shared_ptr<_Tp> const& __y) const _NOEXCEPT
        -: 5314:        {return __x.owner_before(__y);}
        -: 5315:};
        -: 5316:
        -: 5317:#if _LIBCPP_STD_VER > 14
        -: 5318:template <>
        -: 5319:struct _LIBCPP_TEMPLATE_VIS owner_less<void>
        -: 5320:{
        -: 5321:    template <class _Tp, class _Up>
        -: 5322:    _LIBCPP_INLINE_VISIBILITY
        -: 5323:    bool operator()( shared_ptr<_Tp> const& __x, shared_ptr<_Up> const& __y) const _NOEXCEPT
        -: 5324:        {return __x.owner_before(__y);}
        -: 5325:    template <class _Tp, class _Up>
        -: 5326:    _LIBCPP_INLINE_VISIBILITY
        -: 5327:    bool operator()( shared_ptr<_Tp> const& __x,   weak_ptr<_Up> const& __y) const _NOEXCEPT
        -: 5328:        {return __x.owner_before(__y);}
        -: 5329:    template <class _Tp, class _Up>
        -: 5330:    _LIBCPP_INLINE_VISIBILITY
        -: 5331:    bool operator()(   weak_ptr<_Tp> const& __x, shared_ptr<_Up> const& __y) const _NOEXCEPT
        -: 5332:        {return __x.owner_before(__y);}
        -: 5333:    template <class _Tp, class _Up>
        -: 5334:    _LIBCPP_INLINE_VISIBILITY
        -: 5335:    bool operator()(   weak_ptr<_Tp> const& __x,   weak_ptr<_Up> const& __y) const _NOEXCEPT
        -: 5336:        {return __x.owner_before(__y);}
        -: 5337:    typedef void is_transparent;
        -: 5338:};
        -: 5339:#endif
        -: 5340:
        -: 5341:template<class _Tp>
        -: 5342:class _LIBCPP_TEMPLATE_VIS enable_shared_from_this
        -: 5343:{
        -: 5344:    mutable weak_ptr<_Tp> __weak_this_;
        -: 5345:protected:
        -: 5346:    _LIBCPP_INLINE_VISIBILITY _LIBCPP_CONSTEXPR
        -: 5347:    enable_shared_from_this() _NOEXCEPT {}
        -: 5348:    _LIBCPP_INLINE_VISIBILITY
        -: 5349:    enable_shared_from_this(enable_shared_from_this const&) _NOEXCEPT {}
        -: 5350:    _LIBCPP_INLINE_VISIBILITY
        -: 5351:    enable_shared_from_this& operator=(enable_shared_from_this const&) _NOEXCEPT
        -: 5352:        {return *this;}
        -: 5353:    _LIBCPP_INLINE_VISIBILITY
        -: 5354:    ~enable_shared_from_this() {}
        -: 5355:public:
        -: 5356:    _LIBCPP_INLINE_VISIBILITY
        -: 5357:    shared_ptr<_Tp> shared_from_this()
        -: 5358:        {return shared_ptr<_Tp>(__weak_this_);}
        -: 5359:    _LIBCPP_INLINE_VISIBILITY
        -: 5360:    shared_ptr<_Tp const> shared_from_this() const
        -: 5361:        {return shared_ptr<const _Tp>(__weak_this_);}
        -: 5362:
        -: 5363:#if _LIBCPP_STD_VER > 14
        -: 5364:    _LIBCPP_INLINE_VISIBILITY
        -: 5365:    weak_ptr<_Tp> weak_from_this() _NOEXCEPT
        -: 5366:       { return __weak_this_; }
        -: 5367:
        -: 5368:    _LIBCPP_INLINE_VISIBILITY
        -: 5369:    weak_ptr<const _Tp> weak_from_this() const _NOEXCEPT
        -: 5370:        { return __weak_this_; }
        -: 5371:#endif // _LIBCPP_STD_VER > 14
        -: 5372:
        -: 5373:    template <class _Up> friend class shared_ptr;
        -: 5374:};
        -: 5375:
        -: 5376:template <class _Tp>
        -: 5377:struct _LIBCPP_TEMPLATE_VIS hash<shared_ptr<_Tp> >
        -: 5378:{
        -: 5379:    typedef shared_ptr<_Tp>      argument_type;
        -: 5380:    typedef size_t               result_type;
        -: 5381:
        -: 5382:    _LIBCPP_INLINE_VISIBILITY
        -: 5383:    result_type operator()(const argument_type& __ptr) const _NOEXCEPT
        -: 5384:    {
        -: 5385:        return hash<_Tp*>()(__ptr.get());
        -: 5386:    }
        -: 5387:};
        -: 5388:
        -: 5389:template<class _CharT, class _Traits, class _Yp>
        -: 5390:inline _LIBCPP_INLINE_VISIBILITY
        -: 5391:basic_ostream<_CharT, _Traits>&
        -: 5392:operator<<(basic_ostream<_CharT, _Traits>& __os, shared_ptr<_Yp> const& __p);
        -: 5393:
        -: 5394:
        -: 5395:#if !defined(_LIBCPP_HAS_NO_ATOMIC_HEADER)
        -: 5396:
        -: 5397:class _LIBCPP_TYPE_VIS __sp_mut
        -: 5398:{
        -: 5399:    void* __lx;
        -: 5400:public:
        -: 5401:    void lock() _NOEXCEPT;
        -: 5402:    void unlock() _NOEXCEPT;
        -: 5403:
        -: 5404:private:
        -: 5405:    _LIBCPP_CONSTEXPR __sp_mut(void*) _NOEXCEPT;
        -: 5406:    __sp_mut(const __sp_mut&);
        -: 5407:    __sp_mut& operator=(const __sp_mut&);
        -: 5408:
        -: 5409:    friend _LIBCPP_FUNC_VIS __sp_mut& __get_sp_mut(const void*);
        -: 5410:};
        -: 5411:
        -: 5412:_LIBCPP_FUNC_VIS _LIBCPP_AVAILABILITY_ATOMIC_SHARED_PTR
        -: 5413:__sp_mut& __get_sp_mut(const void*);
        -: 5414:
        -: 5415:template <class _Tp>
        -: 5416:inline _LIBCPP_INLINE_VISIBILITY
        -: 5417:bool
        -: 5418:atomic_is_lock_free(const shared_ptr<_Tp>*)
        -: 5419:{
        -: 5420:    return false;
        -: 5421:}
        -: 5422:
        -: 5423:template <class _Tp>
        -: 5424:_LIBCPP_AVAILABILITY_ATOMIC_SHARED_PTR
        -: 5425:shared_ptr<_Tp>
        -: 5426:atomic_load(const shared_ptr<_Tp>* __p)
        -: 5427:{
        -: 5428:    __sp_mut& __m = __get_sp_mut(__p);
        -: 5429:    __m.lock();
        -: 5430:    shared_ptr<_Tp> __q = *__p;
        -: 5431:    __m.unlock();
        -: 5432:    return __q;
        -: 5433:}
        -: 5434:
        -: 5435:template <class _Tp>
        -: 5436:inline _LIBCPP_INLINE_VISIBILITY
        -: 5437:_LIBCPP_AVAILABILITY_ATOMIC_SHARED_PTR
        -: 5438:shared_ptr<_Tp>
        -: 5439:atomic_load_explicit(const shared_ptr<_Tp>* __p, memory_order)
        -: 5440:{
        -: 5441:    return atomic_load(__p);
        -: 5442:}
        -: 5443:
        -: 5444:template <class _Tp>
        -: 5445:_LIBCPP_AVAILABILITY_ATOMIC_SHARED_PTR
        -: 5446:void
        -: 5447:atomic_store(shared_ptr<_Tp>* __p, shared_ptr<_Tp> __r)
        -: 5448:{
        -: 5449:    __sp_mut& __m = __get_sp_mut(__p);
        -: 5450:    __m.lock();
        -: 5451:    __p->swap(__r);
        -: 5452:    __m.unlock();
        -: 5453:}
        -: 5454:
        -: 5455:template <class _Tp>
        -: 5456:inline _LIBCPP_INLINE_VISIBILITY
        -: 5457:_LIBCPP_AVAILABILITY_ATOMIC_SHARED_PTR
        -: 5458:void
        -: 5459:atomic_store_explicit(shared_ptr<_Tp>* __p, shared_ptr<_Tp> __r, memory_order)
        -: 5460:{
        -: 5461:    atomic_store(__p, __r);
        -: 5462:}
        -: 5463:
        -: 5464:template <class _Tp>
        -: 5465:_LIBCPP_AVAILABILITY_ATOMIC_SHARED_PTR
        -: 5466:shared_ptr<_Tp>
        -: 5467:atomic_exchange(shared_ptr<_Tp>* __p, shared_ptr<_Tp> __r)
        -: 5468:{
        -: 5469:    __sp_mut& __m = __get_sp_mut(__p);
        -: 5470:    __m.lock();
        -: 5471:    __p->swap(__r);
        -: 5472:    __m.unlock();
        -: 5473:    return __r;
        -: 5474:}
        -: 5475:
        -: 5476:template <class _Tp>
        -: 5477:inline _LIBCPP_INLINE_VISIBILITY
        -: 5478:_LIBCPP_AVAILABILITY_ATOMIC_SHARED_PTR
        -: 5479:shared_ptr<_Tp>
        -: 5480:atomic_exchange_explicit(shared_ptr<_Tp>* __p, shared_ptr<_Tp> __r, memory_order)
        -: 5481:{
        -: 5482:    return atomic_exchange(__p, __r);
        -: 5483:}
        -: 5484:
        -: 5485:template <class _Tp>
        -: 5486:_LIBCPP_AVAILABILITY_ATOMIC_SHARED_PTR
        -: 5487:bool
        -: 5488:atomic_compare_exchange_strong(shared_ptr<_Tp>* __p, shared_ptr<_Tp>* __v, shared_ptr<_Tp> __w)
        -: 5489:{
        -: 5490:    shared_ptr<_Tp> __temp;
        -: 5491:    __sp_mut& __m = __get_sp_mut(__p);
        -: 5492:    __m.lock();
        -: 5493:    if (__p->__owner_equivalent(*__v))
        -: 5494:    {
        -: 5495:        _VSTD::swap(__temp, *__p);
        -: 5496:        *__p = __w;
        -: 5497:        __m.unlock();
        -: 5498:        return true;
        -: 5499:    }
        -: 5500:    _VSTD::swap(__temp, *__v);
        -: 5501:    *__v = *__p;
        -: 5502:    __m.unlock();
        -: 5503:    return false;
        -: 5504:}
        -: 5505:
        -: 5506:template <class _Tp>
        -: 5507:inline _LIBCPP_INLINE_VISIBILITY
        -: 5508:_LIBCPP_AVAILABILITY_ATOMIC_SHARED_PTR
        -: 5509:bool
        -: 5510:atomic_compare_exchange_weak(shared_ptr<_Tp>* __p, shared_ptr<_Tp>* __v, shared_ptr<_Tp> __w)
        -: 5511:{
        -: 5512:    return atomic_compare_exchange_strong(__p, __v, __w);
        -: 5513:}
        -: 5514:
        -: 5515:template <class _Tp>
        -: 5516:inline _LIBCPP_INLINE_VISIBILITY
        -: 5517:_LIBCPP_AVAILABILITY_ATOMIC_SHARED_PTR
        -: 5518:bool
        -: 5519:atomic_compare_exchange_strong_explicit(shared_ptr<_Tp>* __p, shared_ptr<_Tp>* __v,
        -: 5520:                                        shared_ptr<_Tp> __w, memory_order, memory_order)
        -: 5521:{
        -: 5522:    return atomic_compare_exchange_strong(__p, __v, __w);
        -: 5523:}
        -: 5524:
        -: 5525:template <class _Tp>
        -: 5526:inline _LIBCPP_INLINE_VISIBILITY
        -: 5527:_LIBCPP_AVAILABILITY_ATOMIC_SHARED_PTR
        -: 5528:bool
        -: 5529:atomic_compare_exchange_weak_explicit(shared_ptr<_Tp>* __p, shared_ptr<_Tp>* __v,
        -: 5530:                                      shared_ptr<_Tp> __w, memory_order, memory_order)
        -: 5531:{
        -: 5532:    return atomic_compare_exchange_weak(__p, __v, __w);
        -: 5533:}
        -: 5534:
        -: 5535:#endif  // !defined(_LIBCPP_HAS_NO_ATOMIC_HEADER)
        -: 5536:
        -: 5537://enum class
        -: 5538:#if defined(_LIBCPP_ABI_POINTER_SAFETY_ENUM_TYPE)
        -: 5539:# ifndef _LIBCPP_CXX03_LANG
        -: 5540:enum class pointer_safety : unsigned char {
        -: 5541:  relaxed,
        -: 5542:  preferred,
        -: 5543:  strict
        -: 5544:};
        -: 5545:# endif
        -: 5546:#else
        -: 5547:struct _LIBCPP_TYPE_VIS pointer_safety
        -: 5548:{
        -: 5549:    enum __lx
        -: 5550:    {
        -: 5551:        relaxed,
        -: 5552:        preferred,
        -: 5553:        strict
        -: 5554:    };
        -: 5555:
        -: 5556:    __lx __v_;
        -: 5557:
        -: 5558:    _LIBCPP_INLINE_VISIBILITY
        -: 5559:    pointer_safety() : __v_() {}
        -: 5560:
        -: 5561:    _LIBCPP_INLINE_VISIBILITY
        -: 5562:    pointer_safety(__lx __v) : __v_(__v) {}
        -: 5563:    _LIBCPP_INLINE_VISIBILITY
        -: 5564:    operator int() const {return __v_;}
        -: 5565:};
        -: 5566:#endif
        -: 5567:
        -: 5568:#if !defined(_LIBCPP_ABI_POINTER_SAFETY_ENUM_TYPE) && \
        -: 5569:    defined(_LIBCPP_BUILDING_LIBRARY)
        -: 5570:_LIBCPP_FUNC_VIS pointer_safety get_pointer_safety() _NOEXCEPT;
        -: 5571:#else
        -: 5572:// This function is only offered in C++03 under ABI v1.
        -: 5573:# if !defined(_LIBCPP_ABI_POINTER_SAFETY_ENUM_TYPE) || !defined(_LIBCPP_CXX03_LANG)
        -: 5574:inline _LIBCPP_INLINE_VISIBILITY
        -: 5575:pointer_safety get_pointer_safety() _NOEXCEPT {
        -: 5576:  return pointer_safety::relaxed;
        -: 5577:}
        -: 5578:# endif
        -: 5579:#endif
        -: 5580:
        -: 5581:
        -: 5582:_LIBCPP_FUNC_VIS void declare_reachable(void* __p);
        -: 5583:_LIBCPP_FUNC_VIS void declare_no_pointers(char* __p, size_t __n);
        -: 5584:_LIBCPP_FUNC_VIS void undeclare_no_pointers(char* __p, size_t __n);
        -: 5585:_LIBCPP_FUNC_VIS void* __undeclare_reachable(void* __p);
        -: 5586:
        -: 5587:template <class _Tp>
        -: 5588:inline _LIBCPP_INLINE_VISIBILITY
        -: 5589:_Tp*
        -: 5590:undeclare_reachable(_Tp* __p)
        -: 5591:{
        -: 5592:    return static_cast<_Tp*>(__undeclare_reachable(__p));
        -: 5593:}
        -: 5594:
        -: 5595:_LIBCPP_FUNC_VIS void* align(size_t __align, size_t __sz, void*& __ptr, size_t& __space);
        -: 5596:
        -: 5597:// --- Helper for container swap --
        -: 5598:template <typename _Alloc>
        -: 5599:inline _LIBCPP_INLINE_VISIBILITY
        -: 5600:void __swap_allocator(_Alloc & __a1, _Alloc & __a2)
        -: 5601:#if _LIBCPP_STD_VER >= 14
        -: 5602:    _NOEXCEPT
        -: 5603:#else
        -: 5604:    _NOEXCEPT_(__is_nothrow_swappable<_Alloc>::value)
        -: 5605:#endif
        -: 5606:{
        -: 5607:    __swap_allocator(__a1, __a2,
        -: 5608:      integral_constant<bool, _VSTD::allocator_traits<_Alloc>::propagate_on_container_swap::value>());
        -: 5609:}
        -: 5610:
        -: 5611:template <typename _Alloc>
        -: 5612:_LIBCPP_INLINE_VISIBILITY
        -: 5613:void __swap_allocator(_Alloc & __a1, _Alloc & __a2, true_type)
        -: 5614:#if _LIBCPP_STD_VER >= 14
        -: 5615:    _NOEXCEPT
        -: 5616:#else
        -: 5617:    _NOEXCEPT_(__is_nothrow_swappable<_Alloc>::value)
        -: 5618:#endif
        -: 5619:{
        -: 5620:    using _VSTD::swap;
        -: 5621:    swap(__a1, __a2);
        -: 5622:}
        -: 5623:
        -: 5624:template <typename _Alloc>
        -: 5625:inline _LIBCPP_INLINE_VISIBILITY
        -: 5626:void __swap_allocator(_Alloc &, _Alloc &, false_type) _NOEXCEPT {}
        -: 5627:
        -: 5628:template <typename _Alloc, typename _Traits=allocator_traits<_Alloc> >
        -: 5629:struct __noexcept_move_assign_container : public integral_constant<bool,
        -: 5630:    _Traits::propagate_on_container_move_assignment::value
        -: 5631:#if _LIBCPP_STD_VER > 14
        -: 5632:        || _Traits::is_always_equal::value
        -: 5633:#else
        -: 5634:        && is_nothrow_move_assignable<_Alloc>::value
        -: 5635:#endif
        -: 5636:    > {};
        -: 5637:
        -: 5638:
        -: 5639:#ifndef _LIBCPP_HAS_NO_VARIADICS
        -: 5640:template <class _Tp, class _Alloc>
        -: 5641:struct __temp_value {
        -: 5642:    typedef allocator_traits<_Alloc> _Traits;
        -: 5643:
        -: 5644:    typename aligned_storage<sizeof(_Tp), _LIBCPP_ALIGNOF(_Tp)>::type __v;
        -: 5645:    _Alloc &__a;
        -: 5646:
        -: 5647:    _Tp *__addr() { return reinterpret_cast<_Tp *>(addressof(__v)); }
        -: 5648:    _Tp &   get() { return *__addr(); }
        -: 5649:
        -: 5650:    template<class... _Args>
        -: 5651:    _LIBCPP_NO_CFI
        -: 5652:    __temp_value(_Alloc &__alloc, _Args&& ... __args) : __a(__alloc) {
        -: 5653:      _Traits::construct(__a, reinterpret_cast<_Tp*>(addressof(__v)),
        -: 5654:                         _VSTD::forward<_Args>(__args)...);
        -: 5655:    }
        -: 5656:
        -: 5657:    ~__temp_value() { _Traits::destroy(__a, __addr()); }
        -: 5658:    };
        -: 5659:#endif
        -: 5660:
        -: 5661:template<typename _Alloc, typename = void, typename = void>
        -: 5662:struct __is_allocator : false_type {};
        -: 5663:
        -: 5664:template<typename _Alloc>
        -: 5665:struct __is_allocator<_Alloc,
        -: 5666:       typename __void_t<typename _Alloc::value_type>::type,
        -: 5667:       typename __void_t<decltype(_VSTD::declval<_Alloc&>().allocate(size_t(0)))>::type
        -: 5668:     >
        -: 5669:   : true_type {};
        -: 5670:
        -: 5671:// __builtin_new_allocator -- A non-templated helper for allocating and
        -: 5672:// deallocating memory using __builtin_operator_new and
        -: 5673:// __builtin_operator_delete. It should be used in preference to
        -: 5674:// `std::allocator<T>` to avoid additional instantiations.
        -: 5675:struct __builtin_new_allocator {
        -: 5676:  struct __builtin_new_deleter {
        -: 5677:    typedef void* pointer_type;
        -: 5678:
        -: 5679:    _LIBCPP_CONSTEXPR explicit __builtin_new_deleter(size_t __size, size_t __align)
        -: 5680:        : __size_(__size), __align_(__align) {}
        -: 5681:
        -: 5682:    void operator()(void* p) const _NOEXCEPT {
        -: 5683:        std::__libcpp_deallocate(p, __size_, __align_);
        -: 5684:    }
        -: 5685:
        -: 5686:   private:
        -: 5687:    size_t __size_;
        -: 5688:    size_t __align_;
        -: 5689:  };
        -: 5690:
        -: 5691:  typedef unique_ptr<void, __builtin_new_deleter> __holder_t;
        -: 5692:
        -: 5693:  static __holder_t __allocate_bytes(size_t __s, size_t __align) {
        -: 5694:      return __holder_t(std::__libcpp_allocate(__s, __align),
        -: 5695:                     __builtin_new_deleter(__s, __align));
        -: 5696:  }
        -: 5697:
        -: 5698:  static void __deallocate_bytes(void* __p, size_t __s,
        -: 5699:                                 size_t __align) _NOEXCEPT {
        -: 5700:      std::__libcpp_deallocate(__p, __s, __align);
        -: 5701:  }
        -: 5702:
        -: 5703:  template <class _Tp>
        -: 5704:  _LIBCPP_NODEBUG _LIBCPP_ALWAYS_INLINE
        -: 5705:  static __holder_t __allocate_type(size_t __n) {
        -: 5706:      return __allocate_bytes(__n * sizeof(_Tp), _LIBCPP_ALIGNOF(_Tp));
        -: 5707:  }
        -: 5708:
        -: 5709:  template <class _Tp>
        -: 5710:  _LIBCPP_NODEBUG _LIBCPP_ALWAYS_INLINE
        -: 5711:  static void __deallocate_type(void* __p, size_t __n) _NOEXCEPT {
        -: 5712:      __deallocate_bytes(__p, __n * sizeof(_Tp), _LIBCPP_ALIGNOF(_Tp));
        -: 5713:  }
        -: 5714:};
        -: 5715:
        -: 5716:
        -: 5717:_LIBCPP_END_NAMESPACE_STD
        -: 5718:
        -: 5719:_LIBCPP_POP_MACROS
        -: 5720:
        -: 5721:#endif  // _LIBCPP_MEMORY
