        -:    0:Source:/Applications/Xcode.app/Contents/Developer/Toolchains/XcodeDefault.xctoolchain/usr/bin/../include/c++/v1/algorithm
        -:    0:Graph:/Users/paulcolta/Desktop/GitHub/Assignments_FP/Semester 2/OOP/Lab_5(6)/Lab 6 final/LABFINAL8/cmake-build-debug/CMakeFiles/LABFINAL8.dir/Tests.gcno
        -:    0:Data:/Users/paulcolta/Desktop/GitHub/Assignments_FP/Semester 2/OOP/Lab_5(6)/Lab 6 final/LABFINAL8/cmake-build-debug/CMakeFiles/LABFINAL8.dir/Tests.gcda
        -:    0:Runs:1
        -:    0:Programs:1
        -:    1:// -*- C++ -*-
        -:    2://===-------------------------- algorithm ---------------------------------===//
        -:    3://
        -:    4:// Part of the LLVM Project, under the Apache License v2.0 with LLVM Exceptions.
        -:    5:// See https://llvm.org/LICENSE.txt for license information.
        -:    6:// SPDX-License-Identifier: Apache-2.0 WITH LLVM-exception
        -:    7://
        -:    8://===----------------------------------------------------------------------===//
        -:    9:
        -:   10:#ifndef _LIBCPP_ALGORITHM
        -:   11:#define _LIBCPP_ALGORITHM
        -:   12:
        -:   13:/*
        -:   14:    algorithm synopsis
        -:   15:
        -:   16:#include <initializer_list>
        -:   17:
        -:   18:namespace std
        -:   19:{
        -:   20:
        -:   21:template <class InputIterator, class Predicate>
        -:   22:    constexpr bool     // constexpr in C++20
        -:   23:    all_of(InputIterator first, InputIterator last, Predicate pred);
        -:   24:
        -:   25:template <class InputIterator, class Predicate>
        -:   26:    constexpr bool     // constexpr in C++20
        -:   27:    any_of(InputIterator first, InputIterator last, Predicate pred);
        -:   28:
        -:   29:template <class InputIterator, class Predicate>
        -:   30:    constexpr bool     // constexpr in C++20
        -:   31:    none_of(InputIterator first, InputIterator last, Predicate pred);
        -:   32:
        -:   33:template <class InputIterator, class Function>
        -:   34:    constexpr Function          // constexpr in C++20
        -:   35:    for_each(InputIterator first, InputIterator last, Function f);
        -:   36:
        -:   37:template<class InputIterator, class Size, class Function>
        -:   38:    constexpr InputIterator     // constexpr in C++20
        -:   39:    for_each_n(InputIterator first, Size n, Function f); // C++17
        -:   40:
        -:   41:template <class InputIterator, class T>
        -:   42:    constexpr InputIterator     // constexpr in C++20
        -:   43:    find(InputIterator first, InputIterator last, const T& value);
        -:   44:
        -:   45:template <class InputIterator, class Predicate>
        -:   46:    constexpr InputIterator     // constexpr in C++20
        -:   47:    find_if(InputIterator first, InputIterator last, Predicate pred);
        -:   48:
        -:   49:template<class InputIterator, class Predicate>
        -:   50:    InputIterator               // constexpr in C++20
        -:   51:    find_if_not(InputIterator first, InputIterator last, Predicate pred);
        -:   52:
        -:   53:template <class ForwardIterator1, class ForwardIterator2>
        -:   54:    ForwardIterator1            // constexpr in C++20
        -:   55:    find_end(ForwardIterator1 first1, ForwardIterator1 last1,
        -:   56:             ForwardIterator2 first2, ForwardIterator2 last2);
        -:   57:
        -:   58:template <class ForwardIterator1, class ForwardIterator2, class BinaryPredicate>
        -:   59:    ForwardIterator1            // constexpr in C++20
        -:   60:    find_end(ForwardIterator1 first1, ForwardIterator1 last1,
        -:   61:             ForwardIterator2 first2, ForwardIterator2 last2, BinaryPredicate pred);
        -:   62:
        -:   63:template <class ForwardIterator1, class ForwardIterator2>
        -:   64:    constexpr ForwardIterator1  // constexpr in C++20
        -:   65:    find_first_of(ForwardIterator1 first1, ForwardIterator1 last1,
        -:   66:                  ForwardIterator2 first2, ForwardIterator2 last2);
        -:   67:
        -:   68:template <class ForwardIterator1, class ForwardIterator2, class BinaryPredicate>
        -:   69:    constexpr ForwardIterator1  // constexpr in C++20
        -:   70:    find_first_of(ForwardIterator1 first1, ForwardIterator1 last1,
        -:   71:                  ForwardIterator2 first2, ForwardIterator2 last2, BinaryPredicate pred);
        -:   72:
        -:   73:template <class ForwardIterator>
        -:   74:    constexpr ForwardIterator   // constexpr in C++20
        -:   75:    adjacent_find(ForwardIterator first, ForwardIterator last);
        -:   76:
        -:   77:template <class ForwardIterator, class BinaryPredicate>
        -:   78:    constexpr ForwardIterator   // constexpr in C++20
        -:   79:    adjacent_find(ForwardIterator first, ForwardIterator last, BinaryPredicate pred);
        -:   80:
        -:   81:template <class InputIterator, class T>
        -:   82:    constexpr typename iterator_traits<InputIterator>::difference_type  // constexpr in C++20
        -:   83:    count(InputIterator first, InputIterator last, const T& value);
        -:   84:
        -:   85:template <class InputIterator, class Predicate>
        -:   86:    constexpr typename iterator_traits<InputIterator>::difference_type // constexpr in C++20
        -:   87:    count_if(InputIterator first, InputIterator last, Predicate pred);
        -:   88:
        -:   89:template <class InputIterator1, class InputIterator2>
        -:   90:    constexpr pair<InputIterator1, InputIterator2>   // constexpr in C++20
        -:   91:    mismatch(InputIterator1 first1, InputIterator1 last1, InputIterator2 first2);
        -:   92:
        -:   93:template <class InputIterator1, class InputIterator2>
        -:   94:    constexpr pair<InputIterator1, InputIterator2>   // constexpr in C++20
        -:   95:    mismatch(InputIterator1 first1, InputIterator1 last1,
        -:   96:             InputIterator2 first2, InputIterator2 last2); // **C++14**
        -:   97:
        -:   98:template <class InputIterator1, class InputIterator2, class BinaryPredicate>
        -:   99:    constexpr pair<InputIterator1, InputIterator2>   // constexpr in C++20
        -:  100:    mismatch(InputIterator1 first1, InputIterator1 last1,
        -:  101:             InputIterator2 first2, BinaryPredicate pred);
        -:  102:
        -:  103:template <class InputIterator1, class InputIterator2, class BinaryPredicate>
        -:  104:    constexpr pair<InputIterator1, InputIterator2>   // constexpr in C++20
        -:  105:    mismatch(InputIterator1 first1, InputIterator1 last1,
        -:  106:             InputIterator2 first2, InputIterator2 last2,
        -:  107:             BinaryPredicate pred); // **C++14**
        -:  108:
        -:  109:template <class InputIterator1, class InputIterator2>
        -:  110:    constexpr bool      // constexpr in C++20
        -:  111:    equal(InputIterator1 first1, InputIterator1 last1, InputIterator2 first2);
        -:  112:
        -:  113:template <class InputIterator1, class InputIterator2>
        -:  114:    constexpr bool      // constexpr in C++20
        -:  115:    equal(InputIterator1 first1, InputIterator1 last1,
        -:  116:          InputIterator2 first2, InputIterator2 last2); // **C++14**
        -:  117:
        -:  118:template <class InputIterator1, class InputIterator2, class BinaryPredicate>
        -:  119:    constexpr bool      // constexpr in C++20
        -:  120:    equal(InputIterator1 first1, InputIterator1 last1,
        -:  121:          InputIterator2 first2, BinaryPredicate pred);
        -:  122:
        -:  123:template <class InputIterator1, class InputIterator2, class BinaryPredicate>
        -:  124:    constexpr bool      // constexpr in C++20
        -:  125:    equal(InputIterator1 first1, InputIterator1 last1,
        -:  126:          InputIterator2 first2, InputIterator2 last2,
        -:  127:          BinaryPredicate pred); // **C++14**
        -:  128:
        -:  129:template<class ForwardIterator1, class ForwardIterator2>
        -:  130:    constexpr bool      // constexpr in C++20
        -:  131:    is_permutation(ForwardIterator1 first1, ForwardIterator1 last1,
        -:  132:                   ForwardIterator2 first2);
        -:  133:
        -:  134:template<class ForwardIterator1, class ForwardIterator2>
        -:  135:    constexpr bool      // constexpr in C++20
        -:  136:    is_permutation(ForwardIterator1 first1, ForwardIterator1 last1,
        -:  137:                   ForwardIterator2 first2, ForwardIterator2 last2); // **C++14**
        -:  138:
        -:  139:template<class ForwardIterator1, class ForwardIterator2, class BinaryPredicate>
        -:  140:    constexpr bool      // constexpr in C++20
        -:  141:    is_permutation(ForwardIterator1 first1, ForwardIterator1 last1,
        -:  142:                   ForwardIterator2 first2, BinaryPredicate pred);
        -:  143:
        -:  144:template<class ForwardIterator1, class ForwardIterator2, class BinaryPredicate>
        -:  145:    constexpr bool      // constexpr in C++20
        -:  146:    is_permutation(ForwardIterator1 first1, ForwardIterator1 last1,
        -:  147:                   ForwardIterator2 first2, ForwardIterator2 last2,
        -:  148:                   BinaryPredicate pred);  // **C++14**
        -:  149:
        -:  150:template <class ForwardIterator1, class ForwardIterator2>
        -:  151:    constexpr ForwardIterator1      // constexpr in C++20
        -:  152:    search(ForwardIterator1 first1, ForwardIterator1 last1,
        -:  153:           ForwardIterator2 first2, ForwardIterator2 last2);
        -:  154:
        -:  155:template <class ForwardIterator1, class ForwardIterator2, class BinaryPredicate>
        -:  156:    constexpr ForwardIterator1      // constexpr in C++20
        -:  157:    search(ForwardIterator1 first1, ForwardIterator1 last1,
        -:  158:           ForwardIterator2 first2, ForwardIterator2 last2, BinaryPredicate pred);
        -:  159:
        -:  160:template <class ForwardIterator, class Size, class T>
        -:  161:    constexpr ForwardIterator       // constexpr in C++20
        -:  162:    search_n(ForwardIterator first, ForwardIterator last, Size count, const T& value);
        -:  163:
        -:  164:template <class ForwardIterator, class Size, class T, class BinaryPredicate>
        -:  165:    constexpr ForwardIterator       // constexpr in C++20
        -:  166:    search_n(ForwardIterator first, ForwardIterator last,
        -:  167:             Size count, const T& value, BinaryPredicate pred);
        -:  168:
        -:  169:template <class InputIterator, class OutputIterator>
        -:  170:    OutputIterator
        -:  171:    copy(InputIterator first, InputIterator last, OutputIterator result);
        -:  172:
        -:  173:template<class InputIterator, class OutputIterator, class Predicate>
        -:  174:    OutputIterator
        -:  175:    copy_if(InputIterator first, InputIterator last,
        -:  176:            OutputIterator result, Predicate pred);
        -:  177:
        -:  178:template<class InputIterator, class Size, class OutputIterator>
        -:  179:    OutputIterator
        -:  180:    copy_n(InputIterator first, Size n, OutputIterator result);
        -:  181:
        -:  182:template <class BidirectionalIterator1, class BidirectionalIterator2>
        -:  183:    BidirectionalIterator2
        -:  184:    copy_backward(BidirectionalIterator1 first, BidirectionalIterator1 last,
        -:  185:                  BidirectionalIterator2 result);
        -:  186:
        -:  187:template <class ForwardIterator1, class ForwardIterator2>
        -:  188:    ForwardIterator2
        -:  189:    swap_ranges(ForwardIterator1 first1, ForwardIterator1 last1, ForwardIterator2 first2);
        -:  190:
        -:  191:template <class ForwardIterator1, class ForwardIterator2>
        -:  192:    void
        -:  193:    iter_swap(ForwardIterator1 a, ForwardIterator2 b);
        -:  194:
        -:  195:template <class InputIterator, class OutputIterator, class UnaryOperation>
        -:  196:    constexpr OutputIterator      // constexpr in C++20
        -:  197:    transform(InputIterator first, InputIterator last, OutputIterator result, UnaryOperation op);
        -:  198:
        -:  199:template <class InputIterator1, class InputIterator2, class OutputIterator, class BinaryOperation>
        -:  200:    constexpr OutputIterator      // constexpr in C++20
        -:  201:    transform(InputIterator1 first1, InputIterator1 last1, InputIterator2 first2,
        -:  202:              OutputIterator result, BinaryOperation binary_op);
        -:  203:
        -:  204:template <class ForwardIterator, class T>
        -:  205:    constexpr void      // constexpr in C++20
        -:  206:    replace(ForwardIterator first, ForwardIterator last, const T& old_value, const T& new_value);
        -:  207:
        -:  208:template <class ForwardIterator, class Predicate, class T>
        -:  209:    constexpr void      // constexpr in C++20
        -:  210:    replace_if(ForwardIterator first, ForwardIterator last, Predicate pred, const T& new_value);
        -:  211:
        -:  212:template <class InputIterator, class OutputIterator, class T>
        -:  213:    constexpr OutputIterator      // constexpr in C++20
        -:  214:    replace_copy(InputIterator first, InputIterator last, OutputIterator result,
        -:  215:                 const T& old_value, const T& new_value);
        -:  216:
        -:  217:template <class InputIterator, class OutputIterator, class Predicate, class T>
        -:  218:    constexpr OutputIterator      // constexpr in C++20
        -:  219:    replace_copy_if(InputIterator first, InputIterator last, OutputIterator result, Predicate pred, const T& new_value);
        -:  220:
        -:  221:template <class ForwardIterator, class T>
        -:  222:    constexpr void      // constexpr in C++20
        -:  223:    fill(ForwardIterator first, ForwardIterator last, const T& value);
        -:  224:
        -:  225:template <class OutputIterator, class Size, class T>
        -:  226:    constexpr OutputIterator      // constexpr in C++20
        -:  227:    fill_n(OutputIterator first, Size n, const T& value);
        -:  228:
        -:  229:template <class ForwardIterator, class Generator>
        -:  230:    constexpr void      // constexpr in C++20
        -:  231:    generate(ForwardIterator first, ForwardIterator last, Generator gen);
        -:  232:
        -:  233:template <class OutputIterator, class Size, class Generator>
        -:  234:    constexpr OutputIterator      // constexpr in C++20
        -:  235:    generate_n(OutputIterator first, Size n, Generator gen);
        -:  236:
        -:  237:template <class ForwardIterator, class T>
        -:  238:    constexpr ForwardIterator     // constexpr in C++20
        -:  239:    remove(ForwardIterator first, ForwardIterator last, const T& value);
        -:  240:
        -:  241:template <class ForwardIterator, class Predicate>
        -:  242:    constexpr ForwardIterator     // constexpr in C++20
        -:  243:    remove_if(ForwardIterator first, ForwardIterator last, Predicate pred);
        -:  244:
        -:  245:template <class InputIterator, class OutputIterator, class T>
        -:  246:    constexpr OutputIterator     // constexpr in C++20
        -:  247:    remove_copy(InputIterator first, InputIterator last, OutputIterator result, const T& value);
        -:  248:
        -:  249:template <class InputIterator, class OutputIterator, class Predicate>
        -:  250:    constexpr OutputIterator     // constexpr in C++20
        -:  251:    remove_copy_if(InputIterator first, InputIterator last, OutputIterator result, Predicate pred);
        -:  252:
        -:  253:template <class ForwardIterator>
        -:  254:    ForwardIterator
        -:  255:    unique(ForwardIterator first, ForwardIterator last);
        -:  256:
        -:  257:template <class ForwardIterator, class BinaryPredicate>
        -:  258:    ForwardIterator
        -:  259:    unique(ForwardIterator first, ForwardIterator last, BinaryPredicate pred);
        -:  260:
        -:  261:template <class InputIterator, class OutputIterator>
        -:  262:    OutputIterator
        -:  263:    unique_copy(InputIterator first, InputIterator last, OutputIterator result);
        -:  264:
        -:  265:template <class InputIterator, class OutputIterator, class BinaryPredicate>
        -:  266:    OutputIterator
        -:  267:    unique_copy(InputIterator first, InputIterator last, OutputIterator result, BinaryPredicate pred);
        -:  268:
        -:  269:template <class BidirectionalIterator>
        -:  270:    void
        -:  271:    reverse(BidirectionalIterator first, BidirectionalIterator last);
        -:  272:
        -:  273:template <class BidirectionalIterator, class OutputIterator>
        -:  274:    constexpr OutputIterator       // constexpr in C++20
        -:  275:    reverse_copy(BidirectionalIterator first, BidirectionalIterator last, OutputIterator result);
        -:  276:
        -:  277:template <class ForwardIterator>
        -:  278:    ForwardIterator
        -:  279:    rotate(ForwardIterator first, ForwardIterator middle, ForwardIterator last);
        -:  280:
        -:  281:template <class ForwardIterator, class OutputIterator>
        -:  282:    OutputIterator
        -:  283:    rotate_copy(ForwardIterator first, ForwardIterator middle, ForwardIterator last, OutputIterator result);
        -:  284:
        -:  285:template <class RandomAccessIterator>
        -:  286:    void
        -:  287:    random_shuffle(RandomAccessIterator first, RandomAccessIterator last); // deprecated in C++14, removed in C++17
        -:  288:
        -:  289:template <class RandomAccessIterator, class RandomNumberGenerator>
        -:  290:    void
        -:  291:    random_shuffle(RandomAccessIterator first, RandomAccessIterator last,
        -:  292:                   RandomNumberGenerator& rand);  // deprecated in C++14, removed in C++17
        -:  293:
        -:  294:template<class PopulationIterator, class SampleIterator,
        -:  295:         class Distance, class UniformRandomBitGenerator>
        -:  296:    SampleIterator sample(PopulationIterator first, PopulationIterator last,
        -:  297:                          SampleIterator out, Distance n,
        -:  298:                          UniformRandomBitGenerator&& g); // C++17
        -:  299:
        -:  300:template<class RandomAccessIterator, class UniformRandomNumberGenerator>
        -:  301:    void shuffle(RandomAccessIterator first, RandomAccessIterator last,
        -:  302:                 UniformRandomNumberGenerator&& g);
        -:  303:
        -:  304:template <class InputIterator, class Predicate>
        -:  305:    constexpr bool  // constexpr in C++20
        -:  306:    is_partitioned(InputIterator first, InputIterator last, Predicate pred);
        -:  307:
        -:  308:template <class ForwardIterator, class Predicate>
        -:  309:    ForwardIterator
        -:  310:    partition(ForwardIterator first, ForwardIterator last, Predicate pred);
        -:  311:
        -:  312:template <class InputIterator, class OutputIterator1,
        -:  313:          class OutputIterator2, class Predicate>
        -:  314:    constexpr pair<OutputIterator1, OutputIterator2>   // constexpr in C++20
        -:  315:    partition_copy(InputIterator first, InputIterator last,
        -:  316:                   OutputIterator1 out_true, OutputIterator2 out_false,
        -:  317:                   Predicate pred);
        -:  318:
        -:  319:template <class ForwardIterator, class Predicate>
        -:  320:    ForwardIterator
        -:  321:    stable_partition(ForwardIterator first, ForwardIterator last, Predicate pred);
        -:  322:
        -:  323:template<class ForwardIterator, class Predicate>
        -:  324:    constexpr ForwardIterator  // constexpr in C++20
        -:  325:    partition_point(ForwardIterator first, ForwardIterator last, Predicate pred);
        -:  326:
        -:  327:template <class ForwardIterator>
        -:  328:    constexpr bool  // constexpr in C++20
        -:  329:    is_sorted(ForwardIterator first, ForwardIterator last);
        -:  330:
        -:  331:template <class ForwardIterator, class Compare>
        -:  332:    bool
        -:  333:    is_sorted(ForwardIterator first, ForwardIterator last, Compare comp);
        -:  334:
        -:  335:template<class ForwardIterator>
        -:  336:    constexpr ForwardIterator    // constexpr in C++20
        -:  337:    is_sorted_until(ForwardIterator first, ForwardIterator last);
        -:  338:
        -:  339:template <class ForwardIterator, class Compare>
        -:  340:    constexpr ForwardIterator    // constexpr in C++20
        -:  341:    is_sorted_until(ForwardIterator first, ForwardIterator last, Compare comp);
        -:  342:
        -:  343:template <class RandomAccessIterator>
        -:  344:    void
        -:  345:    sort(RandomAccessIterator first, RandomAccessIterator last);
        -:  346:
        -:  347:template <class RandomAccessIterator, class Compare>
        -:  348:    void
        -:  349:    sort(RandomAccessIterator first, RandomAccessIterator last, Compare comp);
        -:  350:
        -:  351:template <class RandomAccessIterator>
        -:  352:    void
        -:  353:    stable_sort(RandomAccessIterator first, RandomAccessIterator last);
        -:  354:
        -:  355:template <class RandomAccessIterator, class Compare>
        -:  356:    void
        -:  357:    stable_sort(RandomAccessIterator first, RandomAccessIterator last, Compare comp);
        -:  358:
        -:  359:template <class RandomAccessIterator>
        -:  360:    void
        -:  361:    partial_sort(RandomAccessIterator first, RandomAccessIterator middle, RandomAccessIterator last);
        -:  362:
        -:  363:template <class RandomAccessIterator, class Compare>
        -:  364:    void
        -:  365:    partial_sort(RandomAccessIterator first, RandomAccessIterator middle, RandomAccessIterator last, Compare comp);
        -:  366:
        -:  367:template <class InputIterator, class RandomAccessIterator>
        -:  368:    RandomAccessIterator
        -:  369:    partial_sort_copy(InputIterator first, InputIterator last,
        -:  370:                      RandomAccessIterator result_first, RandomAccessIterator result_last);
        -:  371:
        -:  372:template <class InputIterator, class RandomAccessIterator, class Compare>
        -:  373:    RandomAccessIterator
        -:  374:    partial_sort_copy(InputIterator first, InputIterator last,
        -:  375:                      RandomAccessIterator result_first, RandomAccessIterator result_last, Compare comp);
        -:  376:
        -:  377:template <class RandomAccessIterator>
        -:  378:    void
        -:  379:    nth_element(RandomAccessIterator first, RandomAccessIterator nth, RandomAccessIterator last);
        -:  380:
        -:  381:template <class RandomAccessIterator, class Compare>
        -:  382:    void
        -:  383:    nth_element(RandomAccessIterator first, RandomAccessIterator nth, RandomAccessIterator last, Compare comp);
        -:  384:
        -:  385:template <class ForwardIterator, class T>
        -:  386:    constexpr ForwardIterator                         // constexpr in C++20
        -:  387:    lower_bound(ForwardIterator first, ForwardIterator last, const T& value);
        -:  388:
        -:  389:template <class ForwardIterator, class T, class Compare>
        -:  390:    constexpr ForwardIterator                         // constexpr in C++20
        -:  391:    lower_bound(ForwardIterator first, ForwardIterator last, const T& value, Compare comp);
        -:  392:
        -:  393:template <class ForwardIterator, class T>
        -:  394:    constexpr ForwardIterator                         // constexpr in C++20
        -:  395:    upper_bound(ForwardIterator first, ForwardIterator last, const T& value);
        -:  396:
        -:  397:template <class ForwardIterator, class T, class Compare>
        -:  398:    constexpr ForwardIterator                         // constexpr in C++20
        -:  399:    upper_bound(ForwardIterator first, ForwardIterator last, const T& value, Compare comp);
        -:  400:
        -:  401:template <class ForwardIterator, class T>
        -:  402:    constexpr pair<ForwardIterator, ForwardIterator>  // constexpr in C++20
        -:  403:    equal_range(ForwardIterator first, ForwardIterator last, const T& value);
        -:  404:
        -:  405:template <class ForwardIterator, class T, class Compare>
        -:  406:    constexpr pair<ForwardIterator, ForwardIterator>  // constexpr in C++20
        -:  407:    equal_range(ForwardIterator first, ForwardIterator last, const T& value, Compare comp);
        -:  408:
        -:  409:template <class ForwardIterator, class T>
        -:  410:    constexpr bool                                    // constexpr in C++20
        -:  411:    binary_search(ForwardIterator first, ForwardIterator last, const T& value);
        -:  412:
        -:  413:template <class ForwardIterator, class T, class Compare>
        -:  414:    constexpr bool                                    // constexpr in C++20
        -:  415:    binary_search(ForwardIterator first, ForwardIterator last, const T& value, Compare comp);
        -:  416:
        -:  417:template <class InputIterator1, class InputIterator2, class OutputIterator>
        -:  418:    OutputIterator
        -:  419:    merge(InputIterator1 first1, InputIterator1 last1,
        -:  420:          InputIterator2 first2, InputIterator2 last2, OutputIterator result);
        -:  421:
        -:  422:template <class InputIterator1, class InputIterator2, class OutputIterator, class Compare>
        -:  423:    OutputIterator
        -:  424:    merge(InputIterator1 first1, InputIterator1 last1,
        -:  425:          InputIterator2 first2, InputIterator2 last2, OutputIterator result, Compare comp);
        -:  426:
        -:  427:template <class BidirectionalIterator>
        -:  428:    void
        -:  429:    inplace_merge(BidirectionalIterator first, BidirectionalIterator middle, BidirectionalIterator last);
        -:  430:
        -:  431:template <class BidirectionalIterator, class Compare>
        -:  432:    void
        -:  433:    inplace_merge(BidirectionalIterator first, BidirectionalIterator middle, BidirectionalIterator last, Compare comp);
        -:  434:
        -:  435:template <class InputIterator1, class InputIterator2>
        -:  436:    constexpr bool                                    // constexpr in C++20
        -:  437:    includes(InputIterator1 first1, InputIterator1 last1, InputIterator2 first2, InputIterator2 last2);
        -:  438:
        -:  439:template <class InputIterator1, class InputIterator2, class Compare>
        -:  440:    constexpr bool                                    // constexpr in C++20
        -:  441:    includes(InputIterator1 first1, InputIterator1 last1, InputIterator2 first2, InputIterator2 last2, Compare comp);
        -:  442:
        -:  443:template <class InputIterator1, class InputIterator2, class OutputIterator>
        -:  444:    OutputIterator
        -:  445:    set_union(InputIterator1 first1, InputIterator1 last1,
        -:  446:              InputIterator2 first2, InputIterator2 last2, OutputIterator result);
        -:  447:
        -:  448:template <class InputIterator1, class InputIterator2, class OutputIterator, class Compare>
        -:  449:    OutputIterator
        -:  450:    set_union(InputIterator1 first1, InputIterator1 last1,
        -:  451:              InputIterator2 first2, InputIterator2 last2, OutputIterator result, Compare comp);
        -:  452:
        -:  453:template <class InputIterator1, class InputIterator2, class OutputIterator>
        -:  454:    constexpr OutputIterator                         // constexpr in C++20
        -:  455:    set_intersection(InputIterator1 first1, InputIterator1 last1,
        -:  456:                     InputIterator2 first2, InputIterator2 last2, OutputIterator result);
        -:  457:
        -:  458:template <class InputIterator1, class InputIterator2, class OutputIterator, class Compare>
        -:  459:    constexpr OutputIterator                         // constexpr in C++20
        -:  460:    set_intersection(InputIterator1 first1, InputIterator1 last1,
        -:  461:                     InputIterator2 first2, InputIterator2 last2, OutputIterator result, Compare comp);
        -:  462:
        -:  463:template <class InputIterator1, class InputIterator2, class OutputIterator>
        -:  464:    OutputIterator
        -:  465:    set_difference(InputIterator1 first1, InputIterator1 last1,
        -:  466:                   InputIterator2 first2, InputIterator2 last2, OutputIterator result);
        -:  467:
        -:  468:template <class InputIterator1, class InputIterator2, class OutputIterator, class Compare>
        -:  469:    OutputIterator
        -:  470:    set_difference(InputIterator1 first1, InputIterator1 last1,
        -:  471:                   InputIterator2 first2, InputIterator2 last2, OutputIterator result, Compare comp);
        -:  472:
        -:  473:template <class InputIterator1, class InputIterator2, class OutputIterator>
        -:  474:    OutputIterator
        -:  475:    set_symmetric_difference(InputIterator1 first1, InputIterator1 last1,
        -:  476:                             InputIterator2 first2, InputIterator2 last2, OutputIterator result);
        -:  477:
        -:  478:template <class InputIterator1, class InputIterator2, class OutputIterator, class Compare>
        -:  479:    OutputIterator
        -:  480:    set_symmetric_difference(InputIterator1 first1, InputIterator1 last1,
        -:  481:                             InputIterator2 first2, InputIterator2 last2, OutputIterator result, Compare comp);
        -:  482:
        -:  483:template <class RandomAccessIterator>
        -:  484:    void
        -:  485:    push_heap(RandomAccessIterator first, RandomAccessIterator last);
        -:  486:
        -:  487:template <class RandomAccessIterator, class Compare>
        -:  488:    void
        -:  489:    push_heap(RandomAccessIterator first, RandomAccessIterator last, Compare comp);
        -:  490:
        -:  491:template <class RandomAccessIterator>
        -:  492:    void
        -:  493:    pop_heap(RandomAccessIterator first, RandomAccessIterator last);
        -:  494:
        -:  495:template <class RandomAccessIterator, class Compare>
        -:  496:    void
        -:  497:    pop_heap(RandomAccessIterator first, RandomAccessIterator last, Compare comp);
        -:  498:
        -:  499:template <class RandomAccessIterator>
        -:  500:    void
        -:  501:    make_heap(RandomAccessIterator first, RandomAccessIterator last);
        -:  502:
        -:  503:template <class RandomAccessIterator, class Compare>
        -:  504:    void
        -:  505:    make_heap(RandomAccessIterator first, RandomAccessIterator last, Compare comp);
        -:  506:
        -:  507:template <class RandomAccessIterator>
        -:  508:    void
        -:  509:    sort_heap(RandomAccessIterator first, RandomAccessIterator last);
        -:  510:
        -:  511:template <class RandomAccessIterator, class Compare>
        -:  512:    void
        -:  513:    sort_heap(RandomAccessIterator first, RandomAccessIterator last, Compare comp);
        -:  514:
        -:  515:template <class RandomAccessIterator>
        -:  516:    constexpr bool   // constexpr in C++20
        -:  517:    is_heap(RandomAccessIterator first, RandomAccessiterator last);
        -:  518:
        -:  519:template <class RandomAccessIterator, class Compare>
        -:  520:    constexpr bool   // constexpr in C++20
        -:  521:    is_heap(RandomAccessIterator first, RandomAccessiterator last, Compare comp);
        -:  522:
        -:  523:template <class RandomAccessIterator>
        -:  524:    constexpr RandomAccessIterator   // constexpr in C++20
        -:  525:    is_heap_until(RandomAccessIterator first, RandomAccessiterator last);
        -:  526:
        -:  527:template <class RandomAccessIterator, class Compare>
        -:  528:    constexpr RandomAccessIterator   // constexpr in C++20
        -:  529:    is_heap_until(RandomAccessIterator first, RandomAccessiterator last, Compare comp);
        -:  530:
        -:  531:template <class ForwardIterator>
        -:  532:    ForwardIterator
        -:  533:    min_element(ForwardIterator first, ForwardIterator last);  // constexpr in C++14
        -:  534:
        -:  535:template <class ForwardIterator, class Compare>
        -:  536:    ForwardIterator
        -:  537:    min_element(ForwardIterator first, ForwardIterator last, Compare comp);  // constexpr in C++14
        -:  538:
        -:  539:template <class T>
        -:  540:    const T&
        -:  541:    min(const T& a, const T& b);  // constexpr in C++14
        -:  542:
        -:  543:template <class T, class Compare>
        -:  544:    const T&
        -:  545:    min(const T& a, const T& b, Compare comp);  // constexpr in C++14
        -:  546:
        -:  547:template<class T>
        -:  548:    T
        -:  549:    min(initializer_list<T> t);  // constexpr in C++14
        -:  550:
        -:  551:template<class T, class Compare>
        -:  552:    T
        -:  553:    min(initializer_list<T> t, Compare comp);  // constexpr in C++14
        -:  554:
        -:  555:template<class T>
        -:  556:    constexpr const T& clamp( const T& v, const T& lo, const T& hi );               // C++17
        -:  557:
        -:  558:template<class T, class Compare>
        -:  559:    constexpr const T& clamp( const T& v, const T& lo, const T& hi, Compare comp ); // C++17
        -:  560:
        -:  561:template <class ForwardIterator>
        -:  562:    ForwardIterator
        -:  563:    max_element(ForwardIterator first, ForwardIterator last);  // constexpr in C++14
        -:  564:
        -:  565:template <class ForwardIterator, class Compare>
        -:  566:    ForwardIterator
        -:  567:    max_element(ForwardIterator first, ForwardIterator last, Compare comp);  // constexpr in C++14
        -:  568:
        -:  569:template <class T>
        -:  570:    const T&
        -:  571:    max(const T& a, const T& b); // constexpr in C++14
        -:  572:
        -:  573:template <class T, class Compare>
        -:  574:    const T&
        -:  575:    max(const T& a, const T& b, Compare comp);  // constexpr in C++14
        -:  576:
        -:  577:template<class T>
        -:  578:    T
        -:  579:    max(initializer_list<T> t);  // constexpr in C++14
        -:  580:
        -:  581:template<class T, class Compare>
        -:  582:    T
        -:  583:    max(initializer_list<T> t, Compare comp);  // constexpr in C++14
        -:  584:
        -:  585:template<class ForwardIterator>
        -:  586:    pair<ForwardIterator, ForwardIterator>
        -:  587:    minmax_element(ForwardIterator first, ForwardIterator last);   // constexpr in C++14
        -:  588:
        -:  589:template<class ForwardIterator, class Compare>
        -:  590:    pair<ForwardIterator, ForwardIterator>
        -:  591:    minmax_element(ForwardIterator first, ForwardIterator last, Compare comp);   // constexpr in C++14
        -:  592:
        -:  593:template<class T>
        -:  594:    pair<const T&, const T&>
        -:  595:    minmax(const T& a, const T& b);  // constexpr in C++14
        -:  596:
        -:  597:template<class T, class Compare>
        -:  598:    pair<const T&, const T&>
        -:  599:    minmax(const T& a, const T& b, Compare comp);  // constexpr in C++14
        -:  600:
        -:  601:template<class T>
        -:  602:    pair<T, T>
        -:  603:    minmax(initializer_list<T> t);  // constexpr in C++14
        -:  604:
        -:  605:template<class T, class Compare>
        -:  606:    pair<T, T>
        -:  607:    minmax(initializer_list<T> t, Compare comp);  // constexpr in C++14
        -:  608:
        -:  609:template <class InputIterator1, class InputIterator2>
        -:  610:    constexpr bool     // constexpr in C++20
        -:  611:    lexicographical_compare(InputIterator1 first1, InputIterator1 last1, InputIterator2 first2, InputIterator2 last2);
        -:  612:
        -:  613:template <class InputIterator1, class InputIterator2, class Compare>
        -:  614:    constexpr bool     // constexpr in C++20
        -:  615:    lexicographical_compare(InputIterator1 first1, InputIterator1 last1,
        -:  616:                            InputIterator2 first2, InputIterator2 last2, Compare comp);
        -:  617:
        -:  618:template <class BidirectionalIterator>
        -:  619:    bool
        -:  620:    next_permutation(BidirectionalIterator first, BidirectionalIterator last);
        -:  621:
        -:  622:template <class BidirectionalIterator, class Compare>
        -:  623:    bool
        -:  624:    next_permutation(BidirectionalIterator first, BidirectionalIterator last, Compare comp);
        -:  625:
        -:  626:template <class BidirectionalIterator>
        -:  627:    bool
        -:  628:    prev_permutation(BidirectionalIterator first, BidirectionalIterator last);
        -:  629:
        -:  630:template <class BidirectionalIterator, class Compare>
        -:  631:    bool
        -:  632:    prev_permutation(BidirectionalIterator first, BidirectionalIterator last, Compare comp);
        -:  633:
        -:  634:}  // std
        -:  635:
        -:  636:*/
        -:  637:
        -:  638:#include <__config>
        -:  639:#include <initializer_list>
        -:  640:#include <type_traits>
        -:  641:#include <cstring>
        -:  642:#include <utility> // needed to provide swap_ranges.
        -:  643:#include <memory>
        -:  644:#include <functional>
        -:  645:#include <iterator>
        -:  646:#include <cstddef>
        -:  647:#include <bit>
        -:  648:#include <__cxx_version>
        -:  649:
        -:  650:#include <__debug>
        -:  651:
        -:  652:#if !defined(_LIBCPP_HAS_NO_PRAGMA_SYSTEM_HEADER)
        -:  653:#pragma GCC system_header
        -:  654:#endif
        -:  655:
        -:  656:_LIBCPP_PUSH_MACROS
        -:  657:#include <__undef_macros>
        -:  658:
        -:  659:
        -:  660:_LIBCPP_BEGIN_NAMESPACE_STD
        -:  661:
        -:  662:// I'd like to replace these with _VSTD::equal_to<void>, but can't because:
        -:  663://   * That only works with C++14 and later, and
        -:  664://   * We haven't included <functional> here.
        -:  665:template <class _T1, class _T2 = _T1>
        -:  666:struct __equal_to
        -:  667:{
        -:  668:    _LIBCPP_INLINE_VISIBILITY _LIBCPP_CONSTEXPR_AFTER_CXX11 bool operator()(const _T1& __x, const _T1& __y) const {return __x == __y;}
        -:  669:    _LIBCPP_INLINE_VISIBILITY _LIBCPP_CONSTEXPR_AFTER_CXX11 bool operator()(const _T1& __x, const _T2& __y) const {return __x == __y;}
        -:  670:    _LIBCPP_INLINE_VISIBILITY _LIBCPP_CONSTEXPR_AFTER_CXX11 bool operator()(const _T2& __x, const _T1& __y) const {return __x == __y;}
        -:  671:    _LIBCPP_INLINE_VISIBILITY _LIBCPP_CONSTEXPR_AFTER_CXX11 bool operator()(const _T2& __x, const _T2& __y) const {return __x == __y;}
        -:  672:};
        -:  673:
        -:  674:template <class _T1>
        -:  675:struct __equal_to<_T1, _T1>
        -:  676:{
        -:  677:    _LIBCPP_INLINE_VISIBILITY _LIBCPP_CONSTEXPR_AFTER_CXX11
        -:  678:    bool operator()(const _T1& __x, const _T1& __y) const {return __x == __y;}
        -:  679:};
        -:  680:
        -:  681:template <class _T1>
        -:  682:struct __equal_to<const _T1, _T1>
        -:  683:{
        -:  684:    _LIBCPP_INLINE_VISIBILITY _LIBCPP_CONSTEXPR_AFTER_CXX11
        -:  685:    bool operator()(const _T1& __x, const _T1& __y) const {return __x == __y;}
        -:  686:};
        -:  687:
        -:  688:template <class _T1>
        -:  689:struct __equal_to<_T1, const _T1>
        -:  690:{
        -:  691:    _LIBCPP_INLINE_VISIBILITY _LIBCPP_CONSTEXPR_AFTER_CXX11
        -:  692:    bool operator()(const _T1& __x, const _T1& __y) const {return __x == __y;}
        -:  693:};
        -:  694:
        -:  695:template <class _T1, class _T2 = _T1>
        -:  696:struct __less
        -:  697:{
        -:  698:    _LIBCPP_INLINE_VISIBILITY _LIBCPP_CONSTEXPR_AFTER_CXX11
        -:  699:    bool operator()(const _T1& __x, const _T1& __y) const {return __x < __y;}
        -:  700:
        -:  701:    _LIBCPP_INLINE_VISIBILITY _LIBCPP_CONSTEXPR_AFTER_CXX11
        -:  702:    bool operator()(const _T1& __x, const _T2& __y) const {return __x < __y;}
        -:  703:
        -:  704:    _LIBCPP_INLINE_VISIBILITY _LIBCPP_CONSTEXPR_AFTER_CXX11
        -:  705:    bool operator()(const _T2& __x, const _T1& __y) const {return __x < __y;}
        -:  706:
        -:  707:    _LIBCPP_INLINE_VISIBILITY _LIBCPP_CONSTEXPR_AFTER_CXX11
        -:  708:    bool operator()(const _T2& __x, const _T2& __y) const {return __x < __y;}
        -:  709:};
        -:  710:
        -:  711:template <class _T1>
        -:  712:struct __less<_T1, _T1>
        -:  713:{
        -:  714:    _LIBCPP_INLINE_VISIBILITY _LIBCPP_CONSTEXPR_AFTER_CXX11
        -:  715:    bool operator()(const _T1& __x, const _T1& __y) const {return __x < __y;}
    #####:  716:};
    $$$$$:  716-block  0
    $$$$$:  716-block  1
    $$$$$:  716-block  2
    $$$$$:  716-block  3
        -:  717:
        -:  718:template <class _T1>
        -:  719:struct __less<const _T1, _T1>
        -:  720:{
        -:  721:    _LIBCPP_INLINE_VISIBILITY _LIBCPP_CONSTEXPR_AFTER_CXX11
        -:  722:    bool operator()(const _T1& __x, const _T1& __y) const {return __x < __y;}
        -:  723:};
        -:  724:
        -:  725:template <class _T1>
        -:  726:struct __less<_T1, const _T1>
        -:  727:{
        -:  728:    _LIBCPP_INLINE_VISIBILITY _LIBCPP_CONSTEXPR_AFTER_CXX11
        -:  729:    bool operator()(const _T1& __x, const _T1& __y) const {return __x < __y;}
        -:  730:};
        -:  731:
        -:  732:template <class _Predicate>
        -:  733:class __invert // invert the sense of a comparison
        -:  734:{
        -:  735:private:
        -:  736:    _Predicate __p_;
        -:  737:public:
        -:  738:    _LIBCPP_INLINE_VISIBILITY __invert() {}
        -:  739:
        -:  740:    _LIBCPP_INLINE_VISIBILITY
        -:  741:    explicit __invert(_Predicate __p) : __p_(__p) {}
        -:  742:
        -:  743:    template <class _T1>
        -:  744:    _LIBCPP_INLINE_VISIBILITY
        -:  745:    bool operator()(const _T1& __x) {return !__p_(__x);}
        -:  746:
        -:  747:    template <class _T1, class _T2>
        -:  748:    _LIBCPP_INLINE_VISIBILITY
        -:  749:    bool operator()(const _T1& __x, const _T2& __y) {return __p_(__y, __x);}
        -:  750:};
        -:  751:
        -:  752:// Perform division by two quickly for positive integers (llvm.org/PR39129)
        -:  753:
        -:  754:template <typename _Integral>
        -:  755:_LIBCPP_INLINE_VISIBILITY _LIBCPP_CONSTEXPR
        -:  756:typename enable_if
        -:  757:<
        -:  758:    is_integral<_Integral>::value,
        -:  759:    _Integral
        -:  760:>::type
        -:  761:__half_positive(_Integral __value)
        -:  762:{
        -:  763:    return static_cast<_Integral>(static_cast<typename make_unsigned<_Integral>::type>(__value) / 2);
        -:  764:}
        -:  765:
        -:  766:template <typename _Tp>
        -:  767:_LIBCPP_INLINE_VISIBILITY _LIBCPP_CONSTEXPR
        -:  768:typename enable_if
        -:  769:<
        -:  770:    !is_integral<_Tp>::value,
        -:  771:    _Tp
        -:  772:>::type
        -:  773:__half_positive(_Tp __value)
        -:  774:{
        -:  775:    return __value / 2;
        -:  776:}
        -:  777:
        -:  778:#ifdef _LIBCPP_DEBUG
        -:  779:
        -:  780:template <class _Compare>
        -:  781:struct __debug_less
        -:  782:{
        -:  783:    _Compare &__comp_;
        -:  784:    _LIBCPP_CONSTEXPR_AFTER_CXX17
        -:  785:    __debug_less(_Compare& __c) : __comp_(__c) {}
        -:  786:
        -:  787:    template <class _Tp, class _Up>
        -:  788:    _LIBCPP_CONSTEXPR_AFTER_CXX17
        -:  789:    bool operator()(const _Tp& __x,  const _Up& __y)
        -:  790:    {
        -:  791:        bool __r = __comp_(__x, __y);
        -:  792:        if (__r)
        -:  793:            __do_compare_assert(0, __y, __x);
        -:  794:        return __r;
        -:  795:    }
        -:  796:
        -:  797:    template <class _Tp, class _Up>
        -:  798:    _LIBCPP_CONSTEXPR_AFTER_CXX17
        -:  799:    bool operator()(_Tp& __x,  _Up& __y)
        -:  800:    {
        -:  801:        bool __r = __comp_(__x, __y);
        -:  802:        if (__r)
        -:  803:            __do_compare_assert(0, __y, __x);
        -:  804:        return __r;
        -:  805:    }
        -:  806:
        -:  807:    template <class _LHS, class _RHS>
        -:  808:    _LIBCPP_CONSTEXPR_AFTER_CXX17
        -:  809:    inline _LIBCPP_INLINE_VISIBILITY
        -:  810:    decltype((void)_VSTD::declval<_Compare&>()(
        -:  811:        _VSTD::declval<_LHS &>(), _VSTD::declval<_RHS &>()))
        -:  812:    __do_compare_assert(int, _LHS & __l, _RHS & __r) {
        -:  813:        _LIBCPP_ASSERT(!__comp_(__l, __r),
        -:  814:            "Comparator does not induce a strict weak ordering");
        -:  815:    }
        -:  816:
        -:  817:    template <class _LHS, class _RHS>
        -:  818:    _LIBCPP_CONSTEXPR_AFTER_CXX17
        -:  819:    inline _LIBCPP_INLINE_VISIBILITY
        -:  820:    void __do_compare_assert(long, _LHS &, _RHS &) {}
        -:  821:};
        -:  822:
        -:  823:#endif // _LIBCPP_DEBUG
        -:  824:
        -:  825:template <class _Comp>
        -:  826:struct __comp_ref_type {
        -:  827:  // Pass the comparator by lvalue reference. Or in debug mode, using a
        -:  828:  // debugging wrapper that stores a reference.
        -:  829:#ifndef _LIBCPP_DEBUG
        -:  830:  typedef typename add_lvalue_reference<_Comp>::type type;
        -:  831:#else
        -:  832:  typedef __debug_less<_Comp> type;
        -:  833:#endif
        -:  834:};
        -:  835:
        -:  836:// all_of
        -:  837:
        -:  838:template <class _InputIterator, class _Predicate>
        -:  839:_LIBCPP_NODISCARD_EXT inline
        -:  840:_LIBCPP_INLINE_VISIBILITY _LIBCPP_CONSTEXPR_AFTER_CXX17
        -:  841:bool
        -:  842:all_of(_InputIterator __first, _InputIterator __last, _Predicate __pred)
        -:  843:{
        -:  844:    for (; __first != __last; ++__first)
        -:  845:        if (!__pred(*__first))
        -:  846:            return false;
        -:  847:    return true;
        -:  848:}
        -:  849:
        -:  850:// any_of
        -:  851:
        -:  852:template <class _InputIterator, class _Predicate>
        -:  853:_LIBCPP_NODISCARD_EXT inline
        -:  854:_LIBCPP_INLINE_VISIBILITY _LIBCPP_CONSTEXPR_AFTER_CXX17
        -:  855:bool
        -:  856:any_of(_InputIterator __first, _InputIterator __last, _Predicate __pred)
        -:  857:{
        -:  858:    for (; __first != __last; ++__first)
        -:  859:        if (__pred(*__first))
        -:  860:            return true;
        -:  861:    return false;
        -:  862:}
        -:  863:
        -:  864:// none_of
        -:  865:
        -:  866:template <class _InputIterator, class _Predicate>
        -:  867:_LIBCPP_NODISCARD_EXT inline
        -:  868:_LIBCPP_INLINE_VISIBILITY _LIBCPP_CONSTEXPR_AFTER_CXX17
        -:  869:bool
        -:  870:none_of(_InputIterator __first, _InputIterator __last, _Predicate __pred)
        -:  871:{
        -:  872:    for (; __first != __last; ++__first)
        -:  873:        if (__pred(*__first))
        -:  874:            return false;
        -:  875:    return true;
        -:  876:}
        -:  877:
        -:  878:// for_each
        -:  879:
        -:  880:template <class _InputIterator, class _Function>
        -:  881:inline _LIBCPP_INLINE_VISIBILITY _LIBCPP_CONSTEXPR_AFTER_CXX17
        -:  882:_Function
        -:  883:for_each(_InputIterator __first, _InputIterator __last, _Function __f)
        -:  884:{
        -:  885:    for (; __first != __last; ++__first)
        -:  886:        __f(*__first);
        -:  887:    return __f;
        -:  888:}
        -:  889:
        -:  890:#if _LIBCPP_STD_VER > 14
        -:  891:// for_each_n
        -:  892:
        -:  893:template <class _InputIterator, class _Size, class _Function>
        -:  894:inline _LIBCPP_INLINE_VISIBILITY _LIBCPP_CONSTEXPR_AFTER_CXX17
        -:  895:_InputIterator
        -:  896:for_each_n(_InputIterator __first, _Size __orig_n, _Function __f)
        -:  897:{
        -:  898:    typedef decltype(__convert_to_integral(__orig_n)) _IntegralSize;
        -:  899:    _IntegralSize __n = __orig_n;
        -:  900:    while (__n > 0)
        -:  901:    {
        -:  902:         __f(*__first);
        -:  903:         ++__first;
        -:  904:         --__n;
        -:  905:    }
        -:  906:    return __first;
        -:  907:}
        -:  908:#endif
        -:  909:
        -:  910:// find
        -:  911:
        -:  912:template <class _InputIterator, class _Tp>
        -:  913:_LIBCPP_NODISCARD_EXT inline
        -:  914:_LIBCPP_INLINE_VISIBILITY _LIBCPP_CONSTEXPR_AFTER_CXX17
        -:  915:_InputIterator
        -:  916:find(_InputIterator __first, _InputIterator __last, const _Tp& __value_)
        -:  917:{
        -:  918:    for (; __first != __last; ++__first)
        -:  919:        if (*__first == __value_)
        -:  920:            break;
        -:  921:    return __first;
        -:  922:}
        -:  923:
        -:  924:// find_if
        -:  925:
        -:  926:template <class _InputIterator, class _Predicate>
        -:  927:_LIBCPP_NODISCARD_EXT inline
        -:  928:_LIBCPP_INLINE_VISIBILITY _LIBCPP_CONSTEXPR_AFTER_CXX17
        -:  929:_InputIterator
        -:  930:find_if(_InputIterator __first, _InputIterator __last, _Predicate __pred)
        -:  931:{
        -:  932:    for (; __first != __last; ++__first)
        -:  933:        if (__pred(*__first))
        -:  934:            break;
        -:  935:    return __first;
        -:  936:}
        -:  937:
        -:  938:// find_if_not
        -:  939:
        -:  940:template<class _InputIterator, class _Predicate>
        -:  941:_LIBCPP_NODISCARD_EXT inline
        -:  942:_LIBCPP_INLINE_VISIBILITY _LIBCPP_CONSTEXPR_AFTER_CXX17
        -:  943:_InputIterator
        -:  944:find_if_not(_InputIterator __first, _InputIterator __last, _Predicate __pred)
        -:  945:{
        -:  946:    for (; __first != __last; ++__first)
        -:  947:        if (!__pred(*__first))
        -:  948:            break;
        -:  949:    return __first;
        -:  950:}
        -:  951:
        -:  952:// find_end
        -:  953:
        -:  954:template <class _BinaryPredicate, class _ForwardIterator1, class _ForwardIterator2>
        -:  955:_LIBCPP_CONSTEXPR_AFTER_CXX17 _ForwardIterator1
        -:  956:__find_end(_ForwardIterator1 __first1, _ForwardIterator1 __last1,
        -:  957:           _ForwardIterator2 __first2, _ForwardIterator2 __last2, _BinaryPredicate __pred,
        -:  958:           forward_iterator_tag, forward_iterator_tag)
        -:  959:{
        -:  960:    // modeled after search algorithm
        -:  961:    _ForwardIterator1 __r = __last1;  // __last1 is the "default" answer
        -:  962:    if (__first2 == __last2)
        -:  963:        return __r;
        -:  964:    while (true)
        -:  965:    {
        -:  966:        while (true)
        -:  967:        {
        -:  968:            if (__first1 == __last1)         // if source exhausted return last correct answer
        -:  969:                return __r;                  //    (or __last1 if never found)
        -:  970:            if (__pred(*__first1, *__first2))
        -:  971:                break;
        -:  972:            ++__first1;
        -:  973:        }
        -:  974:        // *__first1 matches *__first2, now match elements after here
        -:  975:        _ForwardIterator1 __m1 = __first1;
        -:  976:        _ForwardIterator2 __m2 = __first2;
        -:  977:        while (true)
        -:  978:        {
        -:  979:            if (++__m2 == __last2)
        -:  980:            {                         // Pattern exhaused, record answer and search for another one
        -:  981:                __r = __first1;
        -:  982:                ++__first1;
        -:  983:                break;
        -:  984:            }
        -:  985:            if (++__m1 == __last1)     // Source exhausted, return last answer
        -:  986:                return __r;
        -:  987:            if (!__pred(*__m1, *__m2))  // mismatch, restart with a new __first
        -:  988:            {
        -:  989:                ++__first1;
        -:  990:                break;
        -:  991:            }  // else there is a match, check next elements
        -:  992:        }
        -:  993:    }
        -:  994:}
        -:  995:
        -:  996:template <class _BinaryPredicate, class _BidirectionalIterator1, class _BidirectionalIterator2>
        -:  997:_LIBCPP_CONSTEXPR_AFTER_CXX17 _BidirectionalIterator1
        -:  998:__find_end(_BidirectionalIterator1 __first1, _BidirectionalIterator1 __last1,
        -:  999:           _BidirectionalIterator2 __first2, _BidirectionalIterator2 __last2, _BinaryPredicate __pred,
        -: 1000:           bidirectional_iterator_tag, bidirectional_iterator_tag)
        -: 1001:{
        -: 1002:    // modeled after search algorithm (in reverse)
        -: 1003:    if (__first2 == __last2)
        -: 1004:        return __last1;  // Everything matches an empty sequence
        -: 1005:    _BidirectionalIterator1 __l1 = __last1;
        -: 1006:    _BidirectionalIterator2 __l2 = __last2;
        -: 1007:    --__l2;
        -: 1008:    while (true)
        -: 1009:    {
        -: 1010:        // Find last element in sequence 1 that matchs *(__last2-1), with a mininum of loop checks
        -: 1011:        while (true)
        -: 1012:        {
        -: 1013:            if (__first1 == __l1)  // return __last1 if no element matches *__first2
        -: 1014:                return __last1;
        -: 1015:            if (__pred(*--__l1, *__l2))
        -: 1016:                break;
        -: 1017:        }
        -: 1018:        // *__l1 matches *__l2, now match elements before here
        -: 1019:        _BidirectionalIterator1 __m1 = __l1;
        -: 1020:        _BidirectionalIterator2 __m2 = __l2;
        -: 1021:        while (true)
        -: 1022:        {
        -: 1023:            if (__m2 == __first2)  // If pattern exhausted, __m1 is the answer (works for 1 element pattern)
        -: 1024:                return __m1;
        -: 1025:            if (__m1 == __first1)  // Otherwise if source exhaused, pattern not found
        -: 1026:                return __last1;
        -: 1027:            if (!__pred(*--__m1, *--__m2))  // if there is a mismatch, restart with a new __l1
        -: 1028:            {
        -: 1029:                break;
        -: 1030:            }  // else there is a match, check next elements
        -: 1031:        }
        -: 1032:    }
        -: 1033:}
        -: 1034:
        -: 1035:template <class _BinaryPredicate, class _RandomAccessIterator1, class _RandomAccessIterator2>
        -: 1036:_LIBCPP_CONSTEXPR_AFTER_CXX11 _RandomAccessIterator1
        -: 1037:__find_end(_RandomAccessIterator1 __first1, _RandomAccessIterator1 __last1,
        -: 1038:           _RandomAccessIterator2 __first2, _RandomAccessIterator2 __last2, _BinaryPredicate __pred,
        -: 1039:           random_access_iterator_tag, random_access_iterator_tag)
        -: 1040:{
        -: 1041:    // Take advantage of knowing source and pattern lengths.  Stop short when source is smaller than pattern
        -: 1042:    typename iterator_traits<_RandomAccessIterator2>::difference_type __len2 = __last2 - __first2;
        -: 1043:    if (__len2 == 0)
        -: 1044:        return __last1;
        -: 1045:    typename iterator_traits<_RandomAccessIterator1>::difference_type __len1 = __last1 - __first1;
        -: 1046:    if (__len1 < __len2)
        -: 1047:        return __last1;
        -: 1048:    const _RandomAccessIterator1 __s = __first1 + (__len2 - 1);  // End of pattern match can't go before here
        -: 1049:    _RandomAccessIterator1 __l1 = __last1;
        -: 1050:    _RandomAccessIterator2 __l2 = __last2;
        -: 1051:    --__l2;
        -: 1052:    while (true)
        -: 1053:    {
        -: 1054:        while (true)
        -: 1055:        {
        -: 1056:            if (__s == __l1)
        -: 1057:                return __last1;
        -: 1058:            if (__pred(*--__l1, *__l2))
        -: 1059:                break;
        -: 1060:        }
        -: 1061:        _RandomAccessIterator1 __m1 = __l1;
        -: 1062:        _RandomAccessIterator2 __m2 = __l2;
        -: 1063:        while (true)
        -: 1064:        {
        -: 1065:            if (__m2 == __first2)
        -: 1066:                return __m1;
        -: 1067:                                 // no need to check range on __m1 because __s guarantees we have enough source
        -: 1068:            if (!__pred(*--__m1, *--__m2))
        -: 1069:            {
        -: 1070:                break;
        -: 1071:            }
        -: 1072:        }
        -: 1073:    }
        -: 1074:}
        -: 1075:
        -: 1076:template <class _ForwardIterator1, class _ForwardIterator2, class _BinaryPredicate>
        -: 1077:_LIBCPP_NODISCARD_EXT inline
        -: 1078:_LIBCPP_INLINE_VISIBILITY _LIBCPP_CONSTEXPR_AFTER_CXX17
        -: 1079:_ForwardIterator1
        -: 1080:find_end(_ForwardIterator1 __first1, _ForwardIterator1 __last1,
        -: 1081:         _ForwardIterator2 __first2, _ForwardIterator2 __last2, _BinaryPredicate __pred)
        -: 1082:{
        -: 1083:    return _VSTD::__find_end<typename add_lvalue_reference<_BinaryPredicate>::type>
        -: 1084:                         (__first1, __last1, __first2, __last2, __pred,
        -: 1085:                          typename iterator_traits<_ForwardIterator1>::iterator_category(),
        -: 1086:                          typename iterator_traits<_ForwardIterator2>::iterator_category());
        -: 1087:}
        -: 1088:
        -: 1089:template <class _ForwardIterator1, class _ForwardIterator2>
        -: 1090:_LIBCPP_NODISCARD_EXT inline
        -: 1091:_LIBCPP_INLINE_VISIBILITY _LIBCPP_CONSTEXPR_AFTER_CXX17
        -: 1092:_ForwardIterator1
        -: 1093:find_end(_ForwardIterator1 __first1, _ForwardIterator1 __last1,
        -: 1094:         _ForwardIterator2 __first2, _ForwardIterator2 __last2)
        -: 1095:{
        -: 1096:    typedef typename iterator_traits<_ForwardIterator1>::value_type __v1;
        -: 1097:    typedef typename iterator_traits<_ForwardIterator2>::value_type __v2;
        -: 1098:    return _VSTD::find_end(__first1, __last1, __first2, __last2, __equal_to<__v1, __v2>());
        -: 1099:}
        -: 1100:
        -: 1101:// find_first_of
        -: 1102:
        -: 1103:template <class _ForwardIterator1, class _ForwardIterator2, class _BinaryPredicate>
        -: 1104:_LIBCPP_CONSTEXPR_AFTER_CXX11 _ForwardIterator1
        -: 1105:__find_first_of_ce(_ForwardIterator1 __first1, _ForwardIterator1 __last1,
        -: 1106:              _ForwardIterator2 __first2, _ForwardIterator2 __last2, _BinaryPredicate __pred)
        -: 1107:{
        -: 1108:    for (; __first1 != __last1; ++__first1)
        -: 1109:        for (_ForwardIterator2 __j = __first2; __j != __last2; ++__j)
        -: 1110:            if (__pred(*__first1, *__j))
        -: 1111:                return __first1;
        -: 1112:    return __last1;
        -: 1113:}
        -: 1114:
        -: 1115:
        -: 1116:template <class _ForwardIterator1, class _ForwardIterator2, class _BinaryPredicate>
        -: 1117:_LIBCPP_NODISCARD_EXT inline
        -: 1118:_LIBCPP_INLINE_VISIBILITY _LIBCPP_CONSTEXPR_AFTER_CXX17
        -: 1119:_ForwardIterator1
        -: 1120:find_first_of(_ForwardIterator1 __first1, _ForwardIterator1 __last1,
        -: 1121:              _ForwardIterator2 __first2, _ForwardIterator2 __last2, _BinaryPredicate __pred)
        -: 1122:{
        -: 1123:    return _VSTD::__find_first_of_ce(__first1, __last1, __first2, __last2, __pred);
        -: 1124:}
        -: 1125:
        -: 1126:template <class _ForwardIterator1, class _ForwardIterator2>
        -: 1127:_LIBCPP_NODISCARD_EXT inline
        -: 1128:_LIBCPP_INLINE_VISIBILITY _LIBCPP_CONSTEXPR_AFTER_CXX17
        -: 1129:_ForwardIterator1
        -: 1130:find_first_of(_ForwardIterator1 __first1, _ForwardIterator1 __last1,
        -: 1131:              _ForwardIterator2 __first2, _ForwardIterator2 __last2)
        -: 1132:{
        -: 1133:    typedef typename iterator_traits<_ForwardIterator1>::value_type __v1;
        -: 1134:    typedef typename iterator_traits<_ForwardIterator2>::value_type __v2;
        -: 1135:    return _VSTD::__find_first_of_ce(__first1, __last1, __first2, __last2, __equal_to<__v1, __v2>());
        -: 1136:}
        -: 1137:
        -: 1138:// adjacent_find
        -: 1139:
        -: 1140:template <class _ForwardIterator, class _BinaryPredicate>
        -: 1141:_LIBCPP_NODISCARD_EXT inline
        -: 1142:_LIBCPP_INLINE_VISIBILITY _LIBCPP_CONSTEXPR_AFTER_CXX17
        -: 1143:_ForwardIterator
        -: 1144:adjacent_find(_ForwardIterator __first, _ForwardIterator __last, _BinaryPredicate __pred)
        -: 1145:{
        -: 1146:    if (__first != __last)
        -: 1147:    {
        -: 1148:        _ForwardIterator __i = __first;
        -: 1149:        while (++__i != __last)
        -: 1150:        {
        -: 1151:            if (__pred(*__first, *__i))
        -: 1152:                return __first;
        -: 1153:            __first = __i;
        -: 1154:        }
        -: 1155:    }
        -: 1156:    return __last;
        -: 1157:}
        -: 1158:
        -: 1159:template <class _ForwardIterator>
        -: 1160:_LIBCPP_NODISCARD_EXT inline
        -: 1161:_LIBCPP_INLINE_VISIBILITY _LIBCPP_CONSTEXPR_AFTER_CXX17
        -: 1162:_ForwardIterator
        -: 1163:adjacent_find(_ForwardIterator __first, _ForwardIterator __last)
        -: 1164:{
        -: 1165:    typedef typename iterator_traits<_ForwardIterator>::value_type __v;
        -: 1166:    return _VSTD::adjacent_find(__first, __last, __equal_to<__v>());
        -: 1167:}
        -: 1168:
        -: 1169:// count
        -: 1170:
        -: 1171:template <class _InputIterator, class _Tp>
        -: 1172:_LIBCPP_NODISCARD_EXT inline
        -: 1173:_LIBCPP_INLINE_VISIBILITY _LIBCPP_CONSTEXPR_AFTER_CXX17
        -: 1174:typename iterator_traits<_InputIterator>::difference_type
        -: 1175:count(_InputIterator __first, _InputIterator __last, const _Tp& __value_)
        -: 1176:{
        -: 1177:    typename iterator_traits<_InputIterator>::difference_type __r(0);
        -: 1178:    for (; __first != __last; ++__first)
        -: 1179:        if (*__first == __value_)
        -: 1180:            ++__r;
        -: 1181:    return __r;
        -: 1182:}
        -: 1183:
        -: 1184:// count_if
        -: 1185:
        -: 1186:template <class _InputIterator, class _Predicate>
        -: 1187:_LIBCPP_NODISCARD_EXT inline
        -: 1188:_LIBCPP_INLINE_VISIBILITY _LIBCPP_CONSTEXPR_AFTER_CXX17
        -: 1189:typename iterator_traits<_InputIterator>::difference_type
        -: 1190:count_if(_InputIterator __first, _InputIterator __last, _Predicate __pred)
        -: 1191:{
        -: 1192:    typename iterator_traits<_InputIterator>::difference_type __r(0);
        -: 1193:    for (; __first != __last; ++__first)
        -: 1194:        if (__pred(*__first))
        -: 1195:            ++__r;
        -: 1196:    return __r;
        -: 1197:}
        -: 1198:
        -: 1199:// mismatch
        -: 1200:
        -: 1201:template <class _InputIterator1, class _InputIterator2, class _BinaryPredicate>
        -: 1202:_LIBCPP_NODISCARD_EXT inline
        -: 1203:_LIBCPP_INLINE_VISIBILITY _LIBCPP_CONSTEXPR_AFTER_CXX17
        -: 1204:pair<_InputIterator1, _InputIterator2>
        -: 1205:mismatch(_InputIterator1 __first1, _InputIterator1 __last1,
        -: 1206:         _InputIterator2 __first2, _BinaryPredicate __pred)
        -: 1207:{
        -: 1208:    for (; __first1 != __last1; ++__first1, (void) ++__first2)
        -: 1209:        if (!__pred(*__first1, *__first2))
        -: 1210:            break;
        -: 1211:    return pair<_InputIterator1, _InputIterator2>(__first1, __first2);
        -: 1212:}
        -: 1213:
        -: 1214:template <class _InputIterator1, class _InputIterator2>
        -: 1215:_LIBCPP_NODISCARD_EXT inline
        -: 1216:_LIBCPP_INLINE_VISIBILITY _LIBCPP_CONSTEXPR_AFTER_CXX17
        -: 1217:pair<_InputIterator1, _InputIterator2>
        -: 1218:mismatch(_InputIterator1 __first1, _InputIterator1 __last1, _InputIterator2 __first2)
        -: 1219:{
        -: 1220:    typedef typename iterator_traits<_InputIterator1>::value_type __v1;
        -: 1221:    typedef typename iterator_traits<_InputIterator2>::value_type __v2;
        -: 1222:    return _VSTD::mismatch(__first1, __last1, __first2, __equal_to<__v1, __v2>());
        -: 1223:}
        -: 1224:
        -: 1225:#if _LIBCPP_STD_VER > 11
        -: 1226:template <class _InputIterator1, class _InputIterator2, class _BinaryPredicate>
        -: 1227:_LIBCPP_NODISCARD_EXT inline
        -: 1228:_LIBCPP_INLINE_VISIBILITY _LIBCPP_CONSTEXPR_AFTER_CXX17
        -: 1229:pair<_InputIterator1, _InputIterator2>
        -: 1230:mismatch(_InputIterator1 __first1, _InputIterator1 __last1,
        -: 1231:         _InputIterator2 __first2, _InputIterator2 __last2,
        -: 1232:         _BinaryPredicate __pred)
        -: 1233:{
        -: 1234:    for (; __first1 != __last1 && __first2 != __last2; ++__first1, (void) ++__first2)
        -: 1235:        if (!__pred(*__first1, *__first2))
        -: 1236:            break;
        -: 1237:    return pair<_InputIterator1, _InputIterator2>(__first1, __first2);
        -: 1238:}
        -: 1239:
        -: 1240:template <class _InputIterator1, class _InputIterator2>
        -: 1241:_LIBCPP_NODISCARD_EXT inline
        -: 1242:_LIBCPP_INLINE_VISIBILITY _LIBCPP_CONSTEXPR_AFTER_CXX17
        -: 1243:pair<_InputIterator1, _InputIterator2>
        -: 1244:mismatch(_InputIterator1 __first1, _InputIterator1 __last1,
        -: 1245:         _InputIterator2 __first2, _InputIterator2 __last2)
        -: 1246:{
        -: 1247:    typedef typename iterator_traits<_InputIterator1>::value_type __v1;
        -: 1248:    typedef typename iterator_traits<_InputIterator2>::value_type __v2;
        -: 1249:    return _VSTD::mismatch(__first1, __last1, __first2, __last2, __equal_to<__v1, __v2>());
        -: 1250:}
        -: 1251:#endif
        -: 1252:
        -: 1253:// equal
        -: 1254:
        -: 1255:template <class _InputIterator1, class _InputIterator2, class _BinaryPredicate>
        -: 1256:_LIBCPP_NODISCARD_EXT inline
        -: 1257:_LIBCPP_INLINE_VISIBILITY _LIBCPP_CONSTEXPR_AFTER_CXX17
        -: 1258:bool
        -: 1259:equal(_InputIterator1 __first1, _InputIterator1 __last1, _InputIterator2 __first2, _BinaryPredicate __pred)
        -: 1260:{
        -: 1261:    for (; __first1 != __last1; ++__first1, (void) ++__first2)
        -: 1262:        if (!__pred(*__first1, *__first2))
        -: 1263:            return false;
        -: 1264:    return true;
        -: 1265:}
        -: 1266:
        -: 1267:template <class _InputIterator1, class _InputIterator2>
        -: 1268:_LIBCPP_NODISCARD_EXT inline
        -: 1269:_LIBCPP_INLINE_VISIBILITY _LIBCPP_CONSTEXPR_AFTER_CXX17
        -: 1270:bool
        -: 1271:equal(_InputIterator1 __first1, _InputIterator1 __last1, _InputIterator2 __first2)
        -: 1272:{
        -: 1273:    typedef typename iterator_traits<_InputIterator1>::value_type __v1;
        -: 1274:    typedef typename iterator_traits<_InputIterator2>::value_type __v2;
        -: 1275:    return _VSTD::equal(__first1, __last1, __first2, __equal_to<__v1, __v2>());
        -: 1276:}
        -: 1277:
        -: 1278:#if _LIBCPP_STD_VER > 11
        -: 1279:template <class _BinaryPredicate, class _InputIterator1, class _InputIterator2>
        -: 1280:inline _LIBCPP_INLINE_VISIBILITY _LIBCPP_CONSTEXPR_AFTER_CXX17
        -: 1281:bool
        -: 1282:__equal(_InputIterator1 __first1, _InputIterator1 __last1,
        -: 1283:        _InputIterator2 __first2, _InputIterator2 __last2, _BinaryPredicate __pred,
        -: 1284:        input_iterator_tag, input_iterator_tag )
        -: 1285:{
        -: 1286:    for (; __first1 != __last1 && __first2 != __last2; ++__first1, (void) ++__first2)
        -: 1287:        if (!__pred(*__first1, *__first2))
        -: 1288:            return false;
        -: 1289:    return __first1 == __last1 && __first2 == __last2;
        -: 1290:}
        -: 1291:
        -: 1292:template <class _BinaryPredicate, class _RandomAccessIterator1, class _RandomAccessIterator2>
        -: 1293:inline _LIBCPP_INLINE_VISIBILITY _LIBCPP_CONSTEXPR_AFTER_CXX17
        -: 1294:bool
        -: 1295:__equal(_RandomAccessIterator1 __first1, _RandomAccessIterator1 __last1,
        -: 1296:        _RandomAccessIterator2 __first2, _RandomAccessIterator2 __last2, _BinaryPredicate __pred,
        -: 1297:      random_access_iterator_tag, random_access_iterator_tag )
        -: 1298:{
        -: 1299:    if ( _VSTD::distance(__first1, __last1) != _VSTD::distance(__first2, __last2))
        -: 1300:        return false;
        -: 1301:    return _VSTD::equal<_RandomAccessIterator1, _RandomAccessIterator2,
        -: 1302:                        typename add_lvalue_reference<_BinaryPredicate>::type>
        -: 1303:                       (__first1, __last1, __first2, __pred );
        -: 1304:}
        -: 1305:
        -: 1306:template <class _InputIterator1, class _InputIterator2, class _BinaryPredicate>
        -: 1307:_LIBCPP_NODISCARD_EXT inline
        -: 1308:_LIBCPP_INLINE_VISIBILITY _LIBCPP_CONSTEXPR_AFTER_CXX17
        -: 1309:bool
        -: 1310:equal(_InputIterator1 __first1, _InputIterator1 __last1,
        -: 1311:      _InputIterator2 __first2, _InputIterator2 __last2, _BinaryPredicate __pred )
        -: 1312:{
        -: 1313:    return _VSTD::__equal<typename add_lvalue_reference<_BinaryPredicate>::type>
        -: 1314:       (__first1, __last1, __first2, __last2, __pred,
        -: 1315:        typename iterator_traits<_InputIterator1>::iterator_category(),
        -: 1316:        typename iterator_traits<_InputIterator2>::iterator_category());
        -: 1317:}
        -: 1318:
        -: 1319:template <class _InputIterator1, class _InputIterator2>
        -: 1320:_LIBCPP_NODISCARD_EXT inline
        -: 1321:_LIBCPP_INLINE_VISIBILITY _LIBCPP_CONSTEXPR_AFTER_CXX17
        -: 1322:bool
        -: 1323:equal(_InputIterator1 __first1, _InputIterator1 __last1,
        -: 1324:      _InputIterator2 __first2, _InputIterator2 __last2)
        -: 1325:{
        -: 1326:    typedef typename iterator_traits<_InputIterator1>::value_type __v1;
        -: 1327:    typedef typename iterator_traits<_InputIterator2>::value_type __v2;
        -: 1328:    return _VSTD::__equal(__first1, __last1, __first2, __last2, __equal_to<__v1, __v2>(),
        -: 1329:        typename iterator_traits<_InputIterator1>::iterator_category(),
        -: 1330:        typename iterator_traits<_InputIterator2>::iterator_category());
        -: 1331:}
        -: 1332:#endif
        -: 1333:
        -: 1334:// is_permutation
        -: 1335:
        -: 1336:template<class _ForwardIterator1, class _ForwardIterator2, class _BinaryPredicate>
        -: 1337:_LIBCPP_NODISCARD_EXT _LIBCPP_CONSTEXPR_AFTER_CXX17 bool
        -: 1338:is_permutation(_ForwardIterator1 __first1, _ForwardIterator1 __last1,
        -: 1339:               _ForwardIterator2 __first2, _BinaryPredicate __pred)
        -: 1340:{
        -: 1341://  shorten sequences as much as possible by lopping of any equal prefix
        -: 1342:    for (; __first1 != __last1; ++__first1, (void) ++__first2)
        -: 1343:        if (!__pred(*__first1, *__first2))
        -: 1344:            break;
        -: 1345:    if (__first1 == __last1)
        -: 1346:        return true;
        -: 1347:
        -: 1348://  __first1 != __last1 && *__first1 != *__first2
        -: 1349:    typedef typename iterator_traits<_ForwardIterator1>::difference_type _D1;
        -: 1350:    _D1 __l1 = _VSTD::distance(__first1, __last1);
        -: 1351:    if (__l1 == _D1(1))
        -: 1352:        return false;
        -: 1353:    _ForwardIterator2 __last2 = _VSTD::next(__first2, __l1);
        -: 1354:    // For each element in [f1, l1) see if there are the same number of
        -: 1355:    //    equal elements in [f2, l2)
        -: 1356:    for (_ForwardIterator1 __i = __first1; __i != __last1; ++__i)
        -: 1357:    {
        -: 1358:    //  Have we already counted the number of *__i in [f1, l1)?
        -: 1359:        _ForwardIterator1 __match = __first1;
        -: 1360:        for (; __match != __i; ++__match)
        -: 1361:            if (__pred(*__match, *__i))
        -: 1362:                break;
        -: 1363:        if (__match == __i) {
        -: 1364:            // Count number of *__i in [f2, l2)
        -: 1365:            _D1 __c2 = 0;
        -: 1366:            for (_ForwardIterator2 __j = __first2; __j != __last2; ++__j)
        -: 1367:                if (__pred(*__i, *__j))
        -: 1368:                    ++__c2;
        -: 1369:            if (__c2 == 0)
        -: 1370:                return false;
        -: 1371:            // Count number of *__i in [__i, l1) (we can start with 1)
        -: 1372:            _D1 __c1 = 1;
        -: 1373:            for (_ForwardIterator1 __j = _VSTD::next(__i); __j != __last1; ++__j)
        -: 1374:                if (__pred(*__i, *__j))
        -: 1375:                    ++__c1;
        -: 1376:            if (__c1 != __c2)
        -: 1377:                return false;
        -: 1378:        }
        -: 1379:    }
        -: 1380:    return true;
        -: 1381:}
        -: 1382:
        -: 1383:template<class _ForwardIterator1, class _ForwardIterator2>
        -: 1384:_LIBCPP_NODISCARD_EXT inline
        -: 1385:_LIBCPP_INLINE_VISIBILITY _LIBCPP_CONSTEXPR_AFTER_CXX17
        -: 1386:bool
        -: 1387:is_permutation(_ForwardIterator1 __first1, _ForwardIterator1 __last1,
        -: 1388:               _ForwardIterator2 __first2)
        -: 1389:{
        -: 1390:    typedef typename iterator_traits<_ForwardIterator1>::value_type __v1;
        -: 1391:    typedef typename iterator_traits<_ForwardIterator2>::value_type __v2;
        -: 1392:    return _VSTD::is_permutation(__first1, __last1, __first2, __equal_to<__v1, __v2>());
        -: 1393:}
        -: 1394:
        -: 1395:#if _LIBCPP_STD_VER > 11
        -: 1396:template<class _BinaryPredicate, class _ForwardIterator1, class _ForwardIterator2>
        -: 1397:_LIBCPP_CONSTEXPR_AFTER_CXX17 bool
        -: 1398:__is_permutation(_ForwardIterator1 __first1, _ForwardIterator1 __last1,
        -: 1399:                 _ForwardIterator2 __first2, _ForwardIterator2 __last2,
        -: 1400:                 _BinaryPredicate __pred,
        -: 1401:                 forward_iterator_tag, forward_iterator_tag )
        -: 1402:{
        -: 1403://  shorten sequences as much as possible by lopping of any equal prefix
        -: 1404:    for (; __first1 != __last1 && __first2 != __last2; ++__first1, (void) ++__first2)
        -: 1405:        if (!__pred(*__first1, *__first2))
        -: 1406:            break;
        -: 1407:    if (__first1 == __last1)
        -: 1408:        return __first2 == __last2;
        -: 1409:    else if (__first2 == __last2)
        -: 1410:        return false;
        -: 1411:
        -: 1412:    typedef typename iterator_traits<_ForwardIterator1>::difference_type _D1;
        -: 1413:    _D1 __l1 = _VSTD::distance(__first1, __last1);
        -: 1414:
        -: 1415:    typedef typename iterator_traits<_ForwardIterator2>::difference_type _D2;
        -: 1416:    _D2 __l2 = _VSTD::distance(__first2, __last2);
        -: 1417:    if (__l1 != __l2)
        -: 1418:        return false;
        -: 1419:
        -: 1420:    // For each element in [f1, l1) see if there are the same number of
        -: 1421:    //    equal elements in [f2, l2)
        -: 1422:    for (_ForwardIterator1 __i = __first1; __i != __last1; ++__i)
        -: 1423:    {
        -: 1424:    //  Have we already counted the number of *__i in [f1, l1)?
        -: 1425:        _ForwardIterator1 __match = __first1;
        -: 1426:        for (; __match != __i; ++__match)
        -: 1427:            if (__pred(*__match, *__i))
        -: 1428:                break;
        -: 1429:        if (__match == __i) {
        -: 1430:            // Count number of *__i in [f2, l2)
        -: 1431:            _D1 __c2 = 0;
        -: 1432:            for (_ForwardIterator2 __j = __first2; __j != __last2; ++__j)
        -: 1433:                if (__pred(*__i, *__j))
        -: 1434:                    ++__c2;
        -: 1435:            if (__c2 == 0)
        -: 1436:                return false;
        -: 1437:            // Count number of *__i in [__i, l1) (we can start with 1)
        -: 1438:            _D1 __c1 = 1;
        -: 1439:            for (_ForwardIterator1 __j = _VSTD::next(__i); __j != __last1; ++__j)
        -: 1440:                if (__pred(*__i, *__j))
        -: 1441:                    ++__c1;
        -: 1442:            if (__c1 != __c2)
        -: 1443:                return false;
        -: 1444:        }
        -: 1445:    }
        -: 1446:    return true;
        -: 1447:}
        -: 1448:
        -: 1449:template<class _BinaryPredicate, class _RandomAccessIterator1, class _RandomAccessIterator2>
        -: 1450:_LIBCPP_CONSTEXPR_AFTER_CXX17 bool
        -: 1451:__is_permutation(_RandomAccessIterator1 __first1, _RandomAccessIterator2 __last1,
        -: 1452:               _RandomAccessIterator1 __first2, _RandomAccessIterator2 __last2,
        -: 1453:               _BinaryPredicate __pred,
        -: 1454:               random_access_iterator_tag, random_access_iterator_tag )
        -: 1455:{
[...]
        -: 5302:    __nth_element<_Comp_ref>(__first, __nth, __last, __comp);
        -: 5303:}
        -: 5304:
        -: 5305:template <class _RandomAccessIterator>
        -: 5306:inline _LIBCPP_INLINE_VISIBILITY
        -: 5307:void
        -: 5308:nth_element(_RandomAccessIterator __first, _RandomAccessIterator __nth, _RandomAccessIterator __last)
        -: 5309:{
        -: 5310:    _VSTD::nth_element(__first, __nth, __last, __less<typename iterator_traits<_RandomAccessIterator>::value_type>());
        -: 5311:}
        -: 5312:
        -: 5313:// includes
        -: 5314:
        -: 5315:template <class _Compare, class _InputIterator1, class _InputIterator2>
        -: 5316:_LIBCPP_CONSTEXPR_AFTER_CXX17 bool
        -: 5317:__includes(_InputIterator1 __first1, _InputIterator1 __last1, _InputIterator2 __first2, _InputIterator2 __last2,
        -: 5318:           _Compare __comp)
        -: 5319:{
        -: 5320:    for (; __first2 != __last2; ++__first1)
        -: 5321:    {
        -: 5322:        if (__first1 == __last1 || __comp(*__first2, *__first1))
        -: 5323:            return false;
        -: 5324:        if (!__comp(*__first1, *__first2))
        -: 5325:            ++__first2;
        -: 5326:    }
        -: 5327:    return true;
        -: 5328:}
        -: 5329:
        -: 5330:template <class _InputIterator1, class _InputIterator2, class _Compare>
        -: 5331:_LIBCPP_NODISCARD_EXT inline
        -: 5332:_LIBCPP_INLINE_VISIBILITY _LIBCPP_CONSTEXPR_AFTER_CXX17
        -: 5333:bool
        -: 5334:includes(_InputIterator1 __first1, _InputIterator1 __last1, _InputIterator2 __first2, _InputIterator2 __last2,
        -: 5335:         _Compare __comp)
        -: 5336:{
        -: 5337:    typedef typename __comp_ref_type<_Compare>::type _Comp_ref;
        -: 5338:    return __includes<_Comp_ref>(__first1, __last1, __first2, __last2, __comp);
        -: 5339:}
        -: 5340:
        -: 5341:template <class _InputIterator1, class _InputIterator2>
        -: 5342:_LIBCPP_NODISCARD_EXT inline
        -: 5343:_LIBCPP_INLINE_VISIBILITY _LIBCPP_CONSTEXPR_AFTER_CXX17
        -: 5344:bool
        -: 5345:includes(_InputIterator1 __first1, _InputIterator1 __last1, _InputIterator2 __first2, _InputIterator2 __last2)
        -: 5346:{
        -: 5347:    return _VSTD::includes(__first1, __last1, __first2, __last2,
        -: 5348:                          __less<typename iterator_traits<_InputIterator1>::value_type,
        -: 5349:                                 typename iterator_traits<_InputIterator2>::value_type>());
        -: 5350:}
        -: 5351:
        -: 5352:// set_union
        -: 5353:
        -: 5354:template <class _Compare, class _InputIterator1, class _InputIterator2, class _OutputIterator>
        -: 5355:_OutputIterator
        -: 5356:__set_union(_InputIterator1 __first1, _InputIterator1 __last1,
        -: 5357:            _InputIterator2 __first2, _InputIterator2 __last2, _OutputIterator __result, _Compare __comp)
        -: 5358:{
        -: 5359:    for (; __first1 != __last1; ++__result)
        -: 5360:    {
        -: 5361:        if (__first2 == __last2)
        -: 5362:            return _VSTD::copy(__first1, __last1, __result);
        -: 5363:        if (__comp(*__first2, *__first1))
        -: 5364:        {
        -: 5365:            *__result = *__first2;
        -: 5366:            ++__first2;
        -: 5367:        }
        -: 5368:        else
        -: 5369:        {
        -: 5370:            if (!__comp(*__first1, *__first2))
        -: 5371:                ++__first2;
        -: 5372:            *__result = *__first1;
        -: 5373:            ++__first1;
        -: 5374:        }
        -: 5375:    }
        -: 5376:    return _VSTD::copy(__first2, __last2, __result);
        -: 5377:}
        -: 5378:
        -: 5379:template <class _InputIterator1, class _InputIterator2, class _OutputIterator, class _Compare>
        -: 5380:inline _LIBCPP_INLINE_VISIBILITY
        -: 5381:_OutputIterator
        -: 5382:set_union(_InputIterator1 __first1, _InputIterator1 __last1,
        -: 5383:          _InputIterator2 __first2, _InputIterator2 __last2, _OutputIterator __result, _Compare __comp)
        -: 5384:{
        -: 5385:    typedef typename __comp_ref_type<_Compare>::type _Comp_ref;
        -: 5386:    return __set_union<_Comp_ref>(__first1, __last1, __first2, __last2, __result, __comp);
        -: 5387:}
        -: 5388:
        -: 5389:template <class _InputIterator1, class _InputIterator2, class _OutputIterator>
        -: 5390:inline _LIBCPP_INLINE_VISIBILITY
        -: 5391:_OutputIterator
        -: 5392:set_union(_InputIterator1 __first1, _InputIterator1 __last1,
        -: 5393:          _InputIterator2 __first2, _InputIterator2 __last2, _OutputIterator __result)
        -: 5394:{
        -: 5395:    return _VSTD::set_union(__first1, __last1, __first2, __last2, __result,
        -: 5396:                          __less<typename iterator_traits<_InputIterator1>::value_type,
        -: 5397:                                 typename iterator_traits<_InputIterator2>::value_type>());
        -: 5398:}
        -: 5399:
        -: 5400:// set_intersection
        -: 5401:
        -: 5402:template <class _Compare, class _InputIterator1, class _InputIterator2, class _OutputIterator>
        -: 5403:_LIBCPP_CONSTEXPR_AFTER_CXX17 _OutputIterator
        -: 5404:__set_intersection(_InputIterator1 __first1, _InputIterator1 __last1,
        -: 5405:                   _InputIterator2 __first2, _InputIterator2 __last2, _OutputIterator __result, _Compare __comp)
        -: 5406:{
        -: 5407:    while (__first1 != __last1 && __first2 != __last2)
        -: 5408:    {
        -: 5409:        if (__comp(*__first1, *__first2))
        -: 5410:            ++__first1;
        -: 5411:        else
        -: 5412:        {
        -: 5413:            if (!__comp(*__first2, *__first1))
        -: 5414:            {
        -: 5415:                *__result = *__first1;
        -: 5416:                ++__result;
        -: 5417:                ++__first1;
        -: 5418:            }
        -: 5419:            ++__first2;
        -: 5420:        }
        -: 5421:    }
        -: 5422:    return __result;
        -: 5423:}
        -: 5424:
        -: 5425:template <class _InputIterator1, class _InputIterator2, class _OutputIterator, class _Compare>
        -: 5426:inline _LIBCPP_INLINE_VISIBILITY _LIBCPP_CONSTEXPR_AFTER_CXX17
        -: 5427:_OutputIterator
        -: 5428:set_intersection(_InputIterator1 __first1, _InputIterator1 __last1,
        -: 5429:                 _InputIterator2 __first2, _InputIterator2 __last2, _OutputIterator __result, _Compare __comp)
        -: 5430:{
        -: 5431:    typedef typename __comp_ref_type<_Compare>::type _Comp_ref;
        -: 5432:    return __set_intersection<_Comp_ref>(__first1, __last1, __first2, __last2, __result, __comp);
        -: 5433:}
        -: 5434:
        -: 5435:template <class _InputIterator1, class _InputIterator2, class _OutputIterator>
        -: 5436:inline _LIBCPP_INLINE_VISIBILITY _LIBCPP_CONSTEXPR_AFTER_CXX17
        -: 5437:_OutputIterator
        -: 5438:set_intersection(_InputIterator1 __first1, _InputIterator1 __last1,
        -: 5439:                 _InputIterator2 __first2, _InputIterator2 __last2, _OutputIterator __result)
        -: 5440:{
        -: 5441:    return _VSTD::set_intersection(__first1, __last1, __first2, __last2, __result,
        -: 5442:                                  __less<typename iterator_traits<_InputIterator1>::value_type,
        -: 5443:                                         typename iterator_traits<_InputIterator2>::value_type>());
        -: 5444:}
        -: 5445:
        -: 5446:// set_difference
        -: 5447:
        -: 5448:template <class _Compare, class _InputIterator1, class _InputIterator2, class _OutputIterator>
        -: 5449:_OutputIterator
        -: 5450:__set_difference(_InputIterator1 __first1, _InputIterator1 __last1,
        -: 5451:                 _InputIterator2 __first2, _InputIterator2 __last2, _OutputIterator __result, _Compare __comp)
        -: 5452:{
        -: 5453:    while (__first1 != __last1)
        -: 5454:    {
        -: 5455:        if (__first2 == __last2)
        -: 5456:            return _VSTD::copy(__first1, __last1, __result);
        -: 5457:        if (__comp(*__first1, *__first2))
        -: 5458:        {
        -: 5459:            *__result = *__first1;
        -: 5460:            ++__result;
        -: 5461:            ++__first1;
        -: 5462:        }
        -: 5463:        else
        -: 5464:        {
        -: 5465:            if (!__comp(*__first2, *__first1))
        -: 5466:                ++__first1;
        -: 5467:            ++__first2;
        -: 5468:        }
        -: 5469:    }
        -: 5470:    return __result;
        -: 5471:}
        -: 5472:
        -: 5473:template <class _InputIterator1, class _InputIterator2, class _OutputIterator, class _Compare>
        -: 5474:inline _LIBCPP_INLINE_VISIBILITY
        -: 5475:_OutputIterator
        -: 5476:set_difference(_InputIterator1 __first1, _InputIterator1 __last1,
        -: 5477:               _InputIterator2 __first2, _InputIterator2 __last2, _OutputIterator __result, _Compare __comp)
        -: 5478:{
        -: 5479:    typedef typename __comp_ref_type<_Compare>::type _Comp_ref;
        -: 5480:    return __set_difference<_Comp_ref>(__first1, __last1, __first2, __last2, __result, __comp);
        -: 5481:}
        -: 5482:
        -: 5483:template <class _InputIterator1, class _InputIterator2, class _OutputIterator>
        -: 5484:inline _LIBCPP_INLINE_VISIBILITY
        -: 5485:_OutputIterator
        -: 5486:set_difference(_InputIterator1 __first1, _InputIterator1 __last1,
        -: 5487:               _InputIterator2 __first2, _InputIterator2 __last2, _OutputIterator __result)
        -: 5488:{
        -: 5489:    return _VSTD::set_difference(__first1, __last1, __first2, __last2, __result,
        -: 5490:                                __less<typename iterator_traits<_InputIterator1>::value_type,
        -: 5491:                                       typename iterator_traits<_InputIterator2>::value_type>());
        -: 5492:}
        -: 5493:
        -: 5494:// set_symmetric_difference
        -: 5495:
        -: 5496:template <class _Compare, class _InputIterator1, class _InputIterator2, class _OutputIterator>
        -: 5497:_OutputIterator
        -: 5498:__set_symmetric_difference(_InputIterator1 __first1, _InputIterator1 __last1,
        -: 5499:                           _InputIterator2 __first2, _InputIterator2 __last2, _OutputIterator __result, _Compare __comp)
        -: 5500:{
        -: 5501:    while (__first1 != __last1)
        -: 5502:    {
        -: 5503:        if (__first2 == __last2)
        -: 5504:            return _VSTD::copy(__first1, __last1, __result);
        -: 5505:        if (__comp(*__first1, *__first2))
        -: 5506:        {
        -: 5507:            *__result = *__first1;
        -: 5508:            ++__result;
        -: 5509:            ++__first1;
        -: 5510:        }
        -: 5511:        else
        -: 5512:        {
        -: 5513:            if (__comp(*__first2, *__first1))
        -: 5514:            {
        -: 5515:                *__result = *__first2;
        -: 5516:                ++__result;
        -: 5517:            }
        -: 5518:            else
        -: 5519:                ++__first1;
        -: 5520:            ++__first2;
        -: 5521:        }
        -: 5522:    }
        -: 5523:    return _VSTD::copy(__first2, __last2, __result);
        -: 5524:}
        -: 5525:
        -: 5526:template <class _InputIterator1, class _InputIterator2, class _OutputIterator, class _Compare>
        -: 5527:inline _LIBCPP_INLINE_VISIBILITY
        -: 5528:_OutputIterator
        -: 5529:set_symmetric_difference(_InputIterator1 __first1, _InputIterator1 __last1,
        -: 5530:                         _InputIterator2 __first2, _InputIterator2 __last2, _OutputIterator __result, _Compare __comp)
        -: 5531:{
        -: 5532:    typedef typename __comp_ref_type<_Compare>::type _Comp_ref;
        -: 5533:    return __set_symmetric_difference<_Comp_ref>(__first1, __last1, __first2, __last2, __result, __comp);
        -: 5534:}
        -: 5535:
        -: 5536:template <class _InputIterator1, class _InputIterator2, class _OutputIterator>
        -: 5537:inline _LIBCPP_INLINE_VISIBILITY
        -: 5538:_OutputIterator
        -: 5539:set_symmetric_difference(_InputIterator1 __first1, _InputIterator1 __last1,
        -: 5540:                         _InputIterator2 __first2, _InputIterator2 __last2, _OutputIterator __result)
        -: 5541:{
        -: 5542:    return _VSTD::set_symmetric_difference(__first1, __last1, __first2, __last2, __result,
        -: 5543:                                          __less<typename iterator_traits<_InputIterator1>::value_type,
        -: 5544:                                                 typename iterator_traits<_InputIterator2>::value_type>());
        -: 5545:}
        -: 5546:
        -: 5547:// lexicographical_compare
        -: 5548:
        -: 5549:template <class _Compare, class _InputIterator1, class _InputIterator2>
        -: 5550:_LIBCPP_CONSTEXPR_AFTER_CXX17 bool
        -: 5551:__lexicographical_compare(_InputIterator1 __first1, _InputIterator1 __last1,
        -: 5552:                          _InputIterator2 __first2, _InputIterator2 __last2, _Compare __comp)
        -: 5553:{
        -: 5554:    for (; __first2 != __last2; ++__first1, (void) ++__first2)
        -: 5555:    {
        -: 5556:        if (__first1 == __last1 || __comp(*__first1, *__first2))
        -: 5557:            return true;
        -: 5558:        if (__comp(*__first2, *__first1))
        -: 5559:            return false;
        -: 5560:    }
        -: 5561:    return false;
        -: 5562:}
        -: 5563:
        -: 5564:template <class _InputIterator1, class _InputIterator2, class _Compare>
        -: 5565:_LIBCPP_NODISCARD_EXT inline
        -: 5566:_LIBCPP_INLINE_VISIBILITY _LIBCPP_CONSTEXPR_AFTER_CXX17
        -: 5567:bool
        -: 5568:lexicographical_compare(_InputIterator1 __first1, _InputIterator1 __last1,
        -: 5569:                        _InputIterator2 __first2, _InputIterator2 __last2, _Compare __comp)
        -: 5570:{
        -: 5571:    typedef typename __comp_ref_type<_Compare>::type _Comp_ref;
        -: 5572:    return __lexicographical_compare<_Comp_ref>(__first1, __last1, __first2, __last2, __comp);
        -: 5573:}
        -: 5574:
        -: 5575:template <class _InputIterator1, class _InputIterator2>
        -: 5576:_LIBCPP_NODISCARD_EXT inline
        -: 5577:_LIBCPP_INLINE_VISIBILITY _LIBCPP_CONSTEXPR_AFTER_CXX17
        -: 5578:bool
        -: 5579:lexicographical_compare(_InputIterator1 __first1, _InputIterator1 __last1,
        -: 5580:                        _InputIterator2 __first2, _InputIterator2 __last2)
        -: 5581:{
        -: 5582:    return _VSTD::lexicographical_compare(__first1, __last1, __first2, __last2,
        -: 5583:                                         __less<typename iterator_traits<_InputIterator1>::value_type,
        -: 5584:                                                typename iterator_traits<_InputIterator2>::value_type>());
        -: 5585:}
        -: 5586:
        -: 5587:// next_permutation
        -: 5588:
        -: 5589:template <class _Compare, class _BidirectionalIterator>
        -: 5590:bool
        -: 5591:__next_permutation(_BidirectionalIterator __first, _BidirectionalIterator __last, _Compare __comp)
        -: 5592:{
        -: 5593:    _BidirectionalIterator __i = __last;
        -: 5594:    if (__first == __last || __first == --__i)
        -: 5595:        return false;
        -: 5596:    while (true)
        -: 5597:    {
        -: 5598:        _BidirectionalIterator __ip1 = __i;
        -: 5599:        if (__comp(*--__i, *__ip1))
        -: 5600:        {
        -: 5601:            _BidirectionalIterator __j = __last;
        -: 5602:            while (!__comp(*__i, *--__j))
        -: 5603:                ;
        -: 5604:            swap(*__i, *__j);
        -: 5605:            _VSTD::reverse(__ip1, __last);
        -: 5606:            return true;
        -: 5607:        }
        -: 5608:        if (__i == __first)
        -: 5609:        {
        -: 5610:            _VSTD::reverse(__first, __last);
        -: 5611:            return false;
        -: 5612:        }
        -: 5613:    }
        -: 5614:}
        -: 5615:
        -: 5616:template <class _BidirectionalIterator, class _Compare>
        -: 5617:inline _LIBCPP_INLINE_VISIBILITY
        -: 5618:bool
        -: 5619:next_permutation(_BidirectionalIterator __first, _BidirectionalIterator __last, _Compare __comp)
        -: 5620:{
        -: 5621:    typedef typename __comp_ref_type<_Compare>::type _Comp_ref;
        -: 5622:    return __next_permutation<_Comp_ref>(__first, __last, __comp);
        -: 5623:}
        -: 5624:
        -: 5625:template <class _BidirectionalIterator>
        -: 5626:inline _LIBCPP_INLINE_VISIBILITY
        -: 5627:bool
        -: 5628:next_permutation(_BidirectionalIterator __first, _BidirectionalIterator __last)
        -: 5629:{
        -: 5630:    return _VSTD::next_permutation(__first, __last,
        -: 5631:                                  __less<typename iterator_traits<_BidirectionalIterator>::value_type>());
        -: 5632:}
        -: 5633:
        -: 5634:// prev_permutation
        -: 5635:
        -: 5636:template <class _Compare, class _BidirectionalIterator>
        -: 5637:bool
        -: 5638:__prev_permutation(_BidirectionalIterator __first, _BidirectionalIterator __last, _Compare __comp)
        -: 5639:{
        -: 5640:    _BidirectionalIterator __i = __last;
        -: 5641:    if (__first == __last || __first == --__i)
        -: 5642:        return false;
        -: 5643:    while (true)
        -: 5644:    {
        -: 5645:        _BidirectionalIterator __ip1 = __i;
        -: 5646:        if (__comp(*__ip1, *--__i))
        -: 5647:        {
        -: 5648:            _BidirectionalIterator __j = __last;
        -: 5649:            while (!__comp(*--__j, *__i))
        -: 5650:                ;
        -: 5651:            swap(*__i, *__j);
        -: 5652:            _VSTD::reverse(__ip1, __last);
        -: 5653:            return true;
        -: 5654:        }
        -: 5655:        if (__i == __first)
        -: 5656:        {
        -: 5657:            _VSTD::reverse(__first, __last);
        -: 5658:            return false;
        -: 5659:        }
        -: 5660:    }
        -: 5661:}
        -: 5662:
        -: 5663:template <class _BidirectionalIterator, class _Compare>
        -: 5664:inline _LIBCPP_INLINE_VISIBILITY
        -: 5665:bool
        -: 5666:prev_permutation(_BidirectionalIterator __first, _BidirectionalIterator __last, _Compare __comp)
        -: 5667:{
        -: 5668:    typedef typename __comp_ref_type<_Compare>::type _Comp_ref;
        -: 5669:    return __prev_permutation<_Comp_ref>(__first, __last, __comp);
        -: 5670:}
        -: 5671:
        -: 5672:template <class _BidirectionalIterator>
        -: 5673:inline _LIBCPP_INLINE_VISIBILITY
        -: 5674:bool
        -: 5675:prev_permutation(_BidirectionalIterator __first, _BidirectionalIterator __last)
        -: 5676:{
        -: 5677:    return _VSTD::prev_permutation(__first, __last,
        -: 5678:                                  __less<typename iterator_traits<_BidirectionalIterator>::value_type>());
        -: 5679:}
        -: 5680:
        -: 5681:_LIBCPP_END_NAMESPACE_STD
        -: 5682:
        -: 5683:_LIBCPP_POP_MACROS
        -: 5684:
        -: 5685:#endif  // _LIBCPP_ALGORITHM
