<?xml version="1.0" encoding="UTF-8"?>
<testsuite xmlns:xsi="http://www.w3.org/2001/XMLSchema-instance" xsi:noNamespaceSchemaLocation="https://maven.apache.org/surefire/maven-failsafe-plugin/xsd/failsafe-test-report-3.0.xsd" version="3.0" name="org.example.features.search.SearchByKeywordStory" time="43.734" tests="3" errors="0" skipped="1" failures="2">
  <properties>
[...]
</properties>
  <testcase name="searching_by_keyword_banana_should_display_the_corresponding_article" classname="org.example.features.search.SearchByKeywordStory" time="29.563">
    <failure message="&#10;Expected: a collection containing a string containing &quot;An edible fruit produced by the pear tree, similar to an apple but elongated towards the stem.&quot;&#10;     but: was &quot;Top Favorite&quot;, was &quot;Deodorant spray Dove Go Fresh Pear &amp; Aloe Vera, 250 ml&quot;, was &quot;5(2)&quot;, was &quot;&quot;, was &quot;Mini narghilea electronica de unica folosinta AK Senator - Mango Apple Pear 700 pufuri&quot;, was &quot;&quot;, was &quot;Lichid King’s Dew FRUIT - Apple Pear ,100ml ,0mg/ml&quot;, was &quot;&quot;, was &quot;Deodorant roll-on Dove Pear Aloe Vera, 50 ml&quot;, was &quot;Top Favorite&quot;, was &quot;e-Crystal - Cercei Argint 925 placat cu rodiu cu cristale Swarovski® Pear Aurore Boreale 16 mm Leverback&quot;, was &quot;Promovat&quot;, was &quot;Deodorant roll-on Dove Matcha&amp;Sakura Blossom, 40 ml&quot;, was &quot;5(1)&quot;, was &quot;&quot;, was &quot;Mini narghilea electronica de unica folosinta fara nicotina Minesota Mango Apple Pear, 0 mg, 700 pufuri&quot;, was &quot;&quot;, was &quot;Odorizant auto Power Air tip cutie, eliminare treptata parfum, aroma extra scent apple &amp; pear&quot;, was &quot;4(13)&quot;, was &quot;Promovat&quot;, was &quot;Deodorant roll-on Dove AluFree Original, 40 ml&quot;, was &quot;5(2)&quot;, was &quot;&quot;, was &quot;Apa de Colonie Jo Malone English Pear &amp; Freesia, Unisex 30 ml&quot;, was &quot;1(1)&quot;, was &quot;&quot;, was &quot;Set 6 x Deodorant Antiperspirant, Roll-On 48h, Dove Go Fresh, Pear &amp; Aloe Vera Scent, 50 ml&quot;, was &quot;Promovat&quot;, was &quot;Deodorant spray Dove AluFree Cucumber&amp;Green Tea, 150 ml&quot;, was &quot;3.67(3)&quot;, was &quot;&quot;, was &quot;e-Crystal - Cercei Argint 925 placat cu rodiu cu cristale Swarovski® Pear Bermuda Blue 16 mm Leverback&quot;, was &quot;&quot;, was &quot;e-Crystal - Cercei Argint 925 placat cu rodiu cu cristale Swarovski® Pear CAL 16 mm Leverback&quot;, was &quot;Promovat&quot;, was &quot;Deodorant spray Dove AluFree Original, 150 ml&quot;, was &quot;5(1)&quot;, was &quot;&quot;, was &quot;Boutique 23 - Set Cercei si Colier Pear II din argint 925, culoare argintiu, inclus cutie bijuterii&quot;, was &quot;&quot;, was &quot;Parfum pentru par Jo Malone Pear &amp; Freesia Hair Mist, Femei, 30 ml&quot;, was &quot;Promovat&quot;, was &quot;Deodorant antiperspirant roll-on Dove Invisible Dry, 50 ml&quot;, was &quot;&quot;, was &quot;e-Crystal - Cercei Argint 925 placat cu rodiu cu cristale Swarovski® Pear Aquamarine AB 16 mm Leverback&quot;, was &quot;&quot;, was &quot;e-Crystal - Cercei Argint 925 placat cu rodiu cu cristale Swarovski® Xirius Fancy Pear 6-10mm Font Back Crystal Clear&quot;, was &quot;Promovat&#10;Super Pret&quot;, was &quot;Deodorant spray Dove AluFree Peach Lemon, 150 ml&quot;, was &quot;5(5)&quot;, was &quot;&quot;, was &quot;Fotoliu puf Topcho Big Pear, Poliestiren, 120x100 cm, Cyan&quot;, was &quot;5(2)&quot;, was &quot;&quot;, was &quot;e-Crystal - Cercei Argint 925 placat cu rodiu cu cristale Swarovski® Pear Silver Night 16 mm Leverback&quot;, was &quot;Promovat&quot;, was &quot;Deodorant spray Dove Invisible Dry, 150 ml&quot;, was &quot;5(3)&quot;, was &quot;&quot;, was &quot;e-Crystal - Cercei Argint 925 placat cu rodiu cu cristale Swarovski® Pear Peridot AB 16 mm Leverback&quot;, was &quot;&quot;, was &quot;e-Crystal - Cercei Argint 925 placat cu rodiu cu cristale Swarovski® Fancy Pear 14mm Crystal Clear, Hook&quot;, was &quot;Promovat&#10;Top Favorite&quot;, was &quot;Apa De Parfum Liu Jo Lovely Me Femei 30 ml, Italy&quot;, was &quot;5(1)&quot;, was &quot;&quot;, was &quot;Apa de Toaleta Elizabeth Arden, Green Tea Pear Blossom, Femei, 100 ml&quot;, was &quot;&quot;, was &quot;Extract de Parfum Lorinna English Pear, Niche Series, 50 ml, de dama&quot;, was &quot;&quot;, was &quot;Boutique 23 - Cercei Pear Mood, model stare de spirit care isi schimba culoarea, argint 925 rodiat, argintiu, inclus cutie bijuterii&quot;, was &quot;&quot;, was &quot;e-Crystal - Cercei Argint 925 placat cu rodiu cu cristale Swarovski® Pear Burgundy - Blue Zircon 16 mm Leverback&quot;, was &quot;&quot;, was &quot;Antiperspirant spray Dove Pear Aloe Vera, 200 ml&quot;, was &quot;Super Pret&quot;, was &quot;Fotoliu gonflabil Intex, 114 x 114 x 71cm, gri&quot;, was &quot;4.28(111)&quot;, was &quot;&quot;, was &quot;Pachet Lichid Tigara Electronica King&apos;s Dew FRUT - Apple Pear ,3.33mg/ml ,120ml cu Nicotina&quot;, was &quot;5(1)&quot;, was &quot;&quot;, was &quot;e-Crystal - Cercei Argint 925 placat cu rodiu cu cristale Swarovski® Fancy Pear 10mm Font Back Emerald&quot;, was &quot;&quot;, was &quot;Fotoliu puf Topcho Big Pear, Poliestiren, 120x100 cm, Gri inchis&quot;, was &quot;5(2)&quot;, was &quot;&quot;, was &quot;e-Crystal - Cercei Argint 925 placat cu rodiu cu cristale Swarovski® Queen Pear Emerald Surub&quot;, was &quot;&quot;, was &quot;Fotoliu tip Puf Topcho, Small Pear, 90x75x75cm, Gri&quot;, was &quot;2(1)&quot;, was &quot;&quot;, was &quot;Apa de parfum arabesc , VICTORIAN ROSE , Femei , 100 ml&quot;, was &quot;5(1)&quot;, was &quot;Super Pret&quot;, was &quot;Deodorant antiperspirant spray Dove Para si Aloe Vera, 150 ml&quot;, was &quot;5(2)&quot;, was &quot;&quot;, was &quot;Pachet Lichid Tigara Electronica King&apos;s Dew FRUT - Apple Pear ,1.8mg/ml ,110ml cu Nicotina&quot;, was &quot;Super Pret&quot;, was &quot;Apa de parfum arabesc , FLORANCE , Barbati , 100 ml&quot;, was &quot;&quot;, was &quot;e-Crystal - Bratara Argint 925 placat cu rodiu cu cristale Swarovski® Fancy Pear Silver Night Reglabila&quot;, was &quot;&quot;, was &quot;Fotoliu tip Puf Topcho, Small Pear, 90x75x75cm, Roz pal&quot;, was &quot;2(1)&quot;, was &quot;Super Pret&quot;, was &quot;e-Crystal - Bratara Argint 925 placat cu rodiu cu cristale Swarovski® Fancy Pear Crystal Clear Reglabila&quot;, was &quot;&quot;, was &quot;Boutique 23 - Set Argint 925 Colier si Cercei din argint Pear II, culoare argintiu, inclus cutie bijuterii&quot;, was &quot;&quot;, was &quot;Fotoliu puff/para Buona Notte Pear, 80x80x85 cm, Culoare chocolatte&quot;, was &quot;Super Pret&quot;, was &quot;Apa de Parfum Wadi al Khaleej, Florance, Femei, 100 ml&quot;, was &quot;5(1)&quot;, was &quot;&quot;, was &quot;Fotoliu tip Puf Topcho, Little Pear, Damasc, 75x90cm, Rosu&quot;, was &quot;&quot;, was &quot;Fotoliu tip Puf Topcho, Little Pear, Piele ecologica, 75x90cm, Albastru&quot;, was &quot;&quot;, was &quot;Fotoliu tip Puf Topcho, Little Pear, 75x90cm, Bej deschis&quot;, was &quot;&quot;, was &quot;Apa de Parfum Wadi al Khaleej, Downtown Dubai, Unisex, 100 ml&quot;, was &quot;3(1)&quot;, was &quot;&quot;, was &quot;Fotoliu tip Puf Topcho, Little Pear, 75x90cm, Negru&quot;, was &quot;&quot;, was &quot;Fotoliu puf Topcho Big Pear, Poliestiren, 120x100 cm, Alb murdar&quot;, was &quot;5(2)&quot;, was &quot;&quot;, was &quot;Fotoliu puf Topcho Big Pear, Poliestiren, 120x100 cm, Bej&quot;, was &quot;5(2)&quot;, was &quot;&quot;, was &quot;Fotoliu tip Puf Topcho, Little Pear, Piele ecologica, Albastru&quot;, was &quot;&quot;, was &quot;e-Crystal - Cercei Argint 925 placat cu rodiu cu cristale Swarovski® Fancy Pear Chain 10mm Silver Night&quot;, was &quot;&quot;, was &quot;Fotoliu tip Puf Topcho, Little Pear, Piele ecologica, 75x90cm, Galben mustar&quot;, was &quot;&quot;, was &quot;OEM - Cercei argint pear 16Blue, Multicolor&quot;, was &quot;&quot;, was &quot;Fotoliu tip Puf Topcho, Little Pear, Damasc, 75x90cm, Albastru&quot;, was &quot;&quot;, was &quot;Fotoliu tip Puf Topcho, Little Pear, 4kg, Damasc, Galben&quot;, was &quot;&quot;, was &quot;Bijouxmania - Cercei Argint Pear Emerald&quot;, was &quot;&quot;, was &quot;Fotoliu tip Puf Topcho, Little Pear, Damasc, 90x75cm, Verde&quot;, was &quot;&quot;, was &quot;Fotoliu tip Puf Topcho, Little Pear, Damasc, 75x90cm, Gri inchis&quot;, was &quot;&quot;, was &quot;e-Crystal - Cercei Argint 925 placat cu rodiu cu cristale Swarovski® Xirius Fancy Pear 6-10mm Font Back Silver Night&quot;, was &quot;&quot;, was &quot;Fotoliu puf Topcho, Model Pear, Husa detasabila, Damasc, Curatare usoara, Umplutura perle polistiren, Albastru&quot;, was &quot;3(2)&quot;, was &quot;Deschide Romania&quot;, was &quot;Flori de gheata - Cercei Argint 925 Leverback Pear 16 mm Crystal Shimmer&quot;, was &quot;Deschide Romania&quot;, was &quot;Flori de gheata - Cercei Argint 925 Leverback Pear 16 Light Siam&quot;" type="java.lang.AssertionError"><![CDATA[java.lang.AssertionError: 

Expected: a collection containing a string containing "An edible fruit produced by the pear tree, similar to an apple but elongated towards the stem."
     but: was "Top Favorite", was "Deodorant spray Dove Go Fresh Pear & Aloe Vera, 250 ml", was "5(2)", was "", was "Mini narghilea electronica de unica folosinta AK Senator - Mango Apple Pear 700 pufuri", was "", was "Lichid King’s Dew FRUIT - Apple Pear ,100ml ,0mg/ml", was "", was "Deodorant roll-on Dove Pear Aloe Vera, 50 ml", was "Top Favorite", was "e-Crystal - Cercei Argint 925 placat cu rodiu cu cristale Swarovski® Pear Aurore Boreale 16 mm Leverback", was "Promovat", was "Deodorant roll-on Dove Matcha&Sakura Blossom, 40 ml", was "5(1)", was "", was "Mini narghilea electronica de unica folosinta fara nicotina Minesota Mango Apple Pear, 0 mg, 700 pufuri", was "", was "Odorizant auto Power Air tip cutie, eliminare treptata parfum, aroma extra scent apple & pear", was "4(13)", was "Promovat", was "Deodorant roll-on Dove AluFree Original, 40 ml", was "5(2)", was "", was "Apa de Colonie Jo Malone English Pear & Freesia, Unisex 30 ml", was "1(1)", was "", was "Set 6 x Deodorant Antiperspirant, Roll-On 48h, Dove Go Fresh, Pear & Aloe Vera Scent, 50 ml", was "Promovat", was "Deodorant spray Dove AluFree Cucumber&Green Tea, 150 ml", was "3.67(3)", was "", was "e-Crystal - Cercei Argint 925 placat cu rodiu cu cristale Swarovski® Pear Bermuda Blue 16 mm Leverback", was "", was "e-Crystal - Cercei Argint 925 placat cu rodiu cu cristale Swarovski® Pear CAL 16 mm Leverback", was "Promovat", was "Deodorant spray Dove AluFree Original, 150 ml", was "5(1)", was "", was "Boutique 23 - Set Cercei si Colier Pear II din argint 925, culoare argintiu, inclus cutie bijuterii", was "", was "Parfum pentru par Jo Malone Pear & Freesia Hair Mist, Femei, 30 ml", was "Promovat", was "Deodorant antiperspirant roll-on Dove Invisible Dry, 50 ml", was "", was "e-Crystal - Cercei Argint 925 placat cu rodiu cu cristale Swarovski® Pear Aquamarine AB 16 mm Leverback", was "", was "e-Crystal - Cercei Argint 925 placat cu rodiu cu cristale Swarovski® Xirius Fancy Pear 6-10mm Font Back Crystal Clear", was "Promovat
Super Pret", was "Deodorant spray Dove AluFree Peach Lemon, 150 ml", was "5(5)", was "", was "Fotoliu puf Topcho Big Pear, Poliestiren, 120x100 cm, Cyan", was "5(2)", was "", was "e-Crystal - Cercei Argint 925 placat cu rodiu cu cristale Swarovski® Pear Silver Night 16 mm Leverback", was "Promovat", was "Deodorant spray Dove Invisible Dry, 150 ml", was "5(3)", was "", was "e-Crystal - Cercei Argint 925 placat cu rodiu cu cristale Swarovski® Pear Peridot AB 16 mm Leverback", was "", was "e-Crystal - Cercei Argint 925 placat cu rodiu cu cristale Swarovski® Fancy Pear 14mm Crystal Clear, Hook", was "Promovat
Top Favorite", was "Apa De Parfum Liu Jo Lovely Me Femei 30 ml, Italy", was "5(1)", was "", was "Apa de Toaleta Elizabeth Arden, Green Tea Pear Blossom, Femei, 100 ml", was "", was "Extract de Parfum Lorinna English Pear, Niche Series, 50 ml, de dama", was "", was "Boutique 23 - Cercei Pear Mood, model stare de spirit care isi schimba culoarea, argint 925 rodiat, argintiu, inclus cutie bijuterii", was "", was "e-Crystal - Cercei Argint 925 placat cu rodiu cu cristale Swarovski® Pear Burgundy - Blue Zircon 16 mm Leverback", was "", was "Antiperspirant spray Dove Pear Aloe Vera, 200 ml", was "Super Pret", was "Fotoliu gonflabil Intex, 114 x 114 x 71cm, gri", was "4.28(111)", was "", was "Pachet Lichid Tigara Electronica King's Dew FRUT - Apple Pear ,3.33mg/ml ,120ml cu Nicotina", was "5(1)", was "", was "e-Crystal - Cercei Argint 925 placat cu rodiu cu cristale Swarovski® Fancy Pear 10mm Font Back Emerald", was "", was "Fotoliu puf Topcho Big Pear, Poliestiren, 120x100 cm, Gri inchis", was "5(2)", was "", was "e-Crystal - Cercei Argint 925 placat cu rodiu cu cristale Swarovski® Queen Pear Emerald Surub", was "", was "Fotoliu tip Puf Topcho, Small Pear, 90x75x75cm, Gri", was "2(1)", was "", was "Apa de parfum arabesc , VICTORIAN ROSE , Femei , 100 ml", was "5(1)", was "Super Pret", was "Deodorant antiperspirant spray Dove Para si Aloe Vera, 150 ml", was "5(2)", was "", was "Pachet Lichid Tigara Electronica King's Dew FRUT - Apple Pear ,1.8mg/ml ,110ml cu Nicotina", was "Super Pret", was "Apa de parfum arabesc , FLORANCE , Barbati , 100 ml", was "", was "e-Crystal - Bratara Argint 925 placat cu rodiu cu cristale Swarovski® Fancy Pear Silver Night Reglabila", was "", was "Fotoliu tip Puf Topcho, Small Pear, 90x75x75cm, Roz pal", was "2(1)", was "Super Pret", was "e-Crystal - Bratara Argint 925 placat cu rodiu cu cristale Swarovski® Fancy Pear Crystal Clear Reglabila", was "", was "Boutique 23 - Set Argint 925 Colier si Cercei din argint Pear II, culoare argintiu, inclus cutie bijuterii", was "", was "Fotoliu puff/para Buona Notte Pear, 80x80x85 cm, Culoare chocolatte", was "Super Pret", was "Apa de Parfum Wadi al Khaleej, Florance, Femei, 100 ml", was "5(1)", was "", was "Fotoliu tip Puf Topcho, Little Pear, Damasc, 75x90cm, Rosu", was "", was "Fotoliu tip Puf Topcho, Little Pear, Piele ecologica, 75x90cm, Albastru", was "", was "Fotoliu tip Puf Topcho, Little Pear, 75x90cm, Bej deschis", was "", was "Apa de Parfum Wadi al Khaleej, Downtown Dubai, Unisex, 100 ml", was "3(1)", was "", was "Fotoliu tip Puf Topcho, Little Pear, 75x90cm, Negru", was "", was "Fotoliu puf Topcho Big Pear, Poliestiren, 120x100 cm, Alb murdar", was "5(2)", was "", was "Fotoliu puf Topcho Big Pear, Poliestiren, 120x100 cm, Bej", was "5(2)", was "", was "Fotoliu tip Puf Topcho, Little Pear, Piele ecologica, Albastru", was "", was "e-Crystal - Cercei Argint 925 placat cu rodiu cu cristale Swarovski® Fancy Pear Chain 10mm Silver Night", was "", was "Fotoliu tip Puf Topcho, Little Pear, Piele ecologica, 75x90cm, Galben mustar", was "", was "OEM - Cercei argint pear 16Blue, Multicolor", was "", was "Fotoliu tip Puf Topcho, Little Pear, Damasc, 75x90cm, Albastru", was "", was "Fotoliu tip Puf Topcho, Little Pear, 4kg, Damasc, Galben", was "", was "Bijouxmania - Cercei Argint Pear Emerald", was "", was "Fotoliu tip Puf Topcho, Little Pear, Damasc, 90x75cm, Verde", was "", was "Fotoliu tip Puf Topcho, Little Pear, Damasc, 75x90cm, Gri inchis", was "", was "e-Crystal - Cercei Argint 925 placat cu rodiu cu cristale Swarovski® Xirius Fancy Pear 6-10mm Font Back Silver Night", was "", was "Fotoliu puf Topcho, Model Pear, Husa detasabila, Damasc, Curatare usoara, Umplutura perle polistiren, Albastru", was "3(2)", was "Deschide Romania", was "Flori de gheata - Cercei Argint 925 Leverback Pear 16 mm Crystal Shimmer", was "Deschide Romania", was "Flori de gheata - Cercei Argint 925 Leverback Pear 16 Light Siam"
	at org.example.features.search.SearchByKeywordStory.searching_by_keyword_banana_should_display_the_corresponding_article(SearchByKeywordStory.java:37)
]]></failure>
    <system-err><![CDATA[[main] INFO  - 

-------------------------------------------------------------------------------------
     _______. _______ .______       _______ .__   __.  __  .___________.____    ____ 
    /       ||   ____||   _  \     |   ____||  \ |  | |  | |           |\   \  /   / 
   |   (----`|  |__   |  |_)  |    |  |__   |   \|  | |  | `---|  |----` \   \/   /  
    \   \    |   __|  |      /     |   __|  |  . `  | |  |     |  |       \_    _/   
.----)   |   |  |____ |  |\  \----.|  |____ |  |\   | |  |     |  |         |  |     
|_______/    |_______|| _| `._____||_______||__| \__| |__|     |__|         |__|    
                                                                                     
 News and tutorials at http://www.serenity-bdd.info                                  
 Documentation at https://wakaleo.gitbooks.io/the-serenity-book/content/             
 Join the Serenity Community on Gitter: https://gitter.im/serenity-bdd/serenity-core 
 Serenity BDD Support and Training at http://serenity-bdd.info/#/trainingandsupport  
-------------------------------------------------------------------------------------

[main] INFO  - Test Suite Started: Search by keyword story
[main] INFO  - 
 _____ _____ ____ _____   ____ _____  _    ____ _____ _____ ____  
|_   _| ____/ ___|_   _| / ___|_   _|/ \  |  _ \_   _| ____|  _ \ 
  | | |  _| \___ \ | |   \___ \ | | / _ \ | |_) || | |  _| | | | |
  | | | |___ ___) || |    ___) || |/ ___ \|  _ < | | | |___| |_| |
  |_| |_____|____/ |_|   |____/ |_/_/   \_\_| \_\|_| |_____|____/ 

searching_by_keyword_banana_should_display_the_corresponding_article
-------------------------------------------------------------------
[main] INFO net.serenitybdd.core.webdriver.driverproviders.ChromeDriverProvider - Using automatically driver download
[main] INFO io.github.bonigarcia.wdm.WebDriverManager - Using chromedriver 101.0.4951.41 (since Chrome 101 is installed in your machine)
[main] INFO io.github.bonigarcia.wdm.WebDriverManager - Exporting webdriver.chrome.driver as /Users/paulcolta/.m2/repository/webdriver/chromedriver/mac64/101.0.4951.41/chromedriver
[main] INFO net.serenitybdd.core.webdriver.driverproviders.ProvideNewDriver - Instantiating driver
[main] INFO net.serenitybdd.core.webdriver.driverproviders.ProvideNewDriver - Driver capabilities: Capabilities {acceptInsecureCerts: false, browserName: chrome, goog:chromeOptions: {args: [--headless], extensions: []}, loggingPrefs: org.openqa.selenium.logging...}
Starting ChromeDriver 101.0.4951.41 (93c720db8323b3ec10d056025ab95c23a31997c9-refs/branch-heads/4951@{#904}) on port 37982
Only local connections are allowed.
Please see https://chromedriver.chromium.org/security-considerations for suggestions on keeping ChromeDriver safe.
ChromeDriver was started successfully.
May 09, 2022 8:44:27 AM org.openqa.selenium.remote.ProtocolHandshake createSession
INFO: Detected dialect: W3C
]]></system-err>
  </testcase>
  <testcase name="searching_by_ambiguious_keyword_should_display_the_disambiguation_page" classname="org.example.features.search.SearchByKeywordStory" time="0">
    <skipped/>
    <system-err><![CDATA[[main] ERROR  - 
           __  _____ _____ ____ _____   _____ _    ___ _     _____ ____  
  _       / / |_   _| ____/ ___|_   _| |  ___/ \  |_ _| |   | ____|  _ \ 
 (_)_____| |    | | |  _| \___ \ | |   | |_ / _ \  | || |   |  _| | | | |
  _|_____| |    | | | |___ ___) || |   |  _/ ___ \ | || |___| |___| |_| |
 (_)     | |    |_| |_____|____/ |_|   |_|/_/   \_\___|_____|_____|____/ 
          \_\                                                            

Searching by keyword banana should display the corresponding article
--------------------------------------------------------------------------
[main] ERROR  -     Test failed at step: Should see definition: An edible fruit produced by the pear tree, similar to an apple but elongated towards the stem.
[main] ERROR  -     Expected: a collection containing a string containing "An edible fruit produced by the pear tree, similar to an apple but elongated towards the stem." but: was "Top Favorite", was "Deodorant spray Dove Go Fresh Pear & Aloe Vera, 250 ml", was "5(2)", was "", was "Mini narghilea electronica de unica folosinta AK Senator - Mango Apple Pear 700 pufuri", was "", was "Lichid King’s Dew FRUIT - Apple Pear ,100ml ,0mg/ml", was "", was "Deodorant roll-on Dove Pear Aloe Vera, 50 ml", was "Top Favorite", was "e-Crystal - Cercei Argint 925 placat cu rodiu cu cristale Swarovski® Pear Aurore Boreale 16 mm Leverback", was "Promovat", was "Deodorant roll-on Dove Matcha&Sakura Blossom, 40 ml", was "5(1)", was "", was "Mini narghilea electronica de unica folosinta fara nicotina Minesota Mango Apple Pear, 0 mg, 700 pufuri", was "", was "Odorizant auto Power Air tip cutie, eliminare treptata parfum, aroma extra scent apple & pear", was "4(13)", was "Promovat", was "Deodorant roll-on Dove AluFree Original, 40 ml", was "5(2)", was "", was "Apa de Colonie Jo Malone English Pear & Freesia, Unisex 30 ml", was "1(1)", was "", was "Set 6 x Deodorant Antiperspirant, Roll-On 48h, Dove Go Fresh, Pear & Aloe Vera Scent, 50 ml", was "Promovat", was "Deodorant spray Dove AluFree Cucumber&Green Tea, 150 ml", was "3.67(3)", was "", was "e-Crystal - Cercei Argint 925 placat cu rodiu cu cristale Swarovski® Pear Bermuda Blue 16 mm Leverback", was "", was "e-Crystal - Cercei Argint 925 placat cu rodiu cu cristale Swarovski® Pear CAL 16 mm Leverback", was "Promovat", was "Deodorant spray Dove AluFree Original, 150 ml", was "5(1)", was "", was "Boutique 23 - Set Cercei si Colier Pear II din argint 925, culoare argintiu, inclus cutie bijuterii", was "", was "Parfum pentru par Jo Malone Pear & Freesia Hair Mist, Femei, 30 ml", was "Promovat", was "Deodorant antiperspirant roll-on Dove Invisible Dry, 50 ml", was "", was "e-Crystal - Cercei Argint 925 placat cu rodiu cu cristale Swarovski® Pear Aquamarine AB 16 mm Leverback", was "", was "e-Crystal - Cercei Argint 925 placat cu rodiu cu cristale Swarovski® Xirius Fancy Pear 6-10mm Font Back Crystal Clear", was "PromovatSuper Pret", was "Deodorant spray Dove AluFree Peach Lemon, 150 ml", was "5(5)", was "", was "Fotoliu puf Topcho Big Pear, Poliestiren, 120x100 cm, Cyan", was "5(2)", was "", was "e-Crystal - Cercei Argint 925 placat cu rodiu cu cristale Swarovski® Pear Silver Night 16 mm Leverback", was "Promovat", was "Deodorant spray Dove Invisible Dry, 150 ml", was "5(3)", was "", was "e-Crystal - Cercei Argint 925 placat cu rodiu cu cristale Swarovski® Pear Peridot AB 16 mm Leverback", was "", was "e-Crystal - Cercei Argint 925 placat cu rodiu cu cristale Swarovski® Fancy Pear 14mm Crystal Clear, Hook", was "PromovatTop Favorite", was "Apa De Parfum Liu Jo Lovely Me Femei 30 ml, Italy", was "5(1)", was "", was "Apa de Toaleta Elizabeth Arden, Green Tea Pear Blossom, Femei, 100 ml", was "", was "Extract de Parfum Lorinna English Pear, Niche Series, 50 ml, de dama", was "", was "Boutique 23 - Cercei Pear Mood, model stare de spirit care isi schimba culoarea, argint 925 rodiat, argintiu, inclus cutie bijuterii", was "", was "e-Crystal - Cercei Argint 925 placat cu rodiu cu cristale Swarovski® Pear Burgundy - Blue Zircon 16 mm Leverback", was "", was "Antiperspirant spray Dove Pear Aloe Vera, 200 ml", was "Super Pret", was "Fotoliu gonflabil Intex, 114 x 114 x 71cm, gri", was "4.28(111)", was "", was "Pachet Lichid Tigara Electronica King's Dew FRUT - Apple Pear ,3.33mg/ml ,120ml cu Nicotina", was "5(1)", was "", was "e-Crystal - Cercei Argint 925 placat cu rodiu cu cristale Swarovski® Fancy Pear 10mm Font Back Emerald", was "", was "Fotoliu puf Topcho Big Pear, Poliestiren, 120x100 cm, Gri inchis", was "5(2)", was "", was "e-Crystal - Cercei Argint 925 placat cu rodiu cu cristale Swarovski® Queen Pear Emerald Surub", was "", was "Fotoliu tip Puf Topcho, Small Pear, 90x75x75cm, Gri", was "2(1)", was "", was "Apa de parfum arabesc , VICTORIAN ROSE , Femei , 100 ml", was "5(1)", was "Super Pret", was "Deodorant antiperspirant spray Dove Para si Aloe Vera, 150 ml", was "5(2)", was "", was "Pachet Lichid Tigara Electronica King's Dew FRUT - Apple Pear ,1.8mg/ml ,110ml cu Nicotina", was "Super Pret", was "Apa de parfum arabesc , FLORANCE , Barbati , 100 ml", was "", was "e-Crystal - Bratara Argint 925 placat cu rodiu cu cristale Swarovski® Fancy Pear Silver Night Reglabila", was "", was "Fotoliu tip Puf Topcho, Small Pear, 90x75x75cm, Roz pal", was "2(1)", was "Super Pret", was "e-Crystal - Bratara Argint 925 placat cu rodiu cu cristale Swarovski® Fancy Pear Crystal Clear Reglabila", was "", was "Boutique 23 - Set Argint 925 Colier si Cercei din argint Pear II, culoare argintiu, inclus cutie bijuterii", was "", was "Fotoliu puff/para Buona Notte Pear, 80x80x85 cm, Culoare chocolatte", was "Super Pret", was "Apa de Parfum Wadi al Khaleej, Florance, Femei, 100 ml", was "5(1)", was "", was "Fotoliu tip Puf Topcho, Little Pear, Damasc, 75x90cm, Rosu", was "", was "Fotoliu tip Puf Topcho, Little Pear, Piele ecologica, 75x90cm, Albastru", was "", was "Fotoliu tip Puf Topcho, Little Pear, 75x90cm, Bej deschis", was "", was "Apa de Parfum Wadi al Khaleej, Downtown Dubai, Unisex, 100 ml", was "3(1)", was "", was "Fotoliu tip Puf Topcho, Little Pear, 75x90cm, Negru", was "", was "Fotoliu puf Topcho Big Pear, Poliestiren, 120x100 cm, Alb murdar", was "5(2)", was "", was "Fotoliu puf Topcho Big Pear, Poliestiren, 120x100 cm, Bej", was "5(2)", was "", was "Fotoliu tip Puf Topcho, Little Pear, Piele ecologica, Albastru", was "", was "e-Crystal - Cercei Argint 925 placat cu rodiu cu cristale Swarovski® Fancy Pear Chain 10mm Silver Night", was "", was "Fotoliu tip Puf Topcho, Little Pear, Piele ecologica, 75x90cm, Galben mustar", was "", was "OEM - Cercei argint pear 16Blue, Multicolor", was "", was "Fotoliu tip Puf Topcho, Little Pear, Damasc, 75x90cm, Albastru", was "", was "Fotoliu tip Puf Topcho, Little Pear, 4kg, Damasc, Galben", was "", was "Bijouxmania - Cercei Argint Pear Emerald", was "", was "Fotoliu tip Puf Topcho, Little Pear, Damasc, 90x75cm, Verde", was "", was "Fotoliu tip Puf Topcho, Little Pear, Damasc, 75x90cm, Gri inchis", was "", was "e-Crystal - Cercei Argint 925 placat cu rodiu cu cristale Swarovski® Xirius Fancy Pear 6-10mm Font Back Silver Night", was "", was "Fotoliu puf Topcho, Model Pear, Husa detasabila, Damasc, Curatare usoara, Umplutura perle polistiren, Albastru", was "3(2)", was "Deschide Romania", was "Flori de gheata - Cercei Argint 925 Leverback Pear 16 mm Crystal Shimmer", was "Deschide Romania", was "Flori de gheata - Cercei Argint 925 Leverback Pear 16 Light Siam"
[main] INFO  - 
 _____ _____ ____ _____   ____ _____  _    ____ _____ _____ ____  
|_   _| ____/ ___|_   _| / ___|_   _|/ \  |  _ \_   _| ____|  _ \ 
  | | |  _| \___ \ | |   \___ \ | | / _ \ | |_) || | |  _| | | | |
  | | | |___ ___) || |    ___) || |/ ___ \|  _ < | | | |___| |_| |
  |_| |_____|____/ |_|   |____/ |_/_/   \_\_| \_\|_| |_____|____/ 

searching_by_ambiguious_keyword_should_display_the_disambiguation_page
-------------------------------------------------------------------
[main] INFO  - 
          __  _____ _____ ____ _____   ____  _____ _   _ ____ ___ _   _  ____ 
 _       / / |_   _| ____/ ___|_   _| |  _ \| ____| \ | |  _ \_ _| \ | |/ ___|
(_)____ / /    | | |  _| \___ \ | |   | |_) |  _| |  \| | | | | ||  \| | |  _ 
 |_____/ /     | | | |___ ___) || |   |  __/| |___| |\  | |_| | || |\  | |_| |
(_)   /_/      |_| |_____|____/ |_|   |_|   |_____|_| \_|____/___|_| \_|\____|

Searching by ambiguious keyword should display the disambiguation page
-------------------------------------------------------------------------------
]]></system-err>
  </testcase>
  <testcase name="searching_by_keyword_apple_should_display_the_corresponding_article" classname="org.example.features.search.SearchByKeywordStory" time="10.198">
    <failure message="&#10;Expected: a collection containing a string containing &quot;A common, round fruit produced by the tree Malus domestica, cultivated in temperate climates.&quot;&#10;     but: was &quot;Top Favorite&quot;, was &quot;Telefon mobil Apple iPhone 13 Pro, 128GB, 5G, Graphite&quot;, was &quot;4.83(228)&quot;, was &quot;Promovat&quot;, was &quot;Incarcator magnetic wireless Fixed MagPad, compatibil Apple Magsafe, suport pliant, Alb&quot;, was &quot;Super Pret&quot;, was &quot;Casti Apple AirPods 3 (2021), White&quot;, was &quot;4.36(91)&quot;, was &quot;&quot;, was &quot;Telefon mobil Apple iPhone 13, 128GB, 5G, Green&quot;, was &quot;4.85(220)&quot;, was &quot;Promovat&quot;, was &quot;Statie de incarcare pentru iPhone, Apple Watch si Apple Airpods, Fixed Powerstation, Wireless, 15 W, alb&quot;, was &quot;3.25(4)&quot;, was &quot;Top Favorite&quot;, was &quot;Apple Watch 7, GPS, Carcasa Midnight Aluminium 45mm, Midnight Sport Band&quot;, was &quot;4.66(155)&quot;, was &quot;Top Favorite&quot;, was &quot;Telefon mobil Apple iPhone 13, 128GB, 5G, Midnight&quot;, was &quot;4.85(220)&quot;, was &quot;Promovat&quot;, was &quot;Cablu de date, incarcare certificat Apple, ZOKLU, USB-C la Lightning, alb, 1 m, compatibil cu iPhone 13 13 Pro 12 Pro Max 12 11 X XS XR 8 Plus, AirPods Pro, iPad&quot;, was &quot;4.93(15)&quot;, was &quot;Top Favorite&quot;, was &quot;Telefon mobil Apple iPhone 11, 64GB, Green&quot;, was &quot;4.76(1109)&quot;, was &quot;Super Pret&quot;, was &quot;Casti Apple AirPods Pro, Carcasa Magsafe, White&quot;, was &quot;4.71(101)&quot;, was &quot;Promovat&quot;, was &quot;Set incarcator auto si cablu Apple Lightning MFi, FIXED, Incarcare PD 18W, Universal, 1m, Alb&quot;, was &quot;Top Favorite&quot;, was &quot;Laptop Apple MacBook Pro 13-inch, True Tone, procesor Apple M1, 8 nuclee CPU si 8 nuclee GPU, 8GB, 256GB SSD, Silver, INT KB&quot;, was &quot;4.92(24)&quot;, was &quot;Top Favorite&quot;, was &quot;Telefon mobil Apple iPhone 13 Pro Max, 128GB, 5G, Graphite&quot;, was &quot;4.88(285)&quot;, was &quot;Promovat&quot;, was &quot;Set incarcator de perete si cablu Apple Lightning MFi, FIXED, Incarcare PD 18W, Universal, 1m, Alb&quot;, was &quot;Top Favorite&quot;, was &quot;Telefon mobil Apple iPhone 13, 128GB, 5G, Blue&quot;, was &quot;4.85(220)&quot;, was &quot;Top Favorite&quot;, was &quot;Husa de protectie Apple pentru iPhone 11, Silicon, Black&quot;, was &quot;4.48(121)&quot;, was &quot;Promovat&quot;, was &quot;Set incarcator retea si cablu Apple Lightning MFi, Fixed, Certificare MFi, Smart Rapid Charge, 2 x USB-A, 15 W, 1 m, Negru&quot;, was &quot;1(1)&quot;, was &quot;Super Pret&quot;, was &quot;Telefon mobil Apple iPhone 13 Pro Max, 128GB, 5G, Sierra Blue&quot;, was &quot;4.88(285)&quot;, was &quot;Top Favorite&quot;, was &quot;Telefon mobil Apple iPhone 13, 128GB, 5G, Pink&quot;, was &quot;4.85(220)&quot;, was &quot;Promovat&quot;, was &quot;Set incarcator de perete si cablu Apple Lightning MFi, 1m, Fixed, 2x USB-A, 15W Smart Rapid Charge, alb&quot;, was &quot;Top Favorite&quot;, was &quot;Telefon mobil Apple iPhone 12, 128GB, 5G, White&quot;, was &quot;4.67(429)&quot;, was &quot;&quot;, was &quot;Telefon mobil Apple iPhone SE 2, 64GB, 4G, White&quot;, was &quot;4.49(403)&quot;, was &quot;Promovat&quot;, was &quot;Incarcator retea cu port USB-C, Fixed, Putere 20 W, Compatibil cu dispozitive Apple, Alb&quot;, was &quot;5(1)&quot;, was &quot;Top Favorite&quot;, was &quot;Telefon mobil Apple iPhone 11, 64GB, Black&quot;, was &quot;4.76(1109)&quot;, was &quot;Top Favorite&quot;, was &quot;Telefon mobil Apple iPhone 11, 64GB, Purple&quot;, was &quot;4.76(1109)&quot;, was &quot;Super Pret&quot;, was &quot;Incarcator wireless Apple MagSafe, White&quot;, was &quot;3.64(85)&quot;, was &quot;Top Favorite&quot;, was &quot;Telefon mobil Apple iPhone 12, 64GB, 5G, Black&quot;, was &quot;4.67(428)&quot;, was &quot;Top Favorite&quot;, was &quot;Incarcator Apple, Iphone, 20W , compatibil cu iphone 12 , in Retail Box&quot;, was &quot;4.69(29)&quot;, was &quot;Top Favorite&quot;, was &quot;Incarcator retea Apple, USB Type C, 20W, White&quot;, was &quot;4.38(449)&quot;, was &quot;Top Favorite&quot;, was &quot;Telefon mobil Apple iPhone 11, 128GB, Black&quot;, was &quot;4.76(1109)&quot;, was &quot;Top Favorite&quot;, was &quot;Telefon mobil Apple iPhone 12, 64GB, 5G, Blue&quot;, was &quot;4.67(429)&quot;, was &quot;Top Favorite&quot;, was &quot;Telefon mobil Apple iPhone 11, 128GB, Green&quot;, was &quot;4.76(1109)&quot;, was &quot;Super Pret&quot;, was &quot;Telefon mobil Apple iPhone 13 Pro, 128GB, 5G, Gold&quot;, was &quot;4.83(228)&quot;, was &quot;Super Pret&quot;, was &quot;Telefon mobil Apple iPhone 11, 64GB, White&quot;, was &quot;4.76(1109)&quot;, was &quot;Super Pret&quot;, was &quot;Telefon mobil Apple iPhone 12, 64GB, 5G, White&quot;, was &quot;4.67(429)&quot;, was &quot;Top Favorite&quot;, was &quot;Telefon mobil Apple iPhone 13, 128GB, 5G, Starlight&quot;, was &quot;4.85(220)&quot;, was &quot;Top Favorite&quot;, was &quot;Telefon mobil Apple iPhone 11, 128GB, Purple&quot;, was &quot;4.76(1109)&quot;, was &quot;&quot;, was &quot;Telefon mobil Apple iPhone 13 Pro Max, 128GB, 5G, Alpine Green&quot;, was &quot;4.88(285)&quot;, was &quot;Top Favorite&quot;, was &quot;Telefon mobil Apple iPhone 13 Pro, 128GB, 5G, Sierra Blue&quot;, was &quot;4.83(228)&quot;, was &quot;Super Pret&quot;, was &quot;Telefon mobil Apple iPhone 11, 128GB, White&quot;, was &quot;4.76(1109)&quot;, was &quot;Top Favorite&quot;, was &quot;Casti Apple AirPods 2, White&quot;, was &quot;4.82(640)&quot;, was &quot;&quot;, was &quot;Telefon mobil Apple iPhone 13 Pro, 128GB, 5G, Alpine Green&quot;, was &quot;4.83(228)&quot;, was &quot;Top Favorite&quot;, was &quot;Telefon mobil Apple iPhone 13 Pro, 128GB, 5G, Silver&quot;, was &quot;4.83(228)&quot;, was &quot;Top Favorite&quot;, was &quot;Incarcator Fast Charge 20W compatibil cu iPhone 13,13mini,13 pro max&quot;, was &quot;3.78(18)&quot;, was &quot;Top Favorite&quot;, was &quot;Telefon mobil Apple iPhone 13 Pro, 256GB, 5G, Graphite&quot;, was &quot;4.83(228)&quot;, was &quot;Top Favorite&quot;, was &quot;Telefon mobil Apple iPhone 12, 128GB, 5G, Black&quot;, was &quot;4.67(429)&quot;, was &quot;Top Favorite&quot;, was &quot;Laptop Apple MacBook Air 13-inch, True Tone, procesor Apple M1 , 8 nuclee CPU si 7 nuclee GPU, 8GB, 256GB, Space Grey, INT KB&quot;, was &quot;4.87(230)&quot;, was &quot;Top Favorite&quot;, was &quot;Telefon mobil Apple iPhone 12, 128GB, 5G, Purple&quot;, was &quot;4.67(429)&quot;, was &quot;Top Favorite&quot;, was &quot;Telefon mobil Apple iPhone 13 Pro Max, 128GB, 5G, Gold&quot;, was &quot;4.88(285)&quot;, was &quot;&quot;, was &quot;Telefon mobil Apple iPhone SE 2, 64GB, 4G, Black&quot;, was &quot;4.49(403)&quot;, was &quot;Top Favorite&quot;, was &quot;Set Incarcator Adaptor Apple iPhone USB-C 20W Serial Mark+ Cablu Apple USB-C Lightning pentru iPhone 12 Pro Max / 12 Pro / 12 / 12 Mini / 11 Pro Max, 1 m, Alb&quot;, was &quot;4.05(101)&quot;, was &quot;Super Pret&quot;, was &quot;Laptop Apple MacBook Air 13-inch, True Tone, procesor Apple M1 , 8 nuclee CPU si 7 nuclee GPU, 8GB, 256GB, Gold, INT KB&quot;, was &quot;4.87(230)&quot;, was &quot;Top Favorite&quot;, was &quot;Incarcator Fast Charge Apple iPhone 11 / 11 Pro / 11 Pro Max / XS Max / XS / X / XR / 8 / 8 Plus, La Cutie, incarcator Apple iPhone fast charge 18W si Cablu de date fast charge 1m Type-C-Lightning&quot;, was &quot;3.73(83)&quot;, was &quot;Top Favorite&quot;, was &quot;Telefon mobil Apple iPhone 11, 128GB, Red&quot;, was &quot;4.76(1109)&quot;, was &quot;Top Favorite&quot;, was &quot;Telefon mobil Apple iPhone 13 Pro Max, 128GB, 5G, Silver&quot;, was &quot;4.88(285)&quot;, was &quot;Super Pret&quot;, was &quot;Laptop Apple MacBook Air 13-inch, True Tone, procesor Apple M1 , 8 nuclee CPU si 7 nuclee GPU, 8GB, 256GB, Silver, INT KB&quot;, was &quot;4.87(230)&quot;, was &quot;Top Favorite&quot;, was &quot;Telefon mobil Apple iPhone 12, 128GB, 5G, Blue&quot;, was &quot;4.67(429)&quot;, was &quot;&quot;, was &quot;Telefon mobil Apple iPhone 7, 128GB, Black&quot;, was &quot;4.55(1068)&quot;, was &quot;Top Favorite&quot;, was &quot;Telefon mobil Apple iPhone 13, 128GB, 5G, Red&quot;, was &quot;4.85(220)&quot;, was &quot;&quot;, was &quot;Telefon mobil Apple iPhone 12, 128GB, 5G, Green&quot;, was &quot;4.67(429)&quot;, was &quot;Top Favorite&quot;, was &quot;Telefon mobil Apple iPhone 7, 32GB, Black&quot;, was &quot;4.55(1068)&quot;, was &quot;Top Favorite&quot;, was &quot;Cablu de date incarcare Apple original pentru iPhone cu conector Lightning Apple (MD818ZM/A) iPhone 7 Plus, Bulk&quot;, was &quot;4.86(7)&quot;, was &quot;Top Favorite&quot;, was &quot;Telefon mobil Apple iPhone 13, 256GB, 5G, Pink&quot;, was &quot;4.85(220)&quot;, was &quot;Top Favorite&quot;, was &quot;Casti Apple AirPods Pro&quot;, was &quot;4.6(473)&quot;, was &quot;Top Favorite&quot;, was &quot;Apple Watch 7, GPS, Carcasa Midnight Aluminium 41mm, Midnight Sport Band&quot;, was &quot;4.66(155)&quot;, was &quot;Super Pret&quot;, was &quot;Telefon mobil Apple iPhone 13 Pro Max, 256GB, 5G, Graphite&quot;, was &quot;4.88(285)&quot;, was &quot;Top Favorite&quot;, was &quot;Telefon mobil Apple iPhone 13 Pro Max, 256GB, 5G, Sierra Blue&quot;, was &quot;4.88(285)&quot;, was &quot;Super Pret&quot;, was &quot;Husa de protectie Apple Clear Case with MagSafe pentru iPhone 13 Pro Max, Transparent&quot;, was &quot;3.75(12)&quot;" type="java.lang.AssertionError"><![CDATA[java.lang.AssertionError: 

Expected: a collection containing a string containing "A common, round fruit produced by the tree Malus domestica, cultivated in temperate climates."
     but: was "Top Favorite", was "Telefon mobil Apple iPhone 13 Pro, 128GB, 5G, Graphite", was "4.83(228)", was "Promovat", was "Incarcator magnetic wireless Fixed MagPad, compatibil Apple Magsafe, suport pliant, Alb", was "Super Pret", was "Casti Apple AirPods 3 (2021), White", was "4.36(91)", was "", was "Telefon mobil Apple iPhone 13, 128GB, 5G, Green", was "4.85(220)", was "Promovat", was "Statie de incarcare pentru iPhone, Apple Watch si Apple Airpods, Fixed Powerstation, Wireless, 15 W, alb", was "3.25(4)", was "Top Favorite", was "Apple Watch 7, GPS, Carcasa Midnight Aluminium 45mm, Midnight Sport Band", was "4.66(155)", was "Top Favorite", was "Telefon mobil Apple iPhone 13, 128GB, 5G, Midnight", was "4.85(220)", was "Promovat", was "Cablu de date, incarcare certificat Apple, ZOKLU, USB-C la Lightning, alb, 1 m, compatibil cu iPhone 13 13 Pro 12 Pro Max 12 11 X XS XR 8 Plus, AirPods Pro, iPad", was "4.93(15)", was "Top Favorite", was "Telefon mobil Apple iPhone 11, 64GB, Green", was "4.76(1109)", was "Super Pret", was "Casti Apple AirPods Pro, Carcasa Magsafe, White", was "4.71(101)", was "Promovat", was "Set incarcator auto si cablu Apple Lightning MFi, FIXED, Incarcare PD 18W, Universal, 1m, Alb", was "Top Favorite", was "Laptop Apple MacBook Pro 13-inch, True Tone, procesor Apple M1, 8 nuclee CPU si 8 nuclee GPU, 8GB, 256GB SSD, Silver, INT KB", was "4.92(24)", was "Top Favorite", was "Telefon mobil Apple iPhone 13 Pro Max, 128GB, 5G, Graphite", was "4.88(285)", was "Promovat", was "Set incarcator de perete si cablu Apple Lightning MFi, FIXED, Incarcare PD 18W, Universal, 1m, Alb", was "Top Favorite", was "Telefon mobil Apple iPhone 13, 128GB, 5G, Blue", was "4.85(220)", was "Top Favorite", was "Husa de protectie Apple pentru iPhone 11, Silicon, Black", was "4.48(121)", was "Promovat", was "Set incarcator retea si cablu Apple Lightning MFi, Fixed, Certificare MFi, Smart Rapid Charge, 2 x USB-A, 15 W, 1 m, Negru", was "1(1)", was "Super Pret", was "Telefon mobil Apple iPhone 13 Pro Max, 128GB, 5G, Sierra Blue", was "4.88(285)", was "Top Favorite", was "Telefon mobil Apple iPhone 13, 128GB, 5G, Pink", was "4.85(220)", was "Promovat", was "Set incarcator de perete si cablu Apple Lightning MFi, 1m, Fixed, 2x USB-A, 15W Smart Rapid Charge, alb", was "Top Favorite", was "Telefon mobil Apple iPhone 12, 128GB, 5G, White", was "4.67(429)", was "", was "Telefon mobil Apple iPhone SE 2, 64GB, 4G, White", was "4.49(403)", was "Promovat", was "Incarcator retea cu port USB-C, Fixed, Putere 20 W, Compatibil cu dispozitive Apple, Alb", was "5(1)", was "Top Favorite", was "Telefon mobil Apple iPhone 11, 64GB, Black", was "4.76(1109)", was "Top Favorite", was "Telefon mobil Apple iPhone 11, 64GB, Purple", was "4.76(1109)", was "Super Pret", was "Incarcator wireless Apple MagSafe, White", was "3.64(85)", was "Top Favorite", was "Telefon mobil Apple iPhone 12, 64GB, 5G, Black", was "4.67(428)", was "Top Favorite", was "Incarcator Apple, Iphone, 20W , compatibil cu iphone 12 , in Retail Box", was "4.69(29)", was "Top Favorite", was "Incarcator retea Apple, USB Type C, 20W, White", was "4.38(449)", was "Top Favorite", was "Telefon mobil Apple iPhone 11, 128GB, Black", was "4.76(1109)", was "Top Favorite", was "Telefon mobil Apple iPhone 12, 64GB, 5G, Blue", was "4.67(429)", was "Top Favorite", was "Telefon mobil Apple iPhone 11, 128GB, Green", was "4.76(1109)", was "Super Pret", was "Telefon mobil Apple iPhone 13 Pro, 128GB, 5G, Gold", was "4.83(228)", was "Super Pret", was "Telefon mobil Apple iPhone 11, 64GB, White", was "4.76(1109)", was "Super Pret", was "Telefon mobil Apple iPhone 12, 64GB, 5G, White", was "4.67(429)", was "Top Favorite", was "Telefon mobil Apple iPhone 13, 128GB, 5G, Starlight", was "4.85(220)", was "Top Favorite", was "Telefon mobil Apple iPhone 11, 128GB, Purple", was "4.76(1109)", was "", was "Telefon mobil Apple iPhone 13 Pro Max, 128GB, 5G, Alpine Green", was "4.88(285)", was "Top Favorite", was "Telefon mobil Apple iPhone 13 Pro, 128GB, 5G, Sierra Blue", was "4.83(228)", was "Super Pret", was "Telefon mobil Apple iPhone 11, 128GB, White", was "4.76(1109)", was "Top Favorite", was "Casti Apple AirPods 2, White", was "4.82(640)", was "", was "Telefon mobil Apple iPhone 13 Pro, 128GB, 5G, Alpine Green", was "4.83(228)", was "Top Favorite", was "Telefon mobil Apple iPhone 13 Pro, 128GB, 5G, Silver", was "4.83(228)", was "Top Favorite", was "Incarcator Fast Charge 20W compatibil cu iPhone 13,13mini,13 pro max", was "3.78(18)", was "Top Favorite", was "Telefon mobil Apple iPhone 13 Pro, 256GB, 5G, Graphite", was "4.83(228)", was "Top Favorite", was "Telefon mobil Apple iPhone 12, 128GB, 5G, Black", was "4.67(429)", was "Top Favorite", was "Laptop Apple MacBook Air 13-inch, True Tone, procesor Apple M1 , 8 nuclee CPU si 7 nuclee GPU, 8GB, 256GB, Space Grey, INT KB", was "4.87(230)", was "Top Favorite", was "Telefon mobil Apple iPhone 12, 128GB, 5G, Purple", was "4.67(429)", was "Top Favorite", was "Telefon mobil Apple iPhone 13 Pro Max, 128GB, 5G, Gold", was "4.88(285)", was "", was "Telefon mobil Apple iPhone SE 2, 64GB, 4G, Black", was "4.49(403)", was "Top Favorite", was "Set Incarcator Adaptor Apple iPhone USB-C 20W Serial Mark+ Cablu Apple USB-C Lightning pentru iPhone 12 Pro Max / 12 Pro / 12 / 12 Mini / 11 Pro Max, 1 m, Alb", was "4.05(101)", was "Super Pret", was "Laptop Apple MacBook Air 13-inch, True Tone, procesor Apple M1 , 8 nuclee CPU si 7 nuclee GPU, 8GB, 256GB, Gold, INT KB", was "4.87(230)", was "Top Favorite", was "Incarcator Fast Charge Apple iPhone 11 / 11 Pro / 11 Pro Max / XS Max / XS / X / XR / 8 / 8 Plus, La Cutie, incarcator Apple iPhone fast charge 18W si Cablu de date fast charge 1m Type-C-Lightning", was "3.73(83)", was "Top Favorite", was "Telefon mobil Apple iPhone 11, 128GB, Red", was "4.76(1109)", was "Top Favorite", was "Telefon mobil Apple iPhone 13 Pro Max, 128GB, 5G, Silver", was "4.88(285)", was "Super Pret", was "Laptop Apple MacBook Air 13-inch, True Tone, procesor Apple M1 , 8 nuclee CPU si 7 nuclee GPU, 8GB, 256GB, Silver, INT KB", was "4.87(230)", was "Top Favorite", was "Telefon mobil Apple iPhone 12, 128GB, 5G, Blue", was "4.67(429)", was "", was "Telefon mobil Apple iPhone 7, 128GB, Black", was "4.55(1068)", was "Top Favorite", was "Telefon mobil Apple iPhone 13, 128GB, 5G, Red", was "4.85(220)", was "", was "Telefon mobil Apple iPhone 12, 128GB, 5G, Green", was "4.67(429)", was "Top Favorite", was "Telefon mobil Apple iPhone 7, 32GB, Black", was "4.55(1068)", was "Top Favorite", was "Cablu de date incarcare Apple original pentru iPhone cu conector Lightning Apple (MD818ZM/A) iPhone 7 Plus, Bulk", was "4.86(7)", was "Top Favorite", was "Telefon mobil Apple iPhone 13, 256GB, 5G, Pink", was "4.85(220)", was "Top Favorite", was "Casti Apple AirPods Pro", was "4.6(473)", was "Top Favorite", was "Apple Watch 7, GPS, Carcasa Midnight Aluminium 41mm, Midnight Sport Band", was "4.66(155)", was "Super Pret", was "Telefon mobil Apple iPhone 13 Pro Max, 256GB, 5G, Graphite", was "4.88(285)", was "Top Favorite", was "Telefon mobil Apple iPhone 13 Pro Max, 256GB, 5G, Sierra Blue", was "4.88(285)", was "Super Pret", was "Husa de protectie Apple Clear Case with MagSafe pentru iPhone 13 Pro Max, Transparent", was "3.75(12)"
	at org.example.features.search.SearchByKeywordStory.searching_by_keyword_apple_should_display_the_corresponding_article(SearchByKeywordStory.java:29)
]]></failure>
    <system-err><![CDATA[[main] INFO  - 
 _____ _____ ____ _____   ____ _____  _    ____ _____ _____ ____  
|_   _| ____/ ___|_   _| / ___|_   _|/ \  |  _ \_   _| ____|  _ \ 
  | | |  _| \___ \ | |   \___ \ | | / _ \ | |_) || | |  _| | | | |
  | | | |___ ___) || |    ___) || |/ ___ \|  _ < | | | |___| |_| |
  |_| |_____|____/ |_|   |____/ |_/_/   \_\_| \_\|_| |_____|____/ 

searching_by_keyword_apple_should_display_the_corresponding_article
-------------------------------------------------------------------
]]></system-err>
  </testcase>
</testsuite>