<?xml version="1.0" encoding="UTF-8"?><testsuite errors="0" failures="2" name="org.example.features.search.SearchOnWebsite" skipped="0" tests="2" time="26.23" timestamp="2022-05-09 08:26:21"><testcase classname="org.example.features.search.SearchOnWebsite" name="Search wiki by keyword test DDT"><failure message="&#10;Expected: a collection containing a string containing &quot;test&quot;&#10;     but: was &quot;A common, round fruit produced by the tree Malus domestica, cultivated in temperate climates. [from 9th c.] quotations ▼&quot;, was &quot;&quot;, was &quot;&quot;, was &quot;&quot;, was &quot;Any fruit or vegetable, or any other thing produced by a plant such as a gall or cone, especially if produced by a tree and similar to the fruit of Malus domestica; also (with qualifying words) used to form the names of specific fruits such as custard apple, rose apple, thorn apple etc. [from 9th c.] quotations ▼&quot;, was &quot;&quot;, was &quot;&quot;, was &quot;&quot;, was &quot;&quot;, was &quot;&quot;, was &quot;&quot;, was &quot;&quot;, was &quot;&quot;, was &quot;&quot;, was &quot;&quot;, was &quot;&quot;, was &quot;Something which resembles the fruit of Malus domestica, such as a globe, ball, or breast. quotations ▼&#10;(baseball, slang, obsolete) The ball in baseball. [from 20th c.]&#10;(informal) When smiling, the round, fleshy part of the cheeks between the eyes and the corners of the mouth.&#10;The Adam's apple. quotations ▼&quot;, was &quot;&quot;, was &quot;&quot;, was &quot;&quot;, was &quot;&quot;, was &quot;&quot;, was &quot;&quot;, was &quot;(baseball, slang, obsolete) The ball in baseball. [from 20th c.]&quot;, was &quot;(informal) When smiling, the round, fleshy part of the cheeks between the eyes and the corners of the mouth.&quot;, was &quot;The Adam's apple. quotations ▼&quot;, was &quot;&quot;, was &quot;&quot;, was &quot;&quot;, was &quot;&quot;, was &quot;&quot;, was &quot;The fruit of the Tree of Knowledge, eaten by Adam and Eve according to post-Biblical Christian tradition; the forbidden fruit. [from 11th c.] quotations ▼&quot;, was &quot;&quot;, was &quot;&quot;, was &quot;&quot;, was &quot;A tree of the genus Malus, especially one cultivated for its edible fruit; the apple tree. [from 15th c.] quotations ▼&quot;, was &quot;&quot;, was &quot;&quot;, was &quot;&quot;, was &quot;&quot;, was &quot;The wood of the apple tree. [from 19th c.]&quot;, was &quot;(in the plural, Cockney rhyming slang) Short for apples and pears, slang for stairs. [from 20th c.]&quot;, was &quot;(derogatory, ethnic slur) A Native American or red-skinned person who acts and/or thinks like a white (Caucasian) person. quotations ▼&quot;, was &quot;&quot;, was &quot;&quot;, was &quot;(ice hockey, slang) An assist.&quot;, was &quot;(slang) A CB radio enthusiast. quotations ▼&quot;, was &quot;&quot;" type="java.lang.AssertionError">
Expected: a collection containing a string containing "test"
     but: was "A common, round fruit produced by the tree Malus domestica, cultivated in temperate climates. [from 9th c.] quotations ▼", was "", was "", was "", was "Any fruit or vegetable, or any other thing produced by a plant such as a gall or cone, especially if produced by a tree and similar to the fruit of Malus domestica; also (with qualifying words) used to form the names of specific fruits such as custard apple, rose apple, thorn apple etc. [from 9th c.] quotations ▼", was "", was "", was "", was "", was "", was "", was "", was "", was "", was "", was "", was "Something which resembles the fruit of Malus domestica, such as a globe, ball, or breast. quotations ▼
(baseball, slang, obsolete) The ball in baseball. [from 20th c.]
(informal) When smiling, the round, fleshy part of the cheeks between the eyes and the corners of the mouth.
The Adam's apple. quotations ▼", was "", was "", was "", was "", was "", was "", was "(baseball, slang, obsolete) The ball in baseball. [from 20th c.]", was "(informal) When smiling, the round, fleshy part of the cheeks between the eyes and the corners of the mouth.", was "The Adam's apple. quotations ▼", was "", was "", was "", was "", was "", was "The fruit of the Tree of Knowledge, eaten by Adam and Eve according to post-Biblical Christian tradition; the forbidden fruit. [from 11th c.] quotations ▼", was "", was "", was "", was "A tree of the genus Malus, especially one cultivated for its edible fruit; the apple tree. [from 15th c.] quotations ▼", was "", was "", was "", was "", was "The wood of the apple tree. [from 19th c.]", was "(in the plural, Cockney rhyming slang) Short for apples and pears, slang for stairs. [from 20th c.]", was "(derogatory, ethnic slur) A Native American or red-skinned person who acts and/or thinks like a white (Caucasian) person. quotations ▼", was "", was "", was "(ice hockey, slang) An assist.", was "(slang) A CB radio enthusiast. quotations ▼", was ""</failure><system-err>
Expected: a collection containing a string containing "test"
     but: was "A common, round fruit produced by the tree Malus domestica, cultivated in temperate climates. [from 9th c.] quotations ▼", was "", was "", was "", was "Any fruit or vegetable, or any other thing produced by a plant such as a gall or cone, especially if produced by a tree and similar to the fruit of Malus domestica; also (with qualifying words) used to form the names of specific fruits such as custard apple, rose apple, thorn apple etc. [from 9th c.] quotations ▼", was "", was "", was "", was "", was "", was "", was "", was "", was "", was "", was "", was "Something which resembles the fruit of Malus domestica, such as a globe, ball, or breast. quotations ▼
(baseball, slang, obsolete) The ball in baseball. [from 20th c.]
(informal) When smiling, the round, fleshy part of the cheeks between the eyes and the corners of the mouth.
The Adam's apple. quotations ▼", was "", was "", was "", was "", was "", was "", was "(baseball, slang, obsolete) The ball in baseball. [from 20th c.]", was "(informal) When smiling, the round, fleshy part of the cheeks between the eyes and the corners of the mouth.", was "The Adam's apple. quotations ▼", was "", was "", was "", was "", was "", was "The fruit of the Tree of Knowledge, eaten by Adam and Eve according to post-Biblical Christian tradition; the forbidden fruit. [from 11th c.] quotations ▼", was "", was "", was "", was "A tree of the genus Malus, especially one cultivated for its edible fruit; the apple tree. [from 15th c.] quotations ▼", was "", was "", was "", was "", was "The wood of the apple tree. [from 19th c.]", was "(in the plural, Cockney rhyming slang) Short for apples and pears, slang for stairs. [from 20th c.]", was "(derogatory, ethnic slur) A Native American or red-skinned person who acts and/or thinks like a white (Caucasian) person. quotations ▼", was "", was "", was "(ice hockey, slang) An assist.", was "(slang) A CB radio enthusiast. quotations ▼", was ""
org.example.steps.serenity.EndUserStepsWebsite.should_see_definition(EndUserStepsWebsite.java:27)
org.example.features.search.SearchOnWebsite.searchWikiByKeywordTestDDT(SearchOnWebsite.java:37)
</system-err></testcase></testsuite>