<?xml version="1.0" encoding="UTF-8"?><testsuite errors="0" failures="1" name="org.example.features.search.SearchOnWebsite" skipped="0" tests="2" time="53.43" timestamp="2022-05-09 08:44:09"><testcase classname="org.example.features.search.SearchOnWebsite" name="Search ubb by keyword test DDT"><failure message="&#10;Expected: a collection containing a string containing &quot;test&quot;&#10;     but: was &quot;Top Favorite&quot;, was &quot;Deodorant spray Dove Go Fresh Pear &amp; Aloe Vera, 250 ml&quot;, was &quot;5(2)&quot;, was &quot;&quot;, was &quot;Mini narghilea electronica de unica folosinta AK Senator - Mango Apple Pear 700 pufuri&quot;, was &quot;&quot;, was &quot;Lichid King’s Dew FRUIT - Apple Pear ,100ml ,0mg/ml&quot;, was &quot;&quot;, was &quot;Deodorant roll-on Dove Pear Aloe Vera, 50 ml&quot;, was &quot;Top Favorite&quot;, was &quot;e-Crystal - Cercei Argint 925 placat cu rodiu cu cristale Swarovski® Pear Aurore Boreale 16 mm Leverback&quot;, was &quot;Promovat&quot;, was &quot;Deodorant roll-on Dove Matcha&amp;Sakura Blossom, 40 ml&quot;, was &quot;5(1)&quot;, was &quot;&quot;, was &quot;Mini narghilea electronica de unica folosinta fara nicotina Minesota Mango Apple Pear, 0 mg, 700 pufuri&quot;, was &quot;&quot;, was &quot;Odorizant auto Power Air tip cutie, eliminare treptata parfum, aroma extra scent apple &amp; pear&quot;, was &quot;4(13)&quot;, was &quot;Promovat&quot;, was &quot;Deodorant roll-on Dove AluFree Original, 40 ml&quot;, was &quot;5(2)&quot;, was &quot;&quot;, was &quot;Apa de Colonie Jo Malone English Pear &amp; Freesia, Unisex 30 ml&quot;, was &quot;1(1)&quot;, was &quot;&quot;, was &quot;Set 6 x Deodorant Antiperspirant, Roll-On 48h, Dove Go Fresh, Pear &amp; Aloe Vera Scent, 50 ml&quot;, was &quot;Promovat&quot;, was &quot;Deodorant spray Dove AluFree Cucumber&amp;Green Tea, 150 ml&quot;, was &quot;3.67(3)&quot;, was &quot;&quot;, was &quot;e-Crystal - Cercei Argint 925 placat cu rodiu cu cristale Swarovski® Pear Bermuda Blue 16 mm Leverback&quot;, was &quot;&quot;, was &quot;e-Crystal - Cercei Argint 925 placat cu rodiu cu cristale Swarovski® Pear CAL 16 mm Leverback&quot;, was &quot;Promovat&quot;, was &quot;Deodorant spray Dove AluFree Original, 150 ml&quot;, was &quot;5(1)&quot;, was &quot;&quot;, was &quot;Boutique 23 - Set Cercei si Colier Pear II din argint 925, culoare argintiu, inclus cutie bijuterii&quot;, was &quot;&quot;, was &quot;Parfum pentru par Jo Malone Pear &amp; Freesia Hair Mist, Femei, 30 ml&quot;, was &quot;Promovat&quot;, was &quot;Deodorant antiperspirant roll-on Dove Invisible Dry, 50 ml&quot;, was &quot;&quot;, was &quot;e-Crystal - Cercei Argint 925 placat cu rodiu cu cristale Swarovski® Pear Aquamarine AB 16 mm Leverback&quot;, was &quot;&quot;, was &quot;e-Crystal - Cercei Argint 925 placat cu rodiu cu cristale Swarovski® Xirius Fancy Pear 6-10mm Font Back Crystal Clear&quot;, was &quot;Promovat&#10;Super Pret&quot;, was &quot;Deodorant spray Dove AluFree Peach Lemon, 150 ml&quot;, was &quot;5(5)&quot;, was &quot;&quot;, was &quot;Fotoliu puf Topcho Big Pear, Poliestiren, 120x100 cm, Cyan&quot;, was &quot;5(2)&quot;, was &quot;&quot;, was &quot;e-Crystal - Cercei Argint 925 placat cu rodiu cu cristale Swarovski® Pear Silver Night 16 mm Leverback&quot;, was &quot;Promovat&quot;, was &quot;Deodorant spray Dove Invisible Dry, 150 ml&quot;, was &quot;5(3)&quot;, was &quot;&quot;, was &quot;e-Crystal - Cercei Argint 925 placat cu rodiu cu cristale Swarovski® Pear Peridot AB 16 mm Leverback&quot;, was &quot;&quot;, was &quot;e-Crystal - Cercei Argint 925 placat cu rodiu cu cristale Swarovski® Fancy Pear 14mm Crystal Clear, Hook&quot;, was &quot;Promovat&#10;Top Favorite&quot;, was &quot;Apa De Parfum Liu Jo Lovely Me Femei 30 ml, Italy&quot;, was &quot;5(1)&quot;, was &quot;&quot;, was &quot;Apa de Toaleta Elizabeth Arden, Green Tea Pear Blossom, Femei, 100 ml&quot;, was &quot;&quot;, was &quot;Extract de Parfum Lorinna English Pear, Niche Series, 50 ml, de dama&quot;, was &quot;&quot;, was &quot;Boutique 23 - Cercei Pear Mood, model stare de spirit care isi schimba culoarea, argint 925 rodiat, argintiu, inclus cutie bijuterii&quot;, was &quot;&quot;, was &quot;e-Crystal - Cercei Argint 925 placat cu rodiu cu cristale Swarovski® Pear Burgundy - Blue Zircon 16 mm Leverback&quot;, was &quot;&quot;, was &quot;Antiperspirant spray Dove Pear Aloe Vera, 200 ml&quot;, was &quot;Super Pret&quot;, was &quot;Fotoliu gonflabil Intex, 114 x 114 x 71cm, gri&quot;, was &quot;4.28(111)&quot;, was &quot;&quot;, was &quot;Pachet Lichid Tigara Electronica King's Dew FRUT - Apple Pear ,3.33mg/ml ,120ml cu Nicotina&quot;, was &quot;5(1)&quot;, was &quot;&quot;, was &quot;e-Crystal - Cercei Argint 925 placat cu rodiu cu cristale Swarovski® Fancy Pear 10mm Font Back Emerald&quot;, was &quot;&quot;, was &quot;Fotoliu puf Topcho Big Pear, Poliestiren, 120x100 cm, Gri inchis&quot;, was &quot;5(2)&quot;, was &quot;&quot;, was &quot;e-Crystal - Cercei Argint 925 placat cu rodiu cu cristale Swarovski® Queen Pear Emerald Surub&quot;, was &quot;&quot;, was &quot;Fotoliu tip Puf Topcho, Small Pear, 90x75x75cm, Gri&quot;, was &quot;2(1)&quot;, was &quot;&quot;, was &quot;Apa de parfum arabesc , VICTORIAN ROSE , Femei , 100 ml&quot;, was &quot;5(1)&quot;, was &quot;Super Pret&quot;, was &quot;Deodorant antiperspirant spray Dove Para si Aloe Vera, 150 ml&quot;, was &quot;5(2)&quot;, was &quot;&quot;, was &quot;Pachet Lichid Tigara Electronica King's Dew FRUT - Apple Pear ,1.8mg/ml ,110ml cu Nicotina&quot;, was &quot;Super Pret&quot;, was &quot;Apa de parfum arabesc , FLORANCE , Barbati , 100 ml&quot;, was &quot;&quot;, was &quot;e-Crystal - Bratara Argint 925 placat cu rodiu cu cristale Swarovski® Fancy Pear Silver Night Reglabila&quot;, was &quot;&quot;, was &quot;Fotoliu tip Puf Topcho, Small Pear, 90x75x75cm, Roz pal&quot;, was &quot;2(1)&quot;, was &quot;Super Pret&quot;, was &quot;e-Crystal - Bratara Argint 925 placat cu rodiu cu cristale Swarovski® Fancy Pear Crystal Clear Reglabila&quot;, was &quot;&quot;, was &quot;Boutique 23 - Set Argint 925 Colier si Cercei din argint Pear II, culoare argintiu, inclus cutie bijuterii&quot;, was &quot;&quot;, was &quot;Fotoliu puff/para Buona Notte Pear, 80x80x85 cm, Culoare chocolatte&quot;, was &quot;Super Pret&quot;, was &quot;Apa de Parfum Wadi al Khaleej, Florance, Femei, 100 ml&quot;, was &quot;5(1)&quot;, was &quot;&quot;, was &quot;Fotoliu tip Puf Topcho, Little Pear, Damasc, 75x90cm, Rosu&quot;, was &quot;&quot;, was &quot;Fotoliu tip Puf Topcho, Little Pear, Piele ecologica, 75x90cm, Albastru&quot;, was &quot;&quot;, was &quot;Fotoliu tip Puf Topcho, Little Pear, 75x90cm, Bej deschis&quot;, was &quot;&quot;, was &quot;Apa de Parfum Wadi al Khaleej, Downtown Dubai, Unisex, 100 ml&quot;, was &quot;3(1)&quot;, was &quot;&quot;, was &quot;Fotoliu tip Puf Topcho, Little Pear, 75x90cm, Negru&quot;, was &quot;&quot;, was &quot;Fotoliu puf Topcho Big Pear, Poliestiren, 120x100 cm, Alb murdar&quot;, was &quot;5(2)&quot;, was &quot;&quot;, was &quot;Fotoliu puf Topcho Big Pear, Poliestiren, 120x100 cm, Bej&quot;, was &quot;5(2)&quot;, was &quot;&quot;, was &quot;Fotoliu tip Puf Topcho, Little Pear, Piele ecologica, Albastru&quot;, was &quot;&quot;, was &quot;e-Crystal - Cercei Argint 925 placat cu rodiu cu cristale Swarovski® Fancy Pear Chain 10mm Silver Night&quot;, was &quot;&quot;, was &quot;Fotoliu tip Puf Topcho, Little Pear, Piele ecologica, 75x90cm, Galben mustar&quot;, was &quot;&quot;, was &quot;OEM - Cercei argint pear 16Blue, Multicolor&quot;, was &quot;&quot;, was &quot;Fotoliu tip Puf Topcho, Little Pear, Damasc, 75x90cm, Albastru&quot;, was &quot;&quot;, was &quot;Fotoliu tip Puf Topcho, Little Pear, 4kg, Damasc, Galben&quot;, was &quot;&quot;, was &quot;Bijouxmania - Cercei Argint Pear Emerald&quot;, was &quot;&quot;, was &quot;Fotoliu tip Puf Topcho, Little Pear, Damasc, 90x75cm, Verde&quot;, was &quot;&quot;, was &quot;Fotoliu tip Puf Topcho, Little Pear, Damasc, 75x90cm, Gri inchis&quot;, was &quot;&quot;, was &quot;e-Crystal - Cercei Argint 925 placat cu rodiu cu cristale Swarovski® Xirius Fancy Pear 6-10mm Font Back Silver Night&quot;, was &quot;&quot;, was &quot;Fotoliu puf Topcho, Model Pear, Husa detasabila, Damasc, Curatare usoara, Umplutura perle polistiren, Albastru&quot;, was &quot;3(2)&quot;, was &quot;Deschide Romania&quot;, was &quot;Flori de gheata - Cercei Argint 925 Leverback Pear 16 mm Crystal Shimmer&quot;, was &quot;Deschide Romania&quot;, was &quot;Flori de gheata - Cercei Argint 925 Leverback Pear 16 Light Siam&quot;" type="java.lang.AssertionError">
Expected: a collection containing a string containing "test"
     but: was "Top Favorite", was "Deodorant spray Dove Go Fresh Pear &amp; Aloe Vera, 250 ml", was "5(2)", was "", was "Mini narghilea electronica de unica folosinta AK Senator - Mango Apple Pear 700 pufuri", was "", was "Lichid King’s Dew FRUIT - Apple Pear ,100ml ,0mg/ml", was "", was "Deodorant roll-on Dove Pear Aloe Vera, 50 ml", was "Top Favorite", was "e-Crystal - Cercei Argint 925 placat cu rodiu cu cristale Swarovski® Pear Aurore Boreale 16 mm Leverback", was "Promovat", was "Deodorant roll-on Dove Matcha&amp;Sakura Blossom, 40 ml", was "5(1)", was "", was "Mini narghilea electronica de unica folosinta fara nicotina Minesota Mango Apple Pear, 0 mg, 700 pufuri", was "", was "Odorizant auto Power Air tip cutie, eliminare treptata parfum, aroma extra scent apple &amp; pear", was "4(13)", was "Promovat", was "Deodorant roll-on Dove AluFree Original, 40 ml", was "5(2)", was "", was "Apa de Colonie Jo Malone English Pear &amp; Freesia, Unisex 30 ml", was "1(1)", was "", was "Set 6 x Deodorant Antiperspirant, Roll-On 48h, Dove Go Fresh, Pear &amp; Aloe Vera Scent, 50 ml", was "Promovat", was "Deodorant spray Dove AluFree Cucumber&amp;Green Tea, 150 ml", was "3.67(3)", was "", was "e-Crystal - Cercei Argint 925 placat cu rodiu cu cristale Swarovski® Pear Bermuda Blue 16 mm Leverback", was "", was "e-Crystal - Cercei Argint 925 placat cu rodiu cu cristale Swarovski® Pear CAL 16 mm Leverback", was "Promovat", was "Deodorant spray Dove AluFree Original, 150 ml", was "5(1)", was "", was "Boutique 23 - Set Cercei si Colier Pear II din argint 925, culoare argintiu, inclus cutie bijuterii", was "", was "Parfum pentru par Jo Malone Pear &amp; Freesia Hair Mist, Femei, 30 ml", was "Promovat", was "Deodorant antiperspirant roll-on Dove Invisible Dry, 50 ml", was "", was "e-Crystal - Cercei Argint 925 placat cu rodiu cu cristale Swarovski® Pear Aquamarine AB 16 mm Leverback", was "", was "e-Crystal - Cercei Argint 925 placat cu rodiu cu cristale Swarovski® Xirius Fancy Pear 6-10mm Font Back Crystal Clear", was "Promovat
Super Pret", was "Deodorant spray Dove AluFree Peach Lemon, 150 ml", was "5(5)", was "", was "Fotoliu puf Topcho Big Pear, Poliestiren, 120x100 cm, Cyan", was "5(2)", was "", was "e-Crystal - Cercei Argint 925 placat cu rodiu cu cristale Swarovski® Pear Silver Night 16 mm Leverback", was "Promovat", was "Deodorant spray Dove Invisible Dry, 150 ml", was "5(3)", was "", was "e-Crystal - Cercei Argint 925 placat cu rodiu cu cristale Swarovski® Pear Peridot AB 16 mm Leverback", was "", was "e-Crystal - Cercei Argint 925 placat cu rodiu cu cristale Swarovski® Fancy Pear 14mm Crystal Clear, Hook", was "Promovat
Top Favorite", was "Apa De Parfum Liu Jo Lovely Me Femei 30 ml, Italy", was "5(1)", was "", was "Apa de Toaleta Elizabeth Arden, Green Tea Pear Blossom, Femei, 100 ml", was "", was "Extract de Parfum Lorinna English Pear, Niche Series, 50 ml, de dama", was "", was "Boutique 23 - Cercei Pear Mood, model stare de spirit care isi schimba culoarea, argint 925 rodiat, argintiu, inclus cutie bijuterii", was "", was "e-Crystal - Cercei Argint 925 placat cu rodiu cu cristale Swarovski® Pear Burgundy - Blue Zircon 16 mm Leverback", was "", was "Antiperspirant spray Dove Pear Aloe Vera, 200 ml", was "Super Pret", was "Fotoliu gonflabil Intex, 114 x 114 x 71cm, gri", was "4.28(111)", was "", was "Pachet Lichid Tigara Electronica King's Dew FRUT - Apple Pear ,3.33mg/ml ,120ml cu Nicotina", was "5(1)", was "", was "e-Crystal - Cercei Argint 925 placat cu rodiu cu cristale Swarovski® Fancy Pear 10mm Font Back Emerald", was "", was "Fotoliu puf Topcho Big Pear, Poliestiren, 120x100 cm, Gri inchis", was "5(2)", was "", was "e-Crystal - Cercei Argint 925 placat cu rodiu cu cristale Swarovski® Queen Pear Emerald Surub", was "", was "Fotoliu tip Puf Topcho, Small Pear, 90x75x75cm, Gri", was "2(1)", was "", was "Apa de parfum arabesc , VICTORIAN ROSE , Femei , 100 ml", was "5(1)", was "Super Pret", was "Deodorant antiperspirant spray Dove Para si Aloe Vera, 150 ml", was "5(2)", was "", was "Pachet Lichid Tigara Electronica King's Dew FRUT - Apple Pear ,1.8mg/ml ,110ml cu Nicotina", was "Super Pret", was "Apa de parfum arabesc , FLORANCE , Barbati , 100 ml", was "", was "e-Crystal - Bratara Argint 925 placat cu rodiu cu cristale Swarovski® Fancy Pear Silver Night Reglabila", was "", was "Fotoliu tip Puf Topcho, Small Pear, 90x75x75cm, Roz pal", was "2(1)", was "Super Pret", was "e-Crystal - Bratara Argint 925 placat cu rodiu cu cristale Swarovski® Fancy Pear Crystal Clear Reglabila", was "", was "Boutique 23 - Set Argint 925 Colier si Cercei din argint Pear II, culoare argintiu, inclus cutie bijuterii", was "", was "Fotoliu puff/para Buona Notte Pear, 80x80x85 cm, Culoare chocolatte", was "Super Pret", was "Apa de Parfum Wadi al Khaleej, Florance, Femei, 100 ml", was "5(1)", was "", was "Fotoliu tip Puf Topcho, Little Pear, Damasc, 75x90cm, Rosu", was "", was "Fotoliu tip Puf Topcho, Little Pear, Piele ecologica, 75x90cm, Albastru", was "", was "Fotoliu tip Puf Topcho, Little Pear, 75x90cm, Bej deschis", was "", was "Apa de Parfum Wadi al Khaleej, Downtown Dubai, Unisex, 100 ml", was "3(1)", was "", was "Fotoliu tip Puf Topcho, Little Pear, 75x90cm, Negru", was "", was "Fotoliu puf Topcho Big Pear, Poliestiren, 120x100 cm, Alb murdar", was "5(2)", was "", was "Fotoliu puf Topcho Big Pear, Poliestiren, 120x100 cm, Bej", was "5(2)", was "", was "Fotoliu tip Puf Topcho, Little Pear, Piele ecologica, Albastru", was "", was "e-Crystal - Cercei Argint 925 placat cu rodiu cu cristale Swarovski® Fancy Pear Chain 10mm Silver Night", was "", was "Fotoliu tip Puf Topcho, Little Pear, Piele ecologica, 75x90cm, Galben mustar", was "", was "OEM - Cercei argint pear 16Blue, Multicolor", was "", was "Fotoliu tip Puf Topcho, Little Pear, Damasc, 75x90cm, Albastru", was "", was "Fotoliu tip Puf Topcho, Little Pear, 4kg, Damasc, Galben", was "", was "Bijouxmania - Cercei Argint Pear Emerald", was "", was "Fotoliu tip Puf Topcho, Little Pear, Damasc, 90x75cm, Verde", was "", was "Fotoliu tip Puf Topcho, Little Pear, Damasc, 75x90cm, Gri inchis", was "", was "e-Crystal - Cercei Argint 925 placat cu rodiu cu cristale Swarovski® Xirius Fancy Pear 6-10mm Font Back Silver Night", was "", was "Fotoliu puf Topcho, Model Pear, Husa detasabila, Damasc, Curatare usoara, Umplutura perle polistiren, Albastru", was "3(2)", was "Deschide Romania", was "Flori de gheata - Cercei Argint 925 Leverback Pear 16 mm Crystal Shimmer", was "Deschide Romania", was "Flori de gheata - Cercei Argint 925 Leverback Pear 16 Light Siam"</failure><system-err>
Expected: a collection containing a string containing "test"
     but: was "Top Favorite", was "Deodorant spray Dove Go Fresh Pear &amp; Aloe Vera, 250 ml", was "5(2)", was "", was "Mini narghilea electronica de unica folosinta AK Senator - Mango Apple Pear 700 pufuri", was "", was "Lichid King’s Dew FRUIT - Apple Pear ,100ml ,0mg/ml", was "", was "Deodorant roll-on Dove Pear Aloe Vera, 50 ml", was "Top Favorite", was "e-Crystal - Cercei Argint 925 placat cu rodiu cu cristale Swarovski® Pear Aurore Boreale 16 mm Leverback", was "Promovat", was "Deodorant roll-on Dove Matcha&amp;Sakura Blossom, 40 ml", was "5(1)", was "", was "Mini narghilea electronica de unica folosinta fara nicotina Minesota Mango Apple Pear, 0 mg, 700 pufuri", was "", was "Odorizant auto Power Air tip cutie, eliminare treptata parfum, aroma extra scent apple &amp; pear", was "4(13)", was "Promovat", was "Deodorant roll-on Dove AluFree Original, 40 ml", was "5(2)", was "", was "Apa de Colonie Jo Malone English Pear &amp; Freesia, Unisex 30 ml", was "1(1)", was "", was "Set 6 x Deodorant Antiperspirant, Roll-On 48h, Dove Go Fresh, Pear &amp; Aloe Vera Scent, 50 ml", was "Promovat", was "Deodorant spray Dove AluFree Cucumber&amp;Green Tea, 150 ml", was "3.67(3)", was "", was "e-Crystal - Cercei Argint 925 placat cu rodiu cu cristale Swarovski® Pear Bermuda Blue 16 mm Leverback", was "", was "e-Crystal - Cercei Argint 925 placat cu rodiu cu cristale Swarovski® Pear CAL 16 mm Leverback", was "Promovat", was "Deodorant spray Dove AluFree Original, 150 ml", was "5(1)", was "", was "Boutique 23 - Set Cercei si Colier Pear II din argint 925, culoare argintiu, inclus cutie bijuterii", was "", was "Parfum pentru par Jo Malone Pear &amp; Freesia Hair Mist, Femei, 30 ml", was "Promovat", was "Deodorant antiperspirant roll-on Dove Invisible Dry, 50 ml", was "", was "e-Crystal - Cercei Argint 925 placat cu rodiu cu cristale Swarovski® Pear Aquamarine AB 16 mm Leverback", was "", was "e-Crystal - Cercei Argint 925 placat cu rodiu cu cristale Swarovski® Xirius Fancy Pear 6-10mm Font Back Crystal Clear", was "Promovat
Super Pret", was "Deodorant spray Dove AluFree Peach Lemon, 150 ml", was "5(5)", was "", was "Fotoliu puf Topcho Big Pear, Poliestiren, 120x100 cm, Cyan", was "5(2)", was "", was "e-Crystal - Cercei Argint 925 placat cu rodiu cu cristale Swarovski® Pear Silver Night 16 mm Leverback", was "Promovat", was "Deodorant spray Dove Invisible Dry, 150 ml", was "5(3)", was "", was "e-Crystal - Cercei Argint 925 placat cu rodiu cu cristale Swarovski® Pear Peridot AB 16 mm Leverback", was "", was "e-Crystal - Cercei Argint 925 placat cu rodiu cu cristale Swarovski® Fancy Pear 14mm Crystal Clear, Hook", was "Promovat
Top Favorite", was "Apa De Parfum Liu Jo Lovely Me Femei 30 ml, Italy", was "5(1)", was "", was "Apa de Toaleta Elizabeth Arden, Green Tea Pear Blossom, Femei, 100 ml", was "", was "Extract de Parfum Lorinna English Pear, Niche Series, 50 ml, de dama", was "", was "Boutique 23 - Cercei Pear Mood, model stare de spirit care isi schimba culoarea, argint 925 rodiat, argintiu, inclus cutie bijuterii", was "", was "e-Crystal - Cercei Argint 925 placat cu rodiu cu cristale Swarovski® Pear Burgundy - Blue Zircon 16 mm Leverback", was "", was "Antiperspirant spray Dove Pear Aloe Vera, 200 ml", was "Super Pret", was "Fotoliu gonflabil Intex, 114 x 114 x 71cm, gri", was "4.28(111)", was "", was "Pachet Lichid Tigara Electronica King's Dew FRUT - Apple Pear ,3.33mg/ml ,120ml cu Nicotina", was "5(1)", was "", was "e-Crystal - Cercei Argint 925 placat cu rodiu cu cristale Swarovski® Fancy Pear 10mm Font Back Emerald", was "", was "Fotoliu puf Topcho Big Pear, Poliestiren, 120x100 cm, Gri inchis", was "5(2)", was "", was "e-Crystal - Cercei Argint 925 placat cu rodiu cu cristale Swarovski® Queen Pear Emerald Surub", was "", was "Fotoliu tip Puf Topcho, Small Pear, 90x75x75cm, Gri", was "2(1)", was "", was "Apa de parfum arabesc , VICTORIAN ROSE , Femei , 100 ml", was "5(1)", was "Super Pret", was "Deodorant antiperspirant spray Dove Para si Aloe Vera, 150 ml", was "5(2)", was "", was "Pachet Lichid Tigara Electronica King's Dew FRUT - Apple Pear ,1.8mg/ml ,110ml cu Nicotina", was "Super Pret", was "Apa de parfum arabesc , FLORANCE , Barbati , 100 ml", was "", was "e-Crystal - Bratara Argint 925 placat cu rodiu cu cristale Swarovski® Fancy Pear Silver Night Reglabila", was "", was "Fotoliu tip Puf Topcho, Small Pear, 90x75x75cm, Roz pal", was "2(1)", was "Super Pret", was "e-Crystal - Bratara Argint 925 placat cu rodiu cu cristale Swarovski® Fancy Pear Crystal Clear Reglabila", was "", was "Boutique 23 - Set Argint 925 Colier si Cercei din argint Pear II, culoare argintiu, inclus cutie bijuterii", was "", was "Fotoliu puff/para Buona Notte Pear, 80x80x85 cm, Culoare chocolatte", was "Super Pret", was "Apa de Parfum Wadi al Khaleej, Florance, Femei, 100 ml", was "5(1)", was "", was "Fotoliu tip Puf Topcho, Little Pear, Damasc, 75x90cm, Rosu", was "", was "Fotoliu tip Puf Topcho, Little Pear, Piele ecologica, 75x90cm, Albastru", was "", was "Fotoliu tip Puf Topcho, Little Pear, 75x90cm, Bej deschis", was "", was "Apa de Parfum Wadi al Khaleej, Downtown Dubai, Unisex, 100 ml", was "3(1)", was "", was "Fotoliu tip Puf Topcho, Little Pear, 75x90cm, Negru", was "", was "Fotoliu puf Topcho Big Pear, Poliestiren, 120x100 cm, Alb murdar", was "5(2)", was "", was "Fotoliu puf Topcho Big Pear, Poliestiren, 120x100 cm, Bej", was "5(2)", was "", was "Fotoliu tip Puf Topcho, Little Pear, Piele ecologica, Albastru", was "", was "e-Crystal - Cercei Argint 925 placat cu rodiu cu cristale Swarovski® Fancy Pear Chain 10mm Silver Night", was "", was "Fotoliu tip Puf Topcho, Little Pear, Piele ecologica, 75x90cm, Galben mustar", was "", was "OEM - Cercei argint pear 16Blue, Multicolor", was "", was "Fotoliu tip Puf Topcho, Little Pear, Damasc, 75x90cm, Albastru", was "", was "Fotoliu tip Puf Topcho, Little Pear, 4kg, Damasc, Galben", was "", was "Bijouxmania - Cercei Argint Pear Emerald", was "", was "Fotoliu tip Puf Topcho, Little Pear, Damasc, 90x75cm, Verde", was "", was "Fotoliu tip Puf Topcho, Little Pear, Damasc, 75x90cm, Gri inchis", was "", was "e-Crystal - Cercei Argint 925 placat cu rodiu cu cristale Swarovski® Xirius Fancy Pear 6-10mm Font Back Silver Night", was "", was "Fotoliu puf Topcho, Model Pear, Husa detasabila, Damasc, Curatare usoara, Umplutura perle polistiren, Albastru", was "3(2)", was "Deschide Romania", was "Flori de gheata - Cercei Argint 925 Leverback Pear 16 mm Crystal Shimmer", was "Deschide Romania", was "Flori de gheata - Cercei Argint 925 Leverback Pear 16 Light Siam"
org.example.steps.serenity.EndUserStepsWebsite.should_see_definition(EndUserStepsWebsite.java:27)
org.example.features.search.SearchOnWebsite.searchUbbByKeywordTestDDT(SearchOnWebsite.java:37)
</system-err></testcase></testsuite>